<?xml version="1.0" encoding="UTF-8"?>
<testsuite xmlns:xsi="http://www.w3.org/2001/XMLSchema-instance" xsi:noNamespaceSchemaLocation="https://maven.apache.org/surefire/maven-surefire-plugin/xsd/surefire-test-report.xsd" name="za.ac.nwu.ac.logic.flow.impl.CreateAccountTypeImplTest" time="0.22" tests="1" errors="0" skipped="0" failures="0">
  <properties>
    <property name="java.specification.version" value="16"/>
    <property name="sun.cpu.isalist" value="amd64"/>
    <property name="sun.jnu.encoding" value="Cp1252"/>
    <property name="java.class.path" value="C:\Users\naude\Desktop\IT Dev\Project1\AccountSystemLogic\target\test-classes;C:\Users\naude\Desktop\IT Dev\Project1\AccountSystemLogic\target\classes;C:\Users\naude\Desktop\IT Dev\Project1\AccountSystemDomain\target\AccountSystemDomain-1.0-SNAPSHOT.jar;C:\Users\naude\Desktop\IT Dev\repo\org\springframework\boot\spring-boot-starter\2.1.6.RELEASE\spring-boot-starter-2.1.6.RELEASE.jar;C:\Users\naude\Desktop\IT Dev\repo\org\springframework\boot\spring-boot\2.1.6.RELEASE\spring-boot-2.1.6.RELEASE.jar;C:\Users\naude\Desktop\IT Dev\repo\org\springframework\boot\spring-boot-autoconfigure\2.1.6.RELEASE\spring-boot-autoconfigure-2.1.6.RELEASE.jar;C:\Users\naude\Desktop\IT Dev\repo\org\springframework\boot\spring-boot-starter-logging\2.1.6.RELEASE\spring-boot-starter-logging-2.1.6.RELEASE.jar;C:\Users\naude\Desktop\IT Dev\repo\ch\qos\logback\logback-classic\1.2.3\logback-classic-1.2.3.jar;C:\Users\naude\Desktop\IT Dev\repo\ch\qos\logback\logback-core\1.2.3\logback-core-1.2.3.jar;C:\Users\naude\Desktop\IT Dev\repo\org\apache\logging\log4j\log4j-to-slf4j\2.11.2\log4j-to-slf4j-2.11.2.jar;C:\Users\naude\Desktop\IT Dev\repo\org\apache\logging\log4j\log4j-api\2.11.2\log4j-api-2.11.2.jar;C:\Users\naude\Desktop\IT Dev\repo\org\slf4j\jul-to-slf4j\1.7.26\jul-to-slf4j-1.7.26.jar;C:\Users\naude\Desktop\IT Dev\repo\javax\annotation\javax.annotation-api\1.3.2\javax.annotation-api-1.3.2.jar;C:\Users\naude\Desktop\IT Dev\repo\org\yaml\snakeyaml\1.23\snakeyaml-1.23.jar;C:\Users\naude\Desktop\IT Dev\repo\io\swagger\swagger-annotations\1.5.20\swagger-annotations-1.5.20.jar;C:\Users\naude\Desktop\IT Dev\repo\com\fasterxml\jackson\core\jackson-annotations\2.9.0\jackson-annotations-2.9.0.jar;C:\Users\naude\Desktop\IT Dev\Project1\AccountSystemTranslator\target\AccountSystemTranslator-1.0-SNAPSHOT.jar;C:\Users\naude\Desktop\IT Dev\Project1\AccountSystemRepository\target\AccountSystemRepository-1.0-SNAPSHOT.jar;C:\Users\naude\Desktop\IT Dev\repo\org\springframework\boot\spring-boot-starter-data-jpa\2.1.6.RELEASE\spring-boot-starter-data-jpa-2.1.6.RELEASE.jar;C:\Users\naude\Desktop\IT Dev\repo\org\springframework\boot\spring-boot-starter-aop\2.1.6.RELEASE\spring-boot-starter-aop-2.1.6.RELEASE.jar;C:\Users\naude\Desktop\IT Dev\repo\org\aspectj\aspectjweaver\1.9.4\aspectjweaver-1.9.4.jar;C:\Users\naude\Desktop\IT Dev\repo\org\springframework\boot\spring-boot-starter-jdbc\2.1.6.RELEASE\spring-boot-starter-jdbc-2.1.6.RELEASE.jar;C:\Users\naude\Desktop\IT Dev\repo\com\zaxxer\HikariCP\3.2.0\HikariCP-3.2.0.jar;C:\Users\naude\Desktop\IT Dev\repo\org\springframework\spring-jdbc\5.1.8.RELEASE\spring-jdbc-5.1.8.RELEASE.jar;C:\Users\naude\Desktop\IT Dev\repo\org\hibernate\hibernate-core\5.3.10.Final\hibernate-core-5.3.10.Final.jar;C:\Users\naude\Desktop\IT Dev\repo\org\jboss\logging\jboss-logging\3.3.2.Final\jboss-logging-3.3.2.Final.jar;C:\Users\naude\Desktop\IT Dev\repo\javax\persistence\javax.persistence-api\2.2\javax.persistence-api-2.2.jar;C:\Users\naude\Desktop\IT Dev\repo\org\javassist\javassist\3.23.2-GA\javassist-3.23.2-GA.jar;C:\Users\naude\Desktop\IT Dev\repo\antlr\antlr\2.7.7\antlr-2.7.7.jar;C:\Users\naude\Desktop\IT Dev\repo\org\jboss\jandex\2.0.5.Final\jandex-2.0.5.Final.jar;C:\Users\naude\Desktop\IT Dev\repo\com\fasterxml\classmate\1.4.0\classmate-1.4.0.jar;C:\Users\naude\Desktop\IT Dev\repo\org\dom4j\dom4j\2.1.1\dom4j-2.1.1.jar;C:\Users\naude\Desktop\IT Dev\repo\org\hibernate\common\hibernate-commons-annotations\5.0.4.Final\hibernate-commons-annotations-5.0.4.Final.jar;C:\Users\naude\Desktop\IT Dev\repo\org\springframework\data\spring-data-jpa\2.1.9.RELEASE\spring-data-jpa-2.1.9.RELEASE.jar;C:\Users\naude\Desktop\IT Dev\repo\org\springframework\data\spring-data-commons\2.1.9.RELEASE\spring-data-commons-2.1.9.RELEASE.jar;C:\Users\naude\Desktop\IT Dev\repo\org\springframework\spring-orm\5.1.8.RELEASE\spring-orm-5.1.8.RELEASE.jar;C:\Users\naude\Desktop\IT Dev\repo\org\springframework\spring-tx\5.1.8.RELEASE\spring-tx-5.1.8.RELEASE.jar;C:\Users\naude\Desktop\IT Dev\repo\org\springframework\spring-aspects\5.1.8.RELEASE\spring-aspects-5.1.8.RELEASE.jar;C:\Users\naude\Desktop\IT Dev\repo\com\oracle\database\jdbc\ojdbc8\19.3.0.0\ojdbc8-19.3.0.0.jar;C:\Users\naude\Desktop\IT Dev\repo\com\oracle\database\jdbc\ucp\19.3.0.0\ucp-19.3.0.0.jar;C:\Users\naude\Desktop\IT Dev\repo\com\oracle\database\security\oraclepki\19.3.0.0\oraclepki-19.3.0.0.jar;C:\Users\naude\Desktop\IT Dev\repo\com\oracle\database\security\osdt_cert\19.3.0.0\osdt_cert-19.3.0.0.jar;C:\Users\naude\Desktop\IT Dev\repo\com\oracle\database\security\osdt_core\19.3.0.0\osdt_core-19.3.0.0.jar;C:\Users\naude\Desktop\IT Dev\repo\com\oracle\database\ha\simplefan\19.3.0.0\simplefan-19.3.0.0.jar;C:\Users\naude\Desktop\IT Dev\repo\com\oracle\database\ha\ons\19.3.0.0\ons-19.3.0.0.jar;C:\Users\naude\Desktop\IT Dev\repo\org\springframework\spring-context\5.1.8.RELEASE\spring-context-5.1.8.RELEASE.jar;C:\Users\naude\Desktop\IT Dev\repo\org\springframework\spring-aop\5.1.8.RELEASE\spring-aop-5.1.8.RELEASE.jar;C:\Users\naude\Desktop\IT Dev\repo\org\springframework\spring-beans\5.1.8.RELEASE\spring-beans-5.1.8.RELEASE.jar;C:\Users\naude\Desktop\IT Dev\repo\org\springframework\spring-core\5.1.8.RELEASE\spring-core-5.1.8.RELEASE.jar;C:\Users\naude\Desktop\IT Dev\repo\org\springframework\spring-jcl\5.1.8.RELEASE\spring-jcl-5.1.8.RELEASE.jar;C:\Users\naude\Desktop\IT Dev\repo\org\springframework\spring-expression\5.1.8.RELEASE\spring-expression-5.1.8.RELEASE.jar;C:\Users\naude\Desktop\IT Dev\repo\javax\transaction\javax.transaction-api\1.3\javax.transaction-api-1.3.jar;C:\Users\naude\Desktop\IT Dev\repo\org\springframework\boot\spring-boot-starter-test\2.1.6.RELEASE\spring-boot-starter-test-2.1.6.RELEASE.jar;C:\Users\naude\Desktop\IT Dev\repo\org\springframework\boot\spring-boot-test\2.1.6.RELEASE\spring-boot-test-2.1.6.RELEASE.jar;C:\Users\naude\Desktop\IT Dev\repo\org\springframework\boot\spring-boot-test-autoconfigure\2.1.6.RELEASE\spring-boot-test-autoconfigure-2.1.6.RELEASE.jar;C:\Users\naude\Desktop\IT Dev\repo\com\jayway\jsonpath\json-path\2.4.0\json-path-2.4.0.jar;C:\Users\naude\Desktop\IT Dev\repo\net\minidev\json-smart\2.3\json-smart-2.3.jar;C:\Users\naude\Desktop\IT Dev\repo\net\minidev\accessors-smart\1.2\accessors-smart-1.2.jar;C:\Users\naude\Desktop\IT Dev\repo\org\ow2\asm\asm\5.0.4\asm-5.0.4.jar;C:\Users\naude\Desktop\IT Dev\repo\org\slf4j\slf4j-api\1.7.26\slf4j-api-1.7.26.jar;C:\Users\naude\Desktop\IT Dev\repo\junit\junit\4.12\junit-4.12.jar;C:\Users\naude\Desktop\IT Dev\repo\org\assertj\assertj-core\3.11.1\assertj-core-3.11.1.jar;C:\Users\naude\Desktop\IT Dev\repo\org\mockito\mockito-core\2.23.4\mockito-core-2.23.4.jar;C:\Users\naude\Desktop\IT Dev\repo\net\bytebuddy\byte-buddy\1.9.13\byte-buddy-1.9.13.jar;C:\Users\naude\Desktop\IT Dev\repo\net\bytebuddy\byte-buddy-agent\1.9.13\byte-buddy-agent-1.9.13.jar;C:\Users\naude\Desktop\IT Dev\repo\org\objenesis\objenesis\2.6\objenesis-2.6.jar;C:\Users\naude\Desktop\IT Dev\repo\org\hamcrest\hamcrest-core\1.3\hamcrest-core-1.3.jar;C:\Users\naude\Desktop\IT Dev\repo\org\hamcrest\hamcrest-library\1.3\hamcrest-library-1.3.jar;C:\Users\naude\Desktop\IT Dev\repo\org\skyscreamer\jsonassert\1.5.0\jsonassert-1.5.0.jar;C:\Users\naude\Desktop\IT Dev\repo\com\vaadin\external\google\android-json\0.0.20131108.vaadin1\android-json-0.0.20131108.vaadin1.jar;C:\Users\naude\Desktop\IT Dev\repo\org\springframework\spring-test\5.1.8.RELEASE\spring-test-5.1.8.RELEASE.jar;C:\Users\naude\Desktop\IT Dev\repo\org\xmlunit\xmlunit-core\2.6.2\xmlunit-core-2.6.2.jar;C:\Users\naude\Desktop\IT Dev\repo\javax\xml\bind\jaxb-api\2.3.1\jaxb-api-2.3.1.jar;C:\Users\naude\Desktop\IT Dev\repo\javax\activation\javax.activation-api\1.2.0\javax.activation-api-1.2.0.jar;"/>
    <property name="java.vm.vendor" value="Oracle Corporation"/>
    <property name="sun.arch.data.model" value="64"/>
    <property name="user.variant" value=""/>
    <property name="java.vendor.url" value="https://java.oracle.com/"/>
    <property name="user.timezone" value="Africa/Johannesburg"/>
    <property name="os.name" value="Windows 10"/>
    <property name="java.vm.specification.version" value="16"/>
    <property name="sun.java.launcher" value="SUN_STANDARD"/>
    <property name="user.country" value="GB"/>
    <property name="sun.boot.library.path" value="C:\Users\naude\.jdks\openjdk-16.0.2\bin"/>
    <property name="sun.java.command" value="C:\Users\naude\AppData\Local\Temp\surefire9495701528822083808\surefirebooter9336478254119920805.jar C:\Users\naude\AppData\Local\Temp\surefire9495701528822083808 2021-10-08T19-24-32_027-jvmRun1 surefire6115207197735258417tmp surefire_28392431942787536506tmp"/>
    <property name="jdk.debug" value="release"/>
    <property name="surefire.test.class.path" value="C:\Users\naude\Desktop\IT Dev\Project1\AccountSystemLogic\target\test-classes;C:\Users\naude\Desktop\IT Dev\Project1\AccountSystemLogic\target\classes;C:\Users\naude\Desktop\IT Dev\Project1\AccountSystemDomain\target\AccountSystemDomain-1.0-SNAPSHOT.jar;C:\Users\naude\Desktop\IT Dev\repo\org\springframework\boot\spring-boot-starter\2.1.6.RELEASE\spring-boot-starter-2.1.6.RELEASE.jar;C:\Users\naude\Desktop\IT Dev\repo\org\springframework\boot\spring-boot\2.1.6.RELEASE\spring-boot-2.1.6.RELEASE.jar;C:\Users\naude\Desktop\IT Dev\repo\org\springframework\boot\spring-boot-autoconfigure\2.1.6.RELEASE\spring-boot-autoconfigure-2.1.6.RELEASE.jar;C:\Users\naude\Desktop\IT Dev\repo\org\springframework\boot\spring-boot-starter-logging\2.1.6.RELEASE\spring-boot-starter-logging-2.1.6.RELEASE.jar;C:\Users\naude\Desktop\IT Dev\repo\ch\qos\logback\logback-classic\1.2.3\logback-classic-1.2.3.jar;C:\Users\naude\Desktop\IT Dev\repo\ch\qos\logback\logback-core\1.2.3\logback-core-1.2.3.jar;C:\Users\naude\Desktop\IT Dev\repo\org\apache\logging\log4j\log4j-to-slf4j\2.11.2\log4j-to-slf4j-2.11.2.jar;C:\Users\naude\Desktop\IT Dev\repo\org\apache\logging\log4j\log4j-api\2.11.2\log4j-api-2.11.2.jar;C:\Users\naude\Desktop\IT Dev\repo\org\slf4j\jul-to-slf4j\1.7.26\jul-to-slf4j-1.7.26.jar;C:\Users\naude\Desktop\IT Dev\repo\javax\annotation\javax.annotation-api\1.3.2\javax.annotation-api-1.3.2.jar;C:\Users\naude\Desktop\IT Dev\repo\org\yaml\snakeyaml\1.23\snakeyaml-1.23.jar;C:\Users\naude\Desktop\IT Dev\repo\io\swagger\swagger-annotations\1.5.20\swagger-annotations-1.5.20.jar;C:\Users\naude\Desktop\IT Dev\repo\com\fasterxml\jackson\core\jackson-annotations\2.9.0\jackson-annotations-2.9.0.jar;C:\Users\naude\Desktop\IT Dev\Project1\AccountSystemTranslator\target\AccountSystemTranslator-1.0-SNAPSHOT.jar;C:\Users\naude\Desktop\IT Dev\Project1\AccountSystemRepository\target\AccountSystemRepository-1.0-SNAPSHOT.jar;C:\Users\naude\Desktop\IT Dev\repo\org\springframework\boot\spring-boot-starter-data-jpa\2.1.6.RELEASE\spring-boot-starter-data-jpa-2.1.6.RELEASE.jar;C:\Users\naude\Desktop\IT Dev\repo\org\springframework\boot\spring-boot-starter-aop\2.1.6.RELEASE\spring-boot-starter-aop-2.1.6.RELEASE.jar;C:\Users\naude\Desktop\IT Dev\repo\org\aspectj\aspectjweaver\1.9.4\aspectjweaver-1.9.4.jar;C:\Users\naude\Desktop\IT Dev\repo\org\springframework\boot\spring-boot-starter-jdbc\2.1.6.RELEASE\spring-boot-starter-jdbc-2.1.6.RELEASE.jar;C:\Users\naude\Desktop\IT Dev\repo\com\zaxxer\HikariCP\3.2.0\HikariCP-3.2.0.jar;C:\Users\naude\Desktop\IT Dev\repo\org\springframework\spring-jdbc\5.1.8.RELEASE\spring-jdbc-5.1.8.RELEASE.jar;C:\Users\naude\Desktop\IT Dev\repo\org\hibernate\hibernate-core\5.3.10.Final\hibernate-core-5.3.10.Final.jar;C:\Users\naude\Desktop\IT Dev\repo\org\jboss\logging\jboss-logging\3.3.2.Final\jboss-logging-3.3.2.Final.jar;C:\Users\naude\Desktop\IT Dev\repo\javax\persistence\javax.persistence-api\2.2\javax.persistence-api-2.2.jar;C:\Users\naude\Desktop\IT Dev\repo\org\javassist\javassist\3.23.2-GA\javassist-3.23.2-GA.jar;C:\Users\naude\Desktop\IT Dev\repo\antlr\antlr\2.7.7\antlr-2.7.7.jar;C:\Users\naude\Desktop\IT Dev\repo\org\jboss\jandex\2.0.5.Final\jandex-2.0.5.Final.jar;C:\Users\naude\Desktop\IT Dev\repo\com\fasterxml\classmate\1.4.0\classmate-1.4.0.jar;C:\Users\naude\Desktop\IT Dev\repo\org\dom4j\dom4j\2.1.1\dom4j-2.1.1.jar;C:\Users\naude\Desktop\IT Dev\repo\org\hibernate\common\hibernate-commons-annotations\5.0.4.Final\hibernate-commons-annotations-5.0.4.Final.jar;C:\Users\naude\Desktop\IT Dev\repo\org\springframework\data\spring-data-jpa\2.1.9.RELEASE\spring-data-jpa-2.1.9.RELEASE.jar;C:\Users\naude\Desktop\IT Dev\repo\org\springframework\data\spring-data-commons\2.1.9.RELEASE\spring-data-commons-2.1.9.RELEASE.jar;C:\Users\naude\Desktop\IT Dev\repo\org\springframework\spring-orm\5.1.8.RELEASE\spring-orm-5.1.8.RELEASE.jar;C:\Users\naude\Desktop\IT Dev\repo\org\springframework\spring-tx\5.1.8.RELEASE\spring-tx-5.1.8.RELEASE.jar;C:\Users\naude\Desktop\IT Dev\repo\org\springframework\spring-aspects\5.1.8.RELEASE\spring-aspects-5.1.8.RELEASE.jar;C:\Users\naude\Desktop\IT Dev\repo\com\oracle\database\jdbc\ojdbc8\19.3.0.0\ojdbc8-19.3.0.0.jar;C:\Users\naude\Desktop\IT Dev\repo\com\oracle\database\jdbc\ucp\19.3.0.0\ucp-19.3.0.0.jar;C:\Users\naude\Desktop\IT Dev\repo\com\oracle\database\security\oraclepki\19.3.0.0\oraclepki-19.3.0.0.jar;C:\Users\naude\Desktop\IT Dev\repo\com\oracle\database\security\osdt_cert\19.3.0.0\osdt_cert-19.3.0.0.jar;C:\Users\naude\Desktop\IT Dev\repo\com\oracle\database\security\osdt_core\19.3.0.0\osdt_core-19.3.0.0.jar;C:\Users\naude\Desktop\IT Dev\repo\com\oracle\database\ha\simplefan\19.3.0.0\simplefan-19.3.0.0.jar;C:\Users\naude\Desktop\IT Dev\repo\com\oracle\database\ha\ons\19.3.0.0\ons-19.3.0.0.jar;C:\Users\naude\Desktop\IT Dev\repo\org\springframework\spring-context\5.1.8.RELEASE\spring-context-5.1.8.RELEASE.jar;C:\Users\naude\Desktop\IT Dev\repo\org\springframework\spring-aop\5.1.8.RELEASE\spring-aop-5.1.8.RELEASE.jar;C:\Users\naude\Desktop\IT Dev\repo\org\springframework\spring-beans\5.1.8.RELEASE\spring-beans-5.1.8.RELEASE.jar;C:\Users\naude\Desktop\IT Dev\repo\org\springframework\spring-core\5.1.8.RELEASE\spring-core-5.1.8.RELEASE.jar;C:\Users\naude\Desktop\IT Dev\repo\org\springframework\spring-jcl\5.1.8.RELEASE\spring-jcl-5.1.8.RELEASE.jar;C:\Users\naude\Desktop\IT Dev\repo\org\springframework\spring-expression\5.1.8.RELEASE\spring-expression-5.1.8.RELEASE.jar;C:\Users\naude\Desktop\IT Dev\repo\javax\transaction\javax.transaction-api\1.3\javax.transaction-api-1.3.jar;C:\Users\naude\Desktop\IT Dev\repo\org\springframework\boot\spring-boot-starter-test\2.1.6.RELEASE\spring-boot-starter-test-2.1.6.RELEASE.jar;C:\Users\naude\Desktop\IT Dev\repo\org\springframework\boot\spring-boot-test\2.1.6.RELEASE\spring-boot-test-2.1.6.RELEASE.jar;C:\Users\naude\Desktop\IT Dev\repo\org\springframework\boot\spring-boot-test-autoconfigure\2.1.6.RELEASE\spring-boot-test-autoconfigure-2.1.6.RELEASE.jar;C:\Users\naude\Desktop\IT Dev\repo\com\jayway\jsonpath\json-path\2.4.0\json-path-2.4.0.jar;C:\Users\naude\Desktop\IT Dev\repo\net\minidev\json-smart\2.3\json-smart-2.3.jar;C:\Users\naude\Desktop\IT Dev\repo\net\minidev\accessors-smart\1.2\accessors-smart-1.2.jar;C:\Users\naude\Desktop\IT Dev\repo\org\ow2\asm\asm\5.0.4\asm-5.0.4.jar;C:\Users\naude\Desktop\IT Dev\repo\org\slf4j\slf4j-api\1.7.26\slf4j-api-1.7.26.jar;C:\Users\naude\Desktop\IT Dev\repo\junit\junit\4.12\junit-4.12.jar;C:\Users\naude\Desktop\IT Dev\repo\org\assertj\assertj-core\3.11.1\assertj-core-3.11.1.jar;C:\Users\naude\Desktop\IT Dev\repo\org\mockito\mockito-core\2.23.4\mockito-core-2.23.4.jar;C:\Users\naude\Desktop\IT Dev\repo\net\bytebuddy\byte-buddy\1.9.13\byte-buddy-1.9.13.jar;C:\Users\naude\Desktop\IT Dev\repo\net\bytebuddy\byte-buddy-agent\1.9.13\byte-buddy-agent-1.9.13.jar;C:\Users\naude\Desktop\IT Dev\repo\org\objenesis\objenesis\2.6\objenesis-2.6.jar;C:\Users\naude\Desktop\IT Dev\repo\org\hamcrest\hamcrest-core\1.3\hamcrest-core-1.3.jar;C:\Users\naude\Desktop\IT Dev\repo\org\hamcrest\hamcrest-library\1.3\hamcrest-library-1.3.jar;C:\Users\naude\Desktop\IT Dev\repo\org\skyscreamer\jsonassert\1.5.0\jsonassert-1.5.0.jar;C:\Users\naude\Desktop\IT Dev\repo\com\vaadin\external\google\android-json\0.0.20131108.vaadin1\android-json-0.0.20131108.vaadin1.jar;C:\Users\naude\Desktop\IT Dev\repo\org\springframework\spring-test\5.1.8.RELEASE\spring-test-5.1.8.RELEASE.jar;C:\Users\naude\Desktop\IT Dev\repo\org\xmlunit\xmlunit-core\2.6.2\xmlunit-core-2.6.2.jar;C:\Users\naude\Desktop\IT Dev\repo\javax\xml\bind\jaxb-api\2.3.1\jaxb-api-2.3.1.jar;C:\Users\naude\Desktop\IT Dev\repo\javax\activation\javax.activation-api\1.2.0\javax.activation-api-1.2.0.jar;"/>
    <property name="sun.cpu.endian" value="little"/>
    <property name="user.home" value="C:\Users\naude"/>
    <property name="user.language" value="en"/>
    <property name="java.specification.vendor" value="Oracle Corporation"/>
    <property name="java.version.date" value="2021-07-20"/>
    <property name="java.home" value="C:\Users\naude\.jdks\openjdk-16.0.2"/>
    <property name="file.separator" value="\"/>
    <property name="basedir" value="C:\Users\naude\Desktop\IT Dev\Project1\AccountSystemLogic"/>
    <property name="java.vm.compressedOopsMode" value="32-bit"/>
    <property name="line.separator" value="&#10;"/>
    <property name="java.vm.specification.vendor" value="Oracle Corporation"/>
    <property name="java.specification.name" value="Java Platform API Specification"/>
    <property name="surefire.real.class.path" value="C:\Users\naude\AppData\Local\Temp\surefire9495701528822083808\surefirebooter9336478254119920805.jar"/>
    <property name="user.script" value=""/>
    <property name="sun.management.compiler" value="HotSpot 64-Bit Tiered Compilers"/>
    <property name="java.runtime.version" value="16.0.2+7-67"/>
    <property name="user.name" value="naude"/>
    <property name="path.separator" value=";"/>
    <property name="os.version" value="10.0"/>
    <property name="java.runtime.name" value="OpenJDK Runtime Environment"/>
    <property name="file.encoding" value="Cp1252"/>
    <property name="java.vm.name" value="OpenJDK 64-Bit Server VM"/>
    <property name="localRepository" value="C:\Users\naude\Desktop\IT Dev\repo"/>
    <property name="java.vendor.url.bug" value="https://bugreport.java.com/bugreport/"/>
    <property name="java.io.tmpdir" value="C:\Users\naude\AppData\Local\Temp\"/>
    <property name="idea.version" value="2021.2"/>
    <property name="java.version" value="16.0.2"/>
    <property name="user.dir" value="C:\Users\naude\Desktop\IT Dev\Project1\AccountSystemLogic"/>
    <property name="os.arch" value="amd64"/>
    <property name="java.vm.specification.name" value="Java Virtual Machine Specification"/>
    <property name="sun.os.patch.level" value=""/>
    <property name="java.library.path" value="C:\Users\naude\.jdks\openjdk-16.0.2\bin;C:\WINDOWS\Sun\Java\bin;C:\WINDOWS\system32;C:\WINDOWS;C:\oraclexe\app\oracle\product\11.2.0\server\bin;;C:\Program Files (x86)\Common Files\Oracle\Java\javapath;C:\oraclexe\app\oracle\product\11.2.0\server\bin;C:\WINDOWS\system32;C:\WINDOWS;C:\WINDOWS\System32\Wbem;C:\WINDOWS\System32\WindowsPowerShell\v1.0\;C:\WINDOWS\System32\OpenSSH\;C:\Program Files (x86)\NVIDIA Corporation\PhysX\Common;C:\Program Files\NVIDIA Corporation\NVIDIA NvDLISR;C:\WINDOWS\system32;C:\WINDOWS;C:\WINDOWS\System32\Wbem;C:\WINDOWS\System32\WindowsPowerShell\v1.0\;C:\WINDOWS\System32\OpenSSH\;C:\Program Files (x86)\nodejs\;C:\Program Files\dotnet\;C:\Program Files\Git\cmd;C:\Program Files\MySQL\MySQL Shell 8.0\bin\;C:\Users\naude\AppData\Local\Programs\Python\Python39\Scripts\;C:\Users\naude\AppData\Local\Programs\Python\Python39\;C:\Users\naude\AppData\Local\Microsoft\WindowsApps;C:\Users\naude\AppData\Local\Programs\Microsoft VS Code\bin;C:\Users\naude\AppData\Local\GitHubDesktop\bin;C:\Users\naude\AppData\Roaming\npm;C:\Users\naude\.dotnet\tools;C:\Program Files\JetBrains\IntelliJ IDEA Community Edition 2021.2\bin;;C:\Program Files\Java\jre1.8.0_301\bin;C:\Users\naude\Desktop\IT Dev\apache-maven-3.8.1\bin;;."/>
    <property name="java.vm.info" value="mixed mode, sharing"/>
    <property name="java.vendor" value="Oracle Corporation"/>
    <property name="java.vm.version" value="16.0.2+7-67"/>
    <property name="sun.io.unicode.encoding" value="UnicodeLittle"/>
    <property name="maven.repo.local" value="C:\Users\naude\Desktop\IT Dev\repo"/>
    <property name="java.class.version" value="60.0"/>
  </properties>
  <testcase name="create" classname="za.ac.nwu.ac.logic.flow.impl.CreateAccountTypeImplTest" time="0.032"/>
</testsuite>