<?xml version="1.0" encoding="UTF-8"?>
<testsuite xmlns:xsi="http://www.w3.org/2001/XMLSchema-instance" xsi:noNamespaceSchemaLocation="https://maven.apache.org/surefire/maven-surefire-plugin/xsd/surefire-test-report.xsd" name="za.ac.nwu.ac.repo.persistence.AccountTypeRepositoryTest" time="12.94" tests="9" errors="9" skipped="0" failures="0">
  <properties>
    <property name="java.specification.version" value="16"/>
    <property name="sun.cpu.isalist" value="amd64"/>
    <property name="sun.jnu.encoding" value="Cp1252"/>
    <property name="java.class.path" value="C:\Users\naude\Desktop\IT Dev\Project1\AccountSystemRepository\target\test-classes;C:\Users\naude\Desktop\IT Dev\Project1\AccountSystemRepository\target\classes;C:\Users\naude\Desktop\IT Dev\Project1\AccountSystemDomain\target\AccountSystemDomain-1.0-SNAPSHOT.jar;C:\Users\naude\Desktop\IT Dev\repo\io\swagger\swagger-annotations\1.5.20\swagger-annotations-1.5.20.jar;C:\Users\naude\Desktop\IT Dev\repo\com\fasterxml\jackson\core\jackson-annotations\2.9.0\jackson-annotations-2.9.0.jar;C:\Users\naude\Desktop\IT Dev\repo\org\hibernate\hibernate-java8\5.3.10.Final\hibernate-java8-5.3.10.Final.jar;C:\Users\naude\Desktop\IT Dev\repo\org\jboss\logging\jboss-logging\3.3.2.Final\jboss-logging-3.3.2.Final.jar;C:\Users\naude\Desktop\IT Dev\repo\org\hibernate\hibernate-core\5.3.10.Final\hibernate-core-5.3.10.Final.jar;C:\Users\naude\Desktop\IT Dev\repo\javax\persistence\javax.persistence-api\2.2\javax.persistence-api-2.2.jar;C:\Users\naude\Desktop\IT Dev\repo\org\javassist\javassist\3.23.2-GA\javassist-3.23.2-GA.jar;C:\Users\naude\Desktop\IT Dev\repo\antlr\antlr\2.7.7\antlr-2.7.7.jar;C:\Users\naude\Desktop\IT Dev\repo\org\jboss\spec\javax\transaction\jboss-transaction-api_1.2_spec\1.1.1.Final\jboss-transaction-api_1.2_spec-1.1.1.Final.jar;C:\Users\naude\Desktop\IT Dev\repo\org\jboss\jandex\2.0.5.Final\jandex-2.0.5.Final.jar;C:\Users\naude\Desktop\IT Dev\repo\com\fasterxml\classmate\1.4.0\classmate-1.4.0.jar;C:\Users\naude\Desktop\IT Dev\repo\javax\activation\javax.activation-api\1.2.0\javax.activation-api-1.2.0.jar;C:\Users\naude\Desktop\IT Dev\repo\org\dom4j\dom4j\2.1.1\dom4j-2.1.1.jar;C:\Users\naude\Desktop\IT Dev\repo\org\hibernate\common\hibernate-commons-annotations\5.0.4.Final\hibernate-commons-annotations-5.0.4.Final.jar;C:\Users\naude\Desktop\IT Dev\repo\org\springframework\boot\spring-boot-starter\2.1.6.RELEASE\spring-boot-starter-2.1.6.RELEASE.jar;C:\Users\naude\Desktop\IT Dev\repo\org\springframework\boot\spring-boot\2.1.6.RELEASE\spring-boot-2.1.6.RELEASE.jar;C:\Users\naude\Desktop\IT Dev\repo\org\springframework\spring-context\5.1.8.RELEASE\spring-context-5.1.8.RELEASE.jar;C:\Users\naude\Desktop\IT Dev\repo\org\springframework\spring-expression\5.1.8.RELEASE\spring-expression-5.1.8.RELEASE.jar;C:\Users\naude\Desktop\IT Dev\repo\org\springframework\boot\spring-boot-autoconfigure\2.1.6.RELEASE\spring-boot-autoconfigure-2.1.6.RELEASE.jar;C:\Users\naude\Desktop\IT Dev\repo\org\springframework\boot\spring-boot-starter-logging\2.1.6.RELEASE\spring-boot-starter-logging-2.1.6.RELEASE.jar;C:\Users\naude\Desktop\IT Dev\repo\ch\qos\logback\logback-classic\1.2.3\logback-classic-1.2.3.jar;C:\Users\naude\Desktop\IT Dev\repo\ch\qos\logback\logback-core\1.2.3\logback-core-1.2.3.jar;C:\Users\naude\Desktop\IT Dev\repo\org\apache\logging\log4j\log4j-to-slf4j\2.11.2\log4j-to-slf4j-2.11.2.jar;C:\Users\naude\Desktop\IT Dev\repo\org\apache\logging\log4j\log4j-api\2.11.2\log4j-api-2.11.2.jar;C:\Users\naude\Desktop\IT Dev\repo\org\slf4j\jul-to-slf4j\1.7.26\jul-to-slf4j-1.7.26.jar;C:\Users\naude\Desktop\IT Dev\repo\javax\annotation\javax.annotation-api\1.3.2\javax.annotation-api-1.3.2.jar;C:\Users\naude\Desktop\IT Dev\repo\org\springframework\spring-core\5.1.8.RELEASE\spring-core-5.1.8.RELEASE.jar;C:\Users\naude\Desktop\IT Dev\repo\org\springframework\spring-jcl\5.1.8.RELEASE\spring-jcl-5.1.8.RELEASE.jar;C:\Users\naude\Desktop\IT Dev\repo\org\yaml\snakeyaml\1.23\snakeyaml-1.23.jar;C:\Users\naude\Desktop\IT Dev\repo\org\springframework\boot\spring-boot-starter-data-jpa\2.1.6.RELEASE\spring-boot-starter-data-jpa-2.1.6.RELEASE.jar;C:\Users\naude\Desktop\IT Dev\repo\org\springframework\boot\spring-boot-starter-aop\2.1.6.RELEASE\spring-boot-starter-aop-2.1.6.RELEASE.jar;C:\Users\naude\Desktop\IT Dev\repo\org\springframework\spring-aop\5.1.8.RELEASE\spring-aop-5.1.8.RELEASE.jar;C:\Users\naude\Desktop\IT Dev\repo\org\aspectj\aspectjweaver\1.9.4\aspectjweaver-1.9.4.jar;C:\Users\naude\Desktop\IT Dev\repo\org\springframework\boot\spring-boot-starter-jdbc\2.1.6.RELEASE\spring-boot-starter-jdbc-2.1.6.RELEASE.jar;C:\Users\naude\Desktop\IT Dev\repo\com\zaxxer\HikariCP\3.2.0\HikariCP-3.2.0.jar;C:\Users\naude\Desktop\IT Dev\repo\org\springframework\spring-jdbc\5.1.8.RELEASE\spring-jdbc-5.1.8.RELEASE.jar;C:\Users\naude\Desktop\IT Dev\repo\javax\transaction\javax.transaction-api\1.3\javax.transaction-api-1.3.jar;C:\Users\naude\Desktop\IT Dev\repo\javax\xml\bind\jaxb-api\2.3.1\jaxb-api-2.3.1.jar;C:\Users\naude\Desktop\IT Dev\repo\org\springframework\data\spring-data-jpa\2.1.9.RELEASE\spring-data-jpa-2.1.9.RELEASE.jar;C:\Users\naude\Desktop\IT Dev\repo\org\springframework\data\spring-data-commons\2.1.9.RELEASE\spring-data-commons-2.1.9.RELEASE.jar;C:\Users\naude\Desktop\IT Dev\repo\org\springframework\spring-orm\5.1.8.RELEASE\spring-orm-5.1.8.RELEASE.jar;C:\Users\naude\Desktop\IT Dev\repo\org\springframework\spring-tx\5.1.8.RELEASE\spring-tx-5.1.8.RELEASE.jar;C:\Users\naude\Desktop\IT Dev\repo\org\springframework\spring-beans\5.1.8.RELEASE\spring-beans-5.1.8.RELEASE.jar;C:\Users\naude\Desktop\IT Dev\repo\org\slf4j\slf4j-api\1.7.26\slf4j-api-1.7.26.jar;C:\Users\naude\Desktop\IT Dev\repo\org\springframework\spring-aspects\5.1.8.RELEASE\spring-aspects-5.1.8.RELEASE.jar;C:\Users\naude\Desktop\IT Dev\repo\com\oracle\database\jdbc\ojdbc8\19.3.0.0\ojdbc8-19.3.0.0.jar;C:\Users\naude\Desktop\IT Dev\repo\com\oracle\database\jdbc\ucp\19.3.0.0\ucp-19.3.0.0.jar;C:\Users\naude\Desktop\IT Dev\repo\com\oracle\database\security\oraclepki\19.3.0.0\oraclepki-19.3.0.0.jar;C:\Users\naude\Desktop\IT Dev\repo\com\oracle\database\security\osdt_cert\19.3.0.0\osdt_cert-19.3.0.0.jar;C:\Users\naude\Desktop\IT Dev\repo\com\oracle\database\security\osdt_core\19.3.0.0\osdt_core-19.3.0.0.jar;C:\Users\naude\Desktop\IT Dev\repo\com\oracle\database\ha\simplefan\19.3.0.0\simplefan-19.3.0.0.jar;C:\Users\naude\Desktop\IT Dev\repo\com\oracle\database\ha\ons\19.3.0.0\ons-19.3.0.0.jar;C:\Users\naude\Desktop\IT Dev\repo\com\h2database\h2\1.4.199\h2-1.4.199.jar;C:\Users\naude\Desktop\IT Dev\repo\junit\junit\4.12\junit-4.12.jar;C:\Users\naude\Desktop\IT Dev\repo\org\hamcrest\hamcrest-core\1.3\hamcrest-core-1.3.jar;C:\Users\naude\Desktop\IT Dev\repo\org\mockito\mockito-core\2.23.4\mockito-core-2.23.4.jar;C:\Users\naude\Desktop\IT Dev\repo\net\bytebuddy\byte-buddy\1.9.13\byte-buddy-1.9.13.jar;C:\Users\naude\Desktop\IT Dev\repo\net\bytebuddy\byte-buddy-agent\1.9.13\byte-buddy-agent-1.9.13.jar;C:\Users\naude\Desktop\IT Dev\repo\org\objenesis\objenesis\2.6\objenesis-2.6.jar;C:\Users\naude\Desktop\IT Dev\repo\org\mockito\mockito-inline\2.23.4\mockito-inline-2.23.4.jar;C:\Users\naude\Desktop\IT Dev\repo\org\mockito\mockito-junit-jupiter\2.23.4\mockito-junit-jupiter-2.23.4.jar;C:\Users\naude\Desktop\IT Dev\repo\org\junit\jupiter\junit-jupiter-api\5.6.3\junit-jupiter-api-5.6.3.jar;C:\Users\naude\Desktop\IT Dev\repo\org\apiguardian\apiguardian-api\1.1.0\apiguardian-api-1.1.0.jar;C:\Users\naude\Desktop\IT Dev\repo\org\opentest4j\opentest4j\1.2.0\opentest4j-1.2.0.jar;C:\Users\naude\Desktop\IT Dev\repo\org\junit\platform\junit-platform-commons\1.3.2\junit-platform-commons-1.3.2.jar;C:\Users\naude\Desktop\IT Dev\repo\org\springframework\boot\spring-boot-starter-test\2.1.6.RELEASE\spring-boot-starter-test-2.1.6.RELEASE.jar;C:\Users\naude\Desktop\IT Dev\repo\org\springframework\boot\spring-boot-test\2.1.6.RELEASE\spring-boot-test-2.1.6.RELEASE.jar;C:\Users\naude\Desktop\IT Dev\repo\org\springframework\boot\spring-boot-test-autoconfigure\2.1.6.RELEASE\spring-boot-test-autoconfigure-2.1.6.RELEASE.jar;C:\Users\naude\Desktop\IT Dev\repo\com\jayway\jsonpath\json-path\2.4.0\json-path-2.4.0.jar;C:\Users\naude\Desktop\IT Dev\repo\net\minidev\json-smart\2.3\json-smart-2.3.jar;C:\Users\naude\Desktop\IT Dev\repo\net\minidev\accessors-smart\1.2\accessors-smart-1.2.jar;C:\Users\naude\Desktop\IT Dev\repo\org\ow2\asm\asm\5.0.4\asm-5.0.4.jar;C:\Users\naude\Desktop\IT Dev\repo\org\assertj\assertj-core\3.11.1\assertj-core-3.11.1.jar;C:\Users\naude\Desktop\IT Dev\repo\org\hamcrest\hamcrest-library\1.3\hamcrest-library-1.3.jar;C:\Users\naude\Desktop\IT Dev\repo\org\skyscreamer\jsonassert\1.5.0\jsonassert-1.5.0.jar;C:\Users\naude\Desktop\IT Dev\repo\com\vaadin\external\google\android-json\0.0.20131108.vaadin1\android-json-0.0.20131108.vaadin1.jar;C:\Users\naude\Desktop\IT Dev\repo\org\springframework\spring-test\5.1.8.RELEASE\spring-test-5.1.8.RELEASE.jar;C:\Users\naude\Desktop\IT Dev\repo\org\xmlunit\xmlunit-core\2.6.2\xmlunit-core-2.6.2.jar;"/>
    <property name="java.vm.vendor" value="Oracle Corporation"/>
    <property name="sun.arch.data.model" value="64"/>
    <property name="user.variant" value=""/>
    <property name="java.vendor.url" value="https://java.oracle.com/"/>
    <property name="user.timezone" value="Africa/Johannesburg"/>
    <property name="os.name" value="Windows 10"/>
    <property name="java.vm.specification.version" value="16"/>
    <property name="sun.java.launcher" value="SUN_STANDARD"/>
    <property name="user.country" value="GB"/>
    <property name="sun.boot.library.path" value="C:\Users\naude\.jdks\openjdk-16.0.2\bin"/>
    <property name="sun.java.command" value="C:\Users\naude\AppData\Local\Temp\surefire13700764667314134776\surefirebooter5727564744942246838.jar C:\Users\naude\AppData\Local\Temp\surefire13700764667314134776 2021-09-22T15-32-54_535-jvmRun1 surefire18216971774405193829tmp surefire_012495795514406651435tmp"/>
    <property name="jdk.debug" value="release"/>
    <property name="surefire.test.class.path" value="C:\Users\naude\Desktop\IT Dev\Project1\AccountSystemRepository\target\test-classes;C:\Users\naude\Desktop\IT Dev\Project1\AccountSystemRepository\target\classes;C:\Users\naude\Desktop\IT Dev\Project1\AccountSystemDomain\target\AccountSystemDomain-1.0-SNAPSHOT.jar;C:\Users\naude\Desktop\IT Dev\repo\io\swagger\swagger-annotations\1.5.20\swagger-annotations-1.5.20.jar;C:\Users\naude\Desktop\IT Dev\repo\com\fasterxml\jackson\core\jackson-annotations\2.9.0\jackson-annotations-2.9.0.jar;C:\Users\naude\Desktop\IT Dev\repo\org\hibernate\hibernate-java8\5.3.10.Final\hibernate-java8-5.3.10.Final.jar;C:\Users\naude\Desktop\IT Dev\repo\org\jboss\logging\jboss-logging\3.3.2.Final\jboss-logging-3.3.2.Final.jar;C:\Users\naude\Desktop\IT Dev\repo\org\hibernate\hibernate-core\5.3.10.Final\hibernate-core-5.3.10.Final.jar;C:\Users\naude\Desktop\IT Dev\repo\javax\persistence\javax.persistence-api\2.2\javax.persistence-api-2.2.jar;C:\Users\naude\Desktop\IT Dev\repo\org\javassist\javassist\3.23.2-GA\javassist-3.23.2-GA.jar;C:\Users\naude\Desktop\IT Dev\repo\antlr\antlr\2.7.7\antlr-2.7.7.jar;C:\Users\naude\Desktop\IT Dev\repo\org\jboss\spec\javax\transaction\jboss-transaction-api_1.2_spec\1.1.1.Final\jboss-transaction-api_1.2_spec-1.1.1.Final.jar;C:\Users\naude\Desktop\IT Dev\repo\org\jboss\jandex\2.0.5.Final\jandex-2.0.5.Final.jar;C:\Users\naude\Desktop\IT Dev\repo\com\fasterxml\classmate\1.4.0\classmate-1.4.0.jar;C:\Users\naude\Desktop\IT Dev\repo\javax\activation\javax.activation-api\1.2.0\javax.activation-api-1.2.0.jar;C:\Users\naude\Desktop\IT Dev\repo\org\dom4j\dom4j\2.1.1\dom4j-2.1.1.jar;C:\Users\naude\Desktop\IT Dev\repo\org\hibernate\common\hibernate-commons-annotations\5.0.4.Final\hibernate-commons-annotations-5.0.4.Final.jar;C:\Users\naude\Desktop\IT Dev\repo\org\springframework\boot\spring-boot-starter\2.1.6.RELEASE\spring-boot-starter-2.1.6.RELEASE.jar;C:\Users\naude\Desktop\IT Dev\repo\org\springframework\boot\spring-boot\2.1.6.RELEASE\spring-boot-2.1.6.RELEASE.jar;C:\Users\naude\Desktop\IT Dev\repo\org\springframework\spring-context\5.1.8.RELEASE\spring-context-5.1.8.RELEASE.jar;C:\Users\naude\Desktop\IT Dev\repo\org\springframework\spring-expression\5.1.8.RELEASE\spring-expression-5.1.8.RELEASE.jar;C:\Users\naude\Desktop\IT Dev\repo\org\springframework\boot\spring-boot-autoconfigure\2.1.6.RELEASE\spring-boot-autoconfigure-2.1.6.RELEASE.jar;C:\Users\naude\Desktop\IT Dev\repo\org\springframework\boot\spring-boot-starter-logging\2.1.6.RELEASE\spring-boot-starter-logging-2.1.6.RELEASE.jar;C:\Users\naude\Desktop\IT Dev\repo\ch\qos\logback\logback-classic\1.2.3\logback-classic-1.2.3.jar;C:\Users\naude\Desktop\IT Dev\repo\ch\qos\logback\logback-core\1.2.3\logback-core-1.2.3.jar;C:\Users\naude\Desktop\IT Dev\repo\org\apache\logging\log4j\log4j-to-slf4j\2.11.2\log4j-to-slf4j-2.11.2.jar;C:\Users\naude\Desktop\IT Dev\repo\org\apache\logging\log4j\log4j-api\2.11.2\log4j-api-2.11.2.jar;C:\Users\naude\Desktop\IT Dev\repo\org\slf4j\jul-to-slf4j\1.7.26\jul-to-slf4j-1.7.26.jar;C:\Users\naude\Desktop\IT Dev\repo\javax\annotation\javax.annotation-api\1.3.2\javax.annotation-api-1.3.2.jar;C:\Users\naude\Desktop\IT Dev\repo\org\springframework\spring-core\5.1.8.RELEASE\spring-core-5.1.8.RELEASE.jar;C:\Users\naude\Desktop\IT Dev\repo\org\springframework\spring-jcl\5.1.8.RELEASE\spring-jcl-5.1.8.RELEASE.jar;C:\Users\naude\Desktop\IT Dev\repo\org\yaml\snakeyaml\1.23\snakeyaml-1.23.jar;C:\Users\naude\Desktop\IT Dev\repo\org\springframework\boot\spring-boot-starter-data-jpa\2.1.6.RELEASE\spring-boot-starter-data-jpa-2.1.6.RELEASE.jar;C:\Users\naude\Desktop\IT Dev\repo\org\springframework\boot\spring-boot-starter-aop\2.1.6.RELEASE\spring-boot-starter-aop-2.1.6.RELEASE.jar;C:\Users\naude\Desktop\IT Dev\repo\org\springframework\spring-aop\5.1.8.RELEASE\spring-aop-5.1.8.RELEASE.jar;C:\Users\naude\Desktop\IT Dev\repo\org\aspectj\aspectjweaver\1.9.4\aspectjweaver-1.9.4.jar;C:\Users\naude\Desktop\IT Dev\repo\org\springframework\boot\spring-boot-starter-jdbc\2.1.6.RELEASE\spring-boot-starter-jdbc-2.1.6.RELEASE.jar;C:\Users\naude\Desktop\IT Dev\repo\com\zaxxer\HikariCP\3.2.0\HikariCP-3.2.0.jar;C:\Users\naude\Desktop\IT Dev\repo\org\springframework\spring-jdbc\5.1.8.RELEASE\spring-jdbc-5.1.8.RELEASE.jar;C:\Users\naude\Desktop\IT Dev\repo\javax\transaction\javax.transaction-api\1.3\javax.transaction-api-1.3.jar;C:\Users\naude\Desktop\IT Dev\repo\javax\xml\bind\jaxb-api\2.3.1\jaxb-api-2.3.1.jar;C:\Users\naude\Desktop\IT Dev\repo\org\springframework\data\spring-data-jpa\2.1.9.RELEASE\spring-data-jpa-2.1.9.RELEASE.jar;C:\Users\naude\Desktop\IT Dev\repo\org\springframework\data\spring-data-commons\2.1.9.RELEASE\spring-data-commons-2.1.9.RELEASE.jar;C:\Users\naude\Desktop\IT Dev\repo\org\springframework\spring-orm\5.1.8.RELEASE\spring-orm-5.1.8.RELEASE.jar;C:\Users\naude\Desktop\IT Dev\repo\org\springframework\spring-tx\5.1.8.RELEASE\spring-tx-5.1.8.RELEASE.jar;C:\Users\naude\Desktop\IT Dev\repo\org\springframework\spring-beans\5.1.8.RELEASE\spring-beans-5.1.8.RELEASE.jar;C:\Users\naude\Desktop\IT Dev\repo\org\slf4j\slf4j-api\1.7.26\slf4j-api-1.7.26.jar;C:\Users\naude\Desktop\IT Dev\repo\org\springframework\spring-aspects\5.1.8.RELEASE\spring-aspects-5.1.8.RELEASE.jar;C:\Users\naude\Desktop\IT Dev\repo\com\oracle\database\jdbc\ojdbc8\19.3.0.0\ojdbc8-19.3.0.0.jar;C:\Users\naude\Desktop\IT Dev\repo\com\oracle\database\jdbc\ucp\19.3.0.0\ucp-19.3.0.0.jar;C:\Users\naude\Desktop\IT Dev\repo\com\oracle\database\security\oraclepki\19.3.0.0\oraclepki-19.3.0.0.jar;C:\Users\naude\Desktop\IT Dev\repo\com\oracle\database\security\osdt_cert\19.3.0.0\osdt_cert-19.3.0.0.jar;C:\Users\naude\Desktop\IT Dev\repo\com\oracle\database\security\osdt_core\19.3.0.0\osdt_core-19.3.0.0.jar;C:\Users\naude\Desktop\IT Dev\repo\com\oracle\database\ha\simplefan\19.3.0.0\simplefan-19.3.0.0.jar;C:\Users\naude\Desktop\IT Dev\repo\com\oracle\database\ha\ons\19.3.0.0\ons-19.3.0.0.jar;C:\Users\naude\Desktop\IT Dev\repo\com\h2database\h2\1.4.199\h2-1.4.199.jar;C:\Users\naude\Desktop\IT Dev\repo\junit\junit\4.12\junit-4.12.jar;C:\Users\naude\Desktop\IT Dev\repo\org\hamcrest\hamcrest-core\1.3\hamcrest-core-1.3.jar;C:\Users\naude\Desktop\IT Dev\repo\org\mockito\mockito-core\2.23.4\mockito-core-2.23.4.jar;C:\Users\naude\Desktop\IT Dev\repo\net\bytebuddy\byte-buddy\1.9.13\byte-buddy-1.9.13.jar;C:\Users\naude\Desktop\IT Dev\repo\net\bytebuddy\byte-buddy-agent\1.9.13\byte-buddy-agent-1.9.13.jar;C:\Users\naude\Desktop\IT Dev\repo\org\objenesis\objenesis\2.6\objenesis-2.6.jar;C:\Users\naude\Desktop\IT Dev\repo\org\mockito\mockito-inline\2.23.4\mockito-inline-2.23.4.jar;C:\Users\naude\Desktop\IT Dev\repo\org\mockito\mockito-junit-jupiter\2.23.4\mockito-junit-jupiter-2.23.4.jar;C:\Users\naude\Desktop\IT Dev\repo\org\junit\jupiter\junit-jupiter-api\5.6.3\junit-jupiter-api-5.6.3.jar;C:\Users\naude\Desktop\IT Dev\repo\org\apiguardian\apiguardian-api\1.1.0\apiguardian-api-1.1.0.jar;C:\Users\naude\Desktop\IT Dev\repo\org\opentest4j\opentest4j\1.2.0\opentest4j-1.2.0.jar;C:\Users\naude\Desktop\IT Dev\repo\org\junit\platform\junit-platform-commons\1.3.2\junit-platform-commons-1.3.2.jar;C:\Users\naude\Desktop\IT Dev\repo\org\springframework\boot\spring-boot-starter-test\2.1.6.RELEASE\spring-boot-starter-test-2.1.6.RELEASE.jar;C:\Users\naude\Desktop\IT Dev\repo\org\springframework\boot\spring-boot-test\2.1.6.RELEASE\spring-boot-test-2.1.6.RELEASE.jar;C:\Users\naude\Desktop\IT Dev\repo\org\springframework\boot\spring-boot-test-autoconfigure\2.1.6.RELEASE\spring-boot-test-autoconfigure-2.1.6.RELEASE.jar;C:\Users\naude\Desktop\IT Dev\repo\com\jayway\jsonpath\json-path\2.4.0\json-path-2.4.0.jar;C:\Users\naude\Desktop\IT Dev\repo\net\minidev\json-smart\2.3\json-smart-2.3.jar;C:\Users\naude\Desktop\IT Dev\repo\net\minidev\accessors-smart\1.2\accessors-smart-1.2.jar;C:\Users\naude\Desktop\IT Dev\repo\org\ow2\asm\asm\5.0.4\asm-5.0.4.jar;C:\Users\naude\Desktop\IT Dev\repo\org\assertj\assertj-core\3.11.1\assertj-core-3.11.1.jar;C:\Users\naude\Desktop\IT Dev\repo\org\hamcrest\hamcrest-library\1.3\hamcrest-library-1.3.jar;C:\Users\naude\Desktop\IT Dev\repo\org\skyscreamer\jsonassert\1.5.0\jsonassert-1.5.0.jar;C:\Users\naude\Desktop\IT Dev\repo\com\vaadin\external\google\android-json\0.0.20131108.vaadin1\android-json-0.0.20131108.vaadin1.jar;C:\Users\naude\Desktop\IT Dev\repo\org\springframework\spring-test\5.1.8.RELEASE\spring-test-5.1.8.RELEASE.jar;C:\Users\naude\Desktop\IT Dev\repo\org\xmlunit\xmlunit-core\2.6.2\xmlunit-core-2.6.2.jar;"/>
    <property name="sun.cpu.endian" value="little"/>
    <property name="user.home" value="C:\Users\naude"/>
    <property name="user.language" value="en"/>
    <property name="java.specification.vendor" value="Oracle Corporation"/>
    <property name="java.version.date" value="2021-07-20"/>
    <property name="java.home" value="C:\Users\naude\.jdks\openjdk-16.0.2"/>
    <property name="file.separator" value="\"/>
    <property name="basedir" value="C:\Users\naude\Desktop\IT Dev\Project1\AccountSystemRepository"/>
    <property name="java.vm.compressedOopsMode" value="32-bit"/>
    <property name="line.separator" value="&#10;"/>
    <property name="java.vm.specification.vendor" value="Oracle Corporation"/>
    <property name="java.specification.name" value="Java Platform API Specification"/>
    <property name="surefire.real.class.path" value="C:\Users\naude\AppData\Local\Temp\surefire13700764667314134776\surefirebooter5727564744942246838.jar"/>
    <property name="user.script" value=""/>
    <property name="sun.management.compiler" value="HotSpot 64-Bit Tiered Compilers"/>
    <property name="java.runtime.version" value="16.0.2+7-67"/>
    <property name="user.name" value="naude"/>
    <property name="path.separator" value=";"/>
    <property name="os.version" value="10.0"/>
    <property name="java.runtime.name" value="OpenJDK Runtime Environment"/>
    <property name="file.encoding" value="Cp1252"/>
    <property name="java.vm.name" value="OpenJDK 64-Bit Server VM"/>
    <property name="localRepository" value="C:\Users\naude\Desktop\IT Dev\repo"/>
    <property name="java.vendor.url.bug" value="https://bugreport.java.com/bugreport/"/>
    <property name="java.io.tmpdir" value="C:\Users\naude\AppData\Local\Temp\"/>
    <property name="idea.version" value="2021.2"/>
    <property name="java.version" value="16.0.2"/>
    <property name="user.dir" value="C:\Users\naude\Desktop\IT Dev\Project1\AccountSystemRepository"/>
    <property name="os.arch" value="amd64"/>
    <property name="java.vm.specification.name" value="Java Virtual Machine Specification"/>
    <property name="sun.os.patch.level" value=""/>
    <property name="java.library.path" value="C:\Users\naude\.jdks\openjdk-16.0.2\bin;C:\WINDOWS\Sun\Java\bin;C:\WINDOWS\system32;C:\WINDOWS;C:\oraclexe\app\oracle\product\11.2.0\server\bin;;C:\Program Files (x86)\Common Files\Oracle\Java\javapath;C:\oraclexe\app\oracle\product\11.2.0\server\bin;C:\WINDOWS\system32;C:\WINDOWS;C:\WINDOWS\System32\Wbem;C:\WINDOWS\System32\WindowsPowerShell\v1.0\;C:\WINDOWS\System32\OpenSSH\;C:\Program Files (x86)\NVIDIA Corporation\PhysX\Common;C:\Program Files\NVIDIA Corporation\NVIDIA NvDLISR;C:\WINDOWS\system32;C:\WINDOWS;C:\WINDOWS\System32\Wbem;C:\WINDOWS\System32\WindowsPowerShell\v1.0\;C:\WINDOWS\System32\OpenSSH\;C:\Program Files (x86)\nodejs\;C:\Program Files\dotnet\;C:\Program Files\Git\cmd;C:\Program Files\MySQL\MySQL Shell 8.0\bin\;C:\Users\naude\AppData\Local\Programs\Python\Python39\Scripts\;C:\Users\naude\AppData\Local\Programs\Python\Python39\;C:\Users\naude\AppData\Local\Microsoft\WindowsApps;C:\Users\naude\AppData\Local\Programs\Microsoft VS Code\bin;C:\Users\naude\AppData\Local\GitHubDesktop\bin;C:\Users\naude\AppData\Roaming\npm;C:\Users\naude\.dotnet\tools;C:\Program Files\JetBrains\IntelliJ IDEA Community Edition 2021.2\bin;;C:\Program Files\Java\jre1.8.0_301\bin;C:\Users\naude\Desktop\IT Dev\apache-maven-3.8.1\bin;;."/>
    <property name="java.vm.info" value="mixed mode, sharing"/>
    <property name="java.vendor" value="Oracle Corporation"/>
    <property name="java.vm.version" value="16.0.2+7-67"/>
    <property name="sun.io.unicode.encoding" value="UnicodeLittle"/>
    <property name="maven.repo.local" value="C:\Users\naude\Desktop\IT Dev\repo"/>
    <property name="java.class.version" value="60.0"/>
  </properties>
  <testcase name="getAccountTypeDtoByMnemonicPlay" classname="za.ac.nwu.ac.repo.persistence.AccountTypeRepositoryTest" time="0.004">
    <error message="Failed to load ApplicationContext" type="java.lang.IllegalStateException">java.lang.IllegalStateException: Failed to load ApplicationContext
Caused by: org.springframework.beans.factory.UnsatisfiedDependencyException: 
Error creating bean with name 'org.springframework.boot.autoconfigure.orm.jpa.HibernateJpaConfiguration': Unsatisfied dependency expressed through constructor parameter 0; nested exception is org.springframework.beans.factory.BeanCreationException: Error creating bean with name 'dataSource': Post-processing of FactoryBean's singleton object failed; nested exception is org.springframework.beans.factory.BeanCreationException: Error creating bean with name 'org.springframework.boot.autoconfigure.jdbc.DataSourceInitializerInvoker': Invocation of init method failed; nested exception is org.springframework.jdbc.datasource.init.ScriptStatementFailedException: Failed to execute SQL script statement #4 of URL [file:/C:/Users/naude/Desktop/IT%20Dev/Project1/AccountSystemRepository/target/test-classes/schema.sql]: CREATE TABLE VITRSA_SANDBOX.DEMO_ACCOUNT_TX ( TX_ID BIGINT NOT NULL, ACCOUNT_TYPE_ID BIGINT NOT NULL, MEMBER_ID BIGINT NOT NULL, AMOUNT BIGINT NOT NULL, TX_DATE DATE NOT NULL, PRIMARY KEY (TX_ID) CONSTRAINT FK_ACCOUNT_TYPE_ID FOREIGN KEY (ACCOUNT_TYPE_ID) REFERENCES VITRSA_SANDBOX.DEMO_ACCOUNT_TYPE (ACCOUNT_TYPE_ID) ); nested exception is org.h2.jdbc.JdbcSQLSyntaxErrorException: Syntax error in SQL statement "CREATE TABLE VITRSA_SANDBOX.DEMO_ACCOUNT_TX ( TX_ID BIGINT NOT NULL, ACCOUNT_TYPE_ID BIGINT NOT NULL, MEMBER_ID BIGINT NOT NULL, AMOUNT BIGINT NOT NULL, TX_DATE DATE NOT NULL, PRIMARY KEY (TX_ID) CONSTRAINT[*] FK_ACCOUNT_TYPE_ID FOREIGN KEY (ACCOUNT_TYPE_ID) REFERENCES VITRSA_SANDBOX.DEMO_ACCOUNT_TYPE (ACCOUNT_TYPE_ID) )"; expected "INDEX, ,, )"; SQL statement:
CREATE TABLE VITRSA_SANDBOX.DEMO_ACCOUNT_TX ( TX_ID BIGINT NOT NULL, ACCOUNT_TYPE_ID BIGINT NOT NULL, MEMBER_ID BIGINT NOT NULL, AMOUNT BIGINT NOT NULL, TX_DATE DATE NOT NULL, PRIMARY KEY (TX_ID) CONSTRAINT FK_ACCOUNT_TYPE_ID FOREIGN KEY (ACCOUNT_TYPE_ID) REFERENCES VITRSA_SANDBOX.DEMO_ACCOUNT_TYPE (ACCOUNT_TYPE_ID) ) [42001-199]
Caused by: org.springframework.beans.factory.BeanCreationException: 
Error creating bean with name 'dataSource': Post-processing of FactoryBean's singleton object failed; nested exception is org.springframework.beans.factory.BeanCreationException: Error creating bean with name 'org.springframework.boot.autoconfigure.jdbc.DataSourceInitializerInvoker': Invocation of init method failed; nested exception is org.springframework.jdbc.datasource.init.ScriptStatementFailedException: Failed to execute SQL script statement #4 of URL [file:/C:/Users/naude/Desktop/IT%20Dev/Project1/AccountSystemRepository/target/test-classes/schema.sql]: CREATE TABLE VITRSA_SANDBOX.DEMO_ACCOUNT_TX ( TX_ID BIGINT NOT NULL, ACCOUNT_TYPE_ID BIGINT NOT NULL, MEMBER_ID BIGINT NOT NULL, AMOUNT BIGINT NOT NULL, TX_DATE DATE NOT NULL, PRIMARY KEY (TX_ID) CONSTRAINT FK_ACCOUNT_TYPE_ID FOREIGN KEY (ACCOUNT_TYPE_ID) REFERENCES VITRSA_SANDBOX.DEMO_ACCOUNT_TYPE (ACCOUNT_TYPE_ID) ); nested exception is org.h2.jdbc.JdbcSQLSyntaxErrorException: Syntax error in SQL statement "CREATE TABLE VITRSA_SANDBOX.DEMO_ACCOUNT_TX ( TX_ID BIGINT NOT NULL, ACCOUNT_TYPE_ID BIGINT NOT NULL, MEMBER_ID BIGINT NOT NULL, AMOUNT BIGINT NOT NULL, TX_DATE DATE NOT NULL, PRIMARY KEY (TX_ID) CONSTRAINT[*] FK_ACCOUNT_TYPE_ID FOREIGN KEY (ACCOUNT_TYPE_ID) REFERENCES VITRSA_SANDBOX.DEMO_ACCOUNT_TYPE (ACCOUNT_TYPE_ID) )"; expected "INDEX, ,, )"; SQL statement:
CREATE TABLE VITRSA_SANDBOX.DEMO_ACCOUNT_TX ( TX_ID BIGINT NOT NULL, ACCOUNT_TYPE_ID BIGINT NOT NULL, MEMBER_ID BIGINT NOT NULL, AMOUNT BIGINT NOT NULL, TX_DATE DATE NOT NULL, PRIMARY KEY (TX_ID) CONSTRAINT FK_ACCOUNT_TYPE_ID FOREIGN KEY (ACCOUNT_TYPE_ID) REFERENCES VITRSA_SANDBOX.DEMO_ACCOUNT_TYPE (ACCOUNT_TYPE_ID) ) [42001-199]
Caused by: org.springframework.beans.factory.BeanCreationException: 
Error creating bean with name 'org.springframework.boot.autoconfigure.jdbc.DataSourceInitializerInvoker': Invocation of init method failed; nested exception is org.springframework.jdbc.datasource.init.ScriptStatementFailedException: Failed to execute SQL script statement #4 of URL [file:/C:/Users/naude/Desktop/IT%20Dev/Project1/AccountSystemRepository/target/test-classes/schema.sql]: CREATE TABLE VITRSA_SANDBOX.DEMO_ACCOUNT_TX ( TX_ID BIGINT NOT NULL, ACCOUNT_TYPE_ID BIGINT NOT NULL, MEMBER_ID BIGINT NOT NULL, AMOUNT BIGINT NOT NULL, TX_DATE DATE NOT NULL, PRIMARY KEY (TX_ID) CONSTRAINT FK_ACCOUNT_TYPE_ID FOREIGN KEY (ACCOUNT_TYPE_ID) REFERENCES VITRSA_SANDBOX.DEMO_ACCOUNT_TYPE (ACCOUNT_TYPE_ID) ); nested exception is org.h2.jdbc.JdbcSQLSyntaxErrorException: Syntax error in SQL statement "CREATE TABLE VITRSA_SANDBOX.DEMO_ACCOUNT_TX ( TX_ID BIGINT NOT NULL, ACCOUNT_TYPE_ID BIGINT NOT NULL, MEMBER_ID BIGINT NOT NULL, AMOUNT BIGINT NOT NULL, TX_DATE DATE NOT NULL, PRIMARY KEY (TX_ID) CONSTRAINT[*] FK_ACCOUNT_TYPE_ID FOREIGN KEY (ACCOUNT_TYPE_ID) REFERENCES VITRSA_SANDBOX.DEMO_ACCOUNT_TYPE (ACCOUNT_TYPE_ID) )"; expected "INDEX, ,, )"; SQL statement:
CREATE TABLE VITRSA_SANDBOX.DEMO_ACCOUNT_TX ( TX_ID BIGINT NOT NULL, ACCOUNT_TYPE_ID BIGINT NOT NULL, MEMBER_ID BIGINT NOT NULL, AMOUNT BIGINT NOT NULL, TX_DATE DATE NOT NULL, PRIMARY KEY (TX_ID) CONSTRAINT FK_ACCOUNT_TYPE_ID FOREIGN KEY (ACCOUNT_TYPE_ID) REFERENCES VITRSA_SANDBOX.DEMO_ACCOUNT_TYPE (ACCOUNT_TYPE_ID) ) [42001-199]
Caused by: org.springframework.jdbc.datasource.init.ScriptStatementFailedException: 
Failed to execute SQL script statement #4 of URL [file:/C:/Users/naude/Desktop/IT%20Dev/Project1/AccountSystemRepository/target/test-classes/schema.sql]: CREATE TABLE VITRSA_SANDBOX.DEMO_ACCOUNT_TX ( TX_ID BIGINT NOT NULL, ACCOUNT_TYPE_ID BIGINT NOT NULL, MEMBER_ID BIGINT NOT NULL, AMOUNT BIGINT NOT NULL, TX_DATE DATE NOT NULL, PRIMARY KEY (TX_ID) CONSTRAINT FK_ACCOUNT_TYPE_ID FOREIGN KEY (ACCOUNT_TYPE_ID) REFERENCES VITRSA_SANDBOX.DEMO_ACCOUNT_TYPE (ACCOUNT_TYPE_ID) ); nested exception is org.h2.jdbc.JdbcSQLSyntaxErrorException: Syntax error in SQL statement "CREATE TABLE VITRSA_SANDBOX.DEMO_ACCOUNT_TX ( TX_ID BIGINT NOT NULL, ACCOUNT_TYPE_ID BIGINT NOT NULL, MEMBER_ID BIGINT NOT NULL, AMOUNT BIGINT NOT NULL, TX_DATE DATE NOT NULL, PRIMARY KEY (TX_ID) CONSTRAINT[*] FK_ACCOUNT_TYPE_ID FOREIGN KEY (ACCOUNT_TYPE_ID) REFERENCES VITRSA_SANDBOX.DEMO_ACCOUNT_TYPE (ACCOUNT_TYPE_ID) )"; expected "INDEX, ,, )"; SQL statement:
CREATE TABLE VITRSA_SANDBOX.DEMO_ACCOUNT_TX ( TX_ID BIGINT NOT NULL, ACCOUNT_TYPE_ID BIGINT NOT NULL, MEMBER_ID BIGINT NOT NULL, AMOUNT BIGINT NOT NULL, TX_DATE DATE NOT NULL, PRIMARY KEY (TX_ID) CONSTRAINT FK_ACCOUNT_TYPE_ID FOREIGN KEY (ACCOUNT_TYPE_ID) REFERENCES VITRSA_SANDBOX.DEMO_ACCOUNT_TYPE (ACCOUNT_TYPE_ID) ) [42001-199]
Caused by: org.h2.jdbc.JdbcSQLSyntaxErrorException: 
Syntax error in SQL statement "CREATE TABLE VITRSA_SANDBOX.DEMO_ACCOUNT_TX ( TX_ID BIGINT NOT NULL, ACCOUNT_TYPE_ID BIGINT NOT NULL, MEMBER_ID BIGINT NOT NULL, AMOUNT BIGINT NOT NULL, TX_DATE DATE NOT NULL, PRIMARY KEY (TX_ID) CONSTRAINT[*] FK_ACCOUNT_TYPE_ID FOREIGN KEY (ACCOUNT_TYPE_ID) REFERENCES VITRSA_SANDBOX.DEMO_ACCOUNT_TYPE (ACCOUNT_TYPE_ID) )"; expected "INDEX, ,, )"; SQL statement:
CREATE TABLE VITRSA_SANDBOX.DEMO_ACCOUNT_TX ( TX_ID BIGINT NOT NULL, ACCOUNT_TYPE_ID BIGINT NOT NULL, MEMBER_ID BIGINT NOT NULL, AMOUNT BIGINT NOT NULL, TX_DATE DATE NOT NULL, PRIMARY KEY (TX_ID) CONSTRAINT FK_ACCOUNT_TYPE_ID FOREIGN KEY (ACCOUNT_TYPE_ID) REFERENCES VITRSA_SANDBOX.DEMO_ACCOUNT_TYPE (ACCOUNT_TYPE_ID) ) [42001-199]
</error>
    <system-out><![CDATA[15:33:16.116 [main] DEBUG org.springframework.test.context.junit4.SpringJUnit4ClassRunner - SpringJUnit4ClassRunner constructor called with [class za.ac.nwu.ac.repo.persistence.AccountTypeRepositoryTest]
15:33:16.123 [main] DEBUG org.springframework.test.context.BootstrapUtils - Instantiating CacheAwareContextLoaderDelegate from class [org.springframework.test.context.cache.DefaultCacheAwareContextLoaderDelegate]
15:33:16.132 [main] DEBUG org.springframework.test.context.BootstrapUtils - Instantiating BootstrapContext using constructor [public org.springframework.test.context.support.DefaultBootstrapContext(java.lang.Class,org.springframework.test.context.CacheAwareContextLoaderDelegate)]
15:33:16.160 [main] DEBUG org.springframework.test.context.BootstrapUtils - Instantiating TestContextBootstrapper for test class [za.ac.nwu.ac.repo.persistence.AccountTypeRepositoryTest] from class [org.springframework.boot.test.autoconfigure.orm.jpa.DataJpaTestContextBootstrapper]
15:33:16.215 [main] DEBUG org.springframework.test.context.support.AbstractContextLoader - Did not detect default resource location for test class [za.ac.nwu.ac.repo.persistence.AccountTypeRepositoryTest]: class path resource [za/ac/nwu/ac/repo/persistence/AccountTypeRepositoryTest-context.xml] does not exist
15:33:16.217 [main] DEBUG org.springframework.test.context.support.AbstractContextLoader - Did not detect default resource location for test class [za.ac.nwu.ac.repo.persistence.AccountTypeRepositoryTest]: class path resource [za/ac/nwu/ac/repo/persistence/AccountTypeRepositoryTestContext.groovy] does not exist
15:33:16.220 [main] INFO org.springframework.test.context.support.AbstractContextLoader - Could not detect default resource locations for test class [za.ac.nwu.ac.repo.persistence.AccountTypeRepositoryTest]: no resource found for suffixes {-context.xml, Context.groovy}.
15:33:16.366 [main] DEBUG org.springframework.test.context.support.ActiveProfilesUtils - Could not find an 'annotation declaring class' for annotation type [org.springframework.test.context.ActiveProfiles] and class [za.ac.nwu.ac.repo.persistence.AccountTypeRepositoryTest]
15:33:16.412 [main] DEBUG org.springframework.boot.test.autoconfigure.orm.jpa.DataJpaTestContextBootstrapper - @TestExecutionListeners is not present for class [za.ac.nwu.ac.repo.persistence.AccountTypeRepositoryTest]: using defaults.
15:33:16.414 [main] INFO org.springframework.boot.test.autoconfigure.orm.jpa.DataJpaTestContextBootstrapper - Loaded default TestExecutionListener class names from location [META-INF/spring.factories]: [org.springframework.boot.test.mock.mockito.MockitoTestExecutionListener, org.springframework.boot.test.mock.mockito.ResetMocksTestExecutionListener, org.springframework.boot.test.autoconfigure.restdocs.RestDocsTestExecutionListener, org.springframework.boot.test.autoconfigure.web.client.MockRestServiceServerResetTestExecutionListener, org.springframework.boot.test.autoconfigure.web.servlet.MockMvcPrintOnlyOnFailureTestExecutionListener, org.springframework.boot.test.autoconfigure.web.servlet.WebDriverTestExecutionListener, org.springframework.test.context.web.ServletTestExecutionListener, org.springframework.test.context.support.DirtiesContextBeforeModesTestExecutionListener, org.springframework.test.context.support.DependencyInjectionTestExecutionListener, org.springframework.test.context.support.DirtiesContextTestExecutionListener, org.springframework.test.context.transaction.TransactionalTestExecutionListener, org.springframework.test.context.jdbc.SqlScriptsTestExecutionListener]
15:33:16.432 [main] DEBUG org.springframework.boot.test.autoconfigure.orm.jpa.DataJpaTestContextBootstrapper - Skipping candidate TestExecutionListener [org.springframework.test.context.web.ServletTestExecutionListener] due to a missing dependency. Specify custom listener classes or make the default listener classes and their required dependencies available. Offending class: [javax/servlet/ServletContext]
15:33:16.447 [main] INFO org.springframework.boot.test.autoconfigure.orm.jpa.DataJpaTestContextBootstrapper - Using TestExecutionListeners: [org.springframework.test.context.support.DirtiesContextBeforeModesTestExecutionListener@5fbe4146, org.springframework.boot.test.mock.mockito.MockitoTestExecutionListener@1e66f1f5, org.springframework.boot.test.autoconfigure.SpringBootDependencyInjectionTestExecutionListener@4e50c791, org.springframework.test.context.support.DirtiesContextTestExecutionListener@7530ad9c, org.springframework.test.context.transaction.TransactionalTestExecutionListener@58a9760d, org.springframework.test.context.jdbc.SqlScriptsTestExecutionListener@71e9ddb4, org.springframework.boot.test.mock.mockito.ResetMocksTestExecutionListener@394df057, org.springframework.boot.test.autoconfigure.restdocs.RestDocsTestExecutionListener@4961f6af, org.springframework.boot.test.autoconfigure.web.client.MockRestServiceServerResetTestExecutionListener@5aebe890, org.springframework.boot.test.autoconfigure.web.servlet.MockMvcPrintOnlyOnFailureTestExecutionListener@65d09a04, org.springframework.boot.test.autoconfigure.web.servlet.WebDriverTestExecutionListener@33c911a1]
15:33:16.453 [main] DEBUG org.springframework.test.annotation.ProfileValueUtils - Retrieved @ProfileValueSourceConfiguration [null] for test class [za.ac.nwu.ac.repo.persistence.AccountTypeRepositoryTest]
15:33:16.459 [main] DEBUG org.springframework.test.annotation.ProfileValueUtils - Retrieved ProfileValueSource type [class org.springframework.test.annotation.SystemProfileValueSource] for class [za.ac.nwu.ac.repo.persistence.AccountTypeRepositoryTest]
15:33:16.463 [main] DEBUG org.springframework.test.annotation.ProfileValueUtils - Retrieved @ProfileValueSourceConfiguration [null] for test class [za.ac.nwu.ac.repo.persistence.AccountTypeRepositoryTest]
15:33:16.464 [main] DEBUG org.springframework.test.annotation.ProfileValueUtils - Retrieved ProfileValueSource type [class org.springframework.test.annotation.SystemProfileValueSource] for class [za.ac.nwu.ac.repo.persistence.AccountTypeRepositoryTest]
15:33:16.467 [main] DEBUG org.springframework.test.annotation.ProfileValueUtils - Retrieved @ProfileValueSourceConfiguration [null] for test class [za.ac.nwu.ac.repo.persistence.AccountTypeRepositoryTest]
15:33:16.471 [main] DEBUG org.springframework.test.annotation.ProfileValueUtils - Retrieved ProfileValueSource type [class org.springframework.test.annotation.SystemProfileValueSource] for class [za.ac.nwu.ac.repo.persistence.AccountTypeRepositoryTest]
15:33:16.479 [main] DEBUG org.springframework.test.context.support.AbstractDirtiesContextTestExecutionListener - Before test class: context [DefaultTestContext@6db9f5a4 testClass = AccountTypeRepositoryTest, testInstance = [null], testMethod = [null], testException = [null], mergedContextConfiguration = [MergedContextConfiguration@5f8edcc5 testClass = AccountTypeRepositoryTest, locations = '{}', classes = '{class za.ac.nwu.ac.repo.config.RepositoryTestConfig}', contextInitializerClasses = '[]', activeProfiles = '{}', propertySourceLocations = '{}', propertySourceProperties = '{org.springframework.boot.test.autoconfigure.orm.jpa.DataJpaTestContextBootstrapper=true}', contextCustomizers = set[[ImportsContextCustomizer@7b02881e key = [org.springframework.boot.autoconfigure.cache.CacheAutoConfiguration, org.springframework.boot.autoconfigure.data.jpa.JpaRepositoriesAutoConfiguration, org.springframework.boot.autoconfigure.flyway.FlywayAutoConfiguration, org.springframework.boot.autoconfigure.jdbc.DataSourceAutoConfiguration, org.springframework.boot.autoconfigure.jdbc.DataSourceTransactionManagerAutoConfiguration, org.springframework.boot.autoconfigure.jdbc.JdbcTemplateAutoConfiguration, org.springframework.boot.autoconfigure.liquibase.LiquibaseAutoConfiguration, org.springframework.boot.autoconfigure.orm.jpa.HibernateJpaAutoConfiguration, org.springframework.boot.autoconfigure.transaction.TransactionAutoConfiguration, org.springframework.boot.test.autoconfigure.jdbc.TestDatabaseAutoConfiguration, org.springframework.boot.test.autoconfigure.orm.jpa.TestEntityManagerAutoConfiguration]], org.springframework.boot.test.context.filter.ExcludeFilterContextCustomizer@6572421, org.springframework.boot.test.json.DuplicateJsonObjectContextCustomizerFactory$DuplicateJsonObjectContextCustomizer@6d763516, org.springframework.boot.test.mock.mockito.MockitoContextCustomizer@0, org.springframework.boot.test.autoconfigure.OverrideAutoConfigurationContextCustomizerFactory$DisableAutoConfigurationContextCustomizer@436813f3, org.springframework.boot.test.autoconfigure.filter.TypeExcludeFiltersContextCustomizer@351584c0, org.springframework.boot.test.autoconfigure.properties.PropertyMappingContextCustomizer@21fdee87, org.springframework.boot.test.autoconfigure.web.servlet.WebDriverContextCustomizerFactory$Customizer@689604d9], contextLoader = 'org.springframework.boot.test.context.SpringBootContextLoader', parent = [null]], attributes = map[[empty]]], class annotated with @DirtiesContext [false] with mode [null].
15:33:16.480 [main] DEBUG org.springframework.test.annotation.ProfileValueUtils - Retrieved @ProfileValueSourceConfiguration [null] for test class [za.ac.nwu.ac.repo.persistence.AccountTypeRepositoryTest]
15:33:16.480 [main] DEBUG org.springframework.test.annotation.ProfileValueUtils - Retrieved ProfileValueSource type [class org.springframework.test.annotation.SystemProfileValueSource] for class [za.ac.nwu.ac.repo.persistence.AccountTypeRepositoryTest]
15:33:16.493 [main] DEBUG org.springframework.test.context.support.DependencyInjectionTestExecutionListener - Performing dependency injection for test context [[DefaultTestContext@6db9f5a4 testClass = AccountTypeRepositoryTest, testInstance = za.ac.nwu.ac.repo.persistence.AccountTypeRepositoryTest@6236eb5f, testMethod = [null], testException = [null], mergedContextConfiguration = [MergedContextConfiguration@5f8edcc5 testClass = AccountTypeRepositoryTest, locations = '{}', classes = '{class za.ac.nwu.ac.repo.config.RepositoryTestConfig}', contextInitializerClasses = '[]', activeProfiles = '{}', propertySourceLocations = '{}', propertySourceProperties = '{org.springframework.boot.test.autoconfigure.orm.jpa.DataJpaTestContextBootstrapper=true}', contextCustomizers = set[[ImportsContextCustomizer@7b02881e key = [org.springframework.boot.autoconfigure.cache.CacheAutoConfiguration, org.springframework.boot.autoconfigure.data.jpa.JpaRepositoriesAutoConfiguration, org.springframework.boot.autoconfigure.flyway.FlywayAutoConfiguration, org.springframework.boot.autoconfigure.jdbc.DataSourceAutoConfiguration, org.springframework.boot.autoconfigure.jdbc.DataSourceTransactionManagerAutoConfiguration, org.springframework.boot.autoconfigure.jdbc.JdbcTemplateAutoConfiguration, org.springframework.boot.autoconfigure.liquibase.LiquibaseAutoConfiguration, org.springframework.boot.autoconfigure.orm.jpa.HibernateJpaAutoConfiguration, org.springframework.boot.autoconfigure.transaction.TransactionAutoConfiguration, org.springframework.boot.test.autoconfigure.jdbc.TestDatabaseAutoConfiguration, org.springframework.boot.test.autoconfigure.orm.jpa.TestEntityManagerAutoConfiguration]], org.springframework.boot.test.context.filter.ExcludeFilterContextCustomizer@6572421, org.springframework.boot.test.json.DuplicateJsonObjectContextCustomizerFactory$DuplicateJsonObjectContextCustomizer@6d763516, org.springframework.boot.test.mock.mockito.MockitoContextCustomizer@0, org.springframework.boot.test.autoconfigure.OverrideAutoConfigurationContextCustomizerFactory$DisableAutoConfigurationContextCustomizer@436813f3, org.springframework.boot.test.autoconfigure.filter.TypeExcludeFiltersContextCustomizer@351584c0, org.springframework.boot.test.autoconfigure.properties.PropertyMappingContextCustomizer@21fdee87, org.springframework.boot.test.autoconfigure.web.servlet.WebDriverContextCustomizerFactory$Customizer@689604d9], contextLoader = 'org.springframework.boot.test.context.SpringBootContextLoader', parent = [null]], attributes = map[[empty]]]].
15:33:16.681 [main] DEBUG org.springframework.test.context.support.TestPropertySourceUtils - Adding inlined properties to environment: {spring.jmx.enabled=false, org.springframework.boot.test.autoconfigure.orm.jpa.DataJpaTestContextBootstrapper=true, server.port=-1}

  .   ____          _            __ _ _
 /\\ / ___'_ __ _ _(_)_ __  __ _ \ \ \ \
( ( )\___ | '_ | '_| | '_ \/ _` | \ \ \ \
 \\/  ___)| |_)| | | | | || (_| |  ) ) ) )
  '  |____| .__|_| |_|_| |_\__, | / / / /
 =========|_|==============|___/=/_/_/_/
 :: Spring Boot ::        (v2.1.6.RELEASE)

2021-09-22 15:33:17.192  INFO 5696 --- [           main] z.a.n.a.r.p.AccountTypeRepositoryTest    : Starting AccountTypeRepositoryTest on DESKTOP-074OGOO with PID 5696 (started by naude in C:\Users\naude\Desktop\IT Dev\Project1\AccountSystemRepository)
2021-09-22 15:33:17.195  INFO 5696 --- [           main] z.a.n.a.r.p.AccountTypeRepositoryTest    : No active profile set, falling back to default profiles: default
2021-09-22 15:33:17.827  INFO 5696 --- [           main] .s.d.r.c.RepositoryConfigurationDelegate : Bootstrapping Spring Data repositories in DEFAULT mode.
2021-09-22 15:33:17.982  INFO 5696 --- [           main] .s.d.r.c.RepositoryConfigurationDelegate : Finished Spring Data repository scanning in 133ms. Found 1 repository interfaces.
2021-09-22 15:33:18.156  INFO 5696 --- [           main] beddedDataSourceBeanFactoryPostProcessor : Replacing 'dataSource' DataSource bean with embedded version
2021-09-22 15:33:18.540  INFO 5696 --- [           main] o.s.j.d.e.EmbeddedDatabaseFactory        : Starting embedded database: url='jdbc:h2:mem:7624ce9e-b788-463e-8eb4-e1e55ebc8da9;DB_CLOSE_DELAY=-1;DB_CLOSE_ON_EXIT=false', username='sa'
2021-09-22 15:33:18.953  WARN 5696 --- [           main] s.c.a.AnnotationConfigApplicationContext : Exception encountered during context initialization - cancelling refresh attempt: org.springframework.beans.factory.UnsatisfiedDependencyException: Error creating bean with name 'org.springframework.boot.autoconfigure.orm.jpa.HibernateJpaConfiguration': Unsatisfied dependency expressed through constructor parameter 0; nested exception is org.springframework.beans.factory.BeanCreationException: Error creating bean with name 'dataSource': Post-processing of FactoryBean's singleton object failed; nested exception is org.springframework.beans.factory.BeanCreationException: Error creating bean with name 'org.springframework.boot.autoconfigure.jdbc.DataSourceInitializerInvoker': Invocation of init method failed; nested exception is org.springframework.jdbc.datasource.init.ScriptStatementFailedException: Failed to execute SQL script statement #4 of URL [file:/C:/Users/naude/Desktop/IT%20Dev/Project1/AccountSystemRepository/target/test-classes/schema.sql]: CREATE TABLE VITRSA_SANDBOX.DEMO_ACCOUNT_TX ( TX_ID BIGINT NOT NULL, ACCOUNT_TYPE_ID BIGINT NOT NULL, MEMBER_ID BIGINT NOT NULL, AMOUNT BIGINT NOT NULL, TX_DATE DATE NOT NULL, PRIMARY KEY (TX_ID) CONSTRAINT FK_ACCOUNT_TYPE_ID FOREIGN KEY (ACCOUNT_TYPE_ID) REFERENCES VITRSA_SANDBOX.DEMO_ACCOUNT_TYPE (ACCOUNT_TYPE_ID) ); nested exception is org.h2.jdbc.JdbcSQLSyntaxErrorException: Syntax error in SQL statement "CREATE TABLE VITRSA_SANDBOX.DEMO_ACCOUNT_TX ( TX_ID BIGINT NOT NULL, ACCOUNT_TYPE_ID BIGINT NOT NULL, MEMBER_ID BIGINT NOT NULL, AMOUNT BIGINT NOT NULL, TX_DATE DATE NOT NULL, PRIMARY KEY (TX_ID) CONSTRAINT[*] FK_ACCOUNT_TYPE_ID FOREIGN KEY (ACCOUNT_TYPE_ID) REFERENCES VITRSA_SANDBOX.DEMO_ACCOUNT_TYPE (ACCOUNT_TYPE_ID) )"; expected "INDEX, ,, )"; SQL statement:
CREATE TABLE VITRSA_SANDBOX.DEMO_ACCOUNT_TX ( TX_ID BIGINT NOT NULL, ACCOUNT_TYPE_ID BIGINT NOT NULL, MEMBER_ID BIGINT NOT NULL, AMOUNT BIGINT NOT NULL, TX_DATE DATE NOT NULL, PRIMARY KEY (TX_ID) CONSTRAINT FK_ACCOUNT_TYPE_ID FOREIGN KEY (ACCOUNT_TYPE_ID) REFERENCES VITRSA_SANDBOX.DEMO_ACCOUNT_TYPE (ACCOUNT_TYPE_ID) ) [42001-199]
2021-09-22 15:33:18.961  INFO 5696 --- [           main] ConditionEvaluationReportLoggingListener : 

Error starting ApplicationContext. To display the conditions report re-run your application with 'debug' enabled.
2021-09-22 15:33:18.971 ERROR 5696 --- [           main] o.s.boot.SpringApplication               : Application run failed

org.springframework.beans.factory.UnsatisfiedDependencyException: Error creating bean with name 'org.springframework.boot.autoconfigure.orm.jpa.HibernateJpaConfiguration': Unsatisfied dependency expressed through constructor parameter 0; nested exception is org.springframework.beans.factory.BeanCreationException: Error creating bean with name 'dataSource': Post-processing of FactoryBean's singleton object failed; nested exception is org.springframework.beans.factory.BeanCreationException: Error creating bean with name 'org.springframework.boot.autoconfigure.jdbc.DataSourceInitializerInvoker': Invocation of init method failed; nested exception is org.springframework.jdbc.datasource.init.ScriptStatementFailedException: Failed to execute SQL script statement #4 of URL [file:/C:/Users/naude/Desktop/IT%20Dev/Project1/AccountSystemRepository/target/test-classes/schema.sql]: CREATE TABLE VITRSA_SANDBOX.DEMO_ACCOUNT_TX ( TX_ID BIGINT NOT NULL, ACCOUNT_TYPE_ID BIGINT NOT NULL, MEMBER_ID BIGINT NOT NULL, AMOUNT BIGINT NOT NULL, TX_DATE DATE NOT NULL, PRIMARY KEY (TX_ID) CONSTRAINT FK_ACCOUNT_TYPE_ID FOREIGN KEY (ACCOUNT_TYPE_ID) REFERENCES VITRSA_SANDBOX.DEMO_ACCOUNT_TYPE (ACCOUNT_TYPE_ID) ); nested exception is org.h2.jdbc.JdbcSQLSyntaxErrorException: Syntax error in SQL statement "CREATE TABLE VITRSA_SANDBOX.DEMO_ACCOUNT_TX ( TX_ID BIGINT NOT NULL, ACCOUNT_TYPE_ID BIGINT NOT NULL, MEMBER_ID BIGINT NOT NULL, AMOUNT BIGINT NOT NULL, TX_DATE DATE NOT NULL, PRIMARY KEY (TX_ID) CONSTRAINT[*] FK_ACCOUNT_TYPE_ID FOREIGN KEY (ACCOUNT_TYPE_ID) REFERENCES VITRSA_SANDBOX.DEMO_ACCOUNT_TYPE (ACCOUNT_TYPE_ID) )"; expected "INDEX, ,, )"; SQL statement:
CREATE TABLE VITRSA_SANDBOX.DEMO_ACCOUNT_TX ( TX_ID BIGINT NOT NULL, ACCOUNT_TYPE_ID BIGINT NOT NULL, MEMBER_ID BIGINT NOT NULL, AMOUNT BIGINT NOT NULL, TX_DATE DATE NOT NULL, PRIMARY KEY (TX_ID) CONSTRAINT FK_ACCOUNT_TYPE_ID FOREIGN KEY (ACCOUNT_TYPE_ID) REFERENCES VITRSA_SANDBOX.DEMO_ACCOUNT_TYPE (ACCOUNT_TYPE_ID) ) [42001-199]
	at org.springframework.beans.factory.support.ConstructorResolver.createArgumentArray(ConstructorResolver.java:769) ~[spring-beans-5.1.8.RELEASE.jar:5.1.8.RELEASE]
	at org.springframework.beans.factory.support.ConstructorResolver.autowireConstructor(ConstructorResolver.java:218) ~[spring-beans-5.1.8.RELEASE.jar:5.1.8.RELEASE]
	at org.springframework.beans.factory.support.AbstractAutowireCapableBeanFactory.autowireConstructor(AbstractAutowireCapableBeanFactory.java:1341) ~[spring-beans-5.1.8.RELEASE.jar:5.1.8.RELEASE]
	at org.springframework.beans.factory.support.AbstractAutowireCapableBeanFactory.createBeanInstance(AbstractAutowireCapableBeanFactory.java:1187) ~[spring-beans-5.1.8.RELEASE.jar:5.1.8.RELEASE]
	at org.springframework.beans.factory.support.AbstractAutowireCapableBeanFactory.doCreateBean(AbstractAutowireCapableBeanFactory.java:555) ~[spring-beans-5.1.8.RELEASE.jar:5.1.8.RELEASE]
	at org.springframework.beans.factory.support.AbstractAutowireCapableBeanFactory.createBean(AbstractAutowireCapableBeanFactory.java:515) ~[spring-beans-5.1.8.RELEASE.jar:5.1.8.RELEASE]
	at org.springframework.beans.factory.support.AbstractBeanFactory.lambda$doGetBean$0(AbstractBeanFactory.java:320) ~[spring-beans-5.1.8.RELEASE.jar:5.1.8.RELEASE]
	at org.springframework.beans.factory.support.DefaultSingletonBeanRegistry.getSingleton(DefaultSingletonBeanRegistry.java:222) ~[spring-beans-5.1.8.RELEASE.jar:5.1.8.RELEASE]
	at org.springframework.beans.factory.support.AbstractBeanFactory.doGetBean(AbstractBeanFactory.java:318) ~[spring-beans-5.1.8.RELEASE.jar:5.1.8.RELEASE]
	at org.springframework.beans.factory.support.AbstractBeanFactory.getBean(AbstractBeanFactory.java:199) ~[spring-beans-5.1.8.RELEASE.jar:5.1.8.RELEASE]
	at org.springframework.beans.factory.support.ConstructorResolver.instantiateUsingFactoryMethod(ConstructorResolver.java:392) ~[spring-beans-5.1.8.RELEASE.jar:5.1.8.RELEASE]
	at org.springframework.beans.factory.support.AbstractAutowireCapableBeanFactory.instantiateUsingFactoryMethod(AbstractAutowireCapableBeanFactory.java:1321) ~[spring-beans-5.1.8.RELEASE.jar:5.1.8.RELEASE]
	at org.springframework.beans.factory.support.AbstractAutowireCapableBeanFactory.createBeanInstance(AbstractAutowireCapableBeanFactory.java:1160) ~[spring-beans-5.1.8.RELEASE.jar:5.1.8.RELEASE]
	at org.springframework.beans.factory.support.AbstractAutowireCapableBeanFactory.doCreateBean(AbstractAutowireCapableBeanFactory.java:555) ~[spring-beans-5.1.8.RELEASE.jar:5.1.8.RELEASE]
	at org.springframework.beans.factory.support.AbstractAutowireCapableBeanFactory.createBean(AbstractAutowireCapableBeanFactory.java:515) ~[spring-beans-5.1.8.RELEASE.jar:5.1.8.RELEASE]
	at org.springframework.beans.factory.support.AbstractBeanFactory.lambda$doGetBean$0(AbstractBeanFactory.java:320) ~[spring-beans-5.1.8.RELEASE.jar:5.1.8.RELEASE]
	at org.springframework.beans.factory.support.DefaultSingletonBeanRegistry.getSingleton(DefaultSingletonBeanRegistry.java:222) ~[spring-beans-5.1.8.RELEASE.jar:5.1.8.RELEASE]
	at org.springframework.beans.factory.support.AbstractBeanFactory.doGetBean(AbstractBeanFactory.java:318) ~[spring-beans-5.1.8.RELEASE.jar:5.1.8.RELEASE]
	at org.springframework.beans.factory.support.AbstractBeanFactory.getBean(AbstractBeanFactory.java:199) ~[spring-beans-5.1.8.RELEASE.jar:5.1.8.RELEASE]
	at org.springframework.context.support.AbstractApplicationContext.getBean(AbstractApplicationContext.java:1105) ~[spring-context-5.1.8.RELEASE.jar:5.1.8.RELEASE]
	at org.springframework.context.support.AbstractApplicationContext.finishBeanFactoryInitialization(AbstractApplicationContext.java:867) ~[spring-context-5.1.8.RELEASE.jar:5.1.8.RELEASE]
	at org.springframework.context.support.AbstractApplicationContext.refresh(AbstractApplicationContext.java:549) ~[spring-context-5.1.8.RELEASE.jar:5.1.8.RELEASE]
	at org.springframework.boot.SpringApplication.refresh(SpringApplication.java:742) ~[spring-boot-2.1.6.RELEASE.jar:2.1.6.RELEASE]
	at org.springframework.boot.SpringApplication.refreshContext(SpringApplication.java:389) ~[spring-boot-2.1.6.RELEASE.jar:2.1.6.RELEASE]
	at org.springframework.boot.SpringApplication.run(SpringApplication.java:311) ~[spring-boot-2.1.6.RELEASE.jar:2.1.6.RELEASE]
	at org.springframework.boot.test.context.SpringBootContextLoader.loadContext(SpringBootContextLoader.java:119) ~[spring-boot-test-2.1.6.RELEASE.jar:2.1.6.RELEASE]
	at org.springframework.test.context.cache.DefaultCacheAwareContextLoaderDelegate.loadContextInternal(DefaultCacheAwareContextLoaderDelegate.java:99) ~[spring-test-5.1.8.RELEASE.jar:5.1.8.RELEASE]
	at org.springframework.test.context.cache.DefaultCacheAwareContextLoaderDelegate.loadContext(DefaultCacheAwareContextLoaderDelegate.java:117) ~[spring-test-5.1.8.RELEASE.jar:5.1.8.RELEASE]
	at org.springframework.test.context.support.DefaultTestContext.getApplicationContext(DefaultTestContext.java:108) ~[spring-test-5.1.8.RELEASE.jar:5.1.8.RELEASE]
	at org.springframework.test.context.support.DependencyInjectionTestExecutionListener.injectDependencies(DependencyInjectionTestExecutionListener.java:118) ~[spring-test-5.1.8.RELEASE.jar:5.1.8.RELEASE]
	at org.springframework.test.context.support.DependencyInjectionTestExecutionListener.prepareTestInstance(DependencyInjectionTestExecutionListener.java:83) ~[spring-test-5.1.8.RELEASE.jar:5.1.8.RELEASE]
	at org.springframework.boot.test.autoconfigure.SpringBootDependencyInjectionTestExecutionListener.prepareTestInstance(SpringBootDependencyInjectionTestExecutionListener.java:43) ~[spring-boot-test-autoconfigure-2.1.6.RELEASE.jar:2.1.6.RELEASE]
	at org.springframework.test.context.TestContextManager.prepareTestInstance(TestContextManager.java:246) ~[spring-test-5.1.8.RELEASE.jar:5.1.8.RELEASE]
	at org.springframework.test.context.junit4.SpringJUnit4ClassRunner.createTest(SpringJUnit4ClassRunner.java:227) ~[spring-test-5.1.8.RELEASE.jar:5.1.8.RELEASE]
	at org.springframework.test.context.junit4.SpringJUnit4ClassRunner$1.runReflectiveCall(SpringJUnit4ClassRunner.java:289) ~[spring-test-5.1.8.RELEASE.jar:5.1.8.RELEASE]
	at org.junit.internal.runners.model.ReflectiveCallable.run(ReflectiveCallable.java:12) ~[junit-4.12.jar:4.12]
	at org.springframework.test.context.junit4.SpringJUnit4ClassRunner.methodBlock(SpringJUnit4ClassRunner.java:291) ~[spring-test-5.1.8.RELEASE.jar:5.1.8.RELEASE]
	at org.springframework.test.context.junit4.SpringJUnit4ClassRunner.runChild(SpringJUnit4ClassRunner.java:246) ~[spring-test-5.1.8.RELEASE.jar:5.1.8.RELEASE]
	at org.springframework.test.context.junit4.SpringJUnit4ClassRunner.runChild(SpringJUnit4ClassRunner.java:97) ~[spring-test-5.1.8.RELEASE.jar:5.1.8.RELEASE]
	at org.junit.runners.ParentRunner$3.run(ParentRunner.java:290) ~[junit-4.12.jar:4.12]
	at org.junit.runners.ParentRunner$1.schedule(ParentRunner.java:71) ~[junit-4.12.jar:4.12]
	at org.junit.runners.ParentRunner.runChildren(ParentRunner.java:288) ~[junit-4.12.jar:4.12]
	at org.junit.runners.ParentRunner.access$000(ParentRunner.java:58) ~[junit-4.12.jar:4.12]
	at org.junit.runners.ParentRunner$2.evaluate(ParentRunner.java:268) ~[junit-4.12.jar:4.12]
	at org.springframework.test.context.junit4.statements.RunBeforeTestClassCallbacks.evaluate(RunBeforeTestClassCallbacks.java:61) ~[spring-test-5.1.8.RELEASE.jar:5.1.8.RELEASE]
	at org.springframework.test.context.junit4.statements.RunAfterTestClassCallbacks.evaluate(RunAfterTestClassCallbacks.java:70) ~[spring-test-5.1.8.RELEASE.jar:5.1.8.RELEASE]
	at org.junit.runners.ParentRunner.run(ParentRunner.java:363) ~[junit-4.12.jar:4.12]
	at org.springframework.test.context.junit4.SpringJUnit4ClassRunner.run(SpringJUnit4ClassRunner.java:190) ~[spring-test-5.1.8.RELEASE.jar:5.1.8.RELEASE]
	at org.apache.maven.surefire.junit4.JUnit4Provider.execute(JUnit4Provider.java:365) ~[surefire-junit4-2.22.2.jar:2.22.2]
	at org.apache.maven.surefire.junit4.JUnit4Provider.executeWithRerun(JUnit4Provider.java:273) ~[surefire-junit4-2.22.2.jar:2.22.2]
	at org.apache.maven.surefire.junit4.JUnit4Provider.executeTestSet(JUnit4Provider.java:238) ~[surefire-junit4-2.22.2.jar:2.22.2]
	at org.apache.maven.surefire.junit4.JUnit4Provider.invoke(JUnit4Provider.java:159) ~[surefire-junit4-2.22.2.jar:2.22.2]
	at org.apache.maven.surefire.booter.ForkedBooter.invokeProviderInSameClassLoader(ForkedBooter.java:384) ~[surefire-booter-2.22.2.jar:2.22.2]
	at org.apache.maven.surefire.booter.ForkedBooter.runSuitesInProcess(ForkedBooter.java:345) ~[surefire-booter-2.22.2.jar:2.22.2]
	at org.apache.maven.surefire.booter.ForkedBooter.execute(ForkedBooter.java:126) ~[surefire-booter-2.22.2.jar:2.22.2]
	at org.apache.maven.surefire.booter.ForkedBooter.main(ForkedBooter.java:418) ~[surefire-booter-2.22.2.jar:2.22.2]
Caused by: org.springframework.beans.factory.BeanCreationException: Error creating bean with name 'dataSource': Post-processing of FactoryBean's singleton object failed; nested exception is org.springframework.beans.factory.BeanCreationException: Error creating bean with name 'org.springframework.boot.autoconfigure.jdbc.DataSourceInitializerInvoker': Invocation of init method failed; nested exception is org.springframework.jdbc.datasource.init.ScriptStatementFailedException: Failed to execute SQL script statement #4 of URL [file:/C:/Users/naude/Desktop/IT%20Dev/Project1/AccountSystemRepository/target/test-classes/schema.sql]: CREATE TABLE VITRSA_SANDBOX.DEMO_ACCOUNT_TX ( TX_ID BIGINT NOT NULL, ACCOUNT_TYPE_ID BIGINT NOT NULL, MEMBER_ID BIGINT NOT NULL, AMOUNT BIGINT NOT NULL, TX_DATE DATE NOT NULL, PRIMARY KEY (TX_ID) CONSTRAINT FK_ACCOUNT_TYPE_ID FOREIGN KEY (ACCOUNT_TYPE_ID) REFERENCES VITRSA_SANDBOX.DEMO_ACCOUNT_TYPE (ACCOUNT_TYPE_ID) ); nested exception is org.h2.jdbc.JdbcSQLSyntaxErrorException: Syntax error in SQL statement "CREATE TABLE VITRSA_SANDBOX.DEMO_ACCOUNT_TX ( TX_ID BIGINT NOT NULL, ACCOUNT_TYPE_ID BIGINT NOT NULL, MEMBER_ID BIGINT NOT NULL, AMOUNT BIGINT NOT NULL, TX_DATE DATE NOT NULL, PRIMARY KEY (TX_ID) CONSTRAINT[*] FK_ACCOUNT_TYPE_ID FOREIGN KEY (ACCOUNT_TYPE_ID) REFERENCES VITRSA_SANDBOX.DEMO_ACCOUNT_TYPE (ACCOUNT_TYPE_ID) )"; expected "INDEX, ,, )"; SQL statement:
CREATE TABLE VITRSA_SANDBOX.DEMO_ACCOUNT_TX ( TX_ID BIGINT NOT NULL, ACCOUNT_TYPE_ID BIGINT NOT NULL, MEMBER_ID BIGINT NOT NULL, AMOUNT BIGINT NOT NULL, TX_DATE DATE NOT NULL, PRIMARY KEY (TX_ID) CONSTRAINT FK_ACCOUNT_TYPE_ID FOREIGN KEY (ACCOUNT_TYPE_ID) REFERENCES VITRSA_SANDBOX.DEMO_ACCOUNT_TYPE (ACCOUNT_TYPE_ID) ) [42001-199]
	at org.springframework.beans.factory.support.FactoryBeanRegistrySupport.getObjectFromFactoryBean(FactoryBeanRegistrySupport.java:119) ~[spring-beans-5.1.8.RELEASE.jar:5.1.8.RELEASE]
	at org.springframework.beans.factory.support.AbstractBeanFactory.getObjectForBeanInstance(AbstractBeanFactory.java:1674) ~[spring-beans-5.1.8.RELEASE.jar:5.1.8.RELEASE]
	at org.springframework.beans.factory.support.AbstractAutowireCapableBeanFactory.getObjectForBeanInstance(AbstractAutowireCapableBeanFactory.java:1249) ~[spring-beans-5.1.8.RELEASE.jar:5.1.8.RELEASE]
	at org.springframework.beans.factory.support.AbstractBeanFactory.doGetBean(AbstractBeanFactory.java:330) ~[spring-beans-5.1.8.RELEASE.jar:5.1.8.RELEASE]
	at org.springframework.beans.factory.support.AbstractBeanFactory.getBean(AbstractBeanFactory.java:199) ~[spring-beans-5.1.8.RELEASE.jar:5.1.8.RELEASE]
	at org.springframework.beans.factory.config.DependencyDescriptor.resolveCandidate(DependencyDescriptor.java:277) ~[spring-beans-5.1.8.RELEASE.jar:5.1.8.RELEASE]
	at org.springframework.beans.factory.support.DefaultListableBeanFactory.doResolveDependency(DefaultListableBeanFactory.java:1251) ~[spring-beans-5.1.8.RELEASE.jar:5.1.8.RELEASE]
	at org.springframework.beans.factory.support.DefaultListableBeanFactory.resolveDependency(DefaultListableBeanFactory.java:1171) ~[spring-beans-5.1.8.RELEASE.jar:5.1.8.RELEASE]
	at org.springframework.beans.factory.support.ConstructorResolver.resolveAutowiredArgument(ConstructorResolver.java:857) ~[spring-beans-5.1.8.RELEASE.jar:5.1.8.RELEASE]
	at org.springframework.beans.factory.support.ConstructorResolver.createArgumentArray(ConstructorResolver.java:760) ~[spring-beans-5.1.8.RELEASE.jar:5.1.8.RELEASE]
	... 55 common frames omitted
Caused by: org.springframework.beans.factory.BeanCreationException: Error creating bean with name 'org.springframework.boot.autoconfigure.jdbc.DataSourceInitializerInvoker': Invocation of init method failed; nested exception is org.springframework.jdbc.datasource.init.ScriptStatementFailedException: Failed to execute SQL script statement #4 of URL [file:/C:/Users/naude/Desktop/IT%20Dev/Project1/AccountSystemRepository/target/test-classes/schema.sql]: CREATE TABLE VITRSA_SANDBOX.DEMO_ACCOUNT_TX ( TX_ID BIGINT NOT NULL, ACCOUNT_TYPE_ID BIGINT NOT NULL, MEMBER_ID BIGINT NOT NULL, AMOUNT BIGINT NOT NULL, TX_DATE DATE NOT NULL, PRIMARY KEY (TX_ID) CONSTRAINT FK_ACCOUNT_TYPE_ID FOREIGN KEY (ACCOUNT_TYPE_ID) REFERENCES VITRSA_SANDBOX.DEMO_ACCOUNT_TYPE (ACCOUNT_TYPE_ID) ); nested exception is org.h2.jdbc.JdbcSQLSyntaxErrorException: Syntax error in SQL statement "CREATE TABLE VITRSA_SANDBOX.DEMO_ACCOUNT_TX ( TX_ID BIGINT NOT NULL, ACCOUNT_TYPE_ID BIGINT NOT NULL, MEMBER_ID BIGINT NOT NULL, AMOUNT BIGINT NOT NULL, TX_DATE DATE NOT NULL, PRIMARY KEY (TX_ID) CONSTRAINT[*] FK_ACCOUNT_TYPE_ID FOREIGN KEY (ACCOUNT_TYPE_ID) REFERENCES VITRSA_SANDBOX.DEMO_ACCOUNT_TYPE (ACCOUNT_TYPE_ID) )"; expected "INDEX, ,, )"; SQL statement:
CREATE TABLE VITRSA_SANDBOX.DEMO_ACCOUNT_TX ( TX_ID BIGINT NOT NULL, ACCOUNT_TYPE_ID BIGINT NOT NULL, MEMBER_ID BIGINT NOT NULL, AMOUNT BIGINT NOT NULL, TX_DATE DATE NOT NULL, PRIMARY KEY (TX_ID) CONSTRAINT FK_ACCOUNT_TYPE_ID FOREIGN KEY (ACCOUNT_TYPE_ID) REFERENCES VITRSA_SANDBOX.DEMO_ACCOUNT_TYPE (ACCOUNT_TYPE_ID) ) [42001-199]
	at org.springframework.beans.factory.support.AbstractAutowireCapableBeanFactory.initializeBean(AbstractAutowireCapableBeanFactory.java:1778) ~[spring-beans-5.1.8.RELEASE.jar:5.1.8.RELEASE]
	at org.springframework.beans.factory.support.AbstractAutowireCapableBeanFactory.doCreateBean(AbstractAutowireCapableBeanFactory.java:593) ~[spring-beans-5.1.8.RELEASE.jar:5.1.8.RELEASE]
	at org.springframework.beans.factory.support.AbstractAutowireCapableBeanFactory.createBean(AbstractAutowireCapableBeanFactory.java:515) ~[spring-beans-5.1.8.RELEASE.jar:5.1.8.RELEASE]
	at org.springframework.beans.factory.support.AbstractBeanFactory.lambda$doGetBean$0(AbstractBeanFactory.java:320) ~[spring-beans-5.1.8.RELEASE.jar:5.1.8.RELEASE]
	at org.springframework.beans.factory.support.DefaultSingletonBeanRegistry.getSingleton(DefaultSingletonBeanRegistry.java:222) ~[spring-beans-5.1.8.RELEASE.jar:5.1.8.RELEASE]
	at org.springframework.beans.factory.support.AbstractBeanFactory.doGetBean(AbstractBeanFactory.java:318) ~[spring-beans-5.1.8.RELEASE.jar:5.1.8.RELEASE]
	at org.springframework.beans.factory.support.AbstractBeanFactory.getBean(AbstractBeanFactory.java:224) ~[spring-beans-5.1.8.RELEASE.jar:5.1.8.RELEASE]
	at org.springframework.beans.factory.support.DefaultListableBeanFactory.resolveNamedBean(DefaultListableBeanFactory.java:1119) ~[spring-beans-5.1.8.RELEASE.jar:5.1.8.RELEASE]
	at org.springframework.beans.factory.support.DefaultListableBeanFactory.resolveBean(DefaultListableBeanFactory.java:411) ~[spring-beans-5.1.8.RELEASE.jar:5.1.8.RELEASE]
	at org.springframework.beans.factory.support.DefaultListableBeanFactory.getBean(DefaultListableBeanFactory.java:344) ~[spring-beans-5.1.8.RELEASE.jar:5.1.8.RELEASE]
	at org.springframework.beans.factory.support.DefaultListableBeanFactory.getBean(DefaultListableBeanFactory.java:337) ~[spring-beans-5.1.8.RELEASE.jar:5.1.8.RELEASE]
	at org.springframework.boot.autoconfigure.jdbc.DataSourceInitializerPostProcessor.postProcessAfterInitialization(DataSourceInitializerPostProcessor.java:53) ~[spring-boot-autoconfigure-2.1.6.RELEASE.jar:2.1.6.RELEASE]
	at org.springframework.beans.factory.support.AbstractAutowireCapableBeanFactory.applyBeanPostProcessorsAfterInitialization(AbstractAutowireCapableBeanFactory.java:429) ~[spring-beans-5.1.8.RELEASE.jar:5.1.8.RELEASE]
	at org.springframework.beans.factory.support.AbstractAutowireCapableBeanFactory.postProcessObjectFromFactoryBean(AbstractAutowireCapableBeanFactory.java:1921) ~[spring-beans-5.1.8.RELEASE.jar:5.1.8.RELEASE]
	at org.springframework.beans.factory.support.FactoryBeanRegistrySupport.getObjectFromFactoryBean(FactoryBeanRegistrySupport.java:116) ~[spring-beans-5.1.8.RELEASE.jar:5.1.8.RELEASE]
	... 64 common frames omitted
Caused by: org.springframework.jdbc.datasource.init.ScriptStatementFailedException: Failed to execute SQL script statement #4 of URL [file:/C:/Users/naude/Desktop/IT%20Dev/Project1/AccountSystemRepository/target/test-classes/schema.sql]: CREATE TABLE VITRSA_SANDBOX.DEMO_ACCOUNT_TX ( TX_ID BIGINT NOT NULL, ACCOUNT_TYPE_ID BIGINT NOT NULL, MEMBER_ID BIGINT NOT NULL, AMOUNT BIGINT NOT NULL, TX_DATE DATE NOT NULL, PRIMARY KEY (TX_ID) CONSTRAINT FK_ACCOUNT_TYPE_ID FOREIGN KEY (ACCOUNT_TYPE_ID) REFERENCES VITRSA_SANDBOX.DEMO_ACCOUNT_TYPE (ACCOUNT_TYPE_ID) ); nested exception is org.h2.jdbc.JdbcSQLSyntaxErrorException: Syntax error in SQL statement "CREATE TABLE VITRSA_SANDBOX.DEMO_ACCOUNT_TX ( TX_ID BIGINT NOT NULL, ACCOUNT_TYPE_ID BIGINT NOT NULL, MEMBER_ID BIGINT NOT NULL, AMOUNT BIGINT NOT NULL, TX_DATE DATE NOT NULL, PRIMARY KEY (TX_ID) CONSTRAINT[*] FK_ACCOUNT_TYPE_ID FOREIGN KEY (ACCOUNT_TYPE_ID) REFERENCES VITRSA_SANDBOX.DEMO_ACCOUNT_TYPE (ACCOUNT_TYPE_ID) )"; expected "INDEX, ,, )"; SQL statement:
CREATE TABLE VITRSA_SANDBOX.DEMO_ACCOUNT_TX ( TX_ID BIGINT NOT NULL, ACCOUNT_TYPE_ID BIGINT NOT NULL, MEMBER_ID BIGINT NOT NULL, AMOUNT BIGINT NOT NULL, TX_DATE DATE NOT NULL, PRIMARY KEY (TX_ID) CONSTRAINT FK_ACCOUNT_TYPE_ID FOREIGN KEY (ACCOUNT_TYPE_ID) REFERENCES VITRSA_SANDBOX.DEMO_ACCOUNT_TYPE (ACCOUNT_TYPE_ID) ) [42001-199]
	at org.springframework.jdbc.datasource.init.ScriptUtils.executeSqlScript(ScriptUtils.java:509) ~[spring-jdbc-5.1.8.RELEASE.jar:5.1.8.RELEASE]
	at org.springframework.jdbc.datasource.init.ResourceDatabasePopulator.populate(ResourceDatabasePopulator.java:238) ~[spring-jdbc-5.1.8.RELEASE.jar:5.1.8.RELEASE]
	at org.springframework.jdbc.datasource.init.DatabasePopulatorUtils.execute(DatabasePopulatorUtils.java:48) ~[spring-jdbc-5.1.8.RELEASE.jar:5.1.8.RELEASE]
	at org.springframework.boot.autoconfigure.jdbc.DataSourceInitializer.runScripts(DataSourceInitializer.java:202) ~[spring-boot-autoconfigure-2.1.6.RELEASE.jar:2.1.6.RELEASE]
	at org.springframework.boot.autoconfigure.jdbc.DataSourceInitializer.createSchema(DataSourceInitializer.java:101) ~[spring-boot-autoconfigure-2.1.6.RELEASE.jar:2.1.6.RELEASE]
	at org.springframework.boot.autoconfigure.jdbc.DataSourceInitializerInvoker.afterPropertiesSet(DataSourceInitializerInvoker.java:62) ~[spring-boot-autoconfigure-2.1.6.RELEASE.jar:2.1.6.RELEASE]
	at org.springframework.beans.factory.support.AbstractAutowireCapableBeanFactory.invokeInitMethods(AbstractAutowireCapableBeanFactory.java:1837) ~[spring-beans-5.1.8.RELEASE.jar:5.1.8.RELEASE]
	at org.springframework.beans.factory.support.AbstractAutowireCapableBeanFactory.initializeBean(AbstractAutowireCapableBeanFactory.java:1774) ~[spring-beans-5.1.8.RELEASE.jar:5.1.8.RELEASE]
	... 78 common frames omitted
Caused by: org.h2.jdbc.JdbcSQLSyntaxErrorException: Syntax error in SQL statement "CREATE TABLE VITRSA_SANDBOX.DEMO_ACCOUNT_TX ( TX_ID BIGINT NOT NULL, ACCOUNT_TYPE_ID BIGINT NOT NULL, MEMBER_ID BIGINT NOT NULL, AMOUNT BIGINT NOT NULL, TX_DATE DATE NOT NULL, PRIMARY KEY (TX_ID) CONSTRAINT[*] FK_ACCOUNT_TYPE_ID FOREIGN KEY (ACCOUNT_TYPE_ID) REFERENCES VITRSA_SANDBOX.DEMO_ACCOUNT_TYPE (ACCOUNT_TYPE_ID) )"; expected "INDEX, ,, )"; SQL statement:
CREATE TABLE VITRSA_SANDBOX.DEMO_ACCOUNT_TX ( TX_ID BIGINT NOT NULL, ACCOUNT_TYPE_ID BIGINT NOT NULL, MEMBER_ID BIGINT NOT NULL, AMOUNT BIGINT NOT NULL, TX_DATE DATE NOT NULL, PRIMARY KEY (TX_ID) CONSTRAINT FK_ACCOUNT_TYPE_ID FOREIGN KEY (ACCOUNT_TYPE_ID) REFERENCES VITRSA_SANDBOX.DEMO_ACCOUNT_TYPE (ACCOUNT_TYPE_ID) ) [42001-199]
	at org.h2.message.DbException.getJdbcSQLException(DbException.java:451) ~[h2-1.4.199.jar:1.4.199]
	at org.h2.message.DbException.getJdbcSQLException(DbException.java:427) ~[h2-1.4.199.jar:1.4.199]
	at org.h2.message.DbException.getSyntaxError(DbException.java:243) ~[h2-1.4.199.jar:1.4.199]
	at org.h2.command.Parser.getSyntaxError(Parser.java:991) ~[h2-1.4.199.jar:1.4.199]
	at org.h2.command.Parser.read(Parser.java:4549) ~[h2-1.4.199.jar:1.4.199]
	at org.h2.command.Parser.readIfMore(Parser.java:1391) ~[h2-1.4.199.jar:1.4.199]
	at org.h2.command.Parser.parseCreateTable(Parser.java:7833) ~[h2-1.4.199.jar:1.4.199]
	at org.h2.command.Parser.parseCreate(Parser.java:5818) ~[h2-1.4.199.jar:1.4.199]
	at org.h2.command.Parser.parsePrepared(Parser.java:846) ~[h2-1.4.199.jar:1.4.199]
	at org.h2.command.Parser.parse(Parser.java:788) ~[h2-1.4.199.jar:1.4.199]
	at org.h2.command.Parser.parse(Parser.java:764) ~[h2-1.4.199.jar:1.4.199]
	at org.h2.command.Parser.prepareCommand(Parser.java:683) ~[h2-1.4.199.jar:1.4.199]
	at org.h2.engine.Session.prepareLocal(Session.java:627) ~[h2-1.4.199.jar:1.4.199]
	at org.h2.engine.Session.prepareCommand(Session.java:565) ~[h2-1.4.199.jar:1.4.199]
	at org.h2.jdbc.JdbcConnection.prepareCommand(JdbcConnection.java:1292) ~[h2-1.4.199.jar:1.4.199]
	at org.h2.jdbc.JdbcStatement.executeInternal(JdbcStatement.java:217) ~[h2-1.4.199.jar:1.4.199]
	at org.h2.jdbc.JdbcStatement.execute(JdbcStatement.java:205) ~[h2-1.4.199.jar:1.4.199]
	at org.springframework.jdbc.datasource.init.ScriptUtils.executeSqlScript(ScriptUtils.java:488) ~[spring-jdbc-5.1.8.RELEASE.jar:5.1.8.RELEASE]
	... 85 common frames omitted


  .   ____          _            __ _ _
 /\\ / ___'_ __ _ _(_)_ __  __ _ \ \ \ \
( ( )\___ | '_ | '_| | '_ \/ _` | \ \ \ \
 \\/  ___)| |_)| | | | | || (_| |  ) ) ) )
  '  |____| .__|_| |_|_| |_\__, | / / / /
 =========|_|==============|___/=/_/_/_/
 :: Spring Boot ::        (v2.1.6.RELEASE)

2021-09-22 15:33:19.026  INFO 5696 --- [           main] z.a.n.a.r.p.AccountTypeRepositoryTest    : Starting AccountTypeRepositoryTest on DESKTOP-074OGOO with PID 5696 (started by naude in C:\Users\naude\Desktop\IT Dev\Project1\AccountSystemRepository)
2021-09-22 15:33:19.027  INFO 5696 --- [           main] z.a.n.a.r.p.AccountTypeRepositoryTest    : No active profile set, falling back to default profiles: default
2021-09-22 15:33:19.317  INFO 5696 --- [           main] .s.d.r.c.RepositoryConfigurationDelegate : Bootstrapping Spring Data repositories in DEFAULT mode.
2021-09-22 15:33:19.346  INFO 5696 --- [           main] .s.d.r.c.RepositoryConfigurationDelegate : Finished Spring Data repository scanning in 28ms. Found 1 repository interfaces.
2021-09-22 15:33:19.398  INFO 5696 --- [           main] beddedDataSourceBeanFactoryPostProcessor : Replacing 'dataSource' DataSource bean with embedded version
2021-09-22 15:33:19.464  INFO 5696 --- [           main] o.s.j.d.e.EmbeddedDatabaseFactory        : Starting embedded database: url='jdbc:h2:mem:443f1e1b-6468-4eb0-b64d-e32840d94e2b;DB_CLOSE_DELAY=-1;DB_CLOSE_ON_EXIT=false', username='sa'
2021-09-22 15:33:19.548  WARN 5696 --- [           main] s.c.a.AnnotationConfigApplicationContext : Exception encountered during context initialization - cancelling refresh attempt: org.springframework.beans.factory.UnsatisfiedDependencyException: Error creating bean with name 'org.springframework.boot.autoconfigure.orm.jpa.HibernateJpaConfiguration': Unsatisfied dependency expressed through constructor parameter 0; nested exception is org.springframework.beans.factory.BeanCreationException: Error creating bean with name 'dataSource': Post-processing of FactoryBean's singleton object failed; nested exception is org.springframework.beans.factory.BeanCreationException: Error creating bean with name 'org.springframework.boot.autoconfigure.jdbc.DataSourceInitializerInvoker': Invocation of init method failed; nested exception is org.springframework.jdbc.datasource.init.ScriptStatementFailedException: Failed to execute SQL script statement #4 of URL [file:/C:/Users/naude/Desktop/IT%20Dev/Project1/AccountSystemRepository/target/test-classes/schema.sql]: CREATE TABLE VITRSA_SANDBOX.DEMO_ACCOUNT_TX ( TX_ID BIGINT NOT NULL, ACCOUNT_TYPE_ID BIGINT NOT NULL, MEMBER_ID BIGINT NOT NULL, AMOUNT BIGINT NOT NULL, TX_DATE DATE NOT NULL, PRIMARY KEY (TX_ID) CONSTRAINT FK_ACCOUNT_TYPE_ID FOREIGN KEY (ACCOUNT_TYPE_ID) REFERENCES VITRSA_SANDBOX.DEMO_ACCOUNT_TYPE (ACCOUNT_TYPE_ID) ); nested exception is org.h2.jdbc.JdbcSQLSyntaxErrorException: Syntax error in SQL statement "CREATE TABLE VITRSA_SANDBOX.DEMO_ACCOUNT_TX ( TX_ID BIGINT NOT NULL, ACCOUNT_TYPE_ID BIGINT NOT NULL, MEMBER_ID BIGINT NOT NULL, AMOUNT BIGINT NOT NULL, TX_DATE DATE NOT NULL, PRIMARY KEY (TX_ID) CONSTRAINT[*] FK_ACCOUNT_TYPE_ID FOREIGN KEY (ACCOUNT_TYPE_ID) REFERENCES VITRSA_SANDBOX.DEMO_ACCOUNT_TYPE (ACCOUNT_TYPE_ID) )"; expected "INDEX, ,, )"; SQL statement:
CREATE TABLE VITRSA_SANDBOX.DEMO_ACCOUNT_TX ( TX_ID BIGINT NOT NULL, ACCOUNT_TYPE_ID BIGINT NOT NULL, MEMBER_ID BIGINT NOT NULL, AMOUNT BIGINT NOT NULL, TX_DATE DATE NOT NULL, PRIMARY KEY (TX_ID) CONSTRAINT FK_ACCOUNT_TYPE_ID FOREIGN KEY (ACCOUNT_TYPE_ID) REFERENCES VITRSA_SANDBOX.DEMO_ACCOUNT_TYPE (ACCOUNT_TYPE_ID) ) [42001-199]
2021-09-22 15:33:19.557  INFO 5696 --- [           main] ConditionEvaluationReportLoggingListener : 

Error starting ApplicationContext. To display the conditions report re-run your application with 'debug' enabled.
2021-09-22 15:33:19.559 ERROR 5696 --- [           main] o.s.boot.SpringApplication               : Application run failed

org.springframework.beans.factory.UnsatisfiedDependencyException: Error creating bean with name 'org.springframework.boot.autoconfigure.orm.jpa.HibernateJpaConfiguration': Unsatisfied dependency expressed through constructor parameter 0; nested exception is org.springframework.beans.factory.BeanCreationException: Error creating bean with name 'dataSource': Post-processing of FactoryBean's singleton object failed; nested exception is org.springframework.beans.factory.BeanCreationException: Error creating bean with name 'org.springframework.boot.autoconfigure.jdbc.DataSourceInitializerInvoker': Invocation of init method failed; nested exception is org.springframework.jdbc.datasource.init.ScriptStatementFailedException: Failed to execute SQL script statement #4 of URL [file:/C:/Users/naude/Desktop/IT%20Dev/Project1/AccountSystemRepository/target/test-classes/schema.sql]: CREATE TABLE VITRSA_SANDBOX.DEMO_ACCOUNT_TX ( TX_ID BIGINT NOT NULL, ACCOUNT_TYPE_ID BIGINT NOT NULL, MEMBER_ID BIGINT NOT NULL, AMOUNT BIGINT NOT NULL, TX_DATE DATE NOT NULL, PRIMARY KEY (TX_ID) CONSTRAINT FK_ACCOUNT_TYPE_ID FOREIGN KEY (ACCOUNT_TYPE_ID) REFERENCES VITRSA_SANDBOX.DEMO_ACCOUNT_TYPE (ACCOUNT_TYPE_ID) ); nested exception is org.h2.jdbc.JdbcSQLSyntaxErrorException: Syntax error in SQL statement "CREATE TABLE VITRSA_SANDBOX.DEMO_ACCOUNT_TX ( TX_ID BIGINT NOT NULL, ACCOUNT_TYPE_ID BIGINT NOT NULL, MEMBER_ID BIGINT NOT NULL, AMOUNT BIGINT NOT NULL, TX_DATE DATE NOT NULL, PRIMARY KEY (TX_ID) CONSTRAINT[*] FK_ACCOUNT_TYPE_ID FOREIGN KEY (ACCOUNT_TYPE_ID) REFERENCES VITRSA_SANDBOX.DEMO_ACCOUNT_TYPE (ACCOUNT_TYPE_ID) )"; expected "INDEX, ,, )"; SQL statement:
CREATE TABLE VITRSA_SANDBOX.DEMO_ACCOUNT_TX ( TX_ID BIGINT NOT NULL, ACCOUNT_TYPE_ID BIGINT NOT NULL, MEMBER_ID BIGINT NOT NULL, AMOUNT BIGINT NOT NULL, TX_DATE DATE NOT NULL, PRIMARY KEY (TX_ID) CONSTRAINT FK_ACCOUNT_TYPE_ID FOREIGN KEY (ACCOUNT_TYPE_ID) REFERENCES VITRSA_SANDBOX.DEMO_ACCOUNT_TYPE (ACCOUNT_TYPE_ID) ) [42001-199]
	at org.springframework.beans.factory.support.ConstructorResolver.createArgumentArray(ConstructorResolver.java:769) ~[spring-beans-5.1.8.RELEASE.jar:5.1.8.RELEASE]
	at org.springframework.beans.factory.support.ConstructorResolver.autowireConstructor(ConstructorResolver.java:218) ~[spring-beans-5.1.8.RELEASE.jar:5.1.8.RELEASE]
	at org.springframework.beans.factory.support.AbstractAutowireCapableBeanFactory.autowireConstructor(AbstractAutowireCapableBeanFactory.java:1341) ~[spring-beans-5.1.8.RELEASE.jar:5.1.8.RELEASE]
	at org.springframework.beans.factory.support.AbstractAutowireCapableBeanFactory.createBeanInstance(AbstractAutowireCapableBeanFactory.java:1187) ~[spring-beans-5.1.8.RELEASE.jar:5.1.8.RELEASE]
	at org.springframework.beans.factory.support.AbstractAutowireCapableBeanFactory.doCreateBean(AbstractAutowireCapableBeanFactory.java:555) ~[spring-beans-5.1.8.RELEASE.jar:5.1.8.RELEASE]
	at org.springframework.beans.factory.support.AbstractAutowireCapableBeanFactory.createBean(AbstractAutowireCapableBeanFactory.java:515) ~[spring-beans-5.1.8.RELEASE.jar:5.1.8.RELEASE]
	at org.springframework.beans.factory.support.AbstractBeanFactory.lambda$doGetBean$0(AbstractBeanFactory.java:320) ~[spring-beans-5.1.8.RELEASE.jar:5.1.8.RELEASE]
	at org.springframework.beans.factory.support.DefaultSingletonBeanRegistry.getSingleton(DefaultSingletonBeanRegistry.java:222) ~[spring-beans-5.1.8.RELEASE.jar:5.1.8.RELEASE]
	at org.springframework.beans.factory.support.AbstractBeanFactory.doGetBean(AbstractBeanFactory.java:318) ~[spring-beans-5.1.8.RELEASE.jar:5.1.8.RELEASE]
	at org.springframework.beans.factory.support.AbstractBeanFactory.getBean(AbstractBeanFactory.java:199) ~[spring-beans-5.1.8.RELEASE.jar:5.1.8.RELEASE]
	at org.springframework.beans.factory.support.ConstructorResolver.instantiateUsingFactoryMethod(ConstructorResolver.java:392) ~[spring-beans-5.1.8.RELEASE.jar:5.1.8.RELEASE]
	at org.springframework.beans.factory.support.AbstractAutowireCapableBeanFactory.instantiateUsingFactoryMethod(AbstractAutowireCapableBeanFactory.java:1321) ~[spring-beans-5.1.8.RELEASE.jar:5.1.8.RELEASE]
	at org.springframework.beans.factory.support.AbstractAutowireCapableBeanFactory.createBeanInstance(AbstractAutowireCapableBeanFactory.java:1160) ~[spring-beans-5.1.8.RELEASE.jar:5.1.8.RELEASE]
	at org.springframework.beans.factory.support.AbstractAutowireCapableBeanFactory.doCreateBean(AbstractAutowireCapableBeanFactory.java:555) ~[spring-beans-5.1.8.RELEASE.jar:5.1.8.RELEASE]
	at org.springframework.beans.factory.support.AbstractAutowireCapableBeanFactory.createBean(AbstractAutowireCapableBeanFactory.java:515) ~[spring-beans-5.1.8.RELEASE.jar:5.1.8.RELEASE]
	at org.springframework.beans.factory.support.AbstractBeanFactory.lambda$doGetBean$0(AbstractBeanFactory.java:320) ~[spring-beans-5.1.8.RELEASE.jar:5.1.8.RELEASE]
	at org.springframework.beans.factory.support.DefaultSingletonBeanRegistry.getSingleton(DefaultSingletonBeanRegistry.java:222) ~[spring-beans-5.1.8.RELEASE.jar:5.1.8.RELEASE]
	at org.springframework.beans.factory.support.AbstractBeanFactory.doGetBean(AbstractBeanFactory.java:318) ~[spring-beans-5.1.8.RELEASE.jar:5.1.8.RELEASE]
	at org.springframework.beans.factory.support.AbstractBeanFactory.getBean(AbstractBeanFactory.java:199) ~[spring-beans-5.1.8.RELEASE.jar:5.1.8.RELEASE]
	at org.springframework.context.support.AbstractApplicationContext.getBean(AbstractApplicationContext.java:1105) ~[spring-context-5.1.8.RELEASE.jar:5.1.8.RELEASE]
	at org.springframework.context.support.AbstractApplicationContext.finishBeanFactoryInitialization(AbstractApplicationContext.java:867) ~[spring-context-5.1.8.RELEASE.jar:5.1.8.RELEASE]
	at org.springframework.context.support.AbstractApplicationContext.refresh(AbstractApplicationContext.java:549) ~[spring-context-5.1.8.RELEASE.jar:5.1.8.RELEASE]
	at org.springframework.boot.SpringApplication.refresh(SpringApplication.java:742) ~[spring-boot-2.1.6.RELEASE.jar:2.1.6.RELEASE]
	at org.springframework.boot.SpringApplication.refreshContext(SpringApplication.java:389) ~[spring-boot-2.1.6.RELEASE.jar:2.1.6.RELEASE]
	at org.springframework.boot.SpringApplication.run(SpringApplication.java:311) ~[spring-boot-2.1.6.RELEASE.jar:2.1.6.RELEASE]
	at org.springframework.boot.test.context.SpringBootContextLoader.loadContext(SpringBootContextLoader.java:119) ~[spring-boot-test-2.1.6.RELEASE.jar:2.1.6.RELEASE]
	at org.springframework.test.context.cache.DefaultCacheAwareContextLoaderDelegate.loadContextInternal(DefaultCacheAwareContextLoaderDelegate.java:99) ~[spring-test-5.1.8.RELEASE.jar:5.1.8.RELEASE]
	at org.springframework.test.context.cache.DefaultCacheAwareContextLoaderDelegate.loadContext(DefaultCacheAwareContextLoaderDelegate.java:117) ~[spring-test-5.1.8.RELEASE.jar:5.1.8.RELEASE]
	at org.springframework.test.context.support.DefaultTestContext.getApplicationContext(DefaultTestContext.java:108) ~[spring-test-5.1.8.RELEASE.jar:5.1.8.RELEASE]
	at org.springframework.boot.test.autoconfigure.SpringBootDependencyInjectionTestExecutionListener.outputConditionEvaluationReport(SpringBootDependencyInjectionTestExecutionListener.java:53) ~[spring-boot-test-autoconfigure-2.1.6.RELEASE.jar:2.1.6.RELEASE]
	at org.springframework.boot.test.autoconfigure.SpringBootDependencyInjectionTestExecutionListener.prepareTestInstance(SpringBootDependencyInjectionTestExecutionListener.java:46) ~[spring-boot-test-autoconfigure-2.1.6.RELEASE.jar:2.1.6.RELEASE]
	at org.springframework.test.context.TestContextManager.prepareTestInstance(TestContextManager.java:246) ~[spring-test-5.1.8.RELEASE.jar:5.1.8.RELEASE]
	at org.springframework.test.context.junit4.SpringJUnit4ClassRunner.createTest(SpringJUnit4ClassRunner.java:227) ~[spring-test-5.1.8.RELEASE.jar:5.1.8.RELEASE]
	at org.springframework.test.context.junit4.SpringJUnit4ClassRunner$1.runReflectiveCall(SpringJUnit4ClassRunner.java:289) ~[spring-test-5.1.8.RELEASE.jar:5.1.8.RELEASE]
	at org.junit.internal.runners.model.ReflectiveCallable.run(ReflectiveCallable.java:12) ~[junit-4.12.jar:4.12]
	at org.springframework.test.context.junit4.SpringJUnit4ClassRunner.methodBlock(SpringJUnit4ClassRunner.java:291) ~[spring-test-5.1.8.RELEASE.jar:5.1.8.RELEASE]
	at org.springframework.test.context.junit4.SpringJUnit4ClassRunner.runChild(SpringJUnit4ClassRunner.java:246) ~[spring-test-5.1.8.RELEASE.jar:5.1.8.RELEASE]
	at org.springframework.test.context.junit4.SpringJUnit4ClassRunner.runChild(SpringJUnit4ClassRunner.java:97) ~[spring-test-5.1.8.RELEASE.jar:5.1.8.RELEASE]
	at org.junit.runners.ParentRunner$3.run(ParentRunner.java:290) ~[junit-4.12.jar:4.12]
	at org.junit.runners.ParentRunner$1.schedule(ParentRunner.java:71) ~[junit-4.12.jar:4.12]
	at org.junit.runners.ParentRunner.runChildren(ParentRunner.java:288) ~[junit-4.12.jar:4.12]
	at org.junit.runners.ParentRunner.access$000(ParentRunner.java:58) ~[junit-4.12.jar:4.12]
	at org.junit.runners.ParentRunner$2.evaluate(ParentRunner.java:268) ~[junit-4.12.jar:4.12]
	at org.springframework.test.context.junit4.statements.RunBeforeTestClassCallbacks.evaluate(RunBeforeTestClassCallbacks.java:61) ~[spring-test-5.1.8.RELEASE.jar:5.1.8.RELEASE]
	at org.springframework.test.context.junit4.statements.RunAfterTestClassCallbacks.evaluate(RunAfterTestClassCallbacks.java:70) ~[spring-test-5.1.8.RELEASE.jar:5.1.8.RELEASE]
	at org.junit.runners.ParentRunner.run(ParentRunner.java:363) ~[junit-4.12.jar:4.12]
	at org.springframework.test.context.junit4.SpringJUnit4ClassRunner.run(SpringJUnit4ClassRunner.java:190) ~[spring-test-5.1.8.RELEASE.jar:5.1.8.RELEASE]
	at org.apache.maven.surefire.junit4.JUnit4Provider.execute(JUnit4Provider.java:365) ~[surefire-junit4-2.22.2.jar:2.22.2]
	at org.apache.maven.surefire.junit4.JUnit4Provider.executeWithRerun(JUnit4Provider.java:273) ~[surefire-junit4-2.22.2.jar:2.22.2]
	at org.apache.maven.surefire.junit4.JUnit4Provider.executeTestSet(JUnit4Provider.java:238) ~[surefire-junit4-2.22.2.jar:2.22.2]
	at org.apache.maven.surefire.junit4.JUnit4Provider.invoke(JUnit4Provider.java:159) ~[surefire-junit4-2.22.2.jar:2.22.2]
	at org.apache.maven.surefire.booter.ForkedBooter.invokeProviderInSameClassLoader(ForkedBooter.java:384) ~[surefire-booter-2.22.2.jar:2.22.2]
	at org.apache.maven.surefire.booter.ForkedBooter.runSuitesInProcess(ForkedBooter.java:345) ~[surefire-booter-2.22.2.jar:2.22.2]
	at org.apache.maven.surefire.booter.ForkedBooter.execute(ForkedBooter.java:126) ~[surefire-booter-2.22.2.jar:2.22.2]
	at org.apache.maven.surefire.booter.ForkedBooter.main(ForkedBooter.java:418) ~[surefire-booter-2.22.2.jar:2.22.2]
Caused by: org.springframework.beans.factory.BeanCreationException: Error creating bean with name 'dataSource': Post-processing of FactoryBean's singleton object failed; nested exception is org.springframework.beans.factory.BeanCreationException: Error creating bean with name 'org.springframework.boot.autoconfigure.jdbc.DataSourceInitializerInvoker': Invocation of init method failed; nested exception is org.springframework.jdbc.datasource.init.ScriptStatementFailedException: Failed to execute SQL script statement #4 of URL [file:/C:/Users/naude/Desktop/IT%20Dev/Project1/AccountSystemRepository/target/test-classes/schema.sql]: CREATE TABLE VITRSA_SANDBOX.DEMO_ACCOUNT_TX ( TX_ID BIGINT NOT NULL, ACCOUNT_TYPE_ID BIGINT NOT NULL, MEMBER_ID BIGINT NOT NULL, AMOUNT BIGINT NOT NULL, TX_DATE DATE NOT NULL, PRIMARY KEY (TX_ID) CONSTRAINT FK_ACCOUNT_TYPE_ID FOREIGN KEY (ACCOUNT_TYPE_ID) REFERENCES VITRSA_SANDBOX.DEMO_ACCOUNT_TYPE (ACCOUNT_TYPE_ID) ); nested exception is org.h2.jdbc.JdbcSQLSyntaxErrorException: Syntax error in SQL statement "CREATE TABLE VITRSA_SANDBOX.DEMO_ACCOUNT_TX ( TX_ID BIGINT NOT NULL, ACCOUNT_TYPE_ID BIGINT NOT NULL, MEMBER_ID BIGINT NOT NULL, AMOUNT BIGINT NOT NULL, TX_DATE DATE NOT NULL, PRIMARY KEY (TX_ID) CONSTRAINT[*] FK_ACCOUNT_TYPE_ID FOREIGN KEY (ACCOUNT_TYPE_ID) REFERENCES VITRSA_SANDBOX.DEMO_ACCOUNT_TYPE (ACCOUNT_TYPE_ID) )"; expected "INDEX, ,, )"; SQL statement:
CREATE TABLE VITRSA_SANDBOX.DEMO_ACCOUNT_TX ( TX_ID BIGINT NOT NULL, ACCOUNT_TYPE_ID BIGINT NOT NULL, MEMBER_ID BIGINT NOT NULL, AMOUNT BIGINT NOT NULL, TX_DATE DATE NOT NULL, PRIMARY KEY (TX_ID) CONSTRAINT FK_ACCOUNT_TYPE_ID FOREIGN KEY (ACCOUNT_TYPE_ID) REFERENCES VITRSA_SANDBOX.DEMO_ACCOUNT_TYPE (ACCOUNT_TYPE_ID) ) [42001-199]
	at org.springframework.beans.factory.support.FactoryBeanRegistrySupport.getObjectFromFactoryBean(FactoryBeanRegistrySupport.java:119) ~[spring-beans-5.1.8.RELEASE.jar:5.1.8.RELEASE]
	at org.springframework.beans.factory.support.AbstractBeanFactory.getObjectForBeanInstance(AbstractBeanFactory.java:1674) ~[spring-beans-5.1.8.RELEASE.jar:5.1.8.RELEASE]
	at org.springframework.beans.factory.support.AbstractAutowireCapableBeanFactory.getObjectForBeanInstance(AbstractAutowireCapableBeanFactory.java:1249) ~[spring-beans-5.1.8.RELEASE.jar:5.1.8.RELEASE]
	at org.springframework.beans.factory.support.AbstractBeanFactory.doGetBean(AbstractBeanFactory.java:330) ~[spring-beans-5.1.8.RELEASE.jar:5.1.8.RELEASE]
	at org.springframework.beans.factory.support.AbstractBeanFactory.getBean(AbstractBeanFactory.java:199) ~[spring-beans-5.1.8.RELEASE.jar:5.1.8.RELEASE]
	at org.springframework.beans.factory.config.DependencyDescriptor.resolveCandidate(DependencyDescriptor.java:277) ~[spring-beans-5.1.8.RELEASE.jar:5.1.8.RELEASE]
	at org.springframework.beans.factory.support.DefaultListableBeanFactory.doResolveDependency(DefaultListableBeanFactory.java:1251) ~[spring-beans-5.1.8.RELEASE.jar:5.1.8.RELEASE]
	at org.springframework.beans.factory.support.DefaultListableBeanFactory.resolveDependency(DefaultListableBeanFactory.java:1171) ~[spring-beans-5.1.8.RELEASE.jar:5.1.8.RELEASE]
	at org.springframework.beans.factory.support.ConstructorResolver.resolveAutowiredArgument(ConstructorResolver.java:857) ~[spring-beans-5.1.8.RELEASE.jar:5.1.8.RELEASE]
	at org.springframework.beans.factory.support.ConstructorResolver.createArgumentArray(ConstructorResolver.java:760) ~[spring-beans-5.1.8.RELEASE.jar:5.1.8.RELEASE]
	... 54 common frames omitted
Caused by: org.springframework.beans.factory.BeanCreationException: Error creating bean with name 'org.springframework.boot.autoconfigure.jdbc.DataSourceInitializerInvoker': Invocation of init method failed; nested exception is org.springframework.jdbc.datasource.init.ScriptStatementFailedException: Failed to execute SQL script statement #4 of URL [file:/C:/Users/naude/Desktop/IT%20Dev/Project1/AccountSystemRepository/target/test-classes/schema.sql]: CREATE TABLE VITRSA_SANDBOX.DEMO_ACCOUNT_TX ( TX_ID BIGINT NOT NULL, ACCOUNT_TYPE_ID BIGINT NOT NULL, MEMBER_ID BIGINT NOT NULL, AMOUNT BIGINT NOT NULL, TX_DATE DATE NOT NULL, PRIMARY KEY (TX_ID) CONSTRAINT FK_ACCOUNT_TYPE_ID FOREIGN KEY (ACCOUNT_TYPE_ID) REFERENCES VITRSA_SANDBOX.DEMO_ACCOUNT_TYPE (ACCOUNT_TYPE_ID) ); nested exception is org.h2.jdbc.JdbcSQLSyntaxErrorException: Syntax error in SQL statement "CREATE TABLE VITRSA_SANDBOX.DEMO_ACCOUNT_TX ( TX_ID BIGINT NOT NULL, ACCOUNT_TYPE_ID BIGINT NOT NULL, MEMBER_ID BIGINT NOT NULL, AMOUNT BIGINT NOT NULL, TX_DATE DATE NOT NULL, PRIMARY KEY (TX_ID) CONSTRAINT[*] FK_ACCOUNT_TYPE_ID FOREIGN KEY (ACCOUNT_TYPE_ID) REFERENCES VITRSA_SANDBOX.DEMO_ACCOUNT_TYPE (ACCOUNT_TYPE_ID) )"; expected "INDEX, ,, )"; SQL statement:
CREATE TABLE VITRSA_SANDBOX.DEMO_ACCOUNT_TX ( TX_ID BIGINT NOT NULL, ACCOUNT_TYPE_ID BIGINT NOT NULL, MEMBER_ID BIGINT NOT NULL, AMOUNT BIGINT NOT NULL, TX_DATE DATE NOT NULL, PRIMARY KEY (TX_ID) CONSTRAINT FK_ACCOUNT_TYPE_ID FOREIGN KEY (ACCOUNT_TYPE_ID) REFERENCES VITRSA_SANDBOX.DEMO_ACCOUNT_TYPE (ACCOUNT_TYPE_ID) ) [42001-199]
	at org.springframework.beans.factory.support.AbstractAutowireCapableBeanFactory.initializeBean(AbstractAutowireCapableBeanFactory.java:1778) ~[spring-beans-5.1.8.RELEASE.jar:5.1.8.RELEASE]
	at org.springframework.beans.factory.support.AbstractAutowireCapableBeanFactory.doCreateBean(AbstractAutowireCapableBeanFactory.java:593) ~[spring-beans-5.1.8.RELEASE.jar:5.1.8.RELEASE]
	at org.springframework.beans.factory.support.AbstractAutowireCapableBeanFactory.createBean(AbstractAutowireCapableBeanFactory.java:515) ~[spring-beans-5.1.8.RELEASE.jar:5.1.8.RELEASE]
	at org.springframework.beans.factory.support.AbstractBeanFactory.lambda$doGetBean$0(AbstractBeanFactory.java:320) ~[spring-beans-5.1.8.RELEASE.jar:5.1.8.RELEASE]
	at org.springframework.beans.factory.support.DefaultSingletonBeanRegistry.getSingleton(DefaultSingletonBeanRegistry.java:222) ~[spring-beans-5.1.8.RELEASE.jar:5.1.8.RELEASE]
	at org.springframework.beans.factory.support.AbstractBeanFactory.doGetBean(AbstractBeanFactory.java:318) ~[spring-beans-5.1.8.RELEASE.jar:5.1.8.RELEASE]
	at org.springframework.beans.factory.support.AbstractBeanFactory.getBean(AbstractBeanFactory.java:224) ~[spring-beans-5.1.8.RELEASE.jar:5.1.8.RELEASE]
	at org.springframework.beans.factory.support.DefaultListableBeanFactory.resolveNamedBean(DefaultListableBeanFactory.java:1119) ~[spring-beans-5.1.8.RELEASE.jar:5.1.8.RELEASE]
	at org.springframework.beans.factory.support.DefaultListableBeanFactory.resolveBean(DefaultListableBeanFactory.java:411) ~[spring-beans-5.1.8.RELEASE.jar:5.1.8.RELEASE]
	at org.springframework.beans.factory.support.DefaultListableBeanFactory.getBean(DefaultListableBeanFactory.java:344) ~[spring-beans-5.1.8.RELEASE.jar:5.1.8.RELEASE]
	at org.springframework.beans.factory.support.DefaultListableBeanFactory.getBean(DefaultListableBeanFactory.java:337) ~[spring-beans-5.1.8.RELEASE.jar:5.1.8.RELEASE]
	at org.springframework.boot.autoconfigure.jdbc.DataSourceInitializerPostProcessor.postProcessAfterInitialization(DataSourceInitializerPostProcessor.java:53) ~[spring-boot-autoconfigure-2.1.6.RELEASE.jar:2.1.6.RELEASE]
	at org.springframework.beans.factory.support.AbstractAutowireCapableBeanFactory.applyBeanPostProcessorsAfterInitialization(AbstractAutowireCapableBeanFactory.java:429) ~[spring-beans-5.1.8.RELEASE.jar:5.1.8.RELEASE]
	at org.springframework.beans.factory.support.AbstractAutowireCapableBeanFactory.postProcessObjectFromFactoryBean(AbstractAutowireCapableBeanFactory.java:1921) ~[spring-beans-5.1.8.RELEASE.jar:5.1.8.RELEASE]
	at org.springframework.beans.factory.support.FactoryBeanRegistrySupport.getObjectFromFactoryBean(FactoryBeanRegistrySupport.java:116) ~[spring-beans-5.1.8.RELEASE.jar:5.1.8.RELEASE]
	... 63 common frames omitted
Caused by: org.springframework.jdbc.datasource.init.ScriptStatementFailedException: Failed to execute SQL script statement #4 of URL [file:/C:/Users/naude/Desktop/IT%20Dev/Project1/AccountSystemRepository/target/test-classes/schema.sql]: CREATE TABLE VITRSA_SANDBOX.DEMO_ACCOUNT_TX ( TX_ID BIGINT NOT NULL, ACCOUNT_TYPE_ID BIGINT NOT NULL, MEMBER_ID BIGINT NOT NULL, AMOUNT BIGINT NOT NULL, TX_DATE DATE NOT NULL, PRIMARY KEY (TX_ID) CONSTRAINT FK_ACCOUNT_TYPE_ID FOREIGN KEY (ACCOUNT_TYPE_ID) REFERENCES VITRSA_SANDBOX.DEMO_ACCOUNT_TYPE (ACCOUNT_TYPE_ID) ); nested exception is org.h2.jdbc.JdbcSQLSyntaxErrorException: Syntax error in SQL statement "CREATE TABLE VITRSA_SANDBOX.DEMO_ACCOUNT_TX ( TX_ID BIGINT NOT NULL, ACCOUNT_TYPE_ID BIGINT NOT NULL, MEMBER_ID BIGINT NOT NULL, AMOUNT BIGINT NOT NULL, TX_DATE DATE NOT NULL, PRIMARY KEY (TX_ID) CONSTRAINT[*] FK_ACCOUNT_TYPE_ID FOREIGN KEY (ACCOUNT_TYPE_ID) REFERENCES VITRSA_SANDBOX.DEMO_ACCOUNT_TYPE (ACCOUNT_TYPE_ID) )"; expected "INDEX, ,, )"; SQL statement:
CREATE TABLE VITRSA_SANDBOX.DEMO_ACCOUNT_TX ( TX_ID BIGINT NOT NULL, ACCOUNT_TYPE_ID BIGINT NOT NULL, MEMBER_ID BIGINT NOT NULL, AMOUNT BIGINT NOT NULL, TX_DATE DATE NOT NULL, PRIMARY KEY (TX_ID) CONSTRAINT FK_ACCOUNT_TYPE_ID FOREIGN KEY (ACCOUNT_TYPE_ID) REFERENCES VITRSA_SANDBOX.DEMO_ACCOUNT_TYPE (ACCOUNT_TYPE_ID) ) [42001-199]
	at org.springframework.jdbc.datasource.init.ScriptUtils.executeSqlScript(ScriptUtils.java:509) ~[spring-jdbc-5.1.8.RELEASE.jar:5.1.8.RELEASE]
	at org.springframework.jdbc.datasource.init.ResourceDatabasePopulator.populate(ResourceDatabasePopulator.java:238) ~[spring-jdbc-5.1.8.RELEASE.jar:5.1.8.RELEASE]
	at org.springframework.jdbc.datasource.init.DatabasePopulatorUtils.execute(DatabasePopulatorUtils.java:48) ~[spring-jdbc-5.1.8.RELEASE.jar:5.1.8.RELEASE]
	at org.springframework.boot.autoconfigure.jdbc.DataSourceInitializer.runScripts(DataSourceInitializer.java:202) ~[spring-boot-autoconfigure-2.1.6.RELEASE.jar:2.1.6.RELEASE]
	at org.springframework.boot.autoconfigure.jdbc.DataSourceInitializer.createSchema(DataSourceInitializer.java:101) ~[spring-boot-autoconfigure-2.1.6.RELEASE.jar:2.1.6.RELEASE]
	at org.springframework.boot.autoconfigure.jdbc.DataSourceInitializerInvoker.afterPropertiesSet(DataSourceInitializerInvoker.java:62) ~[spring-boot-autoconfigure-2.1.6.RELEASE.jar:2.1.6.RELEASE]
	at org.springframework.beans.factory.support.AbstractAutowireCapableBeanFactory.invokeInitMethods(AbstractAutowireCapableBeanFactory.java:1837) ~[spring-beans-5.1.8.RELEASE.jar:5.1.8.RELEASE]
	at org.springframework.beans.factory.support.AbstractAutowireCapableBeanFactory.initializeBean(AbstractAutowireCapableBeanFactory.java:1774) ~[spring-beans-5.1.8.RELEASE.jar:5.1.8.RELEASE]
	... 77 common frames omitted
Caused by: org.h2.jdbc.JdbcSQLSyntaxErrorException: Syntax error in SQL statement "CREATE TABLE VITRSA_SANDBOX.DEMO_ACCOUNT_TX ( TX_ID BIGINT NOT NULL, ACCOUNT_TYPE_ID BIGINT NOT NULL, MEMBER_ID BIGINT NOT NULL, AMOUNT BIGINT NOT NULL, TX_DATE DATE NOT NULL, PRIMARY KEY (TX_ID) CONSTRAINT[*] FK_ACCOUNT_TYPE_ID FOREIGN KEY (ACCOUNT_TYPE_ID) REFERENCES VITRSA_SANDBOX.DEMO_ACCOUNT_TYPE (ACCOUNT_TYPE_ID) )"; expected "INDEX, ,, )"; SQL statement:
CREATE TABLE VITRSA_SANDBOX.DEMO_ACCOUNT_TX ( TX_ID BIGINT NOT NULL, ACCOUNT_TYPE_ID BIGINT NOT NULL, MEMBER_ID BIGINT NOT NULL, AMOUNT BIGINT NOT NULL, TX_DATE DATE NOT NULL, PRIMARY KEY (TX_ID) CONSTRAINT FK_ACCOUNT_TYPE_ID FOREIGN KEY (ACCOUNT_TYPE_ID) REFERENCES VITRSA_SANDBOX.DEMO_ACCOUNT_TYPE (ACCOUNT_TYPE_ID) ) [42001-199]
	at org.h2.message.DbException.getJdbcSQLException(DbException.java:451) ~[h2-1.4.199.jar:1.4.199]
	at org.h2.message.DbException.getJdbcSQLException(DbException.java:427) ~[h2-1.4.199.jar:1.4.199]
	at org.h2.message.DbException.getSyntaxError(DbException.java:243) ~[h2-1.4.199.jar:1.4.199]
	at org.h2.command.Parser.getSyntaxError(Parser.java:991) ~[h2-1.4.199.jar:1.4.199]
	at org.h2.command.Parser.read(Parser.java:4549) ~[h2-1.4.199.jar:1.4.199]
	at org.h2.command.Parser.readIfMore(Parser.java:1391) ~[h2-1.4.199.jar:1.4.199]
	at org.h2.command.Parser.parseCreateTable(Parser.java:7833) ~[h2-1.4.199.jar:1.4.199]
	at org.h2.command.Parser.parseCreate(Parser.java:5818) ~[h2-1.4.199.jar:1.4.199]
	at org.h2.command.Parser.parsePrepared(Parser.java:846) ~[h2-1.4.199.jar:1.4.199]
	at org.h2.command.Parser.parse(Parser.java:788) ~[h2-1.4.199.jar:1.4.199]
	at org.h2.command.Parser.parse(Parser.java:764) ~[h2-1.4.199.jar:1.4.199]
	at org.h2.command.Parser.prepareCommand(Parser.java:683) ~[h2-1.4.199.jar:1.4.199]
	at org.h2.engine.Session.prepareLocal(Session.java:627) ~[h2-1.4.199.jar:1.4.199]
	at org.h2.engine.Session.prepareCommand(Session.java:565) ~[h2-1.4.199.jar:1.4.199]
	at org.h2.jdbc.JdbcConnection.prepareCommand(JdbcConnection.java:1292) ~[h2-1.4.199.jar:1.4.199]
	at org.h2.jdbc.JdbcStatement.executeInternal(JdbcStatement.java:217) ~[h2-1.4.199.jar:1.4.199]
	at org.h2.jdbc.JdbcStatement.execute(JdbcStatement.java:205) ~[h2-1.4.199.jar:1.4.199]
	at org.springframework.jdbc.datasource.init.ScriptUtils.executeSqlScript(ScriptUtils.java:488) ~[spring-jdbc-5.1.8.RELEASE.jar:5.1.8.RELEASE]
	... 84 common frames omitted

2021-09-22 15:33:19.579 ERROR 5696 --- [           main] o.s.test.context.TestContextManager      : Caught exception while allowing TestExecutionListener [org.springframework.boot.test.autoconfigure.SpringBootDependencyInjectionTestExecutionListener@4e50c791] to prepare test instance [za.ac.nwu.ac.repo.persistence.AccountTypeRepositoryTest@6236eb5f]

java.lang.IllegalStateException: Failed to load ApplicationContext
	at org.springframework.test.context.cache.DefaultCacheAwareContextLoaderDelegate.loadContext(DefaultCacheAwareContextLoaderDelegate.java:125) ~[spring-test-5.1.8.RELEASE.jar:5.1.8.RELEASE]
	at org.springframework.test.context.support.DefaultTestContext.getApplicationContext(DefaultTestContext.java:108) ~[spring-test-5.1.8.RELEASE.jar:5.1.8.RELEASE]
	at org.springframework.test.context.support.DependencyInjectionTestExecutionListener.injectDependencies(DependencyInjectionTestExecutionListener.java:118) ~[spring-test-5.1.8.RELEASE.jar:5.1.8.RELEASE]
	at org.springframework.test.context.support.DependencyInjectionTestExecutionListener.prepareTestInstance(DependencyInjectionTestExecutionListener.java:83) ~[spring-test-5.1.8.RELEASE.jar:5.1.8.RELEASE]
	at org.springframework.boot.test.autoconfigure.SpringBootDependencyInjectionTestExecutionListener.prepareTestInstance(SpringBootDependencyInjectionTestExecutionListener.java:43) ~[spring-boot-test-autoconfigure-2.1.6.RELEASE.jar:2.1.6.RELEASE]
	at org.springframework.test.context.TestContextManager.prepareTestInstance(TestContextManager.java:246) ~[spring-test-5.1.8.RELEASE.jar:5.1.8.RELEASE]
	at org.springframework.test.context.junit4.SpringJUnit4ClassRunner.createTest(SpringJUnit4ClassRunner.java:227) ~[spring-test-5.1.8.RELEASE.jar:5.1.8.RELEASE]
	at org.springframework.test.context.junit4.SpringJUnit4ClassRunner$1.runReflectiveCall(SpringJUnit4ClassRunner.java:289) ~[spring-test-5.1.8.RELEASE.jar:5.1.8.RELEASE]
	at org.junit.internal.runners.model.ReflectiveCallable.run(ReflectiveCallable.java:12) ~[junit-4.12.jar:4.12]
	at org.springframework.test.context.junit4.SpringJUnit4ClassRunner.methodBlock(SpringJUnit4ClassRunner.java:291) ~[spring-test-5.1.8.RELEASE.jar:5.1.8.RELEASE]
	at org.springframework.test.context.junit4.SpringJUnit4ClassRunner.runChild(SpringJUnit4ClassRunner.java:246) ~[spring-test-5.1.8.RELEASE.jar:5.1.8.RELEASE]
	at org.springframework.test.context.junit4.SpringJUnit4ClassRunner.runChild(SpringJUnit4ClassRunner.java:97) ~[spring-test-5.1.8.RELEASE.jar:5.1.8.RELEASE]
	at org.junit.runners.ParentRunner$3.run(ParentRunner.java:290) ~[junit-4.12.jar:4.12]
	at org.junit.runners.ParentRunner$1.schedule(ParentRunner.java:71) ~[junit-4.12.jar:4.12]
	at org.junit.runners.ParentRunner.runChildren(ParentRunner.java:288) ~[junit-4.12.jar:4.12]
	at org.junit.runners.ParentRunner.access$000(ParentRunner.java:58) ~[junit-4.12.jar:4.12]
	at org.junit.runners.ParentRunner$2.evaluate(ParentRunner.java:268) ~[junit-4.12.jar:4.12]
	at org.springframework.test.context.junit4.statements.RunBeforeTestClassCallbacks.evaluate(RunBeforeTestClassCallbacks.java:61) ~[spring-test-5.1.8.RELEASE.jar:5.1.8.RELEASE]
	at org.springframework.test.context.junit4.statements.RunAfterTestClassCallbacks.evaluate(RunAfterTestClassCallbacks.java:70) ~[spring-test-5.1.8.RELEASE.jar:5.1.8.RELEASE]
	at org.junit.runners.ParentRunner.run(ParentRunner.java:363) ~[junit-4.12.jar:4.12]
	at org.springframework.test.context.junit4.SpringJUnit4ClassRunner.run(SpringJUnit4ClassRunner.java:190) ~[spring-test-5.1.8.RELEASE.jar:5.1.8.RELEASE]
	at org.apache.maven.surefire.junit4.JUnit4Provider.execute(JUnit4Provider.java:365) ~[surefire-junit4-2.22.2.jar:2.22.2]
	at org.apache.maven.surefire.junit4.JUnit4Provider.executeWithRerun(JUnit4Provider.java:273) ~[surefire-junit4-2.22.2.jar:2.22.2]
	at org.apache.maven.surefire.junit4.JUnit4Provider.executeTestSet(JUnit4Provider.java:238) ~[surefire-junit4-2.22.2.jar:2.22.2]
	at org.apache.maven.surefire.junit4.JUnit4Provider.invoke(JUnit4Provider.java:159) ~[surefire-junit4-2.22.2.jar:2.22.2]
	at org.apache.maven.surefire.booter.ForkedBooter.invokeProviderInSameClassLoader(ForkedBooter.java:384) ~[surefire-booter-2.22.2.jar:2.22.2]
	at org.apache.maven.surefire.booter.ForkedBooter.runSuitesInProcess(ForkedBooter.java:345) ~[surefire-booter-2.22.2.jar:2.22.2]
	at org.apache.maven.surefire.booter.ForkedBooter.execute(ForkedBooter.java:126) ~[surefire-booter-2.22.2.jar:2.22.2]
	at org.apache.maven.surefire.booter.ForkedBooter.main(ForkedBooter.java:418) ~[surefire-booter-2.22.2.jar:2.22.2]
Caused by: org.springframework.beans.factory.UnsatisfiedDependencyException: Error creating bean with name 'org.springframework.boot.autoconfigure.orm.jpa.HibernateJpaConfiguration': Unsatisfied dependency expressed through constructor parameter 0; nested exception is org.springframework.beans.factory.BeanCreationException: Error creating bean with name 'dataSource': Post-processing of FactoryBean's singleton object failed; nested exception is org.springframework.beans.factory.BeanCreationException: Error creating bean with name 'org.springframework.boot.autoconfigure.jdbc.DataSourceInitializerInvoker': Invocation of init method failed; nested exception is org.springframework.jdbc.datasource.init.ScriptStatementFailedException: Failed to execute SQL script statement #4 of URL [file:/C:/Users/naude/Desktop/IT%20Dev/Project1/AccountSystemRepository/target/test-classes/schema.sql]: CREATE TABLE VITRSA_SANDBOX.DEMO_ACCOUNT_TX ( TX_ID BIGINT NOT NULL, ACCOUNT_TYPE_ID BIGINT NOT NULL, MEMBER_ID BIGINT NOT NULL, AMOUNT BIGINT NOT NULL, TX_DATE DATE NOT NULL, PRIMARY KEY (TX_ID) CONSTRAINT FK_ACCOUNT_TYPE_ID FOREIGN KEY (ACCOUNT_TYPE_ID) REFERENCES VITRSA_SANDBOX.DEMO_ACCOUNT_TYPE (ACCOUNT_TYPE_ID) ); nested exception is org.h2.jdbc.JdbcSQLSyntaxErrorException: Syntax error in SQL statement "CREATE TABLE VITRSA_SANDBOX.DEMO_ACCOUNT_TX ( TX_ID BIGINT NOT NULL, ACCOUNT_TYPE_ID BIGINT NOT NULL, MEMBER_ID BIGINT NOT NULL, AMOUNT BIGINT NOT NULL, TX_DATE DATE NOT NULL, PRIMARY KEY (TX_ID) CONSTRAINT[*] FK_ACCOUNT_TYPE_ID FOREIGN KEY (ACCOUNT_TYPE_ID) REFERENCES VITRSA_SANDBOX.DEMO_ACCOUNT_TYPE (ACCOUNT_TYPE_ID) )"; expected "INDEX, ,, )"; SQL statement:
CREATE TABLE VITRSA_SANDBOX.DEMO_ACCOUNT_TX ( TX_ID BIGINT NOT NULL, ACCOUNT_TYPE_ID BIGINT NOT NULL, MEMBER_ID BIGINT NOT NULL, AMOUNT BIGINT NOT NULL, TX_DATE DATE NOT NULL, PRIMARY KEY (TX_ID) CONSTRAINT FK_ACCOUNT_TYPE_ID FOREIGN KEY (ACCOUNT_TYPE_ID) REFERENCES VITRSA_SANDBOX.DEMO_ACCOUNT_TYPE (ACCOUNT_TYPE_ID) ) [42001-199]
	at org.springframework.beans.factory.support.ConstructorResolver.createArgumentArray(ConstructorResolver.java:769) ~[spring-beans-5.1.8.RELEASE.jar:5.1.8.RELEASE]
	at org.springframework.beans.factory.support.ConstructorResolver.autowireConstructor(ConstructorResolver.java:218) ~[spring-beans-5.1.8.RELEASE.jar:5.1.8.RELEASE]
	at org.springframework.beans.factory.support.AbstractAutowireCapableBeanFactory.autowireConstructor(AbstractAutowireCapableBeanFactory.java:1341) ~[spring-beans-5.1.8.RELEASE.jar:5.1.8.RELEASE]
	at org.springframework.beans.factory.support.AbstractAutowireCapableBeanFactory.createBeanInstance(AbstractAutowireCapableBeanFactory.java:1187) ~[spring-beans-5.1.8.RELEASE.jar:5.1.8.RELEASE]
	at org.springframework.beans.factory.support.AbstractAutowireCapableBeanFactory.doCreateBean(AbstractAutowireCapableBeanFactory.java:555) ~[spring-beans-5.1.8.RELEASE.jar:5.1.8.RELEASE]
	at org.springframework.beans.factory.support.AbstractAutowireCapableBeanFactory.createBean(AbstractAutowireCapableBeanFactory.java:515) ~[spring-beans-5.1.8.RELEASE.jar:5.1.8.RELEASE]
	at org.springframework.beans.factory.support.AbstractBeanFactory.lambda$doGetBean$0(AbstractBeanFactory.java:320) ~[spring-beans-5.1.8.RELEASE.jar:5.1.8.RELEASE]
	at org.springframework.beans.factory.support.DefaultSingletonBeanRegistry.getSingleton(DefaultSingletonBeanRegistry.java:222) ~[spring-beans-5.1.8.RELEASE.jar:5.1.8.RELEASE]
	at org.springframework.beans.factory.support.AbstractBeanFactory.doGetBean(AbstractBeanFactory.java:318) ~[spring-beans-5.1.8.RELEASE.jar:5.1.8.RELEASE]
	at org.springframework.beans.factory.support.AbstractBeanFactory.getBean(AbstractBeanFactory.java:199) ~[spring-beans-5.1.8.RELEASE.jar:5.1.8.RELEASE]
	at org.springframework.beans.factory.support.ConstructorResolver.instantiateUsingFactoryMethod(ConstructorResolver.java:392) ~[spring-beans-5.1.8.RELEASE.jar:5.1.8.RELEASE]
	at org.springframework.beans.factory.support.AbstractAutowireCapableBeanFactory.instantiateUsingFactoryMethod(AbstractAutowireCapableBeanFactory.java:1321) ~[spring-beans-5.1.8.RELEASE.jar:5.1.8.RELEASE]
	at org.springframework.beans.factory.support.AbstractAutowireCapableBeanFactory.createBeanInstance(AbstractAutowireCapableBeanFactory.java:1160) ~[spring-beans-5.1.8.RELEASE.jar:5.1.8.RELEASE]
	at org.springframework.beans.factory.support.AbstractAutowireCapableBeanFactory.doCreateBean(AbstractAutowireCapableBeanFactory.java:555) ~[spring-beans-5.1.8.RELEASE.jar:5.1.8.RELEASE]
	at org.springframework.beans.factory.support.AbstractAutowireCapableBeanFactory.createBean(AbstractAutowireCapableBeanFactory.java:515) ~[spring-beans-5.1.8.RELEASE.jar:5.1.8.RELEASE]
	at org.springframework.beans.factory.support.AbstractBeanFactory.lambda$doGetBean$0(AbstractBeanFactory.java:320) ~[spring-beans-5.1.8.RELEASE.jar:5.1.8.RELEASE]
	at org.springframework.beans.factory.support.DefaultSingletonBeanRegistry.getSingleton(DefaultSingletonBeanRegistry.java:222) ~[spring-beans-5.1.8.RELEASE.jar:5.1.8.RELEASE]
	at org.springframework.beans.factory.support.AbstractBeanFactory.doGetBean(AbstractBeanFactory.java:318) ~[spring-beans-5.1.8.RELEASE.jar:5.1.8.RELEASE]
	at org.springframework.beans.factory.support.AbstractBeanFactory.getBean(AbstractBeanFactory.java:199) ~[spring-beans-5.1.8.RELEASE.jar:5.1.8.RELEASE]
	at org.springframework.context.support.AbstractApplicationContext.getBean(AbstractApplicationContext.java:1105) ~[spring-context-5.1.8.RELEASE.jar:5.1.8.RELEASE]
	at org.springframework.context.support.AbstractApplicationContext.finishBeanFactoryInitialization(AbstractApplicationContext.java:867) ~[spring-context-5.1.8.RELEASE.jar:5.1.8.RELEASE]
	at org.springframework.context.support.AbstractApplicationContext.refresh(AbstractApplicationContext.java:549) ~[spring-context-5.1.8.RELEASE.jar:5.1.8.RELEASE]
	at org.springframework.boot.SpringApplication.refresh(SpringApplication.java:742) ~[spring-boot-2.1.6.RELEASE.jar:2.1.6.RELEASE]
	at org.springframework.boot.SpringApplication.refreshContext(SpringApplication.java:389) ~[spring-boot-2.1.6.RELEASE.jar:2.1.6.RELEASE]
	at org.springframework.boot.SpringApplication.run(SpringApplication.java:311) ~[spring-boot-2.1.6.RELEASE.jar:2.1.6.RELEASE]
	at org.springframework.boot.test.context.SpringBootContextLoader.loadContext(SpringBootContextLoader.java:119) ~[spring-boot-test-2.1.6.RELEASE.jar:2.1.6.RELEASE]
	at org.springframework.test.context.cache.DefaultCacheAwareContextLoaderDelegate.loadContextInternal(DefaultCacheAwareContextLoaderDelegate.java:99) ~[spring-test-5.1.8.RELEASE.jar:5.1.8.RELEASE]
	at org.springframework.test.context.cache.DefaultCacheAwareContextLoaderDelegate.loadContext(DefaultCacheAwareContextLoaderDelegate.java:117) ~[spring-test-5.1.8.RELEASE.jar:5.1.8.RELEASE]
	... 28 common frames omitted
Caused by: org.springframework.beans.factory.BeanCreationException: Error creating bean with name 'dataSource': Post-processing of FactoryBean's singleton object failed; nested exception is org.springframework.beans.factory.BeanCreationException: Error creating bean with name 'org.springframework.boot.autoconfigure.jdbc.DataSourceInitializerInvoker': Invocation of init method failed; nested exception is org.springframework.jdbc.datasource.init.ScriptStatementFailedException: Failed to execute SQL script statement #4 of URL [file:/C:/Users/naude/Desktop/IT%20Dev/Project1/AccountSystemRepository/target/test-classes/schema.sql]: CREATE TABLE VITRSA_SANDBOX.DEMO_ACCOUNT_TX ( TX_ID BIGINT NOT NULL, ACCOUNT_TYPE_ID BIGINT NOT NULL, MEMBER_ID BIGINT NOT NULL, AMOUNT BIGINT NOT NULL, TX_DATE DATE NOT NULL, PRIMARY KEY (TX_ID) CONSTRAINT FK_ACCOUNT_TYPE_ID FOREIGN KEY (ACCOUNT_TYPE_ID) REFERENCES VITRSA_SANDBOX.DEMO_ACCOUNT_TYPE (ACCOUNT_TYPE_ID) ); nested exception is org.h2.jdbc.JdbcSQLSyntaxErrorException: Syntax error in SQL statement "CREATE TABLE VITRSA_SANDBOX.DEMO_ACCOUNT_TX ( TX_ID BIGINT NOT NULL, ACCOUNT_TYPE_ID BIGINT NOT NULL, MEMBER_ID BIGINT NOT NULL, AMOUNT BIGINT NOT NULL, TX_DATE DATE NOT NULL, PRIMARY KEY (TX_ID) CONSTRAINT[*] FK_ACCOUNT_TYPE_ID FOREIGN KEY (ACCOUNT_TYPE_ID) REFERENCES VITRSA_SANDBOX.DEMO_ACCOUNT_TYPE (ACCOUNT_TYPE_ID) )"; expected "INDEX, ,, )"; SQL statement:
CREATE TABLE VITRSA_SANDBOX.DEMO_ACCOUNT_TX ( TX_ID BIGINT NOT NULL, ACCOUNT_TYPE_ID BIGINT NOT NULL, MEMBER_ID BIGINT NOT NULL, AMOUNT BIGINT NOT NULL, TX_DATE DATE NOT NULL, PRIMARY KEY (TX_ID) CONSTRAINT FK_ACCOUNT_TYPE_ID FOREIGN KEY (ACCOUNT_TYPE_ID) REFERENCES VITRSA_SANDBOX.DEMO_ACCOUNT_TYPE (ACCOUNT_TYPE_ID) ) [42001-199]
	at org.springframework.beans.factory.support.FactoryBeanRegistrySupport.getObjectFromFactoryBean(FactoryBeanRegistrySupport.java:119) ~[spring-beans-5.1.8.RELEASE.jar:5.1.8.RELEASE]
	at org.springframework.beans.factory.support.AbstractBeanFactory.getObjectForBeanInstance(AbstractBeanFactory.java:1674) ~[spring-beans-5.1.8.RELEASE.jar:5.1.8.RELEASE]
	at org.springframework.beans.factory.support.AbstractAutowireCapableBeanFactory.getObjectForBeanInstance(AbstractAutowireCapableBeanFactory.java:1249) ~[spring-beans-5.1.8.RELEASE.jar:5.1.8.RELEASE]
	at org.springframework.beans.factory.support.AbstractBeanFactory.doGetBean(AbstractBeanFactory.java:330) ~[spring-beans-5.1.8.RELEASE.jar:5.1.8.RELEASE]
	at org.springframework.beans.factory.support.AbstractBeanFactory.getBean(AbstractBeanFactory.java:199) ~[spring-beans-5.1.8.RELEASE.jar:5.1.8.RELEASE]
	at org.springframework.beans.factory.config.DependencyDescriptor.resolveCandidate(DependencyDescriptor.java:277) ~[spring-beans-5.1.8.RELEASE.jar:5.1.8.RELEASE]
	at org.springframework.beans.factory.support.DefaultListableBeanFactory.doResolveDependency(DefaultListableBeanFactory.java:1251) ~[spring-beans-5.1.8.RELEASE.jar:5.1.8.RELEASE]
	at org.springframework.beans.factory.support.DefaultListableBeanFactory.resolveDependency(DefaultListableBeanFactory.java:1171) ~[spring-beans-5.1.8.RELEASE.jar:5.1.8.RELEASE]
	at org.springframework.beans.factory.support.ConstructorResolver.resolveAutowiredArgument(ConstructorResolver.java:857) ~[spring-beans-5.1.8.RELEASE.jar:5.1.8.RELEASE]
	at org.springframework.beans.factory.support.ConstructorResolver.createArgumentArray(ConstructorResolver.java:760) ~[spring-beans-5.1.8.RELEASE.jar:5.1.8.RELEASE]
	... 55 common frames omitted
Caused by: org.springframework.beans.factory.BeanCreationException: Error creating bean with name 'org.springframework.boot.autoconfigure.jdbc.DataSourceInitializerInvoker': Invocation of init method failed; nested exception is org.springframework.jdbc.datasource.init.ScriptStatementFailedException: Failed to execute SQL script statement #4 of URL [file:/C:/Users/naude/Desktop/IT%20Dev/Project1/AccountSystemRepository/target/test-classes/schema.sql]: CREATE TABLE VITRSA_SANDBOX.DEMO_ACCOUNT_TX ( TX_ID BIGINT NOT NULL, ACCOUNT_TYPE_ID BIGINT NOT NULL, MEMBER_ID BIGINT NOT NULL, AMOUNT BIGINT NOT NULL, TX_DATE DATE NOT NULL, PRIMARY KEY (TX_ID) CONSTRAINT FK_ACCOUNT_TYPE_ID FOREIGN KEY (ACCOUNT_TYPE_ID) REFERENCES VITRSA_SANDBOX.DEMO_ACCOUNT_TYPE (ACCOUNT_TYPE_ID) ); nested exception is org.h2.jdbc.JdbcSQLSyntaxErrorException: Syntax error in SQL statement "CREATE TABLE VITRSA_SANDBOX.DEMO_ACCOUNT_TX ( TX_ID BIGINT NOT NULL, ACCOUNT_TYPE_ID BIGINT NOT NULL, MEMBER_ID BIGINT NOT NULL, AMOUNT BIGINT NOT NULL, TX_DATE DATE NOT NULL, PRIMARY KEY (TX_ID) CONSTRAINT[*] FK_ACCOUNT_TYPE_ID FOREIGN KEY (ACCOUNT_TYPE_ID) REFERENCES VITRSA_SANDBOX.DEMO_ACCOUNT_TYPE (ACCOUNT_TYPE_ID) )"; expected "INDEX, ,, )"; SQL statement:
CREATE TABLE VITRSA_SANDBOX.DEMO_ACCOUNT_TX ( TX_ID BIGINT NOT NULL, ACCOUNT_TYPE_ID BIGINT NOT NULL, MEMBER_ID BIGINT NOT NULL, AMOUNT BIGINT NOT NULL, TX_DATE DATE NOT NULL, PRIMARY KEY (TX_ID) CONSTRAINT FK_ACCOUNT_TYPE_ID FOREIGN KEY (ACCOUNT_TYPE_ID) REFERENCES VITRSA_SANDBOX.DEMO_ACCOUNT_TYPE (ACCOUNT_TYPE_ID) ) [42001-199]
	at org.springframework.beans.factory.support.AbstractAutowireCapableBeanFactory.initializeBean(AbstractAutowireCapableBeanFactory.java:1778) ~[spring-beans-5.1.8.RELEASE.jar:5.1.8.RELEASE]
	at org.springframework.beans.factory.support.AbstractAutowireCapableBeanFactory.doCreateBean(AbstractAutowireCapableBeanFactory.java:593) ~[spring-beans-5.1.8.RELEASE.jar:5.1.8.RELEASE]
	at org.springframework.beans.factory.support.AbstractAutowireCapableBeanFactory.createBean(AbstractAutowireCapableBeanFactory.java:515) ~[spring-beans-5.1.8.RELEASE.jar:5.1.8.RELEASE]
	at org.springframework.beans.factory.support.AbstractBeanFactory.lambda$doGetBean$0(AbstractBeanFactory.java:320) ~[spring-beans-5.1.8.RELEASE.jar:5.1.8.RELEASE]
	at org.springframework.beans.factory.support.DefaultSingletonBeanRegistry.getSingleton(DefaultSingletonBeanRegistry.java:222) ~[spring-beans-5.1.8.RELEASE.jar:5.1.8.RELEASE]
	at org.springframework.beans.factory.support.AbstractBeanFactory.doGetBean(AbstractBeanFactory.java:318) ~[spring-beans-5.1.8.RELEASE.jar:5.1.8.RELEASE]
	at org.springframework.beans.factory.support.AbstractBeanFactory.getBean(AbstractBeanFactory.java:224) ~[spring-beans-5.1.8.RELEASE.jar:5.1.8.RELEASE]
	at org.springframework.beans.factory.support.DefaultListableBeanFactory.resolveNamedBean(DefaultListableBeanFactory.java:1119) ~[spring-beans-5.1.8.RELEASE.jar:5.1.8.RELEASE]
	at org.springframework.beans.factory.support.DefaultListableBeanFactory.resolveBean(DefaultListableBeanFactory.java:411) ~[spring-beans-5.1.8.RELEASE.jar:5.1.8.RELEASE]
	at org.springframework.beans.factory.support.DefaultListableBeanFactory.getBean(DefaultListableBeanFactory.java:344) ~[spring-beans-5.1.8.RELEASE.jar:5.1.8.RELEASE]
	at org.springframework.beans.factory.support.DefaultListableBeanFactory.getBean(DefaultListableBeanFactory.java:337) ~[spring-beans-5.1.8.RELEASE.jar:5.1.8.RELEASE]
	at org.springframework.boot.autoconfigure.jdbc.DataSourceInitializerPostProcessor.postProcessAfterInitialization(DataSourceInitializerPostProcessor.java:53) ~[spring-boot-autoconfigure-2.1.6.RELEASE.jar:2.1.6.RELEASE]
	at org.springframework.beans.factory.support.AbstractAutowireCapableBeanFactory.applyBeanPostProcessorsAfterInitialization(AbstractAutowireCapableBeanFactory.java:429) ~[spring-beans-5.1.8.RELEASE.jar:5.1.8.RELEASE]
	at org.springframework.beans.factory.support.AbstractAutowireCapableBeanFactory.postProcessObjectFromFactoryBean(AbstractAutowireCapableBeanFactory.java:1921) ~[spring-beans-5.1.8.RELEASE.jar:5.1.8.RELEASE]
	at org.springframework.beans.factory.support.FactoryBeanRegistrySupport.getObjectFromFactoryBean(FactoryBeanRegistrySupport.java:116) ~[spring-beans-5.1.8.RELEASE.jar:5.1.8.RELEASE]
	... 64 common frames omitted
Caused by: org.springframework.jdbc.datasource.init.ScriptStatementFailedException: Failed to execute SQL script statement #4 of URL [file:/C:/Users/naude/Desktop/IT%20Dev/Project1/AccountSystemRepository/target/test-classes/schema.sql]: CREATE TABLE VITRSA_SANDBOX.DEMO_ACCOUNT_TX ( TX_ID BIGINT NOT NULL, ACCOUNT_TYPE_ID BIGINT NOT NULL, MEMBER_ID BIGINT NOT NULL, AMOUNT BIGINT NOT NULL, TX_DATE DATE NOT NULL, PRIMARY KEY (TX_ID) CONSTRAINT FK_ACCOUNT_TYPE_ID FOREIGN KEY (ACCOUNT_TYPE_ID) REFERENCES VITRSA_SANDBOX.DEMO_ACCOUNT_TYPE (ACCOUNT_TYPE_ID) ); nested exception is org.h2.jdbc.JdbcSQLSyntaxErrorException: Syntax error in SQL statement "CREATE TABLE VITRSA_SANDBOX.DEMO_ACCOUNT_TX ( TX_ID BIGINT NOT NULL, ACCOUNT_TYPE_ID BIGINT NOT NULL, MEMBER_ID BIGINT NOT NULL, AMOUNT BIGINT NOT NULL, TX_DATE DATE NOT NULL, PRIMARY KEY (TX_ID) CONSTRAINT[*] FK_ACCOUNT_TYPE_ID FOREIGN KEY (ACCOUNT_TYPE_ID) REFERENCES VITRSA_SANDBOX.DEMO_ACCOUNT_TYPE (ACCOUNT_TYPE_ID) )"; expected "INDEX, ,, )"; SQL statement:
CREATE TABLE VITRSA_SANDBOX.DEMO_ACCOUNT_TX ( TX_ID BIGINT NOT NULL, ACCOUNT_TYPE_ID BIGINT NOT NULL, MEMBER_ID BIGINT NOT NULL, AMOUNT BIGINT NOT NULL, TX_DATE DATE NOT NULL, PRIMARY KEY (TX_ID) CONSTRAINT FK_ACCOUNT_TYPE_ID FOREIGN KEY (ACCOUNT_TYPE_ID) REFERENCES VITRSA_SANDBOX.DEMO_ACCOUNT_TYPE (ACCOUNT_TYPE_ID) ) [42001-199]
	at org.springframework.jdbc.datasource.init.ScriptUtils.executeSqlScript(ScriptUtils.java:509) ~[spring-jdbc-5.1.8.RELEASE.jar:5.1.8.RELEASE]
	at org.springframework.jdbc.datasource.init.ResourceDatabasePopulator.populate(ResourceDatabasePopulator.java:238) ~[spring-jdbc-5.1.8.RELEASE.jar:5.1.8.RELEASE]
	at org.springframework.jdbc.datasource.init.DatabasePopulatorUtils.execute(DatabasePopulatorUtils.java:48) ~[spring-jdbc-5.1.8.RELEASE.jar:5.1.8.RELEASE]
	at org.springframework.boot.autoconfigure.jdbc.DataSourceInitializer.runScripts(DataSourceInitializer.java:202) ~[spring-boot-autoconfigure-2.1.6.RELEASE.jar:2.1.6.RELEASE]
	at org.springframework.boot.autoconfigure.jdbc.DataSourceInitializer.createSchema(DataSourceInitializer.java:101) ~[spring-boot-autoconfigure-2.1.6.RELEASE.jar:2.1.6.RELEASE]
	at org.springframework.boot.autoconfigure.jdbc.DataSourceInitializerInvoker.afterPropertiesSet(DataSourceInitializerInvoker.java:62) ~[spring-boot-autoconfigure-2.1.6.RELEASE.jar:2.1.6.RELEASE]
	at org.springframework.beans.factory.support.AbstractAutowireCapableBeanFactory.invokeInitMethods(AbstractAutowireCapableBeanFactory.java:1837) ~[spring-beans-5.1.8.RELEASE.jar:5.1.8.RELEASE]
	at org.springframework.beans.factory.support.AbstractAutowireCapableBeanFactory.initializeBean(AbstractAutowireCapableBeanFactory.java:1774) ~[spring-beans-5.1.8.RELEASE.jar:5.1.8.RELEASE]
	... 78 common frames omitted
Caused by: org.h2.jdbc.JdbcSQLSyntaxErrorException: Syntax error in SQL statement "CREATE TABLE VITRSA_SANDBOX.DEMO_ACCOUNT_TX ( TX_ID BIGINT NOT NULL, ACCOUNT_TYPE_ID BIGINT NOT NULL, MEMBER_ID BIGINT NOT NULL, AMOUNT BIGINT NOT NULL, TX_DATE DATE NOT NULL, PRIMARY KEY (TX_ID) CONSTRAINT[*] FK_ACCOUNT_TYPE_ID FOREIGN KEY (ACCOUNT_TYPE_ID) REFERENCES VITRSA_SANDBOX.DEMO_ACCOUNT_TYPE (ACCOUNT_TYPE_ID) )"; expected "INDEX, ,, )"; SQL statement:
CREATE TABLE VITRSA_SANDBOX.DEMO_ACCOUNT_TX ( TX_ID BIGINT NOT NULL, ACCOUNT_TYPE_ID BIGINT NOT NULL, MEMBER_ID BIGINT NOT NULL, AMOUNT BIGINT NOT NULL, TX_DATE DATE NOT NULL, PRIMARY KEY (TX_ID) CONSTRAINT FK_ACCOUNT_TYPE_ID FOREIGN KEY (ACCOUNT_TYPE_ID) REFERENCES VITRSA_SANDBOX.DEMO_ACCOUNT_TYPE (ACCOUNT_TYPE_ID) ) [42001-199]
	at org.h2.message.DbException.getJdbcSQLException(DbException.java:451) ~[h2-1.4.199.jar:1.4.199]
	at org.h2.message.DbException.getJdbcSQLException(DbException.java:427) ~[h2-1.4.199.jar:1.4.199]
	at org.h2.message.DbException.getSyntaxError(DbException.java:243) ~[h2-1.4.199.jar:1.4.199]
	at org.h2.command.Parser.getSyntaxError(Parser.java:991) ~[h2-1.4.199.jar:1.4.199]
	at org.h2.command.Parser.read(Parser.java:4549) ~[h2-1.4.199.jar:1.4.199]
	at org.h2.command.Parser.readIfMore(Parser.java:1391) ~[h2-1.4.199.jar:1.4.199]
	at org.h2.command.Parser.parseCreateTable(Parser.java:7833) ~[h2-1.4.199.jar:1.4.199]
	at org.h2.command.Parser.parseCreate(Parser.java:5818) ~[h2-1.4.199.jar:1.4.199]
	at org.h2.command.Parser.parsePrepared(Parser.java:846) ~[h2-1.4.199.jar:1.4.199]
	at org.h2.command.Parser.parse(Parser.java:788) ~[h2-1.4.199.jar:1.4.199]
	at org.h2.command.Parser.parse(Parser.java:764) ~[h2-1.4.199.jar:1.4.199]
	at org.h2.command.Parser.prepareCommand(Parser.java:683) ~[h2-1.4.199.jar:1.4.199]
	at org.h2.engine.Session.prepareLocal(Session.java:627) ~[h2-1.4.199.jar:1.4.199]
	at org.h2.engine.Session.prepareCommand(Session.java:565) ~[h2-1.4.199.jar:1.4.199]
	at org.h2.jdbc.JdbcConnection.prepareCommand(JdbcConnection.java:1292) ~[h2-1.4.199.jar:1.4.199]
	at org.h2.jdbc.JdbcStatement.executeInternal(JdbcStatement.java:217) ~[h2-1.4.199.jar:1.4.199]
	at org.h2.jdbc.JdbcStatement.execute(JdbcStatement.java:205) ~[h2-1.4.199.jar:1.4.199]
	at org.springframework.jdbc.datasource.init.ScriptUtils.executeSqlScript(ScriptUtils.java:488) ~[spring-jdbc-5.1.8.RELEASE.jar:5.1.8.RELEASE]
	... 85 common frames omitted

]]></system-out>
  </testcase>
  <testcase name="getAccountTypeDtoByMnemonic" classname="za.ac.nwu.ac.repo.persistence.AccountTypeRepositoryTest" time="0.001">
    <error message="Failed to load ApplicationContext" type="java.lang.IllegalStateException">java.lang.IllegalStateException: Failed to load ApplicationContext
Caused by: org.springframework.beans.factory.UnsatisfiedDependencyException: 
Error creating bean with name 'org.springframework.boot.autoconfigure.orm.jpa.HibernateJpaConfiguration': Unsatisfied dependency expressed through constructor parameter 0; nested exception is org.springframework.beans.factory.BeanCreationException: Error creating bean with name 'dataSource': Post-processing of FactoryBean's singleton object failed; nested exception is org.springframework.beans.factory.BeanCreationException: Error creating bean with name 'org.springframework.boot.autoconfigure.jdbc.DataSourceInitializerInvoker': Invocation of init method failed; nested exception is org.springframework.jdbc.datasource.init.ScriptStatementFailedException: Failed to execute SQL script statement #4 of URL [file:/C:/Users/naude/Desktop/IT%20Dev/Project1/AccountSystemRepository/target/test-classes/schema.sql]: CREATE TABLE VITRSA_SANDBOX.DEMO_ACCOUNT_TX ( TX_ID BIGINT NOT NULL, ACCOUNT_TYPE_ID BIGINT NOT NULL, MEMBER_ID BIGINT NOT NULL, AMOUNT BIGINT NOT NULL, TX_DATE DATE NOT NULL, PRIMARY KEY (TX_ID) CONSTRAINT FK_ACCOUNT_TYPE_ID FOREIGN KEY (ACCOUNT_TYPE_ID) REFERENCES VITRSA_SANDBOX.DEMO_ACCOUNT_TYPE (ACCOUNT_TYPE_ID) ); nested exception is org.h2.jdbc.JdbcSQLSyntaxErrorException: Syntax error in SQL statement "CREATE TABLE VITRSA_SANDBOX.DEMO_ACCOUNT_TX ( TX_ID BIGINT NOT NULL, ACCOUNT_TYPE_ID BIGINT NOT NULL, MEMBER_ID BIGINT NOT NULL, AMOUNT BIGINT NOT NULL, TX_DATE DATE NOT NULL, PRIMARY KEY (TX_ID) CONSTRAINT[*] FK_ACCOUNT_TYPE_ID FOREIGN KEY (ACCOUNT_TYPE_ID) REFERENCES VITRSA_SANDBOX.DEMO_ACCOUNT_TYPE (ACCOUNT_TYPE_ID) )"; expected "INDEX, ,, )"; SQL statement:
CREATE TABLE VITRSA_SANDBOX.DEMO_ACCOUNT_TX ( TX_ID BIGINT NOT NULL, ACCOUNT_TYPE_ID BIGINT NOT NULL, MEMBER_ID BIGINT NOT NULL, AMOUNT BIGINT NOT NULL, TX_DATE DATE NOT NULL, PRIMARY KEY (TX_ID) CONSTRAINT FK_ACCOUNT_TYPE_ID FOREIGN KEY (ACCOUNT_TYPE_ID) REFERENCES VITRSA_SANDBOX.DEMO_ACCOUNT_TYPE (ACCOUNT_TYPE_ID) ) [42001-199]
Caused by: org.springframework.beans.factory.BeanCreationException: 
Error creating bean with name 'dataSource': Post-processing of FactoryBean's singleton object failed; nested exception is org.springframework.beans.factory.BeanCreationException: Error creating bean with name 'org.springframework.boot.autoconfigure.jdbc.DataSourceInitializerInvoker': Invocation of init method failed; nested exception is org.springframework.jdbc.datasource.init.ScriptStatementFailedException: Failed to execute SQL script statement #4 of URL [file:/C:/Users/naude/Desktop/IT%20Dev/Project1/AccountSystemRepository/target/test-classes/schema.sql]: CREATE TABLE VITRSA_SANDBOX.DEMO_ACCOUNT_TX ( TX_ID BIGINT NOT NULL, ACCOUNT_TYPE_ID BIGINT NOT NULL, MEMBER_ID BIGINT NOT NULL, AMOUNT BIGINT NOT NULL, TX_DATE DATE NOT NULL, PRIMARY KEY (TX_ID) CONSTRAINT FK_ACCOUNT_TYPE_ID FOREIGN KEY (ACCOUNT_TYPE_ID) REFERENCES VITRSA_SANDBOX.DEMO_ACCOUNT_TYPE (ACCOUNT_TYPE_ID) ); nested exception is org.h2.jdbc.JdbcSQLSyntaxErrorException: Syntax error in SQL statement "CREATE TABLE VITRSA_SANDBOX.DEMO_ACCOUNT_TX ( TX_ID BIGINT NOT NULL, ACCOUNT_TYPE_ID BIGINT NOT NULL, MEMBER_ID BIGINT NOT NULL, AMOUNT BIGINT NOT NULL, TX_DATE DATE NOT NULL, PRIMARY KEY (TX_ID) CONSTRAINT[*] FK_ACCOUNT_TYPE_ID FOREIGN KEY (ACCOUNT_TYPE_ID) REFERENCES VITRSA_SANDBOX.DEMO_ACCOUNT_TYPE (ACCOUNT_TYPE_ID) )"; expected "INDEX, ,, )"; SQL statement:
CREATE TABLE VITRSA_SANDBOX.DEMO_ACCOUNT_TX ( TX_ID BIGINT NOT NULL, ACCOUNT_TYPE_ID BIGINT NOT NULL, MEMBER_ID BIGINT NOT NULL, AMOUNT BIGINT NOT NULL, TX_DATE DATE NOT NULL, PRIMARY KEY (TX_ID) CONSTRAINT FK_ACCOUNT_TYPE_ID FOREIGN KEY (ACCOUNT_TYPE_ID) REFERENCES VITRSA_SANDBOX.DEMO_ACCOUNT_TYPE (ACCOUNT_TYPE_ID) ) [42001-199]
Caused by: org.springframework.beans.factory.BeanCreationException: 
Error creating bean with name 'org.springframework.boot.autoconfigure.jdbc.DataSourceInitializerInvoker': Invocation of init method failed; nested exception is org.springframework.jdbc.datasource.init.ScriptStatementFailedException: Failed to execute SQL script statement #4 of URL [file:/C:/Users/naude/Desktop/IT%20Dev/Project1/AccountSystemRepository/target/test-classes/schema.sql]: CREATE TABLE VITRSA_SANDBOX.DEMO_ACCOUNT_TX ( TX_ID BIGINT NOT NULL, ACCOUNT_TYPE_ID BIGINT NOT NULL, MEMBER_ID BIGINT NOT NULL, AMOUNT BIGINT NOT NULL, TX_DATE DATE NOT NULL, PRIMARY KEY (TX_ID) CONSTRAINT FK_ACCOUNT_TYPE_ID FOREIGN KEY (ACCOUNT_TYPE_ID) REFERENCES VITRSA_SANDBOX.DEMO_ACCOUNT_TYPE (ACCOUNT_TYPE_ID) ); nested exception is org.h2.jdbc.JdbcSQLSyntaxErrorException: Syntax error in SQL statement "CREATE TABLE VITRSA_SANDBOX.DEMO_ACCOUNT_TX ( TX_ID BIGINT NOT NULL, ACCOUNT_TYPE_ID BIGINT NOT NULL, MEMBER_ID BIGINT NOT NULL, AMOUNT BIGINT NOT NULL, TX_DATE DATE NOT NULL, PRIMARY KEY (TX_ID) CONSTRAINT[*] FK_ACCOUNT_TYPE_ID FOREIGN KEY (ACCOUNT_TYPE_ID) REFERENCES VITRSA_SANDBOX.DEMO_ACCOUNT_TYPE (ACCOUNT_TYPE_ID) )"; expected "INDEX, ,, )"; SQL statement:
CREATE TABLE VITRSA_SANDBOX.DEMO_ACCOUNT_TX ( TX_ID BIGINT NOT NULL, ACCOUNT_TYPE_ID BIGINT NOT NULL, MEMBER_ID BIGINT NOT NULL, AMOUNT BIGINT NOT NULL, TX_DATE DATE NOT NULL, PRIMARY KEY (TX_ID) CONSTRAINT FK_ACCOUNT_TYPE_ID FOREIGN KEY (ACCOUNT_TYPE_ID) REFERENCES VITRSA_SANDBOX.DEMO_ACCOUNT_TYPE (ACCOUNT_TYPE_ID) ) [42001-199]
Caused by: org.springframework.jdbc.datasource.init.ScriptStatementFailedException: 
Failed to execute SQL script statement #4 of URL [file:/C:/Users/naude/Desktop/IT%20Dev/Project1/AccountSystemRepository/target/test-classes/schema.sql]: CREATE TABLE VITRSA_SANDBOX.DEMO_ACCOUNT_TX ( TX_ID BIGINT NOT NULL, ACCOUNT_TYPE_ID BIGINT NOT NULL, MEMBER_ID BIGINT NOT NULL, AMOUNT BIGINT NOT NULL, TX_DATE DATE NOT NULL, PRIMARY KEY (TX_ID) CONSTRAINT FK_ACCOUNT_TYPE_ID FOREIGN KEY (ACCOUNT_TYPE_ID) REFERENCES VITRSA_SANDBOX.DEMO_ACCOUNT_TYPE (ACCOUNT_TYPE_ID) ); nested exception is org.h2.jdbc.JdbcSQLSyntaxErrorException: Syntax error in SQL statement "CREATE TABLE VITRSA_SANDBOX.DEMO_ACCOUNT_TX ( TX_ID BIGINT NOT NULL, ACCOUNT_TYPE_ID BIGINT NOT NULL, MEMBER_ID BIGINT NOT NULL, AMOUNT BIGINT NOT NULL, TX_DATE DATE NOT NULL, PRIMARY KEY (TX_ID) CONSTRAINT[*] FK_ACCOUNT_TYPE_ID FOREIGN KEY (ACCOUNT_TYPE_ID) REFERENCES VITRSA_SANDBOX.DEMO_ACCOUNT_TYPE (ACCOUNT_TYPE_ID) )"; expected "INDEX, ,, )"; SQL statement:
CREATE TABLE VITRSA_SANDBOX.DEMO_ACCOUNT_TX ( TX_ID BIGINT NOT NULL, ACCOUNT_TYPE_ID BIGINT NOT NULL, MEMBER_ID BIGINT NOT NULL, AMOUNT BIGINT NOT NULL, TX_DATE DATE NOT NULL, PRIMARY KEY (TX_ID) CONSTRAINT FK_ACCOUNT_TYPE_ID FOREIGN KEY (ACCOUNT_TYPE_ID) REFERENCES VITRSA_SANDBOX.DEMO_ACCOUNT_TYPE (ACCOUNT_TYPE_ID) ) [42001-199]
Caused by: org.h2.jdbc.JdbcSQLSyntaxErrorException: 
Syntax error in SQL statement "CREATE TABLE VITRSA_SANDBOX.DEMO_ACCOUNT_TX ( TX_ID BIGINT NOT NULL, ACCOUNT_TYPE_ID BIGINT NOT NULL, MEMBER_ID BIGINT NOT NULL, AMOUNT BIGINT NOT NULL, TX_DATE DATE NOT NULL, PRIMARY KEY (TX_ID) CONSTRAINT[*] FK_ACCOUNT_TYPE_ID FOREIGN KEY (ACCOUNT_TYPE_ID) REFERENCES VITRSA_SANDBOX.DEMO_ACCOUNT_TYPE (ACCOUNT_TYPE_ID) )"; expected "INDEX, ,, )"; SQL statement:
CREATE TABLE VITRSA_SANDBOX.DEMO_ACCOUNT_TX ( TX_ID BIGINT NOT NULL, ACCOUNT_TYPE_ID BIGINT NOT NULL, MEMBER_ID BIGINT NOT NULL, AMOUNT BIGINT NOT NULL, TX_DATE DATE NOT NULL, PRIMARY KEY (TX_ID) CONSTRAINT FK_ACCOUNT_TYPE_ID FOREIGN KEY (ACCOUNT_TYPE_ID) REFERENCES VITRSA_SANDBOX.DEMO_ACCOUNT_TYPE (ACCOUNT_TYPE_ID) ) [42001-199]
</error>
    <system-out><![CDATA[
  .   ____          _            __ _ _
 /\\ / ___'_ __ _ _(_)_ __  __ _ \ \ \ \
( ( )\___ | '_ | '_| | '_ \/ _` | \ \ \ \
 \\/  ___)| |_)| | | | | || (_| |  ) ) ) )
  '  |____| .__|_| |_|_| |_\__, | / / / /
 =========|_|==============|___/=/_/_/_/
 :: Spring Boot ::        (v2.1.6.RELEASE)

2021-09-22 15:33:19.649  INFO 5696 --- [           main] z.a.n.a.r.p.AccountTypeRepositoryTest    : Starting AccountTypeRepositoryTest on DESKTOP-074OGOO with PID 5696 (started by naude in C:\Users\naude\Desktop\IT Dev\Project1\AccountSystemRepository)
2021-09-22 15:33:19.652  INFO 5696 --- [           main] z.a.n.a.r.p.AccountTypeRepositoryTest    : No active profile set, falling back to default profiles: default
2021-09-22 15:33:19.980  INFO 5696 --- [           main] .s.d.r.c.RepositoryConfigurationDelegate : Bootstrapping Spring Data repositories in DEFAULT mode.
2021-09-22 15:33:20.022  INFO 5696 --- [           main] .s.d.r.c.RepositoryConfigurationDelegate : Finished Spring Data repository scanning in 40ms. Found 1 repository interfaces.
2021-09-22 15:33:20.061  INFO 5696 --- [           main] beddedDataSourceBeanFactoryPostProcessor : Replacing 'dataSource' DataSource bean with embedded version
2021-09-22 15:33:20.179  INFO 5696 --- [           main] o.s.j.d.e.EmbeddedDatabaseFactory        : Starting embedded database: url='jdbc:h2:mem:a2f74bbc-713d-4951-8347-99f7b35f9cf9;DB_CLOSE_DELAY=-1;DB_CLOSE_ON_EXIT=false', username='sa'
2021-09-22 15:33:20.260  WARN 5696 --- [           main] s.c.a.AnnotationConfigApplicationContext : Exception encountered during context initialization - cancelling refresh attempt: org.springframework.beans.factory.UnsatisfiedDependencyException: Error creating bean with name 'org.springframework.boot.autoconfigure.orm.jpa.HibernateJpaConfiguration': Unsatisfied dependency expressed through constructor parameter 0; nested exception is org.springframework.beans.factory.BeanCreationException: Error creating bean with name 'dataSource': Post-processing of FactoryBean's singleton object failed; nested exception is org.springframework.beans.factory.BeanCreationException: Error creating bean with name 'org.springframework.boot.autoconfigure.jdbc.DataSourceInitializerInvoker': Invocation of init method failed; nested exception is org.springframework.jdbc.datasource.init.ScriptStatementFailedException: Failed to execute SQL script statement #4 of URL [file:/C:/Users/naude/Desktop/IT%20Dev/Project1/AccountSystemRepository/target/test-classes/schema.sql]: CREATE TABLE VITRSA_SANDBOX.DEMO_ACCOUNT_TX ( TX_ID BIGINT NOT NULL, ACCOUNT_TYPE_ID BIGINT NOT NULL, MEMBER_ID BIGINT NOT NULL, AMOUNT BIGINT NOT NULL, TX_DATE DATE NOT NULL, PRIMARY KEY (TX_ID) CONSTRAINT FK_ACCOUNT_TYPE_ID FOREIGN KEY (ACCOUNT_TYPE_ID) REFERENCES VITRSA_SANDBOX.DEMO_ACCOUNT_TYPE (ACCOUNT_TYPE_ID) ); nested exception is org.h2.jdbc.JdbcSQLSyntaxErrorException: Syntax error in SQL statement "CREATE TABLE VITRSA_SANDBOX.DEMO_ACCOUNT_TX ( TX_ID BIGINT NOT NULL, ACCOUNT_TYPE_ID BIGINT NOT NULL, MEMBER_ID BIGINT NOT NULL, AMOUNT BIGINT NOT NULL, TX_DATE DATE NOT NULL, PRIMARY KEY (TX_ID) CONSTRAINT[*] FK_ACCOUNT_TYPE_ID FOREIGN KEY (ACCOUNT_TYPE_ID) REFERENCES VITRSA_SANDBOX.DEMO_ACCOUNT_TYPE (ACCOUNT_TYPE_ID) )"; expected "INDEX, ,, )"; SQL statement:
CREATE TABLE VITRSA_SANDBOX.DEMO_ACCOUNT_TX ( TX_ID BIGINT NOT NULL, ACCOUNT_TYPE_ID BIGINT NOT NULL, MEMBER_ID BIGINT NOT NULL, AMOUNT BIGINT NOT NULL, TX_DATE DATE NOT NULL, PRIMARY KEY (TX_ID) CONSTRAINT FK_ACCOUNT_TYPE_ID FOREIGN KEY (ACCOUNT_TYPE_ID) REFERENCES VITRSA_SANDBOX.DEMO_ACCOUNT_TYPE (ACCOUNT_TYPE_ID) ) [42001-199]
2021-09-22 15:33:20.262  INFO 5696 --- [           main] ConditionEvaluationReportLoggingListener : 

Error starting ApplicationContext. To display the conditions report re-run your application with 'debug' enabled.
2021-09-22 15:33:20.264 ERROR 5696 --- [           main] o.s.boot.SpringApplication               : Application run failed

org.springframework.beans.factory.UnsatisfiedDependencyException: Error creating bean with name 'org.springframework.boot.autoconfigure.orm.jpa.HibernateJpaConfiguration': Unsatisfied dependency expressed through constructor parameter 0; nested exception is org.springframework.beans.factory.BeanCreationException: Error creating bean with name 'dataSource': Post-processing of FactoryBean's singleton object failed; nested exception is org.springframework.beans.factory.BeanCreationException: Error creating bean with name 'org.springframework.boot.autoconfigure.jdbc.DataSourceInitializerInvoker': Invocation of init method failed; nested exception is org.springframework.jdbc.datasource.init.ScriptStatementFailedException: Failed to execute SQL script statement #4 of URL [file:/C:/Users/naude/Desktop/IT%20Dev/Project1/AccountSystemRepository/target/test-classes/schema.sql]: CREATE TABLE VITRSA_SANDBOX.DEMO_ACCOUNT_TX ( TX_ID BIGINT NOT NULL, ACCOUNT_TYPE_ID BIGINT NOT NULL, MEMBER_ID BIGINT NOT NULL, AMOUNT BIGINT NOT NULL, TX_DATE DATE NOT NULL, PRIMARY KEY (TX_ID) CONSTRAINT FK_ACCOUNT_TYPE_ID FOREIGN KEY (ACCOUNT_TYPE_ID) REFERENCES VITRSA_SANDBOX.DEMO_ACCOUNT_TYPE (ACCOUNT_TYPE_ID) ); nested exception is org.h2.jdbc.JdbcSQLSyntaxErrorException: Syntax error in SQL statement "CREATE TABLE VITRSA_SANDBOX.DEMO_ACCOUNT_TX ( TX_ID BIGINT NOT NULL, ACCOUNT_TYPE_ID BIGINT NOT NULL, MEMBER_ID BIGINT NOT NULL, AMOUNT BIGINT NOT NULL, TX_DATE DATE NOT NULL, PRIMARY KEY (TX_ID) CONSTRAINT[*] FK_ACCOUNT_TYPE_ID FOREIGN KEY (ACCOUNT_TYPE_ID) REFERENCES VITRSA_SANDBOX.DEMO_ACCOUNT_TYPE (ACCOUNT_TYPE_ID) )"; expected "INDEX, ,, )"; SQL statement:
CREATE TABLE VITRSA_SANDBOX.DEMO_ACCOUNT_TX ( TX_ID BIGINT NOT NULL, ACCOUNT_TYPE_ID BIGINT NOT NULL, MEMBER_ID BIGINT NOT NULL, AMOUNT BIGINT NOT NULL, TX_DATE DATE NOT NULL, PRIMARY KEY (TX_ID) CONSTRAINT FK_ACCOUNT_TYPE_ID FOREIGN KEY (ACCOUNT_TYPE_ID) REFERENCES VITRSA_SANDBOX.DEMO_ACCOUNT_TYPE (ACCOUNT_TYPE_ID) ) [42001-199]
	at org.springframework.beans.factory.support.ConstructorResolver.createArgumentArray(ConstructorResolver.java:769) ~[spring-beans-5.1.8.RELEASE.jar:5.1.8.RELEASE]
	at org.springframework.beans.factory.support.ConstructorResolver.autowireConstructor(ConstructorResolver.java:218) ~[spring-beans-5.1.8.RELEASE.jar:5.1.8.RELEASE]
	at org.springframework.beans.factory.support.AbstractAutowireCapableBeanFactory.autowireConstructor(AbstractAutowireCapableBeanFactory.java:1341) ~[spring-beans-5.1.8.RELEASE.jar:5.1.8.RELEASE]
	at org.springframework.beans.factory.support.AbstractAutowireCapableBeanFactory.createBeanInstance(AbstractAutowireCapableBeanFactory.java:1187) ~[spring-beans-5.1.8.RELEASE.jar:5.1.8.RELEASE]
	at org.springframework.beans.factory.support.AbstractAutowireCapableBeanFactory.doCreateBean(AbstractAutowireCapableBeanFactory.java:555) ~[spring-beans-5.1.8.RELEASE.jar:5.1.8.RELEASE]
	at org.springframework.beans.factory.support.AbstractAutowireCapableBeanFactory.createBean(AbstractAutowireCapableBeanFactory.java:515) ~[spring-beans-5.1.8.RELEASE.jar:5.1.8.RELEASE]
	at org.springframework.beans.factory.support.AbstractBeanFactory.lambda$doGetBean$0(AbstractBeanFactory.java:320) ~[spring-beans-5.1.8.RELEASE.jar:5.1.8.RELEASE]
	at org.springframework.beans.factory.support.DefaultSingletonBeanRegistry.getSingleton(DefaultSingletonBeanRegistry.java:222) ~[spring-beans-5.1.8.RELEASE.jar:5.1.8.RELEASE]
	at org.springframework.beans.factory.support.AbstractBeanFactory.doGetBean(AbstractBeanFactory.java:318) ~[spring-beans-5.1.8.RELEASE.jar:5.1.8.RELEASE]
	at org.springframework.beans.factory.support.AbstractBeanFactory.getBean(AbstractBeanFactory.java:199) ~[spring-beans-5.1.8.RELEASE.jar:5.1.8.RELEASE]
	at org.springframework.beans.factory.support.ConstructorResolver.instantiateUsingFactoryMethod(ConstructorResolver.java:392) ~[spring-beans-5.1.8.RELEASE.jar:5.1.8.RELEASE]
	at org.springframework.beans.factory.support.AbstractAutowireCapableBeanFactory.instantiateUsingFactoryMethod(AbstractAutowireCapableBeanFactory.java:1321) ~[spring-beans-5.1.8.RELEASE.jar:5.1.8.RELEASE]
	at org.springframework.beans.factory.support.AbstractAutowireCapableBeanFactory.createBeanInstance(AbstractAutowireCapableBeanFactory.java:1160) ~[spring-beans-5.1.8.RELEASE.jar:5.1.8.RELEASE]
	at org.springframework.beans.factory.support.AbstractAutowireCapableBeanFactory.doCreateBean(AbstractAutowireCapableBeanFactory.java:555) ~[spring-beans-5.1.8.RELEASE.jar:5.1.8.RELEASE]
	at org.springframework.beans.factory.support.AbstractAutowireCapableBeanFactory.createBean(AbstractAutowireCapableBeanFactory.java:515) ~[spring-beans-5.1.8.RELEASE.jar:5.1.8.RELEASE]
	at org.springframework.beans.factory.support.AbstractBeanFactory.lambda$doGetBean$0(AbstractBeanFactory.java:320) ~[spring-beans-5.1.8.RELEASE.jar:5.1.8.RELEASE]
	at org.springframework.beans.factory.support.DefaultSingletonBeanRegistry.getSingleton(DefaultSingletonBeanRegistry.java:222) ~[spring-beans-5.1.8.RELEASE.jar:5.1.8.RELEASE]
	at org.springframework.beans.factory.support.AbstractBeanFactory.doGetBean(AbstractBeanFactory.java:318) ~[spring-beans-5.1.8.RELEASE.jar:5.1.8.RELEASE]
	at org.springframework.beans.factory.support.AbstractBeanFactory.getBean(AbstractBeanFactory.java:199) ~[spring-beans-5.1.8.RELEASE.jar:5.1.8.RELEASE]
	at org.springframework.context.support.AbstractApplicationContext.getBean(AbstractApplicationContext.java:1105) ~[spring-context-5.1.8.RELEASE.jar:5.1.8.RELEASE]
	at org.springframework.context.support.AbstractApplicationContext.finishBeanFactoryInitialization(AbstractApplicationContext.java:867) ~[spring-context-5.1.8.RELEASE.jar:5.1.8.RELEASE]
	at org.springframework.context.support.AbstractApplicationContext.refresh(AbstractApplicationContext.java:549) ~[spring-context-5.1.8.RELEASE.jar:5.1.8.RELEASE]
	at org.springframework.boot.SpringApplication.refresh(SpringApplication.java:742) ~[spring-boot-2.1.6.RELEASE.jar:2.1.6.RELEASE]
	at org.springframework.boot.SpringApplication.refreshContext(SpringApplication.java:389) ~[spring-boot-2.1.6.RELEASE.jar:2.1.6.RELEASE]
	at org.springframework.boot.SpringApplication.run(SpringApplication.java:311) ~[spring-boot-2.1.6.RELEASE.jar:2.1.6.RELEASE]
	at org.springframework.boot.test.context.SpringBootContextLoader.loadContext(SpringBootContextLoader.java:119) ~[spring-boot-test-2.1.6.RELEASE.jar:2.1.6.RELEASE]
	at org.springframework.test.context.cache.DefaultCacheAwareContextLoaderDelegate.loadContextInternal(DefaultCacheAwareContextLoaderDelegate.java:99) ~[spring-test-5.1.8.RELEASE.jar:5.1.8.RELEASE]
	at org.springframework.test.context.cache.DefaultCacheAwareContextLoaderDelegate.loadContext(DefaultCacheAwareContextLoaderDelegate.java:117) ~[spring-test-5.1.8.RELEASE.jar:5.1.8.RELEASE]
	at org.springframework.test.context.support.DefaultTestContext.getApplicationContext(DefaultTestContext.java:108) ~[spring-test-5.1.8.RELEASE.jar:5.1.8.RELEASE]
	at org.springframework.test.context.support.DependencyInjectionTestExecutionListener.injectDependencies(DependencyInjectionTestExecutionListener.java:118) ~[spring-test-5.1.8.RELEASE.jar:5.1.8.RELEASE]
	at org.springframework.test.context.support.DependencyInjectionTestExecutionListener.prepareTestInstance(DependencyInjectionTestExecutionListener.java:83) ~[spring-test-5.1.8.RELEASE.jar:5.1.8.RELEASE]
	at org.springframework.boot.test.autoconfigure.SpringBootDependencyInjectionTestExecutionListener.prepareTestInstance(SpringBootDependencyInjectionTestExecutionListener.java:43) ~[spring-boot-test-autoconfigure-2.1.6.RELEASE.jar:2.1.6.RELEASE]
	at org.springframework.test.context.TestContextManager.prepareTestInstance(TestContextManager.java:246) ~[spring-test-5.1.8.RELEASE.jar:5.1.8.RELEASE]
	at org.springframework.test.context.junit4.SpringJUnit4ClassRunner.createTest(SpringJUnit4ClassRunner.java:227) ~[spring-test-5.1.8.RELEASE.jar:5.1.8.RELEASE]
	at org.springframework.test.context.junit4.SpringJUnit4ClassRunner$1.runReflectiveCall(SpringJUnit4ClassRunner.java:289) ~[spring-test-5.1.8.RELEASE.jar:5.1.8.RELEASE]
	at org.junit.internal.runners.model.ReflectiveCallable.run(ReflectiveCallable.java:12) ~[junit-4.12.jar:4.12]
	at org.springframework.test.context.junit4.SpringJUnit4ClassRunner.methodBlock(SpringJUnit4ClassRunner.java:291) ~[spring-test-5.1.8.RELEASE.jar:5.1.8.RELEASE]
	at org.springframework.test.context.junit4.SpringJUnit4ClassRunner.runChild(SpringJUnit4ClassRunner.java:246) ~[spring-test-5.1.8.RELEASE.jar:5.1.8.RELEASE]
	at org.springframework.test.context.junit4.SpringJUnit4ClassRunner.runChild(SpringJUnit4ClassRunner.java:97) ~[spring-test-5.1.8.RELEASE.jar:5.1.8.RELEASE]
	at org.junit.runners.ParentRunner$3.run(ParentRunner.java:290) ~[junit-4.12.jar:4.12]
	at org.junit.runners.ParentRunner$1.schedule(ParentRunner.java:71) ~[junit-4.12.jar:4.12]
	at org.junit.runners.ParentRunner.runChildren(ParentRunner.java:288) ~[junit-4.12.jar:4.12]
	at org.junit.runners.ParentRunner.access$000(ParentRunner.java:58) ~[junit-4.12.jar:4.12]
	at org.junit.runners.ParentRunner$2.evaluate(ParentRunner.java:268) ~[junit-4.12.jar:4.12]
	at org.springframework.test.context.junit4.statements.RunBeforeTestClassCallbacks.evaluate(RunBeforeTestClassCallbacks.java:61) ~[spring-test-5.1.8.RELEASE.jar:5.1.8.RELEASE]
	at org.springframework.test.context.junit4.statements.RunAfterTestClassCallbacks.evaluate(RunAfterTestClassCallbacks.java:70) ~[spring-test-5.1.8.RELEASE.jar:5.1.8.RELEASE]
	at org.junit.runners.ParentRunner.run(ParentRunner.java:363) ~[junit-4.12.jar:4.12]
	at org.springframework.test.context.junit4.SpringJUnit4ClassRunner.run(SpringJUnit4ClassRunner.java:190) ~[spring-test-5.1.8.RELEASE.jar:5.1.8.RELEASE]
	at org.apache.maven.surefire.junit4.JUnit4Provider.execute(JUnit4Provider.java:365) ~[surefire-junit4-2.22.2.jar:2.22.2]
	at org.apache.maven.surefire.junit4.JUnit4Provider.executeWithRerun(JUnit4Provider.java:273) ~[surefire-junit4-2.22.2.jar:2.22.2]
	at org.apache.maven.surefire.junit4.JUnit4Provider.executeTestSet(JUnit4Provider.java:238) ~[surefire-junit4-2.22.2.jar:2.22.2]
	at org.apache.maven.surefire.junit4.JUnit4Provider.invoke(JUnit4Provider.java:159) ~[surefire-junit4-2.22.2.jar:2.22.2]
	at org.apache.maven.surefire.booter.ForkedBooter.invokeProviderInSameClassLoader(ForkedBooter.java:384) ~[surefire-booter-2.22.2.jar:2.22.2]
	at org.apache.maven.surefire.booter.ForkedBooter.runSuitesInProcess(ForkedBooter.java:345) ~[surefire-booter-2.22.2.jar:2.22.2]
	at org.apache.maven.surefire.booter.ForkedBooter.execute(ForkedBooter.java:126) ~[surefire-booter-2.22.2.jar:2.22.2]
	at org.apache.maven.surefire.booter.ForkedBooter.main(ForkedBooter.java:418) ~[surefire-booter-2.22.2.jar:2.22.2]
Caused by: org.springframework.beans.factory.BeanCreationException: Error creating bean with name 'dataSource': Post-processing of FactoryBean's singleton object failed; nested exception is org.springframework.beans.factory.BeanCreationException: Error creating bean with name 'org.springframework.boot.autoconfigure.jdbc.DataSourceInitializerInvoker': Invocation of init method failed; nested exception is org.springframework.jdbc.datasource.init.ScriptStatementFailedException: Failed to execute SQL script statement #4 of URL [file:/C:/Users/naude/Desktop/IT%20Dev/Project1/AccountSystemRepository/target/test-classes/schema.sql]: CREATE TABLE VITRSA_SANDBOX.DEMO_ACCOUNT_TX ( TX_ID BIGINT NOT NULL, ACCOUNT_TYPE_ID BIGINT NOT NULL, MEMBER_ID BIGINT NOT NULL, AMOUNT BIGINT NOT NULL, TX_DATE DATE NOT NULL, PRIMARY KEY (TX_ID) CONSTRAINT FK_ACCOUNT_TYPE_ID FOREIGN KEY (ACCOUNT_TYPE_ID) REFERENCES VITRSA_SANDBOX.DEMO_ACCOUNT_TYPE (ACCOUNT_TYPE_ID) ); nested exception is org.h2.jdbc.JdbcSQLSyntaxErrorException: Syntax error in SQL statement "CREATE TABLE VITRSA_SANDBOX.DEMO_ACCOUNT_TX ( TX_ID BIGINT NOT NULL, ACCOUNT_TYPE_ID BIGINT NOT NULL, MEMBER_ID BIGINT NOT NULL, AMOUNT BIGINT NOT NULL, TX_DATE DATE NOT NULL, PRIMARY KEY (TX_ID) CONSTRAINT[*] FK_ACCOUNT_TYPE_ID FOREIGN KEY (ACCOUNT_TYPE_ID) REFERENCES VITRSA_SANDBOX.DEMO_ACCOUNT_TYPE (ACCOUNT_TYPE_ID) )"; expected "INDEX, ,, )"; SQL statement:
CREATE TABLE VITRSA_SANDBOX.DEMO_ACCOUNT_TX ( TX_ID BIGINT NOT NULL, ACCOUNT_TYPE_ID BIGINT NOT NULL, MEMBER_ID BIGINT NOT NULL, AMOUNT BIGINT NOT NULL, TX_DATE DATE NOT NULL, PRIMARY KEY (TX_ID) CONSTRAINT FK_ACCOUNT_TYPE_ID FOREIGN KEY (ACCOUNT_TYPE_ID) REFERENCES VITRSA_SANDBOX.DEMO_ACCOUNT_TYPE (ACCOUNT_TYPE_ID) ) [42001-199]
	at org.springframework.beans.factory.support.FactoryBeanRegistrySupport.getObjectFromFactoryBean(FactoryBeanRegistrySupport.java:119) ~[spring-beans-5.1.8.RELEASE.jar:5.1.8.RELEASE]
	at org.springframework.beans.factory.support.AbstractBeanFactory.getObjectForBeanInstance(AbstractBeanFactory.java:1674) ~[spring-beans-5.1.8.RELEASE.jar:5.1.8.RELEASE]
	at org.springframework.beans.factory.support.AbstractAutowireCapableBeanFactory.getObjectForBeanInstance(AbstractAutowireCapableBeanFactory.java:1249) ~[spring-beans-5.1.8.RELEASE.jar:5.1.8.RELEASE]
	at org.springframework.beans.factory.support.AbstractBeanFactory.doGetBean(AbstractBeanFactory.java:330) ~[spring-beans-5.1.8.RELEASE.jar:5.1.8.RELEASE]
	at org.springframework.beans.factory.support.AbstractBeanFactory.getBean(AbstractBeanFactory.java:199) ~[spring-beans-5.1.8.RELEASE.jar:5.1.8.RELEASE]
	at org.springframework.beans.factory.config.DependencyDescriptor.resolveCandidate(DependencyDescriptor.java:277) ~[spring-beans-5.1.8.RELEASE.jar:5.1.8.RELEASE]
	at org.springframework.beans.factory.support.DefaultListableBeanFactory.doResolveDependency(DefaultListableBeanFactory.java:1251) ~[spring-beans-5.1.8.RELEASE.jar:5.1.8.RELEASE]
	at org.springframework.beans.factory.support.DefaultListableBeanFactory.resolveDependency(DefaultListableBeanFactory.java:1171) ~[spring-beans-5.1.8.RELEASE.jar:5.1.8.RELEASE]
	at org.springframework.beans.factory.support.ConstructorResolver.resolveAutowiredArgument(ConstructorResolver.java:857) ~[spring-beans-5.1.8.RELEASE.jar:5.1.8.RELEASE]
	at org.springframework.beans.factory.support.ConstructorResolver.createArgumentArray(ConstructorResolver.java:760) ~[spring-beans-5.1.8.RELEASE.jar:5.1.8.RELEASE]
	... 55 common frames omitted
Caused by: org.springframework.beans.factory.BeanCreationException: Error creating bean with name 'org.springframework.boot.autoconfigure.jdbc.DataSourceInitializerInvoker': Invocation of init method failed; nested exception is org.springframework.jdbc.datasource.init.ScriptStatementFailedException: Failed to execute SQL script statement #4 of URL [file:/C:/Users/naude/Desktop/IT%20Dev/Project1/AccountSystemRepository/target/test-classes/schema.sql]: CREATE TABLE VITRSA_SANDBOX.DEMO_ACCOUNT_TX ( TX_ID BIGINT NOT NULL, ACCOUNT_TYPE_ID BIGINT NOT NULL, MEMBER_ID BIGINT NOT NULL, AMOUNT BIGINT NOT NULL, TX_DATE DATE NOT NULL, PRIMARY KEY (TX_ID) CONSTRAINT FK_ACCOUNT_TYPE_ID FOREIGN KEY (ACCOUNT_TYPE_ID) REFERENCES VITRSA_SANDBOX.DEMO_ACCOUNT_TYPE (ACCOUNT_TYPE_ID) ); nested exception is org.h2.jdbc.JdbcSQLSyntaxErrorException: Syntax error in SQL statement "CREATE TABLE VITRSA_SANDBOX.DEMO_ACCOUNT_TX ( TX_ID BIGINT NOT NULL, ACCOUNT_TYPE_ID BIGINT NOT NULL, MEMBER_ID BIGINT NOT NULL, AMOUNT BIGINT NOT NULL, TX_DATE DATE NOT NULL, PRIMARY KEY (TX_ID) CONSTRAINT[*] FK_ACCOUNT_TYPE_ID FOREIGN KEY (ACCOUNT_TYPE_ID) REFERENCES VITRSA_SANDBOX.DEMO_ACCOUNT_TYPE (ACCOUNT_TYPE_ID) )"; expected "INDEX, ,, )"; SQL statement:
CREATE TABLE VITRSA_SANDBOX.DEMO_ACCOUNT_TX ( TX_ID BIGINT NOT NULL, ACCOUNT_TYPE_ID BIGINT NOT NULL, MEMBER_ID BIGINT NOT NULL, AMOUNT BIGINT NOT NULL, TX_DATE DATE NOT NULL, PRIMARY KEY (TX_ID) CONSTRAINT FK_ACCOUNT_TYPE_ID FOREIGN KEY (ACCOUNT_TYPE_ID) REFERENCES VITRSA_SANDBOX.DEMO_ACCOUNT_TYPE (ACCOUNT_TYPE_ID) ) [42001-199]
	at org.springframework.beans.factory.support.AbstractAutowireCapableBeanFactory.initializeBean(AbstractAutowireCapableBeanFactory.java:1778) ~[spring-beans-5.1.8.RELEASE.jar:5.1.8.RELEASE]
	at org.springframework.beans.factory.support.AbstractAutowireCapableBeanFactory.doCreateBean(AbstractAutowireCapableBeanFactory.java:593) ~[spring-beans-5.1.8.RELEASE.jar:5.1.8.RELEASE]
	at org.springframework.beans.factory.support.AbstractAutowireCapableBeanFactory.createBean(AbstractAutowireCapableBeanFactory.java:515) ~[spring-beans-5.1.8.RELEASE.jar:5.1.8.RELEASE]
	at org.springframework.beans.factory.support.AbstractBeanFactory.lambda$doGetBean$0(AbstractBeanFactory.java:320) ~[spring-beans-5.1.8.RELEASE.jar:5.1.8.RELEASE]
	at org.springframework.beans.factory.support.DefaultSingletonBeanRegistry.getSingleton(DefaultSingletonBeanRegistry.java:222) ~[spring-beans-5.1.8.RELEASE.jar:5.1.8.RELEASE]
	at org.springframework.beans.factory.support.AbstractBeanFactory.doGetBean(AbstractBeanFactory.java:318) ~[spring-beans-5.1.8.RELEASE.jar:5.1.8.RELEASE]
	at org.springframework.beans.factory.support.AbstractBeanFactory.getBean(AbstractBeanFactory.java:224) ~[spring-beans-5.1.8.RELEASE.jar:5.1.8.RELEASE]
	at org.springframework.beans.factory.support.DefaultListableBeanFactory.resolveNamedBean(DefaultListableBeanFactory.java:1119) ~[spring-beans-5.1.8.RELEASE.jar:5.1.8.RELEASE]
	at org.springframework.beans.factory.support.DefaultListableBeanFactory.resolveBean(DefaultListableBeanFactory.java:411) ~[spring-beans-5.1.8.RELEASE.jar:5.1.8.RELEASE]
	at org.springframework.beans.factory.support.DefaultListableBeanFactory.getBean(DefaultListableBeanFactory.java:344) ~[spring-beans-5.1.8.RELEASE.jar:5.1.8.RELEASE]
	at org.springframework.beans.factory.support.DefaultListableBeanFactory.getBean(DefaultListableBeanFactory.java:337) ~[spring-beans-5.1.8.RELEASE.jar:5.1.8.RELEASE]
	at org.springframework.boot.autoconfigure.jdbc.DataSourceInitializerPostProcessor.postProcessAfterInitialization(DataSourceInitializerPostProcessor.java:53) ~[spring-boot-autoconfigure-2.1.6.RELEASE.jar:2.1.6.RELEASE]
	at org.springframework.beans.factory.support.AbstractAutowireCapableBeanFactory.applyBeanPostProcessorsAfterInitialization(AbstractAutowireCapableBeanFactory.java:429) ~[spring-beans-5.1.8.RELEASE.jar:5.1.8.RELEASE]
	at org.springframework.beans.factory.support.AbstractAutowireCapableBeanFactory.postProcessObjectFromFactoryBean(AbstractAutowireCapableBeanFactory.java:1921) ~[spring-beans-5.1.8.RELEASE.jar:5.1.8.RELEASE]
	at org.springframework.beans.factory.support.FactoryBeanRegistrySupport.getObjectFromFactoryBean(FactoryBeanRegistrySupport.java:116) ~[spring-beans-5.1.8.RELEASE.jar:5.1.8.RELEASE]
	... 64 common frames omitted
Caused by: org.springframework.jdbc.datasource.init.ScriptStatementFailedException: Failed to execute SQL script statement #4 of URL [file:/C:/Users/naude/Desktop/IT%20Dev/Project1/AccountSystemRepository/target/test-classes/schema.sql]: CREATE TABLE VITRSA_SANDBOX.DEMO_ACCOUNT_TX ( TX_ID BIGINT NOT NULL, ACCOUNT_TYPE_ID BIGINT NOT NULL, MEMBER_ID BIGINT NOT NULL, AMOUNT BIGINT NOT NULL, TX_DATE DATE NOT NULL, PRIMARY KEY (TX_ID) CONSTRAINT FK_ACCOUNT_TYPE_ID FOREIGN KEY (ACCOUNT_TYPE_ID) REFERENCES VITRSA_SANDBOX.DEMO_ACCOUNT_TYPE (ACCOUNT_TYPE_ID) ); nested exception is org.h2.jdbc.JdbcSQLSyntaxErrorException: Syntax error in SQL statement "CREATE TABLE VITRSA_SANDBOX.DEMO_ACCOUNT_TX ( TX_ID BIGINT NOT NULL, ACCOUNT_TYPE_ID BIGINT NOT NULL, MEMBER_ID BIGINT NOT NULL, AMOUNT BIGINT NOT NULL, TX_DATE DATE NOT NULL, PRIMARY KEY (TX_ID) CONSTRAINT[*] FK_ACCOUNT_TYPE_ID FOREIGN KEY (ACCOUNT_TYPE_ID) REFERENCES VITRSA_SANDBOX.DEMO_ACCOUNT_TYPE (ACCOUNT_TYPE_ID) )"; expected "INDEX, ,, )"; SQL statement:
CREATE TABLE VITRSA_SANDBOX.DEMO_ACCOUNT_TX ( TX_ID BIGINT NOT NULL, ACCOUNT_TYPE_ID BIGINT NOT NULL, MEMBER_ID BIGINT NOT NULL, AMOUNT BIGINT NOT NULL, TX_DATE DATE NOT NULL, PRIMARY KEY (TX_ID) CONSTRAINT FK_ACCOUNT_TYPE_ID FOREIGN KEY (ACCOUNT_TYPE_ID) REFERENCES VITRSA_SANDBOX.DEMO_ACCOUNT_TYPE (ACCOUNT_TYPE_ID) ) [42001-199]
	at org.springframework.jdbc.datasource.init.ScriptUtils.executeSqlScript(ScriptUtils.java:509) ~[spring-jdbc-5.1.8.RELEASE.jar:5.1.8.RELEASE]
	at org.springframework.jdbc.datasource.init.ResourceDatabasePopulator.populate(ResourceDatabasePopulator.java:238) ~[spring-jdbc-5.1.8.RELEASE.jar:5.1.8.RELEASE]
	at org.springframework.jdbc.datasource.init.DatabasePopulatorUtils.execute(DatabasePopulatorUtils.java:48) ~[spring-jdbc-5.1.8.RELEASE.jar:5.1.8.RELEASE]
	at org.springframework.boot.autoconfigure.jdbc.DataSourceInitializer.runScripts(DataSourceInitializer.java:202) ~[spring-boot-autoconfigure-2.1.6.RELEASE.jar:2.1.6.RELEASE]
	at org.springframework.boot.autoconfigure.jdbc.DataSourceInitializer.createSchema(DataSourceInitializer.java:101) ~[spring-boot-autoconfigure-2.1.6.RELEASE.jar:2.1.6.RELEASE]
	at org.springframework.boot.autoconfigure.jdbc.DataSourceInitializerInvoker.afterPropertiesSet(DataSourceInitializerInvoker.java:62) ~[spring-boot-autoconfigure-2.1.6.RELEASE.jar:2.1.6.RELEASE]
	at org.springframework.beans.factory.support.AbstractAutowireCapableBeanFactory.invokeInitMethods(AbstractAutowireCapableBeanFactory.java:1837) ~[spring-beans-5.1.8.RELEASE.jar:5.1.8.RELEASE]
	at org.springframework.beans.factory.support.AbstractAutowireCapableBeanFactory.initializeBean(AbstractAutowireCapableBeanFactory.java:1774) ~[spring-beans-5.1.8.RELEASE.jar:5.1.8.RELEASE]
	... 78 common frames omitted
Caused by: org.h2.jdbc.JdbcSQLSyntaxErrorException: Syntax error in SQL statement "CREATE TABLE VITRSA_SANDBOX.DEMO_ACCOUNT_TX ( TX_ID BIGINT NOT NULL, ACCOUNT_TYPE_ID BIGINT NOT NULL, MEMBER_ID BIGINT NOT NULL, AMOUNT BIGINT NOT NULL, TX_DATE DATE NOT NULL, PRIMARY KEY (TX_ID) CONSTRAINT[*] FK_ACCOUNT_TYPE_ID FOREIGN KEY (ACCOUNT_TYPE_ID) REFERENCES VITRSA_SANDBOX.DEMO_ACCOUNT_TYPE (ACCOUNT_TYPE_ID) )"; expected "INDEX, ,, )"; SQL statement:
CREATE TABLE VITRSA_SANDBOX.DEMO_ACCOUNT_TX ( TX_ID BIGINT NOT NULL, ACCOUNT_TYPE_ID BIGINT NOT NULL, MEMBER_ID BIGINT NOT NULL, AMOUNT BIGINT NOT NULL, TX_DATE DATE NOT NULL, PRIMARY KEY (TX_ID) CONSTRAINT FK_ACCOUNT_TYPE_ID FOREIGN KEY (ACCOUNT_TYPE_ID) REFERENCES VITRSA_SANDBOX.DEMO_ACCOUNT_TYPE (ACCOUNT_TYPE_ID) ) [42001-199]
	at org.h2.message.DbException.getJdbcSQLException(DbException.java:451) ~[h2-1.4.199.jar:1.4.199]
	at org.h2.message.DbException.getJdbcSQLException(DbException.java:427) ~[h2-1.4.199.jar:1.4.199]
	at org.h2.message.DbException.getSyntaxError(DbException.java:243) ~[h2-1.4.199.jar:1.4.199]
	at org.h2.command.Parser.getSyntaxError(Parser.java:991) ~[h2-1.4.199.jar:1.4.199]
	at org.h2.command.Parser.read(Parser.java:4549) ~[h2-1.4.199.jar:1.4.199]
	at org.h2.command.Parser.readIfMore(Parser.java:1391) ~[h2-1.4.199.jar:1.4.199]
	at org.h2.command.Parser.parseCreateTable(Parser.java:7833) ~[h2-1.4.199.jar:1.4.199]
	at org.h2.command.Parser.parseCreate(Parser.java:5818) ~[h2-1.4.199.jar:1.4.199]
	at org.h2.command.Parser.parsePrepared(Parser.java:846) ~[h2-1.4.199.jar:1.4.199]
	at org.h2.command.Parser.parse(Parser.java:788) ~[h2-1.4.199.jar:1.4.199]
	at org.h2.command.Parser.parse(Parser.java:764) ~[h2-1.4.199.jar:1.4.199]
	at org.h2.command.Parser.prepareCommand(Parser.java:683) ~[h2-1.4.199.jar:1.4.199]
	at org.h2.engine.Session.prepareLocal(Session.java:627) ~[h2-1.4.199.jar:1.4.199]
	at org.h2.engine.Session.prepareCommand(Session.java:565) ~[h2-1.4.199.jar:1.4.199]
	at org.h2.jdbc.JdbcConnection.prepareCommand(JdbcConnection.java:1292) ~[h2-1.4.199.jar:1.4.199]
	at org.h2.jdbc.JdbcStatement.executeInternal(JdbcStatement.java:217) ~[h2-1.4.199.jar:1.4.199]
	at org.h2.jdbc.JdbcStatement.execute(JdbcStatement.java:205) ~[h2-1.4.199.jar:1.4.199]
	at org.springframework.jdbc.datasource.init.ScriptUtils.executeSqlScript(ScriptUtils.java:488) ~[spring-jdbc-5.1.8.RELEASE.jar:5.1.8.RELEASE]
	... 85 common frames omitted


  .   ____          _            __ _ _
 /\\ / ___'_ __ _ _(_)_ __  __ _ \ \ \ \
( ( )\___ | '_ | '_| | '_ \/ _` | \ \ \ \
 \\/  ___)| |_)| | | | | || (_| |  ) ) ) )
  '  |____| .__|_| |_|_| |_\__, | / / / /
 =========|_|==============|___/=/_/_/_/
 :: Spring Boot ::        (v2.1.6.RELEASE)

2021-09-22 15:33:20.350  INFO 5696 --- [           main] z.a.n.a.r.p.AccountTypeRepositoryTest    : Starting AccountTypeRepositoryTest on DESKTOP-074OGOO with PID 5696 (started by naude in C:\Users\naude\Desktop\IT Dev\Project1\AccountSystemRepository)
2021-09-22 15:33:20.351  INFO 5696 --- [           main] z.a.n.a.r.p.AccountTypeRepositoryTest    : No active profile set, falling back to default profiles: default
2021-09-22 15:33:20.573  INFO 5696 --- [           main] .s.d.r.c.RepositoryConfigurationDelegate : Bootstrapping Spring Data repositories in DEFAULT mode.
2021-09-22 15:33:20.596  INFO 5696 --- [           main] .s.d.r.c.RepositoryConfigurationDelegate : Finished Spring Data repository scanning in 23ms. Found 1 repository interfaces.
2021-09-22 15:33:20.629  INFO 5696 --- [           main] beddedDataSourceBeanFactoryPostProcessor : Replacing 'dataSource' DataSource bean with embedded version
2021-09-22 15:33:20.687  INFO 5696 --- [           main] o.s.j.d.e.EmbeddedDatabaseFactory        : Starting embedded database: url='jdbc:h2:mem:92f354a8-a9a8-417a-a6c2-4c5f678a98a7;DB_CLOSE_DELAY=-1;DB_CLOSE_ON_EXIT=false', username='sa'
2021-09-22 15:33:20.778  WARN 5696 --- [           main] s.c.a.AnnotationConfigApplicationContext : Exception encountered during context initialization - cancelling refresh attempt: org.springframework.beans.factory.UnsatisfiedDependencyException: Error creating bean with name 'org.springframework.boot.autoconfigure.orm.jpa.HibernateJpaConfiguration': Unsatisfied dependency expressed through constructor parameter 0; nested exception is org.springframework.beans.factory.BeanCreationException: Error creating bean with name 'dataSource': Post-processing of FactoryBean's singleton object failed; nested exception is org.springframework.beans.factory.BeanCreationException: Error creating bean with name 'org.springframework.boot.autoconfigure.jdbc.DataSourceInitializerInvoker': Invocation of init method failed; nested exception is org.springframework.jdbc.datasource.init.ScriptStatementFailedException: Failed to execute SQL script statement #4 of URL [file:/C:/Users/naude/Desktop/IT%20Dev/Project1/AccountSystemRepository/target/test-classes/schema.sql]: CREATE TABLE VITRSA_SANDBOX.DEMO_ACCOUNT_TX ( TX_ID BIGINT NOT NULL, ACCOUNT_TYPE_ID BIGINT NOT NULL, MEMBER_ID BIGINT NOT NULL, AMOUNT BIGINT NOT NULL, TX_DATE DATE NOT NULL, PRIMARY KEY (TX_ID) CONSTRAINT FK_ACCOUNT_TYPE_ID FOREIGN KEY (ACCOUNT_TYPE_ID) REFERENCES VITRSA_SANDBOX.DEMO_ACCOUNT_TYPE (ACCOUNT_TYPE_ID) ); nested exception is org.h2.jdbc.JdbcSQLSyntaxErrorException: Syntax error in SQL statement "CREATE TABLE VITRSA_SANDBOX.DEMO_ACCOUNT_TX ( TX_ID BIGINT NOT NULL, ACCOUNT_TYPE_ID BIGINT NOT NULL, MEMBER_ID BIGINT NOT NULL, AMOUNT BIGINT NOT NULL, TX_DATE DATE NOT NULL, PRIMARY KEY (TX_ID) CONSTRAINT[*] FK_ACCOUNT_TYPE_ID FOREIGN KEY (ACCOUNT_TYPE_ID) REFERENCES VITRSA_SANDBOX.DEMO_ACCOUNT_TYPE (ACCOUNT_TYPE_ID) )"; expected "INDEX, ,, )"; SQL statement:
CREATE TABLE VITRSA_SANDBOX.DEMO_ACCOUNT_TX ( TX_ID BIGINT NOT NULL, ACCOUNT_TYPE_ID BIGINT NOT NULL, MEMBER_ID BIGINT NOT NULL, AMOUNT BIGINT NOT NULL, TX_DATE DATE NOT NULL, PRIMARY KEY (TX_ID) CONSTRAINT FK_ACCOUNT_TYPE_ID FOREIGN KEY (ACCOUNT_TYPE_ID) REFERENCES VITRSA_SANDBOX.DEMO_ACCOUNT_TYPE (ACCOUNT_TYPE_ID) ) [42001-199]
2021-09-22 15:33:20.780  INFO 5696 --- [           main] ConditionEvaluationReportLoggingListener : 

Error starting ApplicationContext. To display the conditions report re-run your application with 'debug' enabled.
2021-09-22 15:33:20.783 ERROR 5696 --- [           main] o.s.boot.SpringApplication               : Application run failed

org.springframework.beans.factory.UnsatisfiedDependencyException: Error creating bean with name 'org.springframework.boot.autoconfigure.orm.jpa.HibernateJpaConfiguration': Unsatisfied dependency expressed through constructor parameter 0; nested exception is org.springframework.beans.factory.BeanCreationException: Error creating bean with name 'dataSource': Post-processing of FactoryBean's singleton object failed; nested exception is org.springframework.beans.factory.BeanCreationException: Error creating bean with name 'org.springframework.boot.autoconfigure.jdbc.DataSourceInitializerInvoker': Invocation of init method failed; nested exception is org.springframework.jdbc.datasource.init.ScriptStatementFailedException: Failed to execute SQL script statement #4 of URL [file:/C:/Users/naude/Desktop/IT%20Dev/Project1/AccountSystemRepository/target/test-classes/schema.sql]: CREATE TABLE VITRSA_SANDBOX.DEMO_ACCOUNT_TX ( TX_ID BIGINT NOT NULL, ACCOUNT_TYPE_ID BIGINT NOT NULL, MEMBER_ID BIGINT NOT NULL, AMOUNT BIGINT NOT NULL, TX_DATE DATE NOT NULL, PRIMARY KEY (TX_ID) CONSTRAINT FK_ACCOUNT_TYPE_ID FOREIGN KEY (ACCOUNT_TYPE_ID) REFERENCES VITRSA_SANDBOX.DEMO_ACCOUNT_TYPE (ACCOUNT_TYPE_ID) ); nested exception is org.h2.jdbc.JdbcSQLSyntaxErrorException: Syntax error in SQL statement "CREATE TABLE VITRSA_SANDBOX.DEMO_ACCOUNT_TX ( TX_ID BIGINT NOT NULL, ACCOUNT_TYPE_ID BIGINT NOT NULL, MEMBER_ID BIGINT NOT NULL, AMOUNT BIGINT NOT NULL, TX_DATE DATE NOT NULL, PRIMARY KEY (TX_ID) CONSTRAINT[*] FK_ACCOUNT_TYPE_ID FOREIGN KEY (ACCOUNT_TYPE_ID) REFERENCES VITRSA_SANDBOX.DEMO_ACCOUNT_TYPE (ACCOUNT_TYPE_ID) )"; expected "INDEX, ,, )"; SQL statement:
CREATE TABLE VITRSA_SANDBOX.DEMO_ACCOUNT_TX ( TX_ID BIGINT NOT NULL, ACCOUNT_TYPE_ID BIGINT NOT NULL, MEMBER_ID BIGINT NOT NULL, AMOUNT BIGINT NOT NULL, TX_DATE DATE NOT NULL, PRIMARY KEY (TX_ID) CONSTRAINT FK_ACCOUNT_TYPE_ID FOREIGN KEY (ACCOUNT_TYPE_ID) REFERENCES VITRSA_SANDBOX.DEMO_ACCOUNT_TYPE (ACCOUNT_TYPE_ID) ) [42001-199]
	at org.springframework.beans.factory.support.ConstructorResolver.createArgumentArray(ConstructorResolver.java:769) ~[spring-beans-5.1.8.RELEASE.jar:5.1.8.RELEASE]
	at org.springframework.beans.factory.support.ConstructorResolver.autowireConstructor(ConstructorResolver.java:218) ~[spring-beans-5.1.8.RELEASE.jar:5.1.8.RELEASE]
	at org.springframework.beans.factory.support.AbstractAutowireCapableBeanFactory.autowireConstructor(AbstractAutowireCapableBeanFactory.java:1341) ~[spring-beans-5.1.8.RELEASE.jar:5.1.8.RELEASE]
	at org.springframework.beans.factory.support.AbstractAutowireCapableBeanFactory.createBeanInstance(AbstractAutowireCapableBeanFactory.java:1187) ~[spring-beans-5.1.8.RELEASE.jar:5.1.8.RELEASE]
	at org.springframework.beans.factory.support.AbstractAutowireCapableBeanFactory.doCreateBean(AbstractAutowireCapableBeanFactory.java:555) ~[spring-beans-5.1.8.RELEASE.jar:5.1.8.RELEASE]
	at org.springframework.beans.factory.support.AbstractAutowireCapableBeanFactory.createBean(AbstractAutowireCapableBeanFactory.java:515) ~[spring-beans-5.1.8.RELEASE.jar:5.1.8.RELEASE]
	at org.springframework.beans.factory.support.AbstractBeanFactory.lambda$doGetBean$0(AbstractBeanFactory.java:320) ~[spring-beans-5.1.8.RELEASE.jar:5.1.8.RELEASE]
	at org.springframework.beans.factory.support.DefaultSingletonBeanRegistry.getSingleton(DefaultSingletonBeanRegistry.java:222) ~[spring-beans-5.1.8.RELEASE.jar:5.1.8.RELEASE]
	at org.springframework.beans.factory.support.AbstractBeanFactory.doGetBean(AbstractBeanFactory.java:318) ~[spring-beans-5.1.8.RELEASE.jar:5.1.8.RELEASE]
	at org.springframework.beans.factory.support.AbstractBeanFactory.getBean(AbstractBeanFactory.java:199) ~[spring-beans-5.1.8.RELEASE.jar:5.1.8.RELEASE]
	at org.springframework.beans.factory.support.ConstructorResolver.instantiateUsingFactoryMethod(ConstructorResolver.java:392) ~[spring-beans-5.1.8.RELEASE.jar:5.1.8.RELEASE]
	at org.springframework.beans.factory.support.AbstractAutowireCapableBeanFactory.instantiateUsingFactoryMethod(AbstractAutowireCapableBeanFactory.java:1321) ~[spring-beans-5.1.8.RELEASE.jar:5.1.8.RELEASE]
	at org.springframework.beans.factory.support.AbstractAutowireCapableBeanFactory.createBeanInstance(AbstractAutowireCapableBeanFactory.java:1160) ~[spring-beans-5.1.8.RELEASE.jar:5.1.8.RELEASE]
	at org.springframework.beans.factory.support.AbstractAutowireCapableBeanFactory.doCreateBean(AbstractAutowireCapableBeanFactory.java:555) ~[spring-beans-5.1.8.RELEASE.jar:5.1.8.RELEASE]
	at org.springframework.beans.factory.support.AbstractAutowireCapableBeanFactory.createBean(AbstractAutowireCapableBeanFactory.java:515) ~[spring-beans-5.1.8.RELEASE.jar:5.1.8.RELEASE]
	at org.springframework.beans.factory.support.AbstractBeanFactory.lambda$doGetBean$0(AbstractBeanFactory.java:320) ~[spring-beans-5.1.8.RELEASE.jar:5.1.8.RELEASE]
	at org.springframework.beans.factory.support.DefaultSingletonBeanRegistry.getSingleton(DefaultSingletonBeanRegistry.java:222) ~[spring-beans-5.1.8.RELEASE.jar:5.1.8.RELEASE]
	at org.springframework.beans.factory.support.AbstractBeanFactory.doGetBean(AbstractBeanFactory.java:318) ~[spring-beans-5.1.8.RELEASE.jar:5.1.8.RELEASE]
	at org.springframework.beans.factory.support.AbstractBeanFactory.getBean(AbstractBeanFactory.java:199) ~[spring-beans-5.1.8.RELEASE.jar:5.1.8.RELEASE]
	at org.springframework.context.support.AbstractApplicationContext.getBean(AbstractApplicationContext.java:1105) ~[spring-context-5.1.8.RELEASE.jar:5.1.8.RELEASE]
	at org.springframework.context.support.AbstractApplicationContext.finishBeanFactoryInitialization(AbstractApplicationContext.java:867) ~[spring-context-5.1.8.RELEASE.jar:5.1.8.RELEASE]
	at org.springframework.context.support.AbstractApplicationContext.refresh(AbstractApplicationContext.java:549) ~[spring-context-5.1.8.RELEASE.jar:5.1.8.RELEASE]
	at org.springframework.boot.SpringApplication.refresh(SpringApplication.java:742) ~[spring-boot-2.1.6.RELEASE.jar:2.1.6.RELEASE]
	at org.springframework.boot.SpringApplication.refreshContext(SpringApplication.java:389) ~[spring-boot-2.1.6.RELEASE.jar:2.1.6.RELEASE]
	at org.springframework.boot.SpringApplication.run(SpringApplication.java:311) ~[spring-boot-2.1.6.RELEASE.jar:2.1.6.RELEASE]
	at org.springframework.boot.test.context.SpringBootContextLoader.loadContext(SpringBootContextLoader.java:119) ~[spring-boot-test-2.1.6.RELEASE.jar:2.1.6.RELEASE]
	at org.springframework.test.context.cache.DefaultCacheAwareContextLoaderDelegate.loadContextInternal(DefaultCacheAwareContextLoaderDelegate.java:99) ~[spring-test-5.1.8.RELEASE.jar:5.1.8.RELEASE]
	at org.springframework.test.context.cache.DefaultCacheAwareContextLoaderDelegate.loadContext(DefaultCacheAwareContextLoaderDelegate.java:117) ~[spring-test-5.1.8.RELEASE.jar:5.1.8.RELEASE]
	at org.springframework.test.context.support.DefaultTestContext.getApplicationContext(DefaultTestContext.java:108) ~[spring-test-5.1.8.RELEASE.jar:5.1.8.RELEASE]
	at org.springframework.boot.test.autoconfigure.SpringBootDependencyInjectionTestExecutionListener.outputConditionEvaluationReport(SpringBootDependencyInjectionTestExecutionListener.java:53) ~[spring-boot-test-autoconfigure-2.1.6.RELEASE.jar:2.1.6.RELEASE]
	at org.springframework.boot.test.autoconfigure.SpringBootDependencyInjectionTestExecutionListener.prepareTestInstance(SpringBootDependencyInjectionTestExecutionListener.java:46) ~[spring-boot-test-autoconfigure-2.1.6.RELEASE.jar:2.1.6.RELEASE]
	at org.springframework.test.context.TestContextManager.prepareTestInstance(TestContextManager.java:246) ~[spring-test-5.1.8.RELEASE.jar:5.1.8.RELEASE]
	at org.springframework.test.context.junit4.SpringJUnit4ClassRunner.createTest(SpringJUnit4ClassRunner.java:227) ~[spring-test-5.1.8.RELEASE.jar:5.1.8.RELEASE]
	at org.springframework.test.context.junit4.SpringJUnit4ClassRunner$1.runReflectiveCall(SpringJUnit4ClassRunner.java:289) ~[spring-test-5.1.8.RELEASE.jar:5.1.8.RELEASE]
	at org.junit.internal.runners.model.ReflectiveCallable.run(ReflectiveCallable.java:12) ~[junit-4.12.jar:4.12]
	at org.springframework.test.context.junit4.SpringJUnit4ClassRunner.methodBlock(SpringJUnit4ClassRunner.java:291) ~[spring-test-5.1.8.RELEASE.jar:5.1.8.RELEASE]
	at org.springframework.test.context.junit4.SpringJUnit4ClassRunner.runChild(SpringJUnit4ClassRunner.java:246) ~[spring-test-5.1.8.RELEASE.jar:5.1.8.RELEASE]
	at org.springframework.test.context.junit4.SpringJUnit4ClassRunner.runChild(SpringJUnit4ClassRunner.java:97) ~[spring-test-5.1.8.RELEASE.jar:5.1.8.RELEASE]
	at org.junit.runners.ParentRunner$3.run(ParentRunner.java:290) ~[junit-4.12.jar:4.12]
	at org.junit.runners.ParentRunner$1.schedule(ParentRunner.java:71) ~[junit-4.12.jar:4.12]
	at org.junit.runners.ParentRunner.runChildren(ParentRunner.java:288) ~[junit-4.12.jar:4.12]
	at org.junit.runners.ParentRunner.access$000(ParentRunner.java:58) ~[junit-4.12.jar:4.12]
	at org.junit.runners.ParentRunner$2.evaluate(ParentRunner.java:268) ~[junit-4.12.jar:4.12]
	at org.springframework.test.context.junit4.statements.RunBeforeTestClassCallbacks.evaluate(RunBeforeTestClassCallbacks.java:61) ~[spring-test-5.1.8.RELEASE.jar:5.1.8.RELEASE]
	at org.springframework.test.context.junit4.statements.RunAfterTestClassCallbacks.evaluate(RunAfterTestClassCallbacks.java:70) ~[spring-test-5.1.8.RELEASE.jar:5.1.8.RELEASE]
	at org.junit.runners.ParentRunner.run(ParentRunner.java:363) ~[junit-4.12.jar:4.12]
	at org.springframework.test.context.junit4.SpringJUnit4ClassRunner.run(SpringJUnit4ClassRunner.java:190) ~[spring-test-5.1.8.RELEASE.jar:5.1.8.RELEASE]
	at org.apache.maven.surefire.junit4.JUnit4Provider.execute(JUnit4Provider.java:365) ~[surefire-junit4-2.22.2.jar:2.22.2]
	at org.apache.maven.surefire.junit4.JUnit4Provider.executeWithRerun(JUnit4Provider.java:273) ~[surefire-junit4-2.22.2.jar:2.22.2]
	at org.apache.maven.surefire.junit4.JUnit4Provider.executeTestSet(JUnit4Provider.java:238) ~[surefire-junit4-2.22.2.jar:2.22.2]
	at org.apache.maven.surefire.junit4.JUnit4Provider.invoke(JUnit4Provider.java:159) ~[surefire-junit4-2.22.2.jar:2.22.2]
	at org.apache.maven.surefire.booter.ForkedBooter.invokeProviderInSameClassLoader(ForkedBooter.java:384) ~[surefire-booter-2.22.2.jar:2.22.2]
	at org.apache.maven.surefire.booter.ForkedBooter.runSuitesInProcess(ForkedBooter.java:345) ~[surefire-booter-2.22.2.jar:2.22.2]
	at org.apache.maven.surefire.booter.ForkedBooter.execute(ForkedBooter.java:126) ~[surefire-booter-2.22.2.jar:2.22.2]
	at org.apache.maven.surefire.booter.ForkedBooter.main(ForkedBooter.java:418) ~[surefire-booter-2.22.2.jar:2.22.2]
Caused by: org.springframework.beans.factory.BeanCreationException: Error creating bean with name 'dataSource': Post-processing of FactoryBean's singleton object failed; nested exception is org.springframework.beans.factory.BeanCreationException: Error creating bean with name 'org.springframework.boot.autoconfigure.jdbc.DataSourceInitializerInvoker': Invocation of init method failed; nested exception is org.springframework.jdbc.datasource.init.ScriptStatementFailedException: Failed to execute SQL script statement #4 of URL [file:/C:/Users/naude/Desktop/IT%20Dev/Project1/AccountSystemRepository/target/test-classes/schema.sql]: CREATE TABLE VITRSA_SANDBOX.DEMO_ACCOUNT_TX ( TX_ID BIGINT NOT NULL, ACCOUNT_TYPE_ID BIGINT NOT NULL, MEMBER_ID BIGINT NOT NULL, AMOUNT BIGINT NOT NULL, TX_DATE DATE NOT NULL, PRIMARY KEY (TX_ID) CONSTRAINT FK_ACCOUNT_TYPE_ID FOREIGN KEY (ACCOUNT_TYPE_ID) REFERENCES VITRSA_SANDBOX.DEMO_ACCOUNT_TYPE (ACCOUNT_TYPE_ID) ); nested exception is org.h2.jdbc.JdbcSQLSyntaxErrorException: Syntax error in SQL statement "CREATE TABLE VITRSA_SANDBOX.DEMO_ACCOUNT_TX ( TX_ID BIGINT NOT NULL, ACCOUNT_TYPE_ID BIGINT NOT NULL, MEMBER_ID BIGINT NOT NULL, AMOUNT BIGINT NOT NULL, TX_DATE DATE NOT NULL, PRIMARY KEY (TX_ID) CONSTRAINT[*] FK_ACCOUNT_TYPE_ID FOREIGN KEY (ACCOUNT_TYPE_ID) REFERENCES VITRSA_SANDBOX.DEMO_ACCOUNT_TYPE (ACCOUNT_TYPE_ID) )"; expected "INDEX, ,, )"; SQL statement:
CREATE TABLE VITRSA_SANDBOX.DEMO_ACCOUNT_TX ( TX_ID BIGINT NOT NULL, ACCOUNT_TYPE_ID BIGINT NOT NULL, MEMBER_ID BIGINT NOT NULL, AMOUNT BIGINT NOT NULL, TX_DATE DATE NOT NULL, PRIMARY KEY (TX_ID) CONSTRAINT FK_ACCOUNT_TYPE_ID FOREIGN KEY (ACCOUNT_TYPE_ID) REFERENCES VITRSA_SANDBOX.DEMO_ACCOUNT_TYPE (ACCOUNT_TYPE_ID) ) [42001-199]
	at org.springframework.beans.factory.support.FactoryBeanRegistrySupport.getObjectFromFactoryBean(FactoryBeanRegistrySupport.java:119) ~[spring-beans-5.1.8.RELEASE.jar:5.1.8.RELEASE]
	at org.springframework.beans.factory.support.AbstractBeanFactory.getObjectForBeanInstance(AbstractBeanFactory.java:1674) ~[spring-beans-5.1.8.RELEASE.jar:5.1.8.RELEASE]
	at org.springframework.beans.factory.support.AbstractAutowireCapableBeanFactory.getObjectForBeanInstance(AbstractAutowireCapableBeanFactory.java:1249) ~[spring-beans-5.1.8.RELEASE.jar:5.1.8.RELEASE]
	at org.springframework.beans.factory.support.AbstractBeanFactory.doGetBean(AbstractBeanFactory.java:330) ~[spring-beans-5.1.8.RELEASE.jar:5.1.8.RELEASE]
	at org.springframework.beans.factory.support.AbstractBeanFactory.getBean(AbstractBeanFactory.java:199) ~[spring-beans-5.1.8.RELEASE.jar:5.1.8.RELEASE]
	at org.springframework.beans.factory.config.DependencyDescriptor.resolveCandidate(DependencyDescriptor.java:277) ~[spring-beans-5.1.8.RELEASE.jar:5.1.8.RELEASE]
	at org.springframework.beans.factory.support.DefaultListableBeanFactory.doResolveDependency(DefaultListableBeanFactory.java:1251) ~[spring-beans-5.1.8.RELEASE.jar:5.1.8.RELEASE]
	at org.springframework.beans.factory.support.DefaultListableBeanFactory.resolveDependency(DefaultListableBeanFactory.java:1171) ~[spring-beans-5.1.8.RELEASE.jar:5.1.8.RELEASE]
	at org.springframework.beans.factory.support.ConstructorResolver.resolveAutowiredArgument(ConstructorResolver.java:857) ~[spring-beans-5.1.8.RELEASE.jar:5.1.8.RELEASE]
	at org.springframework.beans.factory.support.ConstructorResolver.createArgumentArray(ConstructorResolver.java:760) ~[spring-beans-5.1.8.RELEASE.jar:5.1.8.RELEASE]
	... 54 common frames omitted
Caused by: org.springframework.beans.factory.BeanCreationException: Error creating bean with name 'org.springframework.boot.autoconfigure.jdbc.DataSourceInitializerInvoker': Invocation of init method failed; nested exception is org.springframework.jdbc.datasource.init.ScriptStatementFailedException: Failed to execute SQL script statement #4 of URL [file:/C:/Users/naude/Desktop/IT%20Dev/Project1/AccountSystemRepository/target/test-classes/schema.sql]: CREATE TABLE VITRSA_SANDBOX.DEMO_ACCOUNT_TX ( TX_ID BIGINT NOT NULL, ACCOUNT_TYPE_ID BIGINT NOT NULL, MEMBER_ID BIGINT NOT NULL, AMOUNT BIGINT NOT NULL, TX_DATE DATE NOT NULL, PRIMARY KEY (TX_ID) CONSTRAINT FK_ACCOUNT_TYPE_ID FOREIGN KEY (ACCOUNT_TYPE_ID) REFERENCES VITRSA_SANDBOX.DEMO_ACCOUNT_TYPE (ACCOUNT_TYPE_ID) ); nested exception is org.h2.jdbc.JdbcSQLSyntaxErrorException: Syntax error in SQL statement "CREATE TABLE VITRSA_SANDBOX.DEMO_ACCOUNT_TX ( TX_ID BIGINT NOT NULL, ACCOUNT_TYPE_ID BIGINT NOT NULL, MEMBER_ID BIGINT NOT NULL, AMOUNT BIGINT NOT NULL, TX_DATE DATE NOT NULL, PRIMARY KEY (TX_ID) CONSTRAINT[*] FK_ACCOUNT_TYPE_ID FOREIGN KEY (ACCOUNT_TYPE_ID) REFERENCES VITRSA_SANDBOX.DEMO_ACCOUNT_TYPE (ACCOUNT_TYPE_ID) )"; expected "INDEX, ,, )"; SQL statement:
CREATE TABLE VITRSA_SANDBOX.DEMO_ACCOUNT_TX ( TX_ID BIGINT NOT NULL, ACCOUNT_TYPE_ID BIGINT NOT NULL, MEMBER_ID BIGINT NOT NULL, AMOUNT BIGINT NOT NULL, TX_DATE DATE NOT NULL, PRIMARY KEY (TX_ID) CONSTRAINT FK_ACCOUNT_TYPE_ID FOREIGN KEY (ACCOUNT_TYPE_ID) REFERENCES VITRSA_SANDBOX.DEMO_ACCOUNT_TYPE (ACCOUNT_TYPE_ID) ) [42001-199]
	at org.springframework.beans.factory.support.AbstractAutowireCapableBeanFactory.initializeBean(AbstractAutowireCapableBeanFactory.java:1778) ~[spring-beans-5.1.8.RELEASE.jar:5.1.8.RELEASE]
	at org.springframework.beans.factory.support.AbstractAutowireCapableBeanFactory.doCreateBean(AbstractAutowireCapableBeanFactory.java:593) ~[spring-beans-5.1.8.RELEASE.jar:5.1.8.RELEASE]
	at org.springframework.beans.factory.support.AbstractAutowireCapableBeanFactory.createBean(AbstractAutowireCapableBeanFactory.java:515) ~[spring-beans-5.1.8.RELEASE.jar:5.1.8.RELEASE]
	at org.springframework.beans.factory.support.AbstractBeanFactory.lambda$doGetBean$0(AbstractBeanFactory.java:320) ~[spring-beans-5.1.8.RELEASE.jar:5.1.8.RELEASE]
	at org.springframework.beans.factory.support.DefaultSingletonBeanRegistry.getSingleton(DefaultSingletonBeanRegistry.java:222) ~[spring-beans-5.1.8.RELEASE.jar:5.1.8.RELEASE]
	at org.springframework.beans.factory.support.AbstractBeanFactory.doGetBean(AbstractBeanFactory.java:318) ~[spring-beans-5.1.8.RELEASE.jar:5.1.8.RELEASE]
	at org.springframework.beans.factory.support.AbstractBeanFactory.getBean(AbstractBeanFactory.java:224) ~[spring-beans-5.1.8.RELEASE.jar:5.1.8.RELEASE]
	at org.springframework.beans.factory.support.DefaultListableBeanFactory.resolveNamedBean(DefaultListableBeanFactory.java:1119) ~[spring-beans-5.1.8.RELEASE.jar:5.1.8.RELEASE]
	at org.springframework.beans.factory.support.DefaultListableBeanFactory.resolveBean(DefaultListableBeanFactory.java:411) ~[spring-beans-5.1.8.RELEASE.jar:5.1.8.RELEASE]
	at org.springframework.beans.factory.support.DefaultListableBeanFactory.getBean(DefaultListableBeanFactory.java:344) ~[spring-beans-5.1.8.RELEASE.jar:5.1.8.RELEASE]
	at org.springframework.beans.factory.support.DefaultListableBeanFactory.getBean(DefaultListableBeanFactory.java:337) ~[spring-beans-5.1.8.RELEASE.jar:5.1.8.RELEASE]
	at org.springframework.boot.autoconfigure.jdbc.DataSourceInitializerPostProcessor.postProcessAfterInitialization(DataSourceInitializerPostProcessor.java:53) ~[spring-boot-autoconfigure-2.1.6.RELEASE.jar:2.1.6.RELEASE]
	at org.springframework.beans.factory.support.AbstractAutowireCapableBeanFactory.applyBeanPostProcessorsAfterInitialization(AbstractAutowireCapableBeanFactory.java:429) ~[spring-beans-5.1.8.RELEASE.jar:5.1.8.RELEASE]
	at org.springframework.beans.factory.support.AbstractAutowireCapableBeanFactory.postProcessObjectFromFactoryBean(AbstractAutowireCapableBeanFactory.java:1921) ~[spring-beans-5.1.8.RELEASE.jar:5.1.8.RELEASE]
	at org.springframework.beans.factory.support.FactoryBeanRegistrySupport.getObjectFromFactoryBean(FactoryBeanRegistrySupport.java:116) ~[spring-beans-5.1.8.RELEASE.jar:5.1.8.RELEASE]
	... 63 common frames omitted
Caused by: org.springframework.jdbc.datasource.init.ScriptStatementFailedException: Failed to execute SQL script statement #4 of URL [file:/C:/Users/naude/Desktop/IT%20Dev/Project1/AccountSystemRepository/target/test-classes/schema.sql]: CREATE TABLE VITRSA_SANDBOX.DEMO_ACCOUNT_TX ( TX_ID BIGINT NOT NULL, ACCOUNT_TYPE_ID BIGINT NOT NULL, MEMBER_ID BIGINT NOT NULL, AMOUNT BIGINT NOT NULL, TX_DATE DATE NOT NULL, PRIMARY KEY (TX_ID) CONSTRAINT FK_ACCOUNT_TYPE_ID FOREIGN KEY (ACCOUNT_TYPE_ID) REFERENCES VITRSA_SANDBOX.DEMO_ACCOUNT_TYPE (ACCOUNT_TYPE_ID) ); nested exception is org.h2.jdbc.JdbcSQLSyntaxErrorException: Syntax error in SQL statement "CREATE TABLE VITRSA_SANDBOX.DEMO_ACCOUNT_TX ( TX_ID BIGINT NOT NULL, ACCOUNT_TYPE_ID BIGINT NOT NULL, MEMBER_ID BIGINT NOT NULL, AMOUNT BIGINT NOT NULL, TX_DATE DATE NOT NULL, PRIMARY KEY (TX_ID) CONSTRAINT[*] FK_ACCOUNT_TYPE_ID FOREIGN KEY (ACCOUNT_TYPE_ID) REFERENCES VITRSA_SANDBOX.DEMO_ACCOUNT_TYPE (ACCOUNT_TYPE_ID) )"; expected "INDEX, ,, )"; SQL statement:
CREATE TABLE VITRSA_SANDBOX.DEMO_ACCOUNT_TX ( TX_ID BIGINT NOT NULL, ACCOUNT_TYPE_ID BIGINT NOT NULL, MEMBER_ID BIGINT NOT NULL, AMOUNT BIGINT NOT NULL, TX_DATE DATE NOT NULL, PRIMARY KEY (TX_ID) CONSTRAINT FK_ACCOUNT_TYPE_ID FOREIGN KEY (ACCOUNT_TYPE_ID) REFERENCES VITRSA_SANDBOX.DEMO_ACCOUNT_TYPE (ACCOUNT_TYPE_ID) ) [42001-199]
	at org.springframework.jdbc.datasource.init.ScriptUtils.executeSqlScript(ScriptUtils.java:509) ~[spring-jdbc-5.1.8.RELEASE.jar:5.1.8.RELEASE]
	at org.springframework.jdbc.datasource.init.ResourceDatabasePopulator.populate(ResourceDatabasePopulator.java:238) ~[spring-jdbc-5.1.8.RELEASE.jar:5.1.8.RELEASE]
	at org.springframework.jdbc.datasource.init.DatabasePopulatorUtils.execute(DatabasePopulatorUtils.java:48) ~[spring-jdbc-5.1.8.RELEASE.jar:5.1.8.RELEASE]
	at org.springframework.boot.autoconfigure.jdbc.DataSourceInitializer.runScripts(DataSourceInitializer.java:202) ~[spring-boot-autoconfigure-2.1.6.RELEASE.jar:2.1.6.RELEASE]
	at org.springframework.boot.autoconfigure.jdbc.DataSourceInitializer.createSchema(DataSourceInitializer.java:101) ~[spring-boot-autoconfigure-2.1.6.RELEASE.jar:2.1.6.RELEASE]
	at org.springframework.boot.autoconfigure.jdbc.DataSourceInitializerInvoker.afterPropertiesSet(DataSourceInitializerInvoker.java:62) ~[spring-boot-autoconfigure-2.1.6.RELEASE.jar:2.1.6.RELEASE]
	at org.springframework.beans.factory.support.AbstractAutowireCapableBeanFactory.invokeInitMethods(AbstractAutowireCapableBeanFactory.java:1837) ~[spring-beans-5.1.8.RELEASE.jar:5.1.8.RELEASE]
	at org.springframework.beans.factory.support.AbstractAutowireCapableBeanFactory.initializeBean(AbstractAutowireCapableBeanFactory.java:1774) ~[spring-beans-5.1.8.RELEASE.jar:5.1.8.RELEASE]
	... 77 common frames omitted
Caused by: org.h2.jdbc.JdbcSQLSyntaxErrorException: Syntax error in SQL statement "CREATE TABLE VITRSA_SANDBOX.DEMO_ACCOUNT_TX ( TX_ID BIGINT NOT NULL, ACCOUNT_TYPE_ID BIGINT NOT NULL, MEMBER_ID BIGINT NOT NULL, AMOUNT BIGINT NOT NULL, TX_DATE DATE NOT NULL, PRIMARY KEY (TX_ID) CONSTRAINT[*] FK_ACCOUNT_TYPE_ID FOREIGN KEY (ACCOUNT_TYPE_ID) REFERENCES VITRSA_SANDBOX.DEMO_ACCOUNT_TYPE (ACCOUNT_TYPE_ID) )"; expected "INDEX, ,, )"; SQL statement:
CREATE TABLE VITRSA_SANDBOX.DEMO_ACCOUNT_TX ( TX_ID BIGINT NOT NULL, ACCOUNT_TYPE_ID BIGINT NOT NULL, MEMBER_ID BIGINT NOT NULL, AMOUNT BIGINT NOT NULL, TX_DATE DATE NOT NULL, PRIMARY KEY (TX_ID) CONSTRAINT FK_ACCOUNT_TYPE_ID FOREIGN KEY (ACCOUNT_TYPE_ID) REFERENCES VITRSA_SANDBOX.DEMO_ACCOUNT_TYPE (ACCOUNT_TYPE_ID) ) [42001-199]
	at org.h2.message.DbException.getJdbcSQLException(DbException.java:451) ~[h2-1.4.199.jar:1.4.199]
	at org.h2.message.DbException.getJdbcSQLException(DbException.java:427) ~[h2-1.4.199.jar:1.4.199]
	at org.h2.message.DbException.getSyntaxError(DbException.java:243) ~[h2-1.4.199.jar:1.4.199]
	at org.h2.command.Parser.getSyntaxError(Parser.java:991) ~[h2-1.4.199.jar:1.4.199]
	at org.h2.command.Parser.read(Parser.java:4549) ~[h2-1.4.199.jar:1.4.199]
	at org.h2.command.Parser.readIfMore(Parser.java:1391) ~[h2-1.4.199.jar:1.4.199]
	at org.h2.command.Parser.parseCreateTable(Parser.java:7833) ~[h2-1.4.199.jar:1.4.199]
	at org.h2.command.Parser.parseCreate(Parser.java:5818) ~[h2-1.4.199.jar:1.4.199]
	at org.h2.command.Parser.parsePrepared(Parser.java:846) ~[h2-1.4.199.jar:1.4.199]
	at org.h2.command.Parser.parse(Parser.java:788) ~[h2-1.4.199.jar:1.4.199]
	at org.h2.command.Parser.parse(Parser.java:764) ~[h2-1.4.199.jar:1.4.199]
	at org.h2.command.Parser.prepareCommand(Parser.java:683) ~[h2-1.4.199.jar:1.4.199]
	at org.h2.engine.Session.prepareLocal(Session.java:627) ~[h2-1.4.199.jar:1.4.199]
	at org.h2.engine.Session.prepareCommand(Session.java:565) ~[h2-1.4.199.jar:1.4.199]
	at org.h2.jdbc.JdbcConnection.prepareCommand(JdbcConnection.java:1292) ~[h2-1.4.199.jar:1.4.199]
	at org.h2.jdbc.JdbcStatement.executeInternal(JdbcStatement.java:217) ~[h2-1.4.199.jar:1.4.199]
	at org.h2.jdbc.JdbcStatement.execute(JdbcStatement.java:205) ~[h2-1.4.199.jar:1.4.199]
	at org.springframework.jdbc.datasource.init.ScriptUtils.executeSqlScript(ScriptUtils.java:488) ~[spring-jdbc-5.1.8.RELEASE.jar:5.1.8.RELEASE]
	... 84 common frames omitted

2021-09-22 15:33:20.791 ERROR 5696 --- [           main] o.s.test.context.TestContextManager      : Caught exception while allowing TestExecutionListener [org.springframework.boot.test.autoconfigure.SpringBootDependencyInjectionTestExecutionListener@4e50c791] to prepare test instance [za.ac.nwu.ac.repo.persistence.AccountTypeRepositoryTest@3ee0b4f7]

java.lang.IllegalStateException: Failed to load ApplicationContext
	at org.springframework.test.context.cache.DefaultCacheAwareContextLoaderDelegate.loadContext(DefaultCacheAwareContextLoaderDelegate.java:125) ~[spring-test-5.1.8.RELEASE.jar:5.1.8.RELEASE]
	at org.springframework.test.context.support.DefaultTestContext.getApplicationContext(DefaultTestContext.java:108) ~[spring-test-5.1.8.RELEASE.jar:5.1.8.RELEASE]
	at org.springframework.test.context.support.DependencyInjectionTestExecutionListener.injectDependencies(DependencyInjectionTestExecutionListener.java:118) ~[spring-test-5.1.8.RELEASE.jar:5.1.8.RELEASE]
	at org.springframework.test.context.support.DependencyInjectionTestExecutionListener.prepareTestInstance(DependencyInjectionTestExecutionListener.java:83) ~[spring-test-5.1.8.RELEASE.jar:5.1.8.RELEASE]
	at org.springframework.boot.test.autoconfigure.SpringBootDependencyInjectionTestExecutionListener.prepareTestInstance(SpringBootDependencyInjectionTestExecutionListener.java:43) ~[spring-boot-test-autoconfigure-2.1.6.RELEASE.jar:2.1.6.RELEASE]
	at org.springframework.test.context.TestContextManager.prepareTestInstance(TestContextManager.java:246) ~[spring-test-5.1.8.RELEASE.jar:5.1.8.RELEASE]
	at org.springframework.test.context.junit4.SpringJUnit4ClassRunner.createTest(SpringJUnit4ClassRunner.java:227) ~[spring-test-5.1.8.RELEASE.jar:5.1.8.RELEASE]
	at org.springframework.test.context.junit4.SpringJUnit4ClassRunner$1.runReflectiveCall(SpringJUnit4ClassRunner.java:289) ~[spring-test-5.1.8.RELEASE.jar:5.1.8.RELEASE]
	at org.junit.internal.runners.model.ReflectiveCallable.run(ReflectiveCallable.java:12) ~[junit-4.12.jar:4.12]
	at org.springframework.test.context.junit4.SpringJUnit4ClassRunner.methodBlock(SpringJUnit4ClassRunner.java:291) ~[spring-test-5.1.8.RELEASE.jar:5.1.8.RELEASE]
	at org.springframework.test.context.junit4.SpringJUnit4ClassRunner.runChild(SpringJUnit4ClassRunner.java:246) ~[spring-test-5.1.8.RELEASE.jar:5.1.8.RELEASE]
	at org.springframework.test.context.junit4.SpringJUnit4ClassRunner.runChild(SpringJUnit4ClassRunner.java:97) ~[spring-test-5.1.8.RELEASE.jar:5.1.8.RELEASE]
	at org.junit.runners.ParentRunner$3.run(ParentRunner.java:290) ~[junit-4.12.jar:4.12]
	at org.junit.runners.ParentRunner$1.schedule(ParentRunner.java:71) ~[junit-4.12.jar:4.12]
	at org.junit.runners.ParentRunner.runChildren(ParentRunner.java:288) ~[junit-4.12.jar:4.12]
	at org.junit.runners.ParentRunner.access$000(ParentRunner.java:58) ~[junit-4.12.jar:4.12]
	at org.junit.runners.ParentRunner$2.evaluate(ParentRunner.java:268) ~[junit-4.12.jar:4.12]
	at org.springframework.test.context.junit4.statements.RunBeforeTestClassCallbacks.evaluate(RunBeforeTestClassCallbacks.java:61) ~[spring-test-5.1.8.RELEASE.jar:5.1.8.RELEASE]
	at org.springframework.test.context.junit4.statements.RunAfterTestClassCallbacks.evaluate(RunAfterTestClassCallbacks.java:70) ~[spring-test-5.1.8.RELEASE.jar:5.1.8.RELEASE]
	at org.junit.runners.ParentRunner.run(ParentRunner.java:363) ~[junit-4.12.jar:4.12]
	at org.springframework.test.context.junit4.SpringJUnit4ClassRunner.run(SpringJUnit4ClassRunner.java:190) ~[spring-test-5.1.8.RELEASE.jar:5.1.8.RELEASE]
	at org.apache.maven.surefire.junit4.JUnit4Provider.execute(JUnit4Provider.java:365) ~[surefire-junit4-2.22.2.jar:2.22.2]
	at org.apache.maven.surefire.junit4.JUnit4Provider.executeWithRerun(JUnit4Provider.java:273) ~[surefire-junit4-2.22.2.jar:2.22.2]
	at org.apache.maven.surefire.junit4.JUnit4Provider.executeTestSet(JUnit4Provider.java:238) ~[surefire-junit4-2.22.2.jar:2.22.2]
	at org.apache.maven.surefire.junit4.JUnit4Provider.invoke(JUnit4Provider.java:159) ~[surefire-junit4-2.22.2.jar:2.22.2]
	at org.apache.maven.surefire.booter.ForkedBooter.invokeProviderInSameClassLoader(ForkedBooter.java:384) ~[surefire-booter-2.22.2.jar:2.22.2]
	at org.apache.maven.surefire.booter.ForkedBooter.runSuitesInProcess(ForkedBooter.java:345) ~[surefire-booter-2.22.2.jar:2.22.2]
	at org.apache.maven.surefire.booter.ForkedBooter.execute(ForkedBooter.java:126) ~[surefire-booter-2.22.2.jar:2.22.2]
	at org.apache.maven.surefire.booter.ForkedBooter.main(ForkedBooter.java:418) ~[surefire-booter-2.22.2.jar:2.22.2]
Caused by: org.springframework.beans.factory.UnsatisfiedDependencyException: Error creating bean with name 'org.springframework.boot.autoconfigure.orm.jpa.HibernateJpaConfiguration': Unsatisfied dependency expressed through constructor parameter 0; nested exception is org.springframework.beans.factory.BeanCreationException: Error creating bean with name 'dataSource': Post-processing of FactoryBean's singleton object failed; nested exception is org.springframework.beans.factory.BeanCreationException: Error creating bean with name 'org.springframework.boot.autoconfigure.jdbc.DataSourceInitializerInvoker': Invocation of init method failed; nested exception is org.springframework.jdbc.datasource.init.ScriptStatementFailedException: Failed to execute SQL script statement #4 of URL [file:/C:/Users/naude/Desktop/IT%20Dev/Project1/AccountSystemRepository/target/test-classes/schema.sql]: CREATE TABLE VITRSA_SANDBOX.DEMO_ACCOUNT_TX ( TX_ID BIGINT NOT NULL, ACCOUNT_TYPE_ID BIGINT NOT NULL, MEMBER_ID BIGINT NOT NULL, AMOUNT BIGINT NOT NULL, TX_DATE DATE NOT NULL, PRIMARY KEY (TX_ID) CONSTRAINT FK_ACCOUNT_TYPE_ID FOREIGN KEY (ACCOUNT_TYPE_ID) REFERENCES VITRSA_SANDBOX.DEMO_ACCOUNT_TYPE (ACCOUNT_TYPE_ID) ); nested exception is org.h2.jdbc.JdbcSQLSyntaxErrorException: Syntax error in SQL statement "CREATE TABLE VITRSA_SANDBOX.DEMO_ACCOUNT_TX ( TX_ID BIGINT NOT NULL, ACCOUNT_TYPE_ID BIGINT NOT NULL, MEMBER_ID BIGINT NOT NULL, AMOUNT BIGINT NOT NULL, TX_DATE DATE NOT NULL, PRIMARY KEY (TX_ID) CONSTRAINT[*] FK_ACCOUNT_TYPE_ID FOREIGN KEY (ACCOUNT_TYPE_ID) REFERENCES VITRSA_SANDBOX.DEMO_ACCOUNT_TYPE (ACCOUNT_TYPE_ID) )"; expected "INDEX, ,, )"; SQL statement:
CREATE TABLE VITRSA_SANDBOX.DEMO_ACCOUNT_TX ( TX_ID BIGINT NOT NULL, ACCOUNT_TYPE_ID BIGINT NOT NULL, MEMBER_ID BIGINT NOT NULL, AMOUNT BIGINT NOT NULL, TX_DATE DATE NOT NULL, PRIMARY KEY (TX_ID) CONSTRAINT FK_ACCOUNT_TYPE_ID FOREIGN KEY (ACCOUNT_TYPE_ID) REFERENCES VITRSA_SANDBOX.DEMO_ACCOUNT_TYPE (ACCOUNT_TYPE_ID) ) [42001-199]
	at org.springframework.beans.factory.support.ConstructorResolver.createArgumentArray(ConstructorResolver.java:769) ~[spring-beans-5.1.8.RELEASE.jar:5.1.8.RELEASE]
	at org.springframework.beans.factory.support.ConstructorResolver.autowireConstructor(ConstructorResolver.java:218) ~[spring-beans-5.1.8.RELEASE.jar:5.1.8.RELEASE]
	at org.springframework.beans.factory.support.AbstractAutowireCapableBeanFactory.autowireConstructor(AbstractAutowireCapableBeanFactory.java:1341) ~[spring-beans-5.1.8.RELEASE.jar:5.1.8.RELEASE]
	at org.springframework.beans.factory.support.AbstractAutowireCapableBeanFactory.createBeanInstance(AbstractAutowireCapableBeanFactory.java:1187) ~[spring-beans-5.1.8.RELEASE.jar:5.1.8.RELEASE]
	at org.springframework.beans.factory.support.AbstractAutowireCapableBeanFactory.doCreateBean(AbstractAutowireCapableBeanFactory.java:555) ~[spring-beans-5.1.8.RELEASE.jar:5.1.8.RELEASE]
	at org.springframework.beans.factory.support.AbstractAutowireCapableBeanFactory.createBean(AbstractAutowireCapableBeanFactory.java:515) ~[spring-beans-5.1.8.RELEASE.jar:5.1.8.RELEASE]
	at org.springframework.beans.factory.support.AbstractBeanFactory.lambda$doGetBean$0(AbstractBeanFactory.java:320) ~[spring-beans-5.1.8.RELEASE.jar:5.1.8.RELEASE]
	at org.springframework.beans.factory.support.DefaultSingletonBeanRegistry.getSingleton(DefaultSingletonBeanRegistry.java:222) ~[spring-beans-5.1.8.RELEASE.jar:5.1.8.RELEASE]
	at org.springframework.beans.factory.support.AbstractBeanFactory.doGetBean(AbstractBeanFactory.java:318) ~[spring-beans-5.1.8.RELEASE.jar:5.1.8.RELEASE]
	at org.springframework.beans.factory.support.AbstractBeanFactory.getBean(AbstractBeanFactory.java:199) ~[spring-beans-5.1.8.RELEASE.jar:5.1.8.RELEASE]
	at org.springframework.beans.factory.support.ConstructorResolver.instantiateUsingFactoryMethod(ConstructorResolver.java:392) ~[spring-beans-5.1.8.RELEASE.jar:5.1.8.RELEASE]
	at org.springframework.beans.factory.support.AbstractAutowireCapableBeanFactory.instantiateUsingFactoryMethod(AbstractAutowireCapableBeanFactory.java:1321) ~[spring-beans-5.1.8.RELEASE.jar:5.1.8.RELEASE]
	at org.springframework.beans.factory.support.AbstractAutowireCapableBeanFactory.createBeanInstance(AbstractAutowireCapableBeanFactory.java:1160) ~[spring-beans-5.1.8.RELEASE.jar:5.1.8.RELEASE]
	at org.springframework.beans.factory.support.AbstractAutowireCapableBeanFactory.doCreateBean(AbstractAutowireCapableBeanFactory.java:555) ~[spring-beans-5.1.8.RELEASE.jar:5.1.8.RELEASE]
	at org.springframework.beans.factory.support.AbstractAutowireCapableBeanFactory.createBean(AbstractAutowireCapableBeanFactory.java:515) ~[spring-beans-5.1.8.RELEASE.jar:5.1.8.RELEASE]
	at org.springframework.beans.factory.support.AbstractBeanFactory.lambda$doGetBean$0(AbstractBeanFactory.java:320) ~[spring-beans-5.1.8.RELEASE.jar:5.1.8.RELEASE]
	at org.springframework.beans.factory.support.DefaultSingletonBeanRegistry.getSingleton(DefaultSingletonBeanRegistry.java:222) ~[spring-beans-5.1.8.RELEASE.jar:5.1.8.RELEASE]
	at org.springframework.beans.factory.support.AbstractBeanFactory.doGetBean(AbstractBeanFactory.java:318) ~[spring-beans-5.1.8.RELEASE.jar:5.1.8.RELEASE]
	at org.springframework.beans.factory.support.AbstractBeanFactory.getBean(AbstractBeanFactory.java:199) ~[spring-beans-5.1.8.RELEASE.jar:5.1.8.RELEASE]
	at org.springframework.context.support.AbstractApplicationContext.getBean(AbstractApplicationContext.java:1105) ~[spring-context-5.1.8.RELEASE.jar:5.1.8.RELEASE]
	at org.springframework.context.support.AbstractApplicationContext.finishBeanFactoryInitialization(AbstractApplicationContext.java:867) ~[spring-context-5.1.8.RELEASE.jar:5.1.8.RELEASE]
	at org.springframework.context.support.AbstractApplicationContext.refresh(AbstractApplicationContext.java:549) ~[spring-context-5.1.8.RELEASE.jar:5.1.8.RELEASE]
	at org.springframework.boot.SpringApplication.refresh(SpringApplication.java:742) ~[spring-boot-2.1.6.RELEASE.jar:2.1.6.RELEASE]
	at org.springframework.boot.SpringApplication.refreshContext(SpringApplication.java:389) ~[spring-boot-2.1.6.RELEASE.jar:2.1.6.RELEASE]
	at org.springframework.boot.SpringApplication.run(SpringApplication.java:311) ~[spring-boot-2.1.6.RELEASE.jar:2.1.6.RELEASE]
	at org.springframework.boot.test.context.SpringBootContextLoader.loadContext(SpringBootContextLoader.java:119) ~[spring-boot-test-2.1.6.RELEASE.jar:2.1.6.RELEASE]
	at org.springframework.test.context.cache.DefaultCacheAwareContextLoaderDelegate.loadContextInternal(DefaultCacheAwareContextLoaderDelegate.java:99) ~[spring-test-5.1.8.RELEASE.jar:5.1.8.RELEASE]
	at org.springframework.test.context.cache.DefaultCacheAwareContextLoaderDelegate.loadContext(DefaultCacheAwareContextLoaderDelegate.java:117) ~[spring-test-5.1.8.RELEASE.jar:5.1.8.RELEASE]
	... 28 common frames omitted
Caused by: org.springframework.beans.factory.BeanCreationException: Error creating bean with name 'dataSource': Post-processing of FactoryBean's singleton object failed; nested exception is org.springframework.beans.factory.BeanCreationException: Error creating bean with name 'org.springframework.boot.autoconfigure.jdbc.DataSourceInitializerInvoker': Invocation of init method failed; nested exception is org.springframework.jdbc.datasource.init.ScriptStatementFailedException: Failed to execute SQL script statement #4 of URL [file:/C:/Users/naude/Desktop/IT%20Dev/Project1/AccountSystemRepository/target/test-classes/schema.sql]: CREATE TABLE VITRSA_SANDBOX.DEMO_ACCOUNT_TX ( TX_ID BIGINT NOT NULL, ACCOUNT_TYPE_ID BIGINT NOT NULL, MEMBER_ID BIGINT NOT NULL, AMOUNT BIGINT NOT NULL, TX_DATE DATE NOT NULL, PRIMARY KEY (TX_ID) CONSTRAINT FK_ACCOUNT_TYPE_ID FOREIGN KEY (ACCOUNT_TYPE_ID) REFERENCES VITRSA_SANDBOX.DEMO_ACCOUNT_TYPE (ACCOUNT_TYPE_ID) ); nested exception is org.h2.jdbc.JdbcSQLSyntaxErrorException: Syntax error in SQL statement "CREATE TABLE VITRSA_SANDBOX.DEMO_ACCOUNT_TX ( TX_ID BIGINT NOT NULL, ACCOUNT_TYPE_ID BIGINT NOT NULL, MEMBER_ID BIGINT NOT NULL, AMOUNT BIGINT NOT NULL, TX_DATE DATE NOT NULL, PRIMARY KEY (TX_ID) CONSTRAINT[*] FK_ACCOUNT_TYPE_ID FOREIGN KEY (ACCOUNT_TYPE_ID) REFERENCES VITRSA_SANDBOX.DEMO_ACCOUNT_TYPE (ACCOUNT_TYPE_ID) )"; expected "INDEX, ,, )"; SQL statement:
CREATE TABLE VITRSA_SANDBOX.DEMO_ACCOUNT_TX ( TX_ID BIGINT NOT NULL, ACCOUNT_TYPE_ID BIGINT NOT NULL, MEMBER_ID BIGINT NOT NULL, AMOUNT BIGINT NOT NULL, TX_DATE DATE NOT NULL, PRIMARY KEY (TX_ID) CONSTRAINT FK_ACCOUNT_TYPE_ID FOREIGN KEY (ACCOUNT_TYPE_ID) REFERENCES VITRSA_SANDBOX.DEMO_ACCOUNT_TYPE (ACCOUNT_TYPE_ID) ) [42001-199]
	at org.springframework.beans.factory.support.FactoryBeanRegistrySupport.getObjectFromFactoryBean(FactoryBeanRegistrySupport.java:119) ~[spring-beans-5.1.8.RELEASE.jar:5.1.8.RELEASE]
	at org.springframework.beans.factory.support.AbstractBeanFactory.getObjectForBeanInstance(AbstractBeanFactory.java:1674) ~[spring-beans-5.1.8.RELEASE.jar:5.1.8.RELEASE]
	at org.springframework.beans.factory.support.AbstractAutowireCapableBeanFactory.getObjectForBeanInstance(AbstractAutowireCapableBeanFactory.java:1249) ~[spring-beans-5.1.8.RELEASE.jar:5.1.8.RELEASE]
	at org.springframework.beans.factory.support.AbstractBeanFactory.doGetBean(AbstractBeanFactory.java:330) ~[spring-beans-5.1.8.RELEASE.jar:5.1.8.RELEASE]
	at org.springframework.beans.factory.support.AbstractBeanFactory.getBean(AbstractBeanFactory.java:199) ~[spring-beans-5.1.8.RELEASE.jar:5.1.8.RELEASE]
	at org.springframework.beans.factory.config.DependencyDescriptor.resolveCandidate(DependencyDescriptor.java:277) ~[spring-beans-5.1.8.RELEASE.jar:5.1.8.RELEASE]
	at org.springframework.beans.factory.support.DefaultListableBeanFactory.doResolveDependency(DefaultListableBeanFactory.java:1251) ~[spring-beans-5.1.8.RELEASE.jar:5.1.8.RELEASE]
	at org.springframework.beans.factory.support.DefaultListableBeanFactory.resolveDependency(DefaultListableBeanFactory.java:1171) ~[spring-beans-5.1.8.RELEASE.jar:5.1.8.RELEASE]
	at org.springframework.beans.factory.support.ConstructorResolver.resolveAutowiredArgument(ConstructorResolver.java:857) ~[spring-beans-5.1.8.RELEASE.jar:5.1.8.RELEASE]
	at org.springframework.beans.factory.support.ConstructorResolver.createArgumentArray(ConstructorResolver.java:760) ~[spring-beans-5.1.8.RELEASE.jar:5.1.8.RELEASE]
	... 55 common frames omitted
Caused by: org.springframework.beans.factory.BeanCreationException: Error creating bean with name 'org.springframework.boot.autoconfigure.jdbc.DataSourceInitializerInvoker': Invocation of init method failed; nested exception is org.springframework.jdbc.datasource.init.ScriptStatementFailedException: Failed to execute SQL script statement #4 of URL [file:/C:/Users/naude/Desktop/IT%20Dev/Project1/AccountSystemRepository/target/test-classes/schema.sql]: CREATE TABLE VITRSA_SANDBOX.DEMO_ACCOUNT_TX ( TX_ID BIGINT NOT NULL, ACCOUNT_TYPE_ID BIGINT NOT NULL, MEMBER_ID BIGINT NOT NULL, AMOUNT BIGINT NOT NULL, TX_DATE DATE NOT NULL, PRIMARY KEY (TX_ID) CONSTRAINT FK_ACCOUNT_TYPE_ID FOREIGN KEY (ACCOUNT_TYPE_ID) REFERENCES VITRSA_SANDBOX.DEMO_ACCOUNT_TYPE (ACCOUNT_TYPE_ID) ); nested exception is org.h2.jdbc.JdbcSQLSyntaxErrorException: Syntax error in SQL statement "CREATE TABLE VITRSA_SANDBOX.DEMO_ACCOUNT_TX ( TX_ID BIGINT NOT NULL, ACCOUNT_TYPE_ID BIGINT NOT NULL, MEMBER_ID BIGINT NOT NULL, AMOUNT BIGINT NOT NULL, TX_DATE DATE NOT NULL, PRIMARY KEY (TX_ID) CONSTRAINT[*] FK_ACCOUNT_TYPE_ID FOREIGN KEY (ACCOUNT_TYPE_ID) REFERENCES VITRSA_SANDBOX.DEMO_ACCOUNT_TYPE (ACCOUNT_TYPE_ID) )"; expected "INDEX, ,, )"; SQL statement:
CREATE TABLE VITRSA_SANDBOX.DEMO_ACCOUNT_TX ( TX_ID BIGINT NOT NULL, ACCOUNT_TYPE_ID BIGINT NOT NULL, MEMBER_ID BIGINT NOT NULL, AMOUNT BIGINT NOT NULL, TX_DATE DATE NOT NULL, PRIMARY KEY (TX_ID) CONSTRAINT FK_ACCOUNT_TYPE_ID FOREIGN KEY (ACCOUNT_TYPE_ID) REFERENCES VITRSA_SANDBOX.DEMO_ACCOUNT_TYPE (ACCOUNT_TYPE_ID) ) [42001-199]
	at org.springframework.beans.factory.support.AbstractAutowireCapableBeanFactory.initializeBean(AbstractAutowireCapableBeanFactory.java:1778) ~[spring-beans-5.1.8.RELEASE.jar:5.1.8.RELEASE]
	at org.springframework.beans.factory.support.AbstractAutowireCapableBeanFactory.doCreateBean(AbstractAutowireCapableBeanFactory.java:593) ~[spring-beans-5.1.8.RELEASE.jar:5.1.8.RELEASE]
	at org.springframework.beans.factory.support.AbstractAutowireCapableBeanFactory.createBean(AbstractAutowireCapableBeanFactory.java:515) ~[spring-beans-5.1.8.RELEASE.jar:5.1.8.RELEASE]
	at org.springframework.beans.factory.support.AbstractBeanFactory.lambda$doGetBean$0(AbstractBeanFactory.java:320) ~[spring-beans-5.1.8.RELEASE.jar:5.1.8.RELEASE]
	at org.springframework.beans.factory.support.DefaultSingletonBeanRegistry.getSingleton(DefaultSingletonBeanRegistry.java:222) ~[spring-beans-5.1.8.RELEASE.jar:5.1.8.RELEASE]
	at org.springframework.beans.factory.support.AbstractBeanFactory.doGetBean(AbstractBeanFactory.java:318) ~[spring-beans-5.1.8.RELEASE.jar:5.1.8.RELEASE]
	at org.springframework.beans.factory.support.AbstractBeanFactory.getBean(AbstractBeanFactory.java:224) ~[spring-beans-5.1.8.RELEASE.jar:5.1.8.RELEASE]
	at org.springframework.beans.factory.support.DefaultListableBeanFactory.resolveNamedBean(DefaultListableBeanFactory.java:1119) ~[spring-beans-5.1.8.RELEASE.jar:5.1.8.RELEASE]
	at org.springframework.beans.factory.support.DefaultListableBeanFactory.resolveBean(DefaultListableBeanFactory.java:411) ~[spring-beans-5.1.8.RELEASE.jar:5.1.8.RELEASE]
	at org.springframework.beans.factory.support.DefaultListableBeanFactory.getBean(DefaultListableBeanFactory.java:344) ~[spring-beans-5.1.8.RELEASE.jar:5.1.8.RELEASE]
	at org.springframework.beans.factory.support.DefaultListableBeanFactory.getBean(DefaultListableBeanFactory.java:337) ~[spring-beans-5.1.8.RELEASE.jar:5.1.8.RELEASE]
	at org.springframework.boot.autoconfigure.jdbc.DataSourceInitializerPostProcessor.postProcessAfterInitialization(DataSourceInitializerPostProcessor.java:53) ~[spring-boot-autoconfigure-2.1.6.RELEASE.jar:2.1.6.RELEASE]
	at org.springframework.beans.factory.support.AbstractAutowireCapableBeanFactory.applyBeanPostProcessorsAfterInitialization(AbstractAutowireCapableBeanFactory.java:429) ~[spring-beans-5.1.8.RELEASE.jar:5.1.8.RELEASE]
	at org.springframework.beans.factory.support.AbstractAutowireCapableBeanFactory.postProcessObjectFromFactoryBean(AbstractAutowireCapableBeanFactory.java:1921) ~[spring-beans-5.1.8.RELEASE.jar:5.1.8.RELEASE]
	at org.springframework.beans.factory.support.FactoryBeanRegistrySupport.getObjectFromFactoryBean(FactoryBeanRegistrySupport.java:116) ~[spring-beans-5.1.8.RELEASE.jar:5.1.8.RELEASE]
	... 64 common frames omitted
Caused by: org.springframework.jdbc.datasource.init.ScriptStatementFailedException: Failed to execute SQL script statement #4 of URL [file:/C:/Users/naude/Desktop/IT%20Dev/Project1/AccountSystemRepository/target/test-classes/schema.sql]: CREATE TABLE VITRSA_SANDBOX.DEMO_ACCOUNT_TX ( TX_ID BIGINT NOT NULL, ACCOUNT_TYPE_ID BIGINT NOT NULL, MEMBER_ID BIGINT NOT NULL, AMOUNT BIGINT NOT NULL, TX_DATE DATE NOT NULL, PRIMARY KEY (TX_ID) CONSTRAINT FK_ACCOUNT_TYPE_ID FOREIGN KEY (ACCOUNT_TYPE_ID) REFERENCES VITRSA_SANDBOX.DEMO_ACCOUNT_TYPE (ACCOUNT_TYPE_ID) ); nested exception is org.h2.jdbc.JdbcSQLSyntaxErrorException: Syntax error in SQL statement "CREATE TABLE VITRSA_SANDBOX.DEMO_ACCOUNT_TX ( TX_ID BIGINT NOT NULL, ACCOUNT_TYPE_ID BIGINT NOT NULL, MEMBER_ID BIGINT NOT NULL, AMOUNT BIGINT NOT NULL, TX_DATE DATE NOT NULL, PRIMARY KEY (TX_ID) CONSTRAINT[*] FK_ACCOUNT_TYPE_ID FOREIGN KEY (ACCOUNT_TYPE_ID) REFERENCES VITRSA_SANDBOX.DEMO_ACCOUNT_TYPE (ACCOUNT_TYPE_ID) )"; expected "INDEX, ,, )"; SQL statement:
CREATE TABLE VITRSA_SANDBOX.DEMO_ACCOUNT_TX ( TX_ID BIGINT NOT NULL, ACCOUNT_TYPE_ID BIGINT NOT NULL, MEMBER_ID BIGINT NOT NULL, AMOUNT BIGINT NOT NULL, TX_DATE DATE NOT NULL, PRIMARY KEY (TX_ID) CONSTRAINT FK_ACCOUNT_TYPE_ID FOREIGN KEY (ACCOUNT_TYPE_ID) REFERENCES VITRSA_SANDBOX.DEMO_ACCOUNT_TYPE (ACCOUNT_TYPE_ID) ) [42001-199]
	at org.springframework.jdbc.datasource.init.ScriptUtils.executeSqlScript(ScriptUtils.java:509) ~[spring-jdbc-5.1.8.RELEASE.jar:5.1.8.RELEASE]
	at org.springframework.jdbc.datasource.init.ResourceDatabasePopulator.populate(ResourceDatabasePopulator.java:238) ~[spring-jdbc-5.1.8.RELEASE.jar:5.1.8.RELEASE]
	at org.springframework.jdbc.datasource.init.DatabasePopulatorUtils.execute(DatabasePopulatorUtils.java:48) ~[spring-jdbc-5.1.8.RELEASE.jar:5.1.8.RELEASE]
	at org.springframework.boot.autoconfigure.jdbc.DataSourceInitializer.runScripts(DataSourceInitializer.java:202) ~[spring-boot-autoconfigure-2.1.6.RELEASE.jar:2.1.6.RELEASE]
	at org.springframework.boot.autoconfigure.jdbc.DataSourceInitializer.createSchema(DataSourceInitializer.java:101) ~[spring-boot-autoconfigure-2.1.6.RELEASE.jar:2.1.6.RELEASE]
	at org.springframework.boot.autoconfigure.jdbc.DataSourceInitializerInvoker.afterPropertiesSet(DataSourceInitializerInvoker.java:62) ~[spring-boot-autoconfigure-2.1.6.RELEASE.jar:2.1.6.RELEASE]
	at org.springframework.beans.factory.support.AbstractAutowireCapableBeanFactory.invokeInitMethods(AbstractAutowireCapableBeanFactory.java:1837) ~[spring-beans-5.1.8.RELEASE.jar:5.1.8.RELEASE]
	at org.springframework.beans.factory.support.AbstractAutowireCapableBeanFactory.initializeBean(AbstractAutowireCapableBeanFactory.java:1774) ~[spring-beans-5.1.8.RELEASE.jar:5.1.8.RELEASE]
	... 78 common frames omitted
Caused by: org.h2.jdbc.JdbcSQLSyntaxErrorException: Syntax error in SQL statement "CREATE TABLE VITRSA_SANDBOX.DEMO_ACCOUNT_TX ( TX_ID BIGINT NOT NULL, ACCOUNT_TYPE_ID BIGINT NOT NULL, MEMBER_ID BIGINT NOT NULL, AMOUNT BIGINT NOT NULL, TX_DATE DATE NOT NULL, PRIMARY KEY (TX_ID) CONSTRAINT[*] FK_ACCOUNT_TYPE_ID FOREIGN KEY (ACCOUNT_TYPE_ID) REFERENCES VITRSA_SANDBOX.DEMO_ACCOUNT_TYPE (ACCOUNT_TYPE_ID) )"; expected "INDEX, ,, )"; SQL statement:
CREATE TABLE VITRSA_SANDBOX.DEMO_ACCOUNT_TX ( TX_ID BIGINT NOT NULL, ACCOUNT_TYPE_ID BIGINT NOT NULL, MEMBER_ID BIGINT NOT NULL, AMOUNT BIGINT NOT NULL, TX_DATE DATE NOT NULL, PRIMARY KEY (TX_ID) CONSTRAINT FK_ACCOUNT_TYPE_ID FOREIGN KEY (ACCOUNT_TYPE_ID) REFERENCES VITRSA_SANDBOX.DEMO_ACCOUNT_TYPE (ACCOUNT_TYPE_ID) ) [42001-199]
	at org.h2.message.DbException.getJdbcSQLException(DbException.java:451) ~[h2-1.4.199.jar:1.4.199]
	at org.h2.message.DbException.getJdbcSQLException(DbException.java:427) ~[h2-1.4.199.jar:1.4.199]
	at org.h2.message.DbException.getSyntaxError(DbException.java:243) ~[h2-1.4.199.jar:1.4.199]
	at org.h2.command.Parser.getSyntaxError(Parser.java:991) ~[h2-1.4.199.jar:1.4.199]
	at org.h2.command.Parser.read(Parser.java:4549) ~[h2-1.4.199.jar:1.4.199]
	at org.h2.command.Parser.readIfMore(Parser.java:1391) ~[h2-1.4.199.jar:1.4.199]
	at org.h2.command.Parser.parseCreateTable(Parser.java:7833) ~[h2-1.4.199.jar:1.4.199]
	at org.h2.command.Parser.parseCreate(Parser.java:5818) ~[h2-1.4.199.jar:1.4.199]
	at org.h2.command.Parser.parsePrepared(Parser.java:846) ~[h2-1.4.199.jar:1.4.199]
	at org.h2.command.Parser.parse(Parser.java:788) ~[h2-1.4.199.jar:1.4.199]
	at org.h2.command.Parser.parse(Parser.java:764) ~[h2-1.4.199.jar:1.4.199]
	at org.h2.command.Parser.prepareCommand(Parser.java:683) ~[h2-1.4.199.jar:1.4.199]
	at org.h2.engine.Session.prepareLocal(Session.java:627) ~[h2-1.4.199.jar:1.4.199]
	at org.h2.engine.Session.prepareCommand(Session.java:565) ~[h2-1.4.199.jar:1.4.199]
	at org.h2.jdbc.JdbcConnection.prepareCommand(JdbcConnection.java:1292) ~[h2-1.4.199.jar:1.4.199]
	at org.h2.jdbc.JdbcStatement.executeInternal(JdbcStatement.java:217) ~[h2-1.4.199.jar:1.4.199]
	at org.h2.jdbc.JdbcStatement.execute(JdbcStatement.java:205) ~[h2-1.4.199.jar:1.4.199]
	at org.springframework.jdbc.datasource.init.ScriptUtils.executeSqlScript(ScriptUtils.java:488) ~[spring-jdbc-5.1.8.RELEASE.jar:5.1.8.RELEASE]
	... 85 common frames omitted

]]></system-out>
  </testcase>
  <testcase name="deleteAccountTypeDtoByMnemonic" classname="za.ac.nwu.ac.repo.persistence.AccountTypeRepositoryTest" time="0.001">
    <error message="Failed to load ApplicationContext" type="java.lang.IllegalStateException">java.lang.IllegalStateException: Failed to load ApplicationContext
Caused by: org.springframework.beans.factory.UnsatisfiedDependencyException: 
Error creating bean with name 'org.springframework.boot.autoconfigure.orm.jpa.HibernateJpaConfiguration': Unsatisfied dependency expressed through constructor parameter 0; nested exception is org.springframework.beans.factory.BeanCreationException: Error creating bean with name 'dataSource': Post-processing of FactoryBean's singleton object failed; nested exception is org.springframework.beans.factory.BeanCreationException: Error creating bean with name 'org.springframework.boot.autoconfigure.jdbc.DataSourceInitializerInvoker': Invocation of init method failed; nested exception is org.springframework.jdbc.datasource.init.ScriptStatementFailedException: Failed to execute SQL script statement #4 of URL [file:/C:/Users/naude/Desktop/IT%20Dev/Project1/AccountSystemRepository/target/test-classes/schema.sql]: CREATE TABLE VITRSA_SANDBOX.DEMO_ACCOUNT_TX ( TX_ID BIGINT NOT NULL, ACCOUNT_TYPE_ID BIGINT NOT NULL, MEMBER_ID BIGINT NOT NULL, AMOUNT BIGINT NOT NULL, TX_DATE DATE NOT NULL, PRIMARY KEY (TX_ID) CONSTRAINT FK_ACCOUNT_TYPE_ID FOREIGN KEY (ACCOUNT_TYPE_ID) REFERENCES VITRSA_SANDBOX.DEMO_ACCOUNT_TYPE (ACCOUNT_TYPE_ID) ); nested exception is org.h2.jdbc.JdbcSQLSyntaxErrorException: Syntax error in SQL statement "CREATE TABLE VITRSA_SANDBOX.DEMO_ACCOUNT_TX ( TX_ID BIGINT NOT NULL, ACCOUNT_TYPE_ID BIGINT NOT NULL, MEMBER_ID BIGINT NOT NULL, AMOUNT BIGINT NOT NULL, TX_DATE DATE NOT NULL, PRIMARY KEY (TX_ID) CONSTRAINT[*] FK_ACCOUNT_TYPE_ID FOREIGN KEY (ACCOUNT_TYPE_ID) REFERENCES VITRSA_SANDBOX.DEMO_ACCOUNT_TYPE (ACCOUNT_TYPE_ID) )"; expected "INDEX, ,, )"; SQL statement:
CREATE TABLE VITRSA_SANDBOX.DEMO_ACCOUNT_TX ( TX_ID BIGINT NOT NULL, ACCOUNT_TYPE_ID BIGINT NOT NULL, MEMBER_ID BIGINT NOT NULL, AMOUNT BIGINT NOT NULL, TX_DATE DATE NOT NULL, PRIMARY KEY (TX_ID) CONSTRAINT FK_ACCOUNT_TYPE_ID FOREIGN KEY (ACCOUNT_TYPE_ID) REFERENCES VITRSA_SANDBOX.DEMO_ACCOUNT_TYPE (ACCOUNT_TYPE_ID) ) [42001-199]
Caused by: org.springframework.beans.factory.BeanCreationException: 
Error creating bean with name 'dataSource': Post-processing of FactoryBean's singleton object failed; nested exception is org.springframework.beans.factory.BeanCreationException: Error creating bean with name 'org.springframework.boot.autoconfigure.jdbc.DataSourceInitializerInvoker': Invocation of init method failed; nested exception is org.springframework.jdbc.datasource.init.ScriptStatementFailedException: Failed to execute SQL script statement #4 of URL [file:/C:/Users/naude/Desktop/IT%20Dev/Project1/AccountSystemRepository/target/test-classes/schema.sql]: CREATE TABLE VITRSA_SANDBOX.DEMO_ACCOUNT_TX ( TX_ID BIGINT NOT NULL, ACCOUNT_TYPE_ID BIGINT NOT NULL, MEMBER_ID BIGINT NOT NULL, AMOUNT BIGINT NOT NULL, TX_DATE DATE NOT NULL, PRIMARY KEY (TX_ID) CONSTRAINT FK_ACCOUNT_TYPE_ID FOREIGN KEY (ACCOUNT_TYPE_ID) REFERENCES VITRSA_SANDBOX.DEMO_ACCOUNT_TYPE (ACCOUNT_TYPE_ID) ); nested exception is org.h2.jdbc.JdbcSQLSyntaxErrorException: Syntax error in SQL statement "CREATE TABLE VITRSA_SANDBOX.DEMO_ACCOUNT_TX ( TX_ID BIGINT NOT NULL, ACCOUNT_TYPE_ID BIGINT NOT NULL, MEMBER_ID BIGINT NOT NULL, AMOUNT BIGINT NOT NULL, TX_DATE DATE NOT NULL, PRIMARY KEY (TX_ID) CONSTRAINT[*] FK_ACCOUNT_TYPE_ID FOREIGN KEY (ACCOUNT_TYPE_ID) REFERENCES VITRSA_SANDBOX.DEMO_ACCOUNT_TYPE (ACCOUNT_TYPE_ID) )"; expected "INDEX, ,, )"; SQL statement:
CREATE TABLE VITRSA_SANDBOX.DEMO_ACCOUNT_TX ( TX_ID BIGINT NOT NULL, ACCOUNT_TYPE_ID BIGINT NOT NULL, MEMBER_ID BIGINT NOT NULL, AMOUNT BIGINT NOT NULL, TX_DATE DATE NOT NULL, PRIMARY KEY (TX_ID) CONSTRAINT FK_ACCOUNT_TYPE_ID FOREIGN KEY (ACCOUNT_TYPE_ID) REFERENCES VITRSA_SANDBOX.DEMO_ACCOUNT_TYPE (ACCOUNT_TYPE_ID) ) [42001-199]
Caused by: org.springframework.beans.factory.BeanCreationException: 
Error creating bean with name 'org.springframework.boot.autoconfigure.jdbc.DataSourceInitializerInvoker': Invocation of init method failed; nested exception is org.springframework.jdbc.datasource.init.ScriptStatementFailedException: Failed to execute SQL script statement #4 of URL [file:/C:/Users/naude/Desktop/IT%20Dev/Project1/AccountSystemRepository/target/test-classes/schema.sql]: CREATE TABLE VITRSA_SANDBOX.DEMO_ACCOUNT_TX ( TX_ID BIGINT NOT NULL, ACCOUNT_TYPE_ID BIGINT NOT NULL, MEMBER_ID BIGINT NOT NULL, AMOUNT BIGINT NOT NULL, TX_DATE DATE NOT NULL, PRIMARY KEY (TX_ID) CONSTRAINT FK_ACCOUNT_TYPE_ID FOREIGN KEY (ACCOUNT_TYPE_ID) REFERENCES VITRSA_SANDBOX.DEMO_ACCOUNT_TYPE (ACCOUNT_TYPE_ID) ); nested exception is org.h2.jdbc.JdbcSQLSyntaxErrorException: Syntax error in SQL statement "CREATE TABLE VITRSA_SANDBOX.DEMO_ACCOUNT_TX ( TX_ID BIGINT NOT NULL, ACCOUNT_TYPE_ID BIGINT NOT NULL, MEMBER_ID BIGINT NOT NULL, AMOUNT BIGINT NOT NULL, TX_DATE DATE NOT NULL, PRIMARY KEY (TX_ID) CONSTRAINT[*] FK_ACCOUNT_TYPE_ID FOREIGN KEY (ACCOUNT_TYPE_ID) REFERENCES VITRSA_SANDBOX.DEMO_ACCOUNT_TYPE (ACCOUNT_TYPE_ID) )"; expected "INDEX, ,, )"; SQL statement:
CREATE TABLE VITRSA_SANDBOX.DEMO_ACCOUNT_TX ( TX_ID BIGINT NOT NULL, ACCOUNT_TYPE_ID BIGINT NOT NULL, MEMBER_ID BIGINT NOT NULL, AMOUNT BIGINT NOT NULL, TX_DATE DATE NOT NULL, PRIMARY KEY (TX_ID) CONSTRAINT FK_ACCOUNT_TYPE_ID FOREIGN KEY (ACCOUNT_TYPE_ID) REFERENCES VITRSA_SANDBOX.DEMO_ACCOUNT_TYPE (ACCOUNT_TYPE_ID) ) [42001-199]
Caused by: org.springframework.jdbc.datasource.init.ScriptStatementFailedException: 
Failed to execute SQL script statement #4 of URL [file:/C:/Users/naude/Desktop/IT%20Dev/Project1/AccountSystemRepository/target/test-classes/schema.sql]: CREATE TABLE VITRSA_SANDBOX.DEMO_ACCOUNT_TX ( TX_ID BIGINT NOT NULL, ACCOUNT_TYPE_ID BIGINT NOT NULL, MEMBER_ID BIGINT NOT NULL, AMOUNT BIGINT NOT NULL, TX_DATE DATE NOT NULL, PRIMARY KEY (TX_ID) CONSTRAINT FK_ACCOUNT_TYPE_ID FOREIGN KEY (ACCOUNT_TYPE_ID) REFERENCES VITRSA_SANDBOX.DEMO_ACCOUNT_TYPE (ACCOUNT_TYPE_ID) ); nested exception is org.h2.jdbc.JdbcSQLSyntaxErrorException: Syntax error in SQL statement "CREATE TABLE VITRSA_SANDBOX.DEMO_ACCOUNT_TX ( TX_ID BIGINT NOT NULL, ACCOUNT_TYPE_ID BIGINT NOT NULL, MEMBER_ID BIGINT NOT NULL, AMOUNT BIGINT NOT NULL, TX_DATE DATE NOT NULL, PRIMARY KEY (TX_ID) CONSTRAINT[*] FK_ACCOUNT_TYPE_ID FOREIGN KEY (ACCOUNT_TYPE_ID) REFERENCES VITRSA_SANDBOX.DEMO_ACCOUNT_TYPE (ACCOUNT_TYPE_ID) )"; expected "INDEX, ,, )"; SQL statement:
CREATE TABLE VITRSA_SANDBOX.DEMO_ACCOUNT_TX ( TX_ID BIGINT NOT NULL, ACCOUNT_TYPE_ID BIGINT NOT NULL, MEMBER_ID BIGINT NOT NULL, AMOUNT BIGINT NOT NULL, TX_DATE DATE NOT NULL, PRIMARY KEY (TX_ID) CONSTRAINT FK_ACCOUNT_TYPE_ID FOREIGN KEY (ACCOUNT_TYPE_ID) REFERENCES VITRSA_SANDBOX.DEMO_ACCOUNT_TYPE (ACCOUNT_TYPE_ID) ) [42001-199]
Caused by: org.h2.jdbc.JdbcSQLSyntaxErrorException: 
Syntax error in SQL statement "CREATE TABLE VITRSA_SANDBOX.DEMO_ACCOUNT_TX ( TX_ID BIGINT NOT NULL, ACCOUNT_TYPE_ID BIGINT NOT NULL, MEMBER_ID BIGINT NOT NULL, AMOUNT BIGINT NOT NULL, TX_DATE DATE NOT NULL, PRIMARY KEY (TX_ID) CONSTRAINT[*] FK_ACCOUNT_TYPE_ID FOREIGN KEY (ACCOUNT_TYPE_ID) REFERENCES VITRSA_SANDBOX.DEMO_ACCOUNT_TYPE (ACCOUNT_TYPE_ID) )"; expected "INDEX, ,, )"; SQL statement:
CREATE TABLE VITRSA_SANDBOX.DEMO_ACCOUNT_TX ( TX_ID BIGINT NOT NULL, ACCOUNT_TYPE_ID BIGINT NOT NULL, MEMBER_ID BIGINT NOT NULL, AMOUNT BIGINT NOT NULL, TX_DATE DATE NOT NULL, PRIMARY KEY (TX_ID) CONSTRAINT FK_ACCOUNT_TYPE_ID FOREIGN KEY (ACCOUNT_TYPE_ID) REFERENCES VITRSA_SANDBOX.DEMO_ACCOUNT_TYPE (ACCOUNT_TYPE_ID) ) [42001-199]
</error>
    <system-out><![CDATA[
  .   ____          _            __ _ _
 /\\ / ___'_ __ _ _(_)_ __  __ _ \ \ \ \
( ( )\___ | '_ | '_| | '_ \/ _` | \ \ \ \
 \\/  ___)| |_)| | | | | || (_| |  ) ) ) )
  '  |____| .__|_| |_|_| |_\__, | / / / /
 =========|_|==============|___/=/_/_/_/
 :: Spring Boot ::        (v2.1.6.RELEASE)

2021-09-22 15:33:20.867  INFO 5696 --- [           main] z.a.n.a.r.p.AccountTypeRepositoryTest    : Starting AccountTypeRepositoryTest on DESKTOP-074OGOO with PID 5696 (started by naude in C:\Users\naude\Desktop\IT Dev\Project1\AccountSystemRepository)
2021-09-22 15:33:20.868  INFO 5696 --- [           main] z.a.n.a.r.p.AccountTypeRepositoryTest    : No active profile set, falling back to default profiles: default
2021-09-22 15:33:21.078  INFO 5696 --- [           main] .s.d.r.c.RepositoryConfigurationDelegate : Bootstrapping Spring Data repositories in DEFAULT mode.
2021-09-22 15:33:21.100  INFO 5696 --- [           main] .s.d.r.c.RepositoryConfigurationDelegate : Finished Spring Data repository scanning in 21ms. Found 1 repository interfaces.
2021-09-22 15:33:21.131  INFO 5696 --- [           main] beddedDataSourceBeanFactoryPostProcessor : Replacing 'dataSource' DataSource bean with embedded version
2021-09-22 15:33:21.171  INFO 5696 --- [           main] o.s.j.d.e.EmbeddedDatabaseFactory        : Starting embedded database: url='jdbc:h2:mem:0206ee7c-3ffb-44a0-938d-55714b7b8020;DB_CLOSE_DELAY=-1;DB_CLOSE_ON_EXIT=false', username='sa'
2021-09-22 15:33:21.244  WARN 5696 --- [           main] s.c.a.AnnotationConfigApplicationContext : Exception encountered during context initialization - cancelling refresh attempt: org.springframework.beans.factory.UnsatisfiedDependencyException: Error creating bean with name 'org.springframework.boot.autoconfigure.orm.jpa.HibernateJpaConfiguration': Unsatisfied dependency expressed through constructor parameter 0; nested exception is org.springframework.beans.factory.BeanCreationException: Error creating bean with name 'dataSource': Post-processing of FactoryBean's singleton object failed; nested exception is org.springframework.beans.factory.BeanCreationException: Error creating bean with name 'org.springframework.boot.autoconfigure.jdbc.DataSourceInitializerInvoker': Invocation of init method failed; nested exception is org.springframework.jdbc.datasource.init.ScriptStatementFailedException: Failed to execute SQL script statement #4 of URL [file:/C:/Users/naude/Desktop/IT%20Dev/Project1/AccountSystemRepository/target/test-classes/schema.sql]: CREATE TABLE VITRSA_SANDBOX.DEMO_ACCOUNT_TX ( TX_ID BIGINT NOT NULL, ACCOUNT_TYPE_ID BIGINT NOT NULL, MEMBER_ID BIGINT NOT NULL, AMOUNT BIGINT NOT NULL, TX_DATE DATE NOT NULL, PRIMARY KEY (TX_ID) CONSTRAINT FK_ACCOUNT_TYPE_ID FOREIGN KEY (ACCOUNT_TYPE_ID) REFERENCES VITRSA_SANDBOX.DEMO_ACCOUNT_TYPE (ACCOUNT_TYPE_ID) ); nested exception is org.h2.jdbc.JdbcSQLSyntaxErrorException: Syntax error in SQL statement "CREATE TABLE VITRSA_SANDBOX.DEMO_ACCOUNT_TX ( TX_ID BIGINT NOT NULL, ACCOUNT_TYPE_ID BIGINT NOT NULL, MEMBER_ID BIGINT NOT NULL, AMOUNT BIGINT NOT NULL, TX_DATE DATE NOT NULL, PRIMARY KEY (TX_ID) CONSTRAINT[*] FK_ACCOUNT_TYPE_ID FOREIGN KEY (ACCOUNT_TYPE_ID) REFERENCES VITRSA_SANDBOX.DEMO_ACCOUNT_TYPE (ACCOUNT_TYPE_ID) )"; expected "INDEX, ,, )"; SQL statement:
CREATE TABLE VITRSA_SANDBOX.DEMO_ACCOUNT_TX ( TX_ID BIGINT NOT NULL, ACCOUNT_TYPE_ID BIGINT NOT NULL, MEMBER_ID BIGINT NOT NULL, AMOUNT BIGINT NOT NULL, TX_DATE DATE NOT NULL, PRIMARY KEY (TX_ID) CONSTRAINT FK_ACCOUNT_TYPE_ID FOREIGN KEY (ACCOUNT_TYPE_ID) REFERENCES VITRSA_SANDBOX.DEMO_ACCOUNT_TYPE (ACCOUNT_TYPE_ID) ) [42001-199]
2021-09-22 15:33:21.248  INFO 5696 --- [           main] ConditionEvaluationReportLoggingListener : 

Error starting ApplicationContext. To display the conditions report re-run your application with 'debug' enabled.
2021-09-22 15:33:21.250 ERROR 5696 --- [           main] o.s.boot.SpringApplication               : Application run failed

org.springframework.beans.factory.UnsatisfiedDependencyException: Error creating bean with name 'org.springframework.boot.autoconfigure.orm.jpa.HibernateJpaConfiguration': Unsatisfied dependency expressed through constructor parameter 0; nested exception is org.springframework.beans.factory.BeanCreationException: Error creating bean with name 'dataSource': Post-processing of FactoryBean's singleton object failed; nested exception is org.springframework.beans.factory.BeanCreationException: Error creating bean with name 'org.springframework.boot.autoconfigure.jdbc.DataSourceInitializerInvoker': Invocation of init method failed; nested exception is org.springframework.jdbc.datasource.init.ScriptStatementFailedException: Failed to execute SQL script statement #4 of URL [file:/C:/Users/naude/Desktop/IT%20Dev/Project1/AccountSystemRepository/target/test-classes/schema.sql]: CREATE TABLE VITRSA_SANDBOX.DEMO_ACCOUNT_TX ( TX_ID BIGINT NOT NULL, ACCOUNT_TYPE_ID BIGINT NOT NULL, MEMBER_ID BIGINT NOT NULL, AMOUNT BIGINT NOT NULL, TX_DATE DATE NOT NULL, PRIMARY KEY (TX_ID) CONSTRAINT FK_ACCOUNT_TYPE_ID FOREIGN KEY (ACCOUNT_TYPE_ID) REFERENCES VITRSA_SANDBOX.DEMO_ACCOUNT_TYPE (ACCOUNT_TYPE_ID) ); nested exception is org.h2.jdbc.JdbcSQLSyntaxErrorException: Syntax error in SQL statement "CREATE TABLE VITRSA_SANDBOX.DEMO_ACCOUNT_TX ( TX_ID BIGINT NOT NULL, ACCOUNT_TYPE_ID BIGINT NOT NULL, MEMBER_ID BIGINT NOT NULL, AMOUNT BIGINT NOT NULL, TX_DATE DATE NOT NULL, PRIMARY KEY (TX_ID) CONSTRAINT[*] FK_ACCOUNT_TYPE_ID FOREIGN KEY (ACCOUNT_TYPE_ID) REFERENCES VITRSA_SANDBOX.DEMO_ACCOUNT_TYPE (ACCOUNT_TYPE_ID) )"; expected "INDEX, ,, )"; SQL statement:
CREATE TABLE VITRSA_SANDBOX.DEMO_ACCOUNT_TX ( TX_ID BIGINT NOT NULL, ACCOUNT_TYPE_ID BIGINT NOT NULL, MEMBER_ID BIGINT NOT NULL, AMOUNT BIGINT NOT NULL, TX_DATE DATE NOT NULL, PRIMARY KEY (TX_ID) CONSTRAINT FK_ACCOUNT_TYPE_ID FOREIGN KEY (ACCOUNT_TYPE_ID) REFERENCES VITRSA_SANDBOX.DEMO_ACCOUNT_TYPE (ACCOUNT_TYPE_ID) ) [42001-199]
	at org.springframework.beans.factory.support.ConstructorResolver.createArgumentArray(ConstructorResolver.java:769) ~[spring-beans-5.1.8.RELEASE.jar:5.1.8.RELEASE]
	at org.springframework.beans.factory.support.ConstructorResolver.autowireConstructor(ConstructorResolver.java:218) ~[spring-beans-5.1.8.RELEASE.jar:5.1.8.RELEASE]
	at org.springframework.beans.factory.support.AbstractAutowireCapableBeanFactory.autowireConstructor(AbstractAutowireCapableBeanFactory.java:1341) ~[spring-beans-5.1.8.RELEASE.jar:5.1.8.RELEASE]
	at org.springframework.beans.factory.support.AbstractAutowireCapableBeanFactory.createBeanInstance(AbstractAutowireCapableBeanFactory.java:1187) ~[spring-beans-5.1.8.RELEASE.jar:5.1.8.RELEASE]
	at org.springframework.beans.factory.support.AbstractAutowireCapableBeanFactory.doCreateBean(AbstractAutowireCapableBeanFactory.java:555) ~[spring-beans-5.1.8.RELEASE.jar:5.1.8.RELEASE]
	at org.springframework.beans.factory.support.AbstractAutowireCapableBeanFactory.createBean(AbstractAutowireCapableBeanFactory.java:515) ~[spring-beans-5.1.8.RELEASE.jar:5.1.8.RELEASE]
	at org.springframework.beans.factory.support.AbstractBeanFactory.lambda$doGetBean$0(AbstractBeanFactory.java:320) ~[spring-beans-5.1.8.RELEASE.jar:5.1.8.RELEASE]
	at org.springframework.beans.factory.support.DefaultSingletonBeanRegistry.getSingleton(DefaultSingletonBeanRegistry.java:222) ~[spring-beans-5.1.8.RELEASE.jar:5.1.8.RELEASE]
	at org.springframework.beans.factory.support.AbstractBeanFactory.doGetBean(AbstractBeanFactory.java:318) ~[spring-beans-5.1.8.RELEASE.jar:5.1.8.RELEASE]
	at org.springframework.beans.factory.support.AbstractBeanFactory.getBean(AbstractBeanFactory.java:199) ~[spring-beans-5.1.8.RELEASE.jar:5.1.8.RELEASE]
	at org.springframework.beans.factory.support.ConstructorResolver.instantiateUsingFactoryMethod(ConstructorResolver.java:392) ~[spring-beans-5.1.8.RELEASE.jar:5.1.8.RELEASE]
	at org.springframework.beans.factory.support.AbstractAutowireCapableBeanFactory.instantiateUsingFactoryMethod(AbstractAutowireCapableBeanFactory.java:1321) ~[spring-beans-5.1.8.RELEASE.jar:5.1.8.RELEASE]
	at org.springframework.beans.factory.support.AbstractAutowireCapableBeanFactory.createBeanInstance(AbstractAutowireCapableBeanFactory.java:1160) ~[spring-beans-5.1.8.RELEASE.jar:5.1.8.RELEASE]
	at org.springframework.beans.factory.support.AbstractAutowireCapableBeanFactory.doCreateBean(AbstractAutowireCapableBeanFactory.java:555) ~[spring-beans-5.1.8.RELEASE.jar:5.1.8.RELEASE]
	at org.springframework.beans.factory.support.AbstractAutowireCapableBeanFactory.createBean(AbstractAutowireCapableBeanFactory.java:515) ~[spring-beans-5.1.8.RELEASE.jar:5.1.8.RELEASE]
	at org.springframework.beans.factory.support.AbstractBeanFactory.lambda$doGetBean$0(AbstractBeanFactory.java:320) ~[spring-beans-5.1.8.RELEASE.jar:5.1.8.RELEASE]
	at org.springframework.beans.factory.support.DefaultSingletonBeanRegistry.getSingleton(DefaultSingletonBeanRegistry.java:222) ~[spring-beans-5.1.8.RELEASE.jar:5.1.8.RELEASE]
	at org.springframework.beans.factory.support.AbstractBeanFactory.doGetBean(AbstractBeanFactory.java:318) ~[spring-beans-5.1.8.RELEASE.jar:5.1.8.RELEASE]
	at org.springframework.beans.factory.support.AbstractBeanFactory.getBean(AbstractBeanFactory.java:199) ~[spring-beans-5.1.8.RELEASE.jar:5.1.8.RELEASE]
	at org.springframework.context.support.AbstractApplicationContext.getBean(AbstractApplicationContext.java:1105) ~[spring-context-5.1.8.RELEASE.jar:5.1.8.RELEASE]
	at org.springframework.context.support.AbstractApplicationContext.finishBeanFactoryInitialization(AbstractApplicationContext.java:867) ~[spring-context-5.1.8.RELEASE.jar:5.1.8.RELEASE]
	at org.springframework.context.support.AbstractApplicationContext.refresh(AbstractApplicationContext.java:549) ~[spring-context-5.1.8.RELEASE.jar:5.1.8.RELEASE]
	at org.springframework.boot.SpringApplication.refresh(SpringApplication.java:742) ~[spring-boot-2.1.6.RELEASE.jar:2.1.6.RELEASE]
	at org.springframework.boot.SpringApplication.refreshContext(SpringApplication.java:389) ~[spring-boot-2.1.6.RELEASE.jar:2.1.6.RELEASE]
	at org.springframework.boot.SpringApplication.run(SpringApplication.java:311) ~[spring-boot-2.1.6.RELEASE.jar:2.1.6.RELEASE]
	at org.springframework.boot.test.context.SpringBootContextLoader.loadContext(SpringBootContextLoader.java:119) ~[spring-boot-test-2.1.6.RELEASE.jar:2.1.6.RELEASE]
	at org.springframework.test.context.cache.DefaultCacheAwareContextLoaderDelegate.loadContextInternal(DefaultCacheAwareContextLoaderDelegate.java:99) ~[spring-test-5.1.8.RELEASE.jar:5.1.8.RELEASE]
	at org.springframework.test.context.cache.DefaultCacheAwareContextLoaderDelegate.loadContext(DefaultCacheAwareContextLoaderDelegate.java:117) ~[spring-test-5.1.8.RELEASE.jar:5.1.8.RELEASE]
	at org.springframework.test.context.support.DefaultTestContext.getApplicationContext(DefaultTestContext.java:108) ~[spring-test-5.1.8.RELEASE.jar:5.1.8.RELEASE]
	at org.springframework.test.context.support.DependencyInjectionTestExecutionListener.injectDependencies(DependencyInjectionTestExecutionListener.java:118) ~[spring-test-5.1.8.RELEASE.jar:5.1.8.RELEASE]
	at org.springframework.test.context.support.DependencyInjectionTestExecutionListener.prepareTestInstance(DependencyInjectionTestExecutionListener.java:83) ~[spring-test-5.1.8.RELEASE.jar:5.1.8.RELEASE]
	at org.springframework.boot.test.autoconfigure.SpringBootDependencyInjectionTestExecutionListener.prepareTestInstance(SpringBootDependencyInjectionTestExecutionListener.java:43) ~[spring-boot-test-autoconfigure-2.1.6.RELEASE.jar:2.1.6.RELEASE]
	at org.springframework.test.context.TestContextManager.prepareTestInstance(TestContextManager.java:246) ~[spring-test-5.1.8.RELEASE.jar:5.1.8.RELEASE]
	at org.springframework.test.context.junit4.SpringJUnit4ClassRunner.createTest(SpringJUnit4ClassRunner.java:227) ~[spring-test-5.1.8.RELEASE.jar:5.1.8.RELEASE]
	at org.springframework.test.context.junit4.SpringJUnit4ClassRunner$1.runReflectiveCall(SpringJUnit4ClassRunner.java:289) ~[spring-test-5.1.8.RELEASE.jar:5.1.8.RELEASE]
	at org.junit.internal.runners.model.ReflectiveCallable.run(ReflectiveCallable.java:12) ~[junit-4.12.jar:4.12]
	at org.springframework.test.context.junit4.SpringJUnit4ClassRunner.methodBlock(SpringJUnit4ClassRunner.java:291) ~[spring-test-5.1.8.RELEASE.jar:5.1.8.RELEASE]
	at org.springframework.test.context.junit4.SpringJUnit4ClassRunner.runChild(SpringJUnit4ClassRunner.java:246) ~[spring-test-5.1.8.RELEASE.jar:5.1.8.RELEASE]
	at org.springframework.test.context.junit4.SpringJUnit4ClassRunner.runChild(SpringJUnit4ClassRunner.java:97) ~[spring-test-5.1.8.RELEASE.jar:5.1.8.RELEASE]
	at org.junit.runners.ParentRunner$3.run(ParentRunner.java:290) ~[junit-4.12.jar:4.12]
	at org.junit.runners.ParentRunner$1.schedule(ParentRunner.java:71) ~[junit-4.12.jar:4.12]
	at org.junit.runners.ParentRunner.runChildren(ParentRunner.java:288) ~[junit-4.12.jar:4.12]
	at org.junit.runners.ParentRunner.access$000(ParentRunner.java:58) ~[junit-4.12.jar:4.12]
	at org.junit.runners.ParentRunner$2.evaluate(ParentRunner.java:268) ~[junit-4.12.jar:4.12]
	at org.springframework.test.context.junit4.statements.RunBeforeTestClassCallbacks.evaluate(RunBeforeTestClassCallbacks.java:61) ~[spring-test-5.1.8.RELEASE.jar:5.1.8.RELEASE]
	at org.springframework.test.context.junit4.statements.RunAfterTestClassCallbacks.evaluate(RunAfterTestClassCallbacks.java:70) ~[spring-test-5.1.8.RELEASE.jar:5.1.8.RELEASE]
	at org.junit.runners.ParentRunner.run(ParentRunner.java:363) ~[junit-4.12.jar:4.12]
	at org.springframework.test.context.junit4.SpringJUnit4ClassRunner.run(SpringJUnit4ClassRunner.java:190) ~[spring-test-5.1.8.RELEASE.jar:5.1.8.RELEASE]
	at org.apache.maven.surefire.junit4.JUnit4Provider.execute(JUnit4Provider.java:365) ~[surefire-junit4-2.22.2.jar:2.22.2]
	at org.apache.maven.surefire.junit4.JUnit4Provider.executeWithRerun(JUnit4Provider.java:273) ~[surefire-junit4-2.22.2.jar:2.22.2]
	at org.apache.maven.surefire.junit4.JUnit4Provider.executeTestSet(JUnit4Provider.java:238) ~[surefire-junit4-2.22.2.jar:2.22.2]
	at org.apache.maven.surefire.junit4.JUnit4Provider.invoke(JUnit4Provider.java:159) ~[surefire-junit4-2.22.2.jar:2.22.2]
	at org.apache.maven.surefire.booter.ForkedBooter.invokeProviderInSameClassLoader(ForkedBooter.java:384) ~[surefire-booter-2.22.2.jar:2.22.2]
	at org.apache.maven.surefire.booter.ForkedBooter.runSuitesInProcess(ForkedBooter.java:345) ~[surefire-booter-2.22.2.jar:2.22.2]
	at org.apache.maven.surefire.booter.ForkedBooter.execute(ForkedBooter.java:126) ~[surefire-booter-2.22.2.jar:2.22.2]
	at org.apache.maven.surefire.booter.ForkedBooter.main(ForkedBooter.java:418) ~[surefire-booter-2.22.2.jar:2.22.2]
Caused by: org.springframework.beans.factory.BeanCreationException: Error creating bean with name 'dataSource': Post-processing of FactoryBean's singleton object failed; nested exception is org.springframework.beans.factory.BeanCreationException: Error creating bean with name 'org.springframework.boot.autoconfigure.jdbc.DataSourceInitializerInvoker': Invocation of init method failed; nested exception is org.springframework.jdbc.datasource.init.ScriptStatementFailedException: Failed to execute SQL script statement #4 of URL [file:/C:/Users/naude/Desktop/IT%20Dev/Project1/AccountSystemRepository/target/test-classes/schema.sql]: CREATE TABLE VITRSA_SANDBOX.DEMO_ACCOUNT_TX ( TX_ID BIGINT NOT NULL, ACCOUNT_TYPE_ID BIGINT NOT NULL, MEMBER_ID BIGINT NOT NULL, AMOUNT BIGINT NOT NULL, TX_DATE DATE NOT NULL, PRIMARY KEY (TX_ID) CONSTRAINT FK_ACCOUNT_TYPE_ID FOREIGN KEY (ACCOUNT_TYPE_ID) REFERENCES VITRSA_SANDBOX.DEMO_ACCOUNT_TYPE (ACCOUNT_TYPE_ID) ); nested exception is org.h2.jdbc.JdbcSQLSyntaxErrorException: Syntax error in SQL statement "CREATE TABLE VITRSA_SANDBOX.DEMO_ACCOUNT_TX ( TX_ID BIGINT NOT NULL, ACCOUNT_TYPE_ID BIGINT NOT NULL, MEMBER_ID BIGINT NOT NULL, AMOUNT BIGINT NOT NULL, TX_DATE DATE NOT NULL, PRIMARY KEY (TX_ID) CONSTRAINT[*] FK_ACCOUNT_TYPE_ID FOREIGN KEY (ACCOUNT_TYPE_ID) REFERENCES VITRSA_SANDBOX.DEMO_ACCOUNT_TYPE (ACCOUNT_TYPE_ID) )"; expected "INDEX, ,, )"; SQL statement:
CREATE TABLE VITRSA_SANDBOX.DEMO_ACCOUNT_TX ( TX_ID BIGINT NOT NULL, ACCOUNT_TYPE_ID BIGINT NOT NULL, MEMBER_ID BIGINT NOT NULL, AMOUNT BIGINT NOT NULL, TX_DATE DATE NOT NULL, PRIMARY KEY (TX_ID) CONSTRAINT FK_ACCOUNT_TYPE_ID FOREIGN KEY (ACCOUNT_TYPE_ID) REFERENCES VITRSA_SANDBOX.DEMO_ACCOUNT_TYPE (ACCOUNT_TYPE_ID) ) [42001-199]
	at org.springframework.beans.factory.support.FactoryBeanRegistrySupport.getObjectFromFactoryBean(FactoryBeanRegistrySupport.java:119) ~[spring-beans-5.1.8.RELEASE.jar:5.1.8.RELEASE]
	at org.springframework.beans.factory.support.AbstractBeanFactory.getObjectForBeanInstance(AbstractBeanFactory.java:1674) ~[spring-beans-5.1.8.RELEASE.jar:5.1.8.RELEASE]
	at org.springframework.beans.factory.support.AbstractAutowireCapableBeanFactory.getObjectForBeanInstance(AbstractAutowireCapableBeanFactory.java:1249) ~[spring-beans-5.1.8.RELEASE.jar:5.1.8.RELEASE]
	at org.springframework.beans.factory.support.AbstractBeanFactory.doGetBean(AbstractBeanFactory.java:330) ~[spring-beans-5.1.8.RELEASE.jar:5.1.8.RELEASE]
	at org.springframework.beans.factory.support.AbstractBeanFactory.getBean(AbstractBeanFactory.java:199) ~[spring-beans-5.1.8.RELEASE.jar:5.1.8.RELEASE]
	at org.springframework.beans.factory.config.DependencyDescriptor.resolveCandidate(DependencyDescriptor.java:277) ~[spring-beans-5.1.8.RELEASE.jar:5.1.8.RELEASE]
	at org.springframework.beans.factory.support.DefaultListableBeanFactory.doResolveDependency(DefaultListableBeanFactory.java:1251) ~[spring-beans-5.1.8.RELEASE.jar:5.1.8.RELEASE]
	at org.springframework.beans.factory.support.DefaultListableBeanFactory.resolveDependency(DefaultListableBeanFactory.java:1171) ~[spring-beans-5.1.8.RELEASE.jar:5.1.8.RELEASE]
	at org.springframework.beans.factory.support.ConstructorResolver.resolveAutowiredArgument(ConstructorResolver.java:857) ~[spring-beans-5.1.8.RELEASE.jar:5.1.8.RELEASE]
	at org.springframework.beans.factory.support.ConstructorResolver.createArgumentArray(ConstructorResolver.java:760) ~[spring-beans-5.1.8.RELEASE.jar:5.1.8.RELEASE]
	... 55 common frames omitted
Caused by: org.springframework.beans.factory.BeanCreationException: Error creating bean with name 'org.springframework.boot.autoconfigure.jdbc.DataSourceInitializerInvoker': Invocation of init method failed; nested exception is org.springframework.jdbc.datasource.init.ScriptStatementFailedException: Failed to execute SQL script statement #4 of URL [file:/C:/Users/naude/Desktop/IT%20Dev/Project1/AccountSystemRepository/target/test-classes/schema.sql]: CREATE TABLE VITRSA_SANDBOX.DEMO_ACCOUNT_TX ( TX_ID BIGINT NOT NULL, ACCOUNT_TYPE_ID BIGINT NOT NULL, MEMBER_ID BIGINT NOT NULL, AMOUNT BIGINT NOT NULL, TX_DATE DATE NOT NULL, PRIMARY KEY (TX_ID) CONSTRAINT FK_ACCOUNT_TYPE_ID FOREIGN KEY (ACCOUNT_TYPE_ID) REFERENCES VITRSA_SANDBOX.DEMO_ACCOUNT_TYPE (ACCOUNT_TYPE_ID) ); nested exception is org.h2.jdbc.JdbcSQLSyntaxErrorException: Syntax error in SQL statement "CREATE TABLE VITRSA_SANDBOX.DEMO_ACCOUNT_TX ( TX_ID BIGINT NOT NULL, ACCOUNT_TYPE_ID BIGINT NOT NULL, MEMBER_ID BIGINT NOT NULL, AMOUNT BIGINT NOT NULL, TX_DATE DATE NOT NULL, PRIMARY KEY (TX_ID) CONSTRAINT[*] FK_ACCOUNT_TYPE_ID FOREIGN KEY (ACCOUNT_TYPE_ID) REFERENCES VITRSA_SANDBOX.DEMO_ACCOUNT_TYPE (ACCOUNT_TYPE_ID) )"; expected "INDEX, ,, )"; SQL statement:
CREATE TABLE VITRSA_SANDBOX.DEMO_ACCOUNT_TX ( TX_ID BIGINT NOT NULL, ACCOUNT_TYPE_ID BIGINT NOT NULL, MEMBER_ID BIGINT NOT NULL, AMOUNT BIGINT NOT NULL, TX_DATE DATE NOT NULL, PRIMARY KEY (TX_ID) CONSTRAINT FK_ACCOUNT_TYPE_ID FOREIGN KEY (ACCOUNT_TYPE_ID) REFERENCES VITRSA_SANDBOX.DEMO_ACCOUNT_TYPE (ACCOUNT_TYPE_ID) ) [42001-199]
	at org.springframework.beans.factory.support.AbstractAutowireCapableBeanFactory.initializeBean(AbstractAutowireCapableBeanFactory.java:1778) ~[spring-beans-5.1.8.RELEASE.jar:5.1.8.RELEASE]
	at org.springframework.beans.factory.support.AbstractAutowireCapableBeanFactory.doCreateBean(AbstractAutowireCapableBeanFactory.java:593) ~[spring-beans-5.1.8.RELEASE.jar:5.1.8.RELEASE]
	at org.springframework.beans.factory.support.AbstractAutowireCapableBeanFactory.createBean(AbstractAutowireCapableBeanFactory.java:515) ~[spring-beans-5.1.8.RELEASE.jar:5.1.8.RELEASE]
	at org.springframework.beans.factory.support.AbstractBeanFactory.lambda$doGetBean$0(AbstractBeanFactory.java:320) ~[spring-beans-5.1.8.RELEASE.jar:5.1.8.RELEASE]
	at org.springframework.beans.factory.support.DefaultSingletonBeanRegistry.getSingleton(DefaultSingletonBeanRegistry.java:222) ~[spring-beans-5.1.8.RELEASE.jar:5.1.8.RELEASE]
	at org.springframework.beans.factory.support.AbstractBeanFactory.doGetBean(AbstractBeanFactory.java:318) ~[spring-beans-5.1.8.RELEASE.jar:5.1.8.RELEASE]
	at org.springframework.beans.factory.support.AbstractBeanFactory.getBean(AbstractBeanFactory.java:224) ~[spring-beans-5.1.8.RELEASE.jar:5.1.8.RELEASE]
	at org.springframework.beans.factory.support.DefaultListableBeanFactory.resolveNamedBean(DefaultListableBeanFactory.java:1119) ~[spring-beans-5.1.8.RELEASE.jar:5.1.8.RELEASE]
	at org.springframework.beans.factory.support.DefaultListableBeanFactory.resolveBean(DefaultListableBeanFactory.java:411) ~[spring-beans-5.1.8.RELEASE.jar:5.1.8.RELEASE]
	at org.springframework.beans.factory.support.DefaultListableBeanFactory.getBean(DefaultListableBeanFactory.java:344) ~[spring-beans-5.1.8.RELEASE.jar:5.1.8.RELEASE]
	at org.springframework.beans.factory.support.DefaultListableBeanFactory.getBean(DefaultListableBeanFactory.java:337) ~[spring-beans-5.1.8.RELEASE.jar:5.1.8.RELEASE]
	at org.springframework.boot.autoconfigure.jdbc.DataSourceInitializerPostProcessor.postProcessAfterInitialization(DataSourceInitializerPostProcessor.java:53) ~[spring-boot-autoconfigure-2.1.6.RELEASE.jar:2.1.6.RELEASE]
	at org.springframework.beans.factory.support.AbstractAutowireCapableBeanFactory.applyBeanPostProcessorsAfterInitialization(AbstractAutowireCapableBeanFactory.java:429) ~[spring-beans-5.1.8.RELEASE.jar:5.1.8.RELEASE]
	at org.springframework.beans.factory.support.AbstractAutowireCapableBeanFactory.postProcessObjectFromFactoryBean(AbstractAutowireCapableBeanFactory.java:1921) ~[spring-beans-5.1.8.RELEASE.jar:5.1.8.RELEASE]
	at org.springframework.beans.factory.support.FactoryBeanRegistrySupport.getObjectFromFactoryBean(FactoryBeanRegistrySupport.java:116) ~[spring-beans-5.1.8.RELEASE.jar:5.1.8.RELEASE]
	... 64 common frames omitted
Caused by: org.springframework.jdbc.datasource.init.ScriptStatementFailedException: Failed to execute SQL script statement #4 of URL [file:/C:/Users/naude/Desktop/IT%20Dev/Project1/AccountSystemRepository/target/test-classes/schema.sql]: CREATE TABLE VITRSA_SANDBOX.DEMO_ACCOUNT_TX ( TX_ID BIGINT NOT NULL, ACCOUNT_TYPE_ID BIGINT NOT NULL, MEMBER_ID BIGINT NOT NULL, AMOUNT BIGINT NOT NULL, TX_DATE DATE NOT NULL, PRIMARY KEY (TX_ID) CONSTRAINT FK_ACCOUNT_TYPE_ID FOREIGN KEY (ACCOUNT_TYPE_ID) REFERENCES VITRSA_SANDBOX.DEMO_ACCOUNT_TYPE (ACCOUNT_TYPE_ID) ); nested exception is org.h2.jdbc.JdbcSQLSyntaxErrorException: Syntax error in SQL statement "CREATE TABLE VITRSA_SANDBOX.DEMO_ACCOUNT_TX ( TX_ID BIGINT NOT NULL, ACCOUNT_TYPE_ID BIGINT NOT NULL, MEMBER_ID BIGINT NOT NULL, AMOUNT BIGINT NOT NULL, TX_DATE DATE NOT NULL, PRIMARY KEY (TX_ID) CONSTRAINT[*] FK_ACCOUNT_TYPE_ID FOREIGN KEY (ACCOUNT_TYPE_ID) REFERENCES VITRSA_SANDBOX.DEMO_ACCOUNT_TYPE (ACCOUNT_TYPE_ID) )"; expected "INDEX, ,, )"; SQL statement:
CREATE TABLE VITRSA_SANDBOX.DEMO_ACCOUNT_TX ( TX_ID BIGINT NOT NULL, ACCOUNT_TYPE_ID BIGINT NOT NULL, MEMBER_ID BIGINT NOT NULL, AMOUNT BIGINT NOT NULL, TX_DATE DATE NOT NULL, PRIMARY KEY (TX_ID) CONSTRAINT FK_ACCOUNT_TYPE_ID FOREIGN KEY (ACCOUNT_TYPE_ID) REFERENCES VITRSA_SANDBOX.DEMO_ACCOUNT_TYPE (ACCOUNT_TYPE_ID) ) [42001-199]
	at org.springframework.jdbc.datasource.init.ScriptUtils.executeSqlScript(ScriptUtils.java:509) ~[spring-jdbc-5.1.8.RELEASE.jar:5.1.8.RELEASE]
	at org.springframework.jdbc.datasource.init.ResourceDatabasePopulator.populate(ResourceDatabasePopulator.java:238) ~[spring-jdbc-5.1.8.RELEASE.jar:5.1.8.RELEASE]
	at org.springframework.jdbc.datasource.init.DatabasePopulatorUtils.execute(DatabasePopulatorUtils.java:48) ~[spring-jdbc-5.1.8.RELEASE.jar:5.1.8.RELEASE]
	at org.springframework.boot.autoconfigure.jdbc.DataSourceInitializer.runScripts(DataSourceInitializer.java:202) ~[spring-boot-autoconfigure-2.1.6.RELEASE.jar:2.1.6.RELEASE]
	at org.springframework.boot.autoconfigure.jdbc.DataSourceInitializer.createSchema(DataSourceInitializer.java:101) ~[spring-boot-autoconfigure-2.1.6.RELEASE.jar:2.1.6.RELEASE]
	at org.springframework.boot.autoconfigure.jdbc.DataSourceInitializerInvoker.afterPropertiesSet(DataSourceInitializerInvoker.java:62) ~[spring-boot-autoconfigure-2.1.6.RELEASE.jar:2.1.6.RELEASE]
	at org.springframework.beans.factory.support.AbstractAutowireCapableBeanFactory.invokeInitMethods(AbstractAutowireCapableBeanFactory.java:1837) ~[spring-beans-5.1.8.RELEASE.jar:5.1.8.RELEASE]
	at org.springframework.beans.factory.support.AbstractAutowireCapableBeanFactory.initializeBean(AbstractAutowireCapableBeanFactory.java:1774) ~[spring-beans-5.1.8.RELEASE.jar:5.1.8.RELEASE]
	... 78 common frames omitted
Caused by: org.h2.jdbc.JdbcSQLSyntaxErrorException: Syntax error in SQL statement "CREATE TABLE VITRSA_SANDBOX.DEMO_ACCOUNT_TX ( TX_ID BIGINT NOT NULL, ACCOUNT_TYPE_ID BIGINT NOT NULL, MEMBER_ID BIGINT NOT NULL, AMOUNT BIGINT NOT NULL, TX_DATE DATE NOT NULL, PRIMARY KEY (TX_ID) CONSTRAINT[*] FK_ACCOUNT_TYPE_ID FOREIGN KEY (ACCOUNT_TYPE_ID) REFERENCES VITRSA_SANDBOX.DEMO_ACCOUNT_TYPE (ACCOUNT_TYPE_ID) )"; expected "INDEX, ,, )"; SQL statement:
CREATE TABLE VITRSA_SANDBOX.DEMO_ACCOUNT_TX ( TX_ID BIGINT NOT NULL, ACCOUNT_TYPE_ID BIGINT NOT NULL, MEMBER_ID BIGINT NOT NULL, AMOUNT BIGINT NOT NULL, TX_DATE DATE NOT NULL, PRIMARY KEY (TX_ID) CONSTRAINT FK_ACCOUNT_TYPE_ID FOREIGN KEY (ACCOUNT_TYPE_ID) REFERENCES VITRSA_SANDBOX.DEMO_ACCOUNT_TYPE (ACCOUNT_TYPE_ID) ) [42001-199]
	at org.h2.message.DbException.getJdbcSQLException(DbException.java:451) ~[h2-1.4.199.jar:1.4.199]
	at org.h2.message.DbException.getJdbcSQLException(DbException.java:427) ~[h2-1.4.199.jar:1.4.199]
	at org.h2.message.DbException.getSyntaxError(DbException.java:243) ~[h2-1.4.199.jar:1.4.199]
	at org.h2.command.Parser.getSyntaxError(Parser.java:991) ~[h2-1.4.199.jar:1.4.199]
	at org.h2.command.Parser.read(Parser.java:4549) ~[h2-1.4.199.jar:1.4.199]
	at org.h2.command.Parser.readIfMore(Parser.java:1391) ~[h2-1.4.199.jar:1.4.199]
	at org.h2.command.Parser.parseCreateTable(Parser.java:7833) ~[h2-1.4.199.jar:1.4.199]
	at org.h2.command.Parser.parseCreate(Parser.java:5818) ~[h2-1.4.199.jar:1.4.199]
	at org.h2.command.Parser.parsePrepared(Parser.java:846) ~[h2-1.4.199.jar:1.4.199]
	at org.h2.command.Parser.parse(Parser.java:788) ~[h2-1.4.199.jar:1.4.199]
	at org.h2.command.Parser.parse(Parser.java:764) ~[h2-1.4.199.jar:1.4.199]
	at org.h2.command.Parser.prepareCommand(Parser.java:683) ~[h2-1.4.199.jar:1.4.199]
	at org.h2.engine.Session.prepareLocal(Session.java:627) ~[h2-1.4.199.jar:1.4.199]
	at org.h2.engine.Session.prepareCommand(Session.java:565) ~[h2-1.4.199.jar:1.4.199]
	at org.h2.jdbc.JdbcConnection.prepareCommand(JdbcConnection.java:1292) ~[h2-1.4.199.jar:1.4.199]
	at org.h2.jdbc.JdbcStatement.executeInternal(JdbcStatement.java:217) ~[h2-1.4.199.jar:1.4.199]
	at org.h2.jdbc.JdbcStatement.execute(JdbcStatement.java:205) ~[h2-1.4.199.jar:1.4.199]
	at org.springframework.jdbc.datasource.init.ScriptUtils.executeSqlScript(ScriptUtils.java:488) ~[spring-jdbc-5.1.8.RELEASE.jar:5.1.8.RELEASE]
	... 85 common frames omitted


  .   ____          _            __ _ _
 /\\ / ___'_ __ _ _(_)_ __  __ _ \ \ \ \
( ( )\___ | '_ | '_| | '_ \/ _` | \ \ \ \
 \\/  ___)| |_)| | | | | || (_| |  ) ) ) )
  '  |____| .__|_| |_|_| |_\__, | / / / /
 =========|_|==============|___/=/_/_/_/
 :: Spring Boot ::        (v2.1.6.RELEASE)

2021-09-22 15:33:21.295  INFO 5696 --- [           main] z.a.n.a.r.p.AccountTypeRepositoryTest    : Starting AccountTypeRepositoryTest on DESKTOP-074OGOO with PID 5696 (started by naude in C:\Users\naude\Desktop\IT Dev\Project1\AccountSystemRepository)
2021-09-22 15:33:21.296  INFO 5696 --- [           main] z.a.n.a.r.p.AccountTypeRepositoryTest    : No active profile set, falling back to default profiles: default
2021-09-22 15:33:21.448  INFO 5696 --- [           main] .s.d.r.c.RepositoryConfigurationDelegate : Bootstrapping Spring Data repositories in DEFAULT mode.
2021-09-22 15:33:21.472  INFO 5696 --- [           main] .s.d.r.c.RepositoryConfigurationDelegate : Finished Spring Data repository scanning in 23ms. Found 1 repository interfaces.
2021-09-22 15:33:21.499  INFO 5696 --- [           main] beddedDataSourceBeanFactoryPostProcessor : Replacing 'dataSource' DataSource bean with embedded version
2021-09-22 15:33:21.590  INFO 5696 --- [           main] o.s.j.d.e.EmbeddedDatabaseFactory        : Starting embedded database: url='jdbc:h2:mem:a8784a6e-7fe3-43e4-af77-9ee3e1d83e94;DB_CLOSE_DELAY=-1;DB_CLOSE_ON_EXIT=false', username='sa'
2021-09-22 15:33:21.664  WARN 5696 --- [           main] s.c.a.AnnotationConfigApplicationContext : Exception encountered during context initialization - cancelling refresh attempt: org.springframework.beans.factory.UnsatisfiedDependencyException: Error creating bean with name 'org.springframework.boot.autoconfigure.orm.jpa.HibernateJpaConfiguration': Unsatisfied dependency expressed through constructor parameter 0; nested exception is org.springframework.beans.factory.BeanCreationException: Error creating bean with name 'dataSource': Post-processing of FactoryBean's singleton object failed; nested exception is org.springframework.beans.factory.BeanCreationException: Error creating bean with name 'org.springframework.boot.autoconfigure.jdbc.DataSourceInitializerInvoker': Invocation of init method failed; nested exception is org.springframework.jdbc.datasource.init.ScriptStatementFailedException: Failed to execute SQL script statement #4 of URL [file:/C:/Users/naude/Desktop/IT%20Dev/Project1/AccountSystemRepository/target/test-classes/schema.sql]: CREATE TABLE VITRSA_SANDBOX.DEMO_ACCOUNT_TX ( TX_ID BIGINT NOT NULL, ACCOUNT_TYPE_ID BIGINT NOT NULL, MEMBER_ID BIGINT NOT NULL, AMOUNT BIGINT NOT NULL, TX_DATE DATE NOT NULL, PRIMARY KEY (TX_ID) CONSTRAINT FK_ACCOUNT_TYPE_ID FOREIGN KEY (ACCOUNT_TYPE_ID) REFERENCES VITRSA_SANDBOX.DEMO_ACCOUNT_TYPE (ACCOUNT_TYPE_ID) ); nested exception is org.h2.jdbc.JdbcSQLSyntaxErrorException: Syntax error in SQL statement "CREATE TABLE VITRSA_SANDBOX.DEMO_ACCOUNT_TX ( TX_ID BIGINT NOT NULL, ACCOUNT_TYPE_ID BIGINT NOT NULL, MEMBER_ID BIGINT NOT NULL, AMOUNT BIGINT NOT NULL, TX_DATE DATE NOT NULL, PRIMARY KEY (TX_ID) CONSTRAINT[*] FK_ACCOUNT_TYPE_ID FOREIGN KEY (ACCOUNT_TYPE_ID) REFERENCES VITRSA_SANDBOX.DEMO_ACCOUNT_TYPE (ACCOUNT_TYPE_ID) )"; expected "INDEX, ,, )"; SQL statement:
CREATE TABLE VITRSA_SANDBOX.DEMO_ACCOUNT_TX ( TX_ID BIGINT NOT NULL, ACCOUNT_TYPE_ID BIGINT NOT NULL, MEMBER_ID BIGINT NOT NULL, AMOUNT BIGINT NOT NULL, TX_DATE DATE NOT NULL, PRIMARY KEY (TX_ID) CONSTRAINT FK_ACCOUNT_TYPE_ID FOREIGN KEY (ACCOUNT_TYPE_ID) REFERENCES VITRSA_SANDBOX.DEMO_ACCOUNT_TYPE (ACCOUNT_TYPE_ID) ) [42001-199]
2021-09-22 15:33:21.666  INFO 5696 --- [           main] ConditionEvaluationReportLoggingListener : 

Error starting ApplicationContext. To display the conditions report re-run your application with 'debug' enabled.
2021-09-22 15:33:21.669 ERROR 5696 --- [           main] o.s.boot.SpringApplication               : Application run failed

org.springframework.beans.factory.UnsatisfiedDependencyException: Error creating bean with name 'org.springframework.boot.autoconfigure.orm.jpa.HibernateJpaConfiguration': Unsatisfied dependency expressed through constructor parameter 0; nested exception is org.springframework.beans.factory.BeanCreationException: Error creating bean with name 'dataSource': Post-processing of FactoryBean's singleton object failed; nested exception is org.springframework.beans.factory.BeanCreationException: Error creating bean with name 'org.springframework.boot.autoconfigure.jdbc.DataSourceInitializerInvoker': Invocation of init method failed; nested exception is org.springframework.jdbc.datasource.init.ScriptStatementFailedException: Failed to execute SQL script statement #4 of URL [file:/C:/Users/naude/Desktop/IT%20Dev/Project1/AccountSystemRepository/target/test-classes/schema.sql]: CREATE TABLE VITRSA_SANDBOX.DEMO_ACCOUNT_TX ( TX_ID BIGINT NOT NULL, ACCOUNT_TYPE_ID BIGINT NOT NULL, MEMBER_ID BIGINT NOT NULL, AMOUNT BIGINT NOT NULL, TX_DATE DATE NOT NULL, PRIMARY KEY (TX_ID) CONSTRAINT FK_ACCOUNT_TYPE_ID FOREIGN KEY (ACCOUNT_TYPE_ID) REFERENCES VITRSA_SANDBOX.DEMO_ACCOUNT_TYPE (ACCOUNT_TYPE_ID) ); nested exception is org.h2.jdbc.JdbcSQLSyntaxErrorException: Syntax error in SQL statement "CREATE TABLE VITRSA_SANDBOX.DEMO_ACCOUNT_TX ( TX_ID BIGINT NOT NULL, ACCOUNT_TYPE_ID BIGINT NOT NULL, MEMBER_ID BIGINT NOT NULL, AMOUNT BIGINT NOT NULL, TX_DATE DATE NOT NULL, PRIMARY KEY (TX_ID) CONSTRAINT[*] FK_ACCOUNT_TYPE_ID FOREIGN KEY (ACCOUNT_TYPE_ID) REFERENCES VITRSA_SANDBOX.DEMO_ACCOUNT_TYPE (ACCOUNT_TYPE_ID) )"; expected "INDEX, ,, )"; SQL statement:
CREATE TABLE VITRSA_SANDBOX.DEMO_ACCOUNT_TX ( TX_ID BIGINT NOT NULL, ACCOUNT_TYPE_ID BIGINT NOT NULL, MEMBER_ID BIGINT NOT NULL, AMOUNT BIGINT NOT NULL, TX_DATE DATE NOT NULL, PRIMARY KEY (TX_ID) CONSTRAINT FK_ACCOUNT_TYPE_ID FOREIGN KEY (ACCOUNT_TYPE_ID) REFERENCES VITRSA_SANDBOX.DEMO_ACCOUNT_TYPE (ACCOUNT_TYPE_ID) ) [42001-199]
	at org.springframework.beans.factory.support.ConstructorResolver.createArgumentArray(ConstructorResolver.java:769) ~[spring-beans-5.1.8.RELEASE.jar:5.1.8.RELEASE]
	at org.springframework.beans.factory.support.ConstructorResolver.autowireConstructor(ConstructorResolver.java:218) ~[spring-beans-5.1.8.RELEASE.jar:5.1.8.RELEASE]
	at org.springframework.beans.factory.support.AbstractAutowireCapableBeanFactory.autowireConstructor(AbstractAutowireCapableBeanFactory.java:1341) ~[spring-beans-5.1.8.RELEASE.jar:5.1.8.RELEASE]
	at org.springframework.beans.factory.support.AbstractAutowireCapableBeanFactory.createBeanInstance(AbstractAutowireCapableBeanFactory.java:1187) ~[spring-beans-5.1.8.RELEASE.jar:5.1.8.RELEASE]
	at org.springframework.beans.factory.support.AbstractAutowireCapableBeanFactory.doCreateBean(AbstractAutowireCapableBeanFactory.java:555) ~[spring-beans-5.1.8.RELEASE.jar:5.1.8.RELEASE]
	at org.springframework.beans.factory.support.AbstractAutowireCapableBeanFactory.createBean(AbstractAutowireCapableBeanFactory.java:515) ~[spring-beans-5.1.8.RELEASE.jar:5.1.8.RELEASE]
	at org.springframework.beans.factory.support.AbstractBeanFactory.lambda$doGetBean$0(AbstractBeanFactory.java:320) ~[spring-beans-5.1.8.RELEASE.jar:5.1.8.RELEASE]
	at org.springframework.beans.factory.support.DefaultSingletonBeanRegistry.getSingleton(DefaultSingletonBeanRegistry.java:222) ~[spring-beans-5.1.8.RELEASE.jar:5.1.8.RELEASE]
	at org.springframework.beans.factory.support.AbstractBeanFactory.doGetBean(AbstractBeanFactory.java:318) ~[spring-beans-5.1.8.RELEASE.jar:5.1.8.RELEASE]
	at org.springframework.beans.factory.support.AbstractBeanFactory.getBean(AbstractBeanFactory.java:199) ~[spring-beans-5.1.8.RELEASE.jar:5.1.8.RELEASE]
	at org.springframework.beans.factory.support.ConstructorResolver.instantiateUsingFactoryMethod(ConstructorResolver.java:392) ~[spring-beans-5.1.8.RELEASE.jar:5.1.8.RELEASE]
	at org.springframework.beans.factory.support.AbstractAutowireCapableBeanFactory.instantiateUsingFactoryMethod(AbstractAutowireCapableBeanFactory.java:1321) ~[spring-beans-5.1.8.RELEASE.jar:5.1.8.RELEASE]
	at org.springframework.beans.factory.support.AbstractAutowireCapableBeanFactory.createBeanInstance(AbstractAutowireCapableBeanFactory.java:1160) ~[spring-beans-5.1.8.RELEASE.jar:5.1.8.RELEASE]
	at org.springframework.beans.factory.support.AbstractAutowireCapableBeanFactory.doCreateBean(AbstractAutowireCapableBeanFactory.java:555) ~[spring-beans-5.1.8.RELEASE.jar:5.1.8.RELEASE]
	at org.springframework.beans.factory.support.AbstractAutowireCapableBeanFactory.createBean(AbstractAutowireCapableBeanFactory.java:515) ~[spring-beans-5.1.8.RELEASE.jar:5.1.8.RELEASE]
	at org.springframework.beans.factory.support.AbstractBeanFactory.lambda$doGetBean$0(AbstractBeanFactory.java:320) ~[spring-beans-5.1.8.RELEASE.jar:5.1.8.RELEASE]
	at org.springframework.beans.factory.support.DefaultSingletonBeanRegistry.getSingleton(DefaultSingletonBeanRegistry.java:222) ~[spring-beans-5.1.8.RELEASE.jar:5.1.8.RELEASE]
	at org.springframework.beans.factory.support.AbstractBeanFactory.doGetBean(AbstractBeanFactory.java:318) ~[spring-beans-5.1.8.RELEASE.jar:5.1.8.RELEASE]
	at org.springframework.beans.factory.support.AbstractBeanFactory.getBean(AbstractBeanFactory.java:199) ~[spring-beans-5.1.8.RELEASE.jar:5.1.8.RELEASE]
	at org.springframework.context.support.AbstractApplicationContext.getBean(AbstractApplicationContext.java:1105) ~[spring-context-5.1.8.RELEASE.jar:5.1.8.RELEASE]
	at org.springframework.context.support.AbstractApplicationContext.finishBeanFactoryInitialization(AbstractApplicationContext.java:867) ~[spring-context-5.1.8.RELEASE.jar:5.1.8.RELEASE]
	at org.springframework.context.support.AbstractApplicationContext.refresh(AbstractApplicationContext.java:549) ~[spring-context-5.1.8.RELEASE.jar:5.1.8.RELEASE]
	at org.springframework.boot.SpringApplication.refresh(SpringApplication.java:742) ~[spring-boot-2.1.6.RELEASE.jar:2.1.6.RELEASE]
	at org.springframework.boot.SpringApplication.refreshContext(SpringApplication.java:389) ~[spring-boot-2.1.6.RELEASE.jar:2.1.6.RELEASE]
	at org.springframework.boot.SpringApplication.run(SpringApplication.java:311) ~[spring-boot-2.1.6.RELEASE.jar:2.1.6.RELEASE]
	at org.springframework.boot.test.context.SpringBootContextLoader.loadContext(SpringBootContextLoader.java:119) ~[spring-boot-test-2.1.6.RELEASE.jar:2.1.6.RELEASE]
	at org.springframework.test.context.cache.DefaultCacheAwareContextLoaderDelegate.loadContextInternal(DefaultCacheAwareContextLoaderDelegate.java:99) ~[spring-test-5.1.8.RELEASE.jar:5.1.8.RELEASE]
	at org.springframework.test.context.cache.DefaultCacheAwareContextLoaderDelegate.loadContext(DefaultCacheAwareContextLoaderDelegate.java:117) ~[spring-test-5.1.8.RELEASE.jar:5.1.8.RELEASE]
	at org.springframework.test.context.support.DefaultTestContext.getApplicationContext(DefaultTestContext.java:108) ~[spring-test-5.1.8.RELEASE.jar:5.1.8.RELEASE]
	at org.springframework.boot.test.autoconfigure.SpringBootDependencyInjectionTestExecutionListener.outputConditionEvaluationReport(SpringBootDependencyInjectionTestExecutionListener.java:53) ~[spring-boot-test-autoconfigure-2.1.6.RELEASE.jar:2.1.6.RELEASE]
	at org.springframework.boot.test.autoconfigure.SpringBootDependencyInjectionTestExecutionListener.prepareTestInstance(SpringBootDependencyInjectionTestExecutionListener.java:46) ~[spring-boot-test-autoconfigure-2.1.6.RELEASE.jar:2.1.6.RELEASE]
	at org.springframework.test.context.TestContextManager.prepareTestInstance(TestContextManager.java:246) ~[spring-test-5.1.8.RELEASE.jar:5.1.8.RELEASE]
	at org.springframework.test.context.junit4.SpringJUnit4ClassRunner.createTest(SpringJUnit4ClassRunner.java:227) ~[spring-test-5.1.8.RELEASE.jar:5.1.8.RELEASE]
	at org.springframework.test.context.junit4.SpringJUnit4ClassRunner$1.runReflectiveCall(SpringJUnit4ClassRunner.java:289) ~[spring-test-5.1.8.RELEASE.jar:5.1.8.RELEASE]
	at org.junit.internal.runners.model.ReflectiveCallable.run(ReflectiveCallable.java:12) ~[junit-4.12.jar:4.12]
	at org.springframework.test.context.junit4.SpringJUnit4ClassRunner.methodBlock(SpringJUnit4ClassRunner.java:291) ~[spring-test-5.1.8.RELEASE.jar:5.1.8.RELEASE]
	at org.springframework.test.context.junit4.SpringJUnit4ClassRunner.runChild(SpringJUnit4ClassRunner.java:246) ~[spring-test-5.1.8.RELEASE.jar:5.1.8.RELEASE]
	at org.springframework.test.context.junit4.SpringJUnit4ClassRunner.runChild(SpringJUnit4ClassRunner.java:97) ~[spring-test-5.1.8.RELEASE.jar:5.1.8.RELEASE]
	at org.junit.runners.ParentRunner$3.run(ParentRunner.java:290) ~[junit-4.12.jar:4.12]
	at org.junit.runners.ParentRunner$1.schedule(ParentRunner.java:71) ~[junit-4.12.jar:4.12]
	at org.junit.runners.ParentRunner.runChildren(ParentRunner.java:288) ~[junit-4.12.jar:4.12]
	at org.junit.runners.ParentRunner.access$000(ParentRunner.java:58) ~[junit-4.12.jar:4.12]
	at org.junit.runners.ParentRunner$2.evaluate(ParentRunner.java:268) ~[junit-4.12.jar:4.12]
	at org.springframework.test.context.junit4.statements.RunBeforeTestClassCallbacks.evaluate(RunBeforeTestClassCallbacks.java:61) ~[spring-test-5.1.8.RELEASE.jar:5.1.8.RELEASE]
	at org.springframework.test.context.junit4.statements.RunAfterTestClassCallbacks.evaluate(RunAfterTestClassCallbacks.java:70) ~[spring-test-5.1.8.RELEASE.jar:5.1.8.RELEASE]
	at org.junit.runners.ParentRunner.run(ParentRunner.java:363) ~[junit-4.12.jar:4.12]
	at org.springframework.test.context.junit4.SpringJUnit4ClassRunner.run(SpringJUnit4ClassRunner.java:190) ~[spring-test-5.1.8.RELEASE.jar:5.1.8.RELEASE]
	at org.apache.maven.surefire.junit4.JUnit4Provider.execute(JUnit4Provider.java:365) ~[surefire-junit4-2.22.2.jar:2.22.2]
	at org.apache.maven.surefire.junit4.JUnit4Provider.executeWithRerun(JUnit4Provider.java:273) ~[surefire-junit4-2.22.2.jar:2.22.2]
	at org.apache.maven.surefire.junit4.JUnit4Provider.executeTestSet(JUnit4Provider.java:238) ~[surefire-junit4-2.22.2.jar:2.22.2]
	at org.apache.maven.surefire.junit4.JUnit4Provider.invoke(JUnit4Provider.java:159) ~[surefire-junit4-2.22.2.jar:2.22.2]
	at org.apache.maven.surefire.booter.ForkedBooter.invokeProviderInSameClassLoader(ForkedBooter.java:384) ~[surefire-booter-2.22.2.jar:2.22.2]
	at org.apache.maven.surefire.booter.ForkedBooter.runSuitesInProcess(ForkedBooter.java:345) ~[surefire-booter-2.22.2.jar:2.22.2]
	at org.apache.maven.surefire.booter.ForkedBooter.execute(ForkedBooter.java:126) ~[surefire-booter-2.22.2.jar:2.22.2]
	at org.apache.maven.surefire.booter.ForkedBooter.main(ForkedBooter.java:418) ~[surefire-booter-2.22.2.jar:2.22.2]
Caused by: org.springframework.beans.factory.BeanCreationException: Error creating bean with name 'dataSource': Post-processing of FactoryBean's singleton object failed; nested exception is org.springframework.beans.factory.BeanCreationException: Error creating bean with name 'org.springframework.boot.autoconfigure.jdbc.DataSourceInitializerInvoker': Invocation of init method failed; nested exception is org.springframework.jdbc.datasource.init.ScriptStatementFailedException: Failed to execute SQL script statement #4 of URL [file:/C:/Users/naude/Desktop/IT%20Dev/Project1/AccountSystemRepository/target/test-classes/schema.sql]: CREATE TABLE VITRSA_SANDBOX.DEMO_ACCOUNT_TX ( TX_ID BIGINT NOT NULL, ACCOUNT_TYPE_ID BIGINT NOT NULL, MEMBER_ID BIGINT NOT NULL, AMOUNT BIGINT NOT NULL, TX_DATE DATE NOT NULL, PRIMARY KEY (TX_ID) CONSTRAINT FK_ACCOUNT_TYPE_ID FOREIGN KEY (ACCOUNT_TYPE_ID) REFERENCES VITRSA_SANDBOX.DEMO_ACCOUNT_TYPE (ACCOUNT_TYPE_ID) ); nested exception is org.h2.jdbc.JdbcSQLSyntaxErrorException: Syntax error in SQL statement "CREATE TABLE VITRSA_SANDBOX.DEMO_ACCOUNT_TX ( TX_ID BIGINT NOT NULL, ACCOUNT_TYPE_ID BIGINT NOT NULL, MEMBER_ID BIGINT NOT NULL, AMOUNT BIGINT NOT NULL, TX_DATE DATE NOT NULL, PRIMARY KEY (TX_ID) CONSTRAINT[*] FK_ACCOUNT_TYPE_ID FOREIGN KEY (ACCOUNT_TYPE_ID) REFERENCES VITRSA_SANDBOX.DEMO_ACCOUNT_TYPE (ACCOUNT_TYPE_ID) )"; expected "INDEX, ,, )"; SQL statement:
CREATE TABLE VITRSA_SANDBOX.DEMO_ACCOUNT_TX ( TX_ID BIGINT NOT NULL, ACCOUNT_TYPE_ID BIGINT NOT NULL, MEMBER_ID BIGINT NOT NULL, AMOUNT BIGINT NOT NULL, TX_DATE DATE NOT NULL, PRIMARY KEY (TX_ID) CONSTRAINT FK_ACCOUNT_TYPE_ID FOREIGN KEY (ACCOUNT_TYPE_ID) REFERENCES VITRSA_SANDBOX.DEMO_ACCOUNT_TYPE (ACCOUNT_TYPE_ID) ) [42001-199]
	at org.springframework.beans.factory.support.FactoryBeanRegistrySupport.getObjectFromFactoryBean(FactoryBeanRegistrySupport.java:119) ~[spring-beans-5.1.8.RELEASE.jar:5.1.8.RELEASE]
	at org.springframework.beans.factory.support.AbstractBeanFactory.getObjectForBeanInstance(AbstractBeanFactory.java:1674) ~[spring-beans-5.1.8.RELEASE.jar:5.1.8.RELEASE]
	at org.springframework.beans.factory.support.AbstractAutowireCapableBeanFactory.getObjectForBeanInstance(AbstractAutowireCapableBeanFactory.java:1249) ~[spring-beans-5.1.8.RELEASE.jar:5.1.8.RELEASE]
	at org.springframework.beans.factory.support.AbstractBeanFactory.doGetBean(AbstractBeanFactory.java:330) ~[spring-beans-5.1.8.RELEASE.jar:5.1.8.RELEASE]
	at org.springframework.beans.factory.support.AbstractBeanFactory.getBean(AbstractBeanFactory.java:199) ~[spring-beans-5.1.8.RELEASE.jar:5.1.8.RELEASE]
	at org.springframework.beans.factory.config.DependencyDescriptor.resolveCandidate(DependencyDescriptor.java:277) ~[spring-beans-5.1.8.RELEASE.jar:5.1.8.RELEASE]
	at org.springframework.beans.factory.support.DefaultListableBeanFactory.doResolveDependency(DefaultListableBeanFactory.java:1251) ~[spring-beans-5.1.8.RELEASE.jar:5.1.8.RELEASE]
	at org.springframework.beans.factory.support.DefaultListableBeanFactory.resolveDependency(DefaultListableBeanFactory.java:1171) ~[spring-beans-5.1.8.RELEASE.jar:5.1.8.RELEASE]
	at org.springframework.beans.factory.support.ConstructorResolver.resolveAutowiredArgument(ConstructorResolver.java:857) ~[spring-beans-5.1.8.RELEASE.jar:5.1.8.RELEASE]
	at org.springframework.beans.factory.support.ConstructorResolver.createArgumentArray(ConstructorResolver.java:760) ~[spring-beans-5.1.8.RELEASE.jar:5.1.8.RELEASE]
	... 54 common frames omitted
Caused by: org.springframework.beans.factory.BeanCreationException: Error creating bean with name 'org.springframework.boot.autoconfigure.jdbc.DataSourceInitializerInvoker': Invocation of init method failed; nested exception is org.springframework.jdbc.datasource.init.ScriptStatementFailedException: Failed to execute SQL script statement #4 of URL [file:/C:/Users/naude/Desktop/IT%20Dev/Project1/AccountSystemRepository/target/test-classes/schema.sql]: CREATE TABLE VITRSA_SANDBOX.DEMO_ACCOUNT_TX ( TX_ID BIGINT NOT NULL, ACCOUNT_TYPE_ID BIGINT NOT NULL, MEMBER_ID BIGINT NOT NULL, AMOUNT BIGINT NOT NULL, TX_DATE DATE NOT NULL, PRIMARY KEY (TX_ID) CONSTRAINT FK_ACCOUNT_TYPE_ID FOREIGN KEY (ACCOUNT_TYPE_ID) REFERENCES VITRSA_SANDBOX.DEMO_ACCOUNT_TYPE (ACCOUNT_TYPE_ID) ); nested exception is org.h2.jdbc.JdbcSQLSyntaxErrorException: Syntax error in SQL statement "CREATE TABLE VITRSA_SANDBOX.DEMO_ACCOUNT_TX ( TX_ID BIGINT NOT NULL, ACCOUNT_TYPE_ID BIGINT NOT NULL, MEMBER_ID BIGINT NOT NULL, AMOUNT BIGINT NOT NULL, TX_DATE DATE NOT NULL, PRIMARY KEY (TX_ID) CONSTRAINT[*] FK_ACCOUNT_TYPE_ID FOREIGN KEY (ACCOUNT_TYPE_ID) REFERENCES VITRSA_SANDBOX.DEMO_ACCOUNT_TYPE (ACCOUNT_TYPE_ID) )"; expected "INDEX, ,, )"; SQL statement:
CREATE TABLE VITRSA_SANDBOX.DEMO_ACCOUNT_TX ( TX_ID BIGINT NOT NULL, ACCOUNT_TYPE_ID BIGINT NOT NULL, MEMBER_ID BIGINT NOT NULL, AMOUNT BIGINT NOT NULL, TX_DATE DATE NOT NULL, PRIMARY KEY (TX_ID) CONSTRAINT FK_ACCOUNT_TYPE_ID FOREIGN KEY (ACCOUNT_TYPE_ID) REFERENCES VITRSA_SANDBOX.DEMO_ACCOUNT_TYPE (ACCOUNT_TYPE_ID) ) [42001-199]
	at org.springframework.beans.factory.support.AbstractAutowireCapableBeanFactory.initializeBean(AbstractAutowireCapableBeanFactory.java:1778) ~[spring-beans-5.1.8.RELEASE.jar:5.1.8.RELEASE]
	at org.springframework.beans.factory.support.AbstractAutowireCapableBeanFactory.doCreateBean(AbstractAutowireCapableBeanFactory.java:593) ~[spring-beans-5.1.8.RELEASE.jar:5.1.8.RELEASE]
	at org.springframework.beans.factory.support.AbstractAutowireCapableBeanFactory.createBean(AbstractAutowireCapableBeanFactory.java:515) ~[spring-beans-5.1.8.RELEASE.jar:5.1.8.RELEASE]
	at org.springframework.beans.factory.support.AbstractBeanFactory.lambda$doGetBean$0(AbstractBeanFactory.java:320) ~[spring-beans-5.1.8.RELEASE.jar:5.1.8.RELEASE]
	at org.springframework.beans.factory.support.DefaultSingletonBeanRegistry.getSingleton(DefaultSingletonBeanRegistry.java:222) ~[spring-beans-5.1.8.RELEASE.jar:5.1.8.RELEASE]
	at org.springframework.beans.factory.support.AbstractBeanFactory.doGetBean(AbstractBeanFactory.java:318) ~[spring-beans-5.1.8.RELEASE.jar:5.1.8.RELEASE]
	at org.springframework.beans.factory.support.AbstractBeanFactory.getBean(AbstractBeanFactory.java:224) ~[spring-beans-5.1.8.RELEASE.jar:5.1.8.RELEASE]
	at org.springframework.beans.factory.support.DefaultListableBeanFactory.resolveNamedBean(DefaultListableBeanFactory.java:1119) ~[spring-beans-5.1.8.RELEASE.jar:5.1.8.RELEASE]
	at org.springframework.beans.factory.support.DefaultListableBeanFactory.resolveBean(DefaultListableBeanFactory.java:411) ~[spring-beans-5.1.8.RELEASE.jar:5.1.8.RELEASE]
	at org.springframework.beans.factory.support.DefaultListableBeanFactory.getBean(DefaultListableBeanFactory.java:344) ~[spring-beans-5.1.8.RELEASE.jar:5.1.8.RELEASE]
	at org.springframework.beans.factory.support.DefaultListableBeanFactory.getBean(DefaultListableBeanFactory.java:337) ~[spring-beans-5.1.8.RELEASE.jar:5.1.8.RELEASE]
	at org.springframework.boot.autoconfigure.jdbc.DataSourceInitializerPostProcessor.postProcessAfterInitialization(DataSourceInitializerPostProcessor.java:53) ~[spring-boot-autoconfigure-2.1.6.RELEASE.jar:2.1.6.RELEASE]
	at org.springframework.beans.factory.support.AbstractAutowireCapableBeanFactory.applyBeanPostProcessorsAfterInitialization(AbstractAutowireCapableBeanFactory.java:429) ~[spring-beans-5.1.8.RELEASE.jar:5.1.8.RELEASE]
	at org.springframework.beans.factory.support.AbstractAutowireCapableBeanFactory.postProcessObjectFromFactoryBean(AbstractAutowireCapableBeanFactory.java:1921) ~[spring-beans-5.1.8.RELEASE.jar:5.1.8.RELEASE]
	at org.springframework.beans.factory.support.FactoryBeanRegistrySupport.getObjectFromFactoryBean(FactoryBeanRegistrySupport.java:116) ~[spring-beans-5.1.8.RELEASE.jar:5.1.8.RELEASE]
	... 63 common frames omitted
Caused by: org.springframework.jdbc.datasource.init.ScriptStatementFailedException: Failed to execute SQL script statement #4 of URL [file:/C:/Users/naude/Desktop/IT%20Dev/Project1/AccountSystemRepository/target/test-classes/schema.sql]: CREATE TABLE VITRSA_SANDBOX.DEMO_ACCOUNT_TX ( TX_ID BIGINT NOT NULL, ACCOUNT_TYPE_ID BIGINT NOT NULL, MEMBER_ID BIGINT NOT NULL, AMOUNT BIGINT NOT NULL, TX_DATE DATE NOT NULL, PRIMARY KEY (TX_ID) CONSTRAINT FK_ACCOUNT_TYPE_ID FOREIGN KEY (ACCOUNT_TYPE_ID) REFERENCES VITRSA_SANDBOX.DEMO_ACCOUNT_TYPE (ACCOUNT_TYPE_ID) ); nested exception is org.h2.jdbc.JdbcSQLSyntaxErrorException: Syntax error in SQL statement "CREATE TABLE VITRSA_SANDBOX.DEMO_ACCOUNT_TX ( TX_ID BIGINT NOT NULL, ACCOUNT_TYPE_ID BIGINT NOT NULL, MEMBER_ID BIGINT NOT NULL, AMOUNT BIGINT NOT NULL, TX_DATE DATE NOT NULL, PRIMARY KEY (TX_ID) CONSTRAINT[*] FK_ACCOUNT_TYPE_ID FOREIGN KEY (ACCOUNT_TYPE_ID) REFERENCES VITRSA_SANDBOX.DEMO_ACCOUNT_TYPE (ACCOUNT_TYPE_ID) )"; expected "INDEX, ,, )"; SQL statement:
CREATE TABLE VITRSA_SANDBOX.DEMO_ACCOUNT_TX ( TX_ID BIGINT NOT NULL, ACCOUNT_TYPE_ID BIGINT NOT NULL, MEMBER_ID BIGINT NOT NULL, AMOUNT BIGINT NOT NULL, TX_DATE DATE NOT NULL, PRIMARY KEY (TX_ID) CONSTRAINT FK_ACCOUNT_TYPE_ID FOREIGN KEY (ACCOUNT_TYPE_ID) REFERENCES VITRSA_SANDBOX.DEMO_ACCOUNT_TYPE (ACCOUNT_TYPE_ID) ) [42001-199]
	at org.springframework.jdbc.datasource.init.ScriptUtils.executeSqlScript(ScriptUtils.java:509) ~[spring-jdbc-5.1.8.RELEASE.jar:5.1.8.RELEASE]
	at org.springframework.jdbc.datasource.init.ResourceDatabasePopulator.populate(ResourceDatabasePopulator.java:238) ~[spring-jdbc-5.1.8.RELEASE.jar:5.1.8.RELEASE]
	at org.springframework.jdbc.datasource.init.DatabasePopulatorUtils.execute(DatabasePopulatorUtils.java:48) ~[spring-jdbc-5.1.8.RELEASE.jar:5.1.8.RELEASE]
	at org.springframework.boot.autoconfigure.jdbc.DataSourceInitializer.runScripts(DataSourceInitializer.java:202) ~[spring-boot-autoconfigure-2.1.6.RELEASE.jar:2.1.6.RELEASE]
	at org.springframework.boot.autoconfigure.jdbc.DataSourceInitializer.createSchema(DataSourceInitializer.java:101) ~[spring-boot-autoconfigure-2.1.6.RELEASE.jar:2.1.6.RELEASE]
	at org.springframework.boot.autoconfigure.jdbc.DataSourceInitializerInvoker.afterPropertiesSet(DataSourceInitializerInvoker.java:62) ~[spring-boot-autoconfigure-2.1.6.RELEASE.jar:2.1.6.RELEASE]
	at org.springframework.beans.factory.support.AbstractAutowireCapableBeanFactory.invokeInitMethods(AbstractAutowireCapableBeanFactory.java:1837) ~[spring-beans-5.1.8.RELEASE.jar:5.1.8.RELEASE]
	at org.springframework.beans.factory.support.AbstractAutowireCapableBeanFactory.initializeBean(AbstractAutowireCapableBeanFactory.java:1774) ~[spring-beans-5.1.8.RELEASE.jar:5.1.8.RELEASE]
	... 77 common frames omitted
Caused by: org.h2.jdbc.JdbcSQLSyntaxErrorException: Syntax error in SQL statement "CREATE TABLE VITRSA_SANDBOX.DEMO_ACCOUNT_TX ( TX_ID BIGINT NOT NULL, ACCOUNT_TYPE_ID BIGINT NOT NULL, MEMBER_ID BIGINT NOT NULL, AMOUNT BIGINT NOT NULL, TX_DATE DATE NOT NULL, PRIMARY KEY (TX_ID) CONSTRAINT[*] FK_ACCOUNT_TYPE_ID FOREIGN KEY (ACCOUNT_TYPE_ID) REFERENCES VITRSA_SANDBOX.DEMO_ACCOUNT_TYPE (ACCOUNT_TYPE_ID) )"; expected "INDEX, ,, )"; SQL statement:
CREATE TABLE VITRSA_SANDBOX.DEMO_ACCOUNT_TX ( TX_ID BIGINT NOT NULL, ACCOUNT_TYPE_ID BIGINT NOT NULL, MEMBER_ID BIGINT NOT NULL, AMOUNT BIGINT NOT NULL, TX_DATE DATE NOT NULL, PRIMARY KEY (TX_ID) CONSTRAINT FK_ACCOUNT_TYPE_ID FOREIGN KEY (ACCOUNT_TYPE_ID) REFERENCES VITRSA_SANDBOX.DEMO_ACCOUNT_TYPE (ACCOUNT_TYPE_ID) ) [42001-199]
	at org.h2.message.DbException.getJdbcSQLException(DbException.java:451) ~[h2-1.4.199.jar:1.4.199]
	at org.h2.message.DbException.getJdbcSQLException(DbException.java:427) ~[h2-1.4.199.jar:1.4.199]
	at org.h2.message.DbException.getSyntaxError(DbException.java:243) ~[h2-1.4.199.jar:1.4.199]
	at org.h2.command.Parser.getSyntaxError(Parser.java:991) ~[h2-1.4.199.jar:1.4.199]
	at org.h2.command.Parser.read(Parser.java:4549) ~[h2-1.4.199.jar:1.4.199]
	at org.h2.command.Parser.readIfMore(Parser.java:1391) ~[h2-1.4.199.jar:1.4.199]
	at org.h2.command.Parser.parseCreateTable(Parser.java:7833) ~[h2-1.4.199.jar:1.4.199]
	at org.h2.command.Parser.parseCreate(Parser.java:5818) ~[h2-1.4.199.jar:1.4.199]
	at org.h2.command.Parser.parsePrepared(Parser.java:846) ~[h2-1.4.199.jar:1.4.199]
	at org.h2.command.Parser.parse(Parser.java:788) ~[h2-1.4.199.jar:1.4.199]
	at org.h2.command.Parser.parse(Parser.java:764) ~[h2-1.4.199.jar:1.4.199]
	at org.h2.command.Parser.prepareCommand(Parser.java:683) ~[h2-1.4.199.jar:1.4.199]
	at org.h2.engine.Session.prepareLocal(Session.java:627) ~[h2-1.4.199.jar:1.4.199]
	at org.h2.engine.Session.prepareCommand(Session.java:565) ~[h2-1.4.199.jar:1.4.199]
	at org.h2.jdbc.JdbcConnection.prepareCommand(JdbcConnection.java:1292) ~[h2-1.4.199.jar:1.4.199]
	at org.h2.jdbc.JdbcStatement.executeInternal(JdbcStatement.java:217) ~[h2-1.4.199.jar:1.4.199]
	at org.h2.jdbc.JdbcStatement.execute(JdbcStatement.java:205) ~[h2-1.4.199.jar:1.4.199]
	at org.springframework.jdbc.datasource.init.ScriptUtils.executeSqlScript(ScriptUtils.java:488) ~[spring-jdbc-5.1.8.RELEASE.jar:5.1.8.RELEASE]
	... 84 common frames omitted

2021-09-22 15:33:21.672 ERROR 5696 --- [           main] o.s.test.context.TestContextManager      : Caught exception while allowing TestExecutionListener [org.springframework.boot.test.autoconfigure.SpringBootDependencyInjectionTestExecutionListener@4e50c791] to prepare test instance [za.ac.nwu.ac.repo.persistence.AccountTypeRepositoryTest@38c9e0d6]

java.lang.IllegalStateException: Failed to load ApplicationContext
	at org.springframework.test.context.cache.DefaultCacheAwareContextLoaderDelegate.loadContext(DefaultCacheAwareContextLoaderDelegate.java:125) ~[spring-test-5.1.8.RELEASE.jar:5.1.8.RELEASE]
	at org.springframework.test.context.support.DefaultTestContext.getApplicationContext(DefaultTestContext.java:108) ~[spring-test-5.1.8.RELEASE.jar:5.1.8.RELEASE]
	at org.springframework.test.context.support.DependencyInjectionTestExecutionListener.injectDependencies(DependencyInjectionTestExecutionListener.java:118) ~[spring-test-5.1.8.RELEASE.jar:5.1.8.RELEASE]
	at org.springframework.test.context.support.DependencyInjectionTestExecutionListener.prepareTestInstance(DependencyInjectionTestExecutionListener.java:83) ~[spring-test-5.1.8.RELEASE.jar:5.1.8.RELEASE]
	at org.springframework.boot.test.autoconfigure.SpringBootDependencyInjectionTestExecutionListener.prepareTestInstance(SpringBootDependencyInjectionTestExecutionListener.java:43) ~[spring-boot-test-autoconfigure-2.1.6.RELEASE.jar:2.1.6.RELEASE]
	at org.springframework.test.context.TestContextManager.prepareTestInstance(TestContextManager.java:246) ~[spring-test-5.1.8.RELEASE.jar:5.1.8.RELEASE]
	at org.springframework.test.context.junit4.SpringJUnit4ClassRunner.createTest(SpringJUnit4ClassRunner.java:227) ~[spring-test-5.1.8.RELEASE.jar:5.1.8.RELEASE]
	at org.springframework.test.context.junit4.SpringJUnit4ClassRunner$1.runReflectiveCall(SpringJUnit4ClassRunner.java:289) ~[spring-test-5.1.8.RELEASE.jar:5.1.8.RELEASE]
	at org.junit.internal.runners.model.ReflectiveCallable.run(ReflectiveCallable.java:12) ~[junit-4.12.jar:4.12]
	at org.springframework.test.context.junit4.SpringJUnit4ClassRunner.methodBlock(SpringJUnit4ClassRunner.java:291) ~[spring-test-5.1.8.RELEASE.jar:5.1.8.RELEASE]
	at org.springframework.test.context.junit4.SpringJUnit4ClassRunner.runChild(SpringJUnit4ClassRunner.java:246) ~[spring-test-5.1.8.RELEASE.jar:5.1.8.RELEASE]
	at org.springframework.test.context.junit4.SpringJUnit4ClassRunner.runChild(SpringJUnit4ClassRunner.java:97) ~[spring-test-5.1.8.RELEASE.jar:5.1.8.RELEASE]
	at org.junit.runners.ParentRunner$3.run(ParentRunner.java:290) ~[junit-4.12.jar:4.12]
	at org.junit.runners.ParentRunner$1.schedule(ParentRunner.java:71) ~[junit-4.12.jar:4.12]
	at org.junit.runners.ParentRunner.runChildren(ParentRunner.java:288) ~[junit-4.12.jar:4.12]
	at org.junit.runners.ParentRunner.access$000(ParentRunner.java:58) ~[junit-4.12.jar:4.12]
	at org.junit.runners.ParentRunner$2.evaluate(ParentRunner.java:268) ~[junit-4.12.jar:4.12]
	at org.springframework.test.context.junit4.statements.RunBeforeTestClassCallbacks.evaluate(RunBeforeTestClassCallbacks.java:61) ~[spring-test-5.1.8.RELEASE.jar:5.1.8.RELEASE]
	at org.springframework.test.context.junit4.statements.RunAfterTestClassCallbacks.evaluate(RunAfterTestClassCallbacks.java:70) ~[spring-test-5.1.8.RELEASE.jar:5.1.8.RELEASE]
	at org.junit.runners.ParentRunner.run(ParentRunner.java:363) ~[junit-4.12.jar:4.12]
	at org.springframework.test.context.junit4.SpringJUnit4ClassRunner.run(SpringJUnit4ClassRunner.java:190) ~[spring-test-5.1.8.RELEASE.jar:5.1.8.RELEASE]
	at org.apache.maven.surefire.junit4.JUnit4Provider.execute(JUnit4Provider.java:365) ~[surefire-junit4-2.22.2.jar:2.22.2]
	at org.apache.maven.surefire.junit4.JUnit4Provider.executeWithRerun(JUnit4Provider.java:273) ~[surefire-junit4-2.22.2.jar:2.22.2]
	at org.apache.maven.surefire.junit4.JUnit4Provider.executeTestSet(JUnit4Provider.java:238) ~[surefire-junit4-2.22.2.jar:2.22.2]
	at org.apache.maven.surefire.junit4.JUnit4Provider.invoke(JUnit4Provider.java:159) ~[surefire-junit4-2.22.2.jar:2.22.2]
	at org.apache.maven.surefire.booter.ForkedBooter.invokeProviderInSameClassLoader(ForkedBooter.java:384) ~[surefire-booter-2.22.2.jar:2.22.2]
	at org.apache.maven.surefire.booter.ForkedBooter.runSuitesInProcess(ForkedBooter.java:345) ~[surefire-booter-2.22.2.jar:2.22.2]
	at org.apache.maven.surefire.booter.ForkedBooter.execute(ForkedBooter.java:126) ~[surefire-booter-2.22.2.jar:2.22.2]
	at org.apache.maven.surefire.booter.ForkedBooter.main(ForkedBooter.java:418) ~[surefire-booter-2.22.2.jar:2.22.2]
Caused by: org.springframework.beans.factory.UnsatisfiedDependencyException: Error creating bean with name 'org.springframework.boot.autoconfigure.orm.jpa.HibernateJpaConfiguration': Unsatisfied dependency expressed through constructor parameter 0; nested exception is org.springframework.beans.factory.BeanCreationException: Error creating bean with name 'dataSource': Post-processing of FactoryBean's singleton object failed; nested exception is org.springframework.beans.factory.BeanCreationException: Error creating bean with name 'org.springframework.boot.autoconfigure.jdbc.DataSourceInitializerInvoker': Invocation of init method failed; nested exception is org.springframework.jdbc.datasource.init.ScriptStatementFailedException: Failed to execute SQL script statement #4 of URL [file:/C:/Users/naude/Desktop/IT%20Dev/Project1/AccountSystemRepository/target/test-classes/schema.sql]: CREATE TABLE VITRSA_SANDBOX.DEMO_ACCOUNT_TX ( TX_ID BIGINT NOT NULL, ACCOUNT_TYPE_ID BIGINT NOT NULL, MEMBER_ID BIGINT NOT NULL, AMOUNT BIGINT NOT NULL, TX_DATE DATE NOT NULL, PRIMARY KEY (TX_ID) CONSTRAINT FK_ACCOUNT_TYPE_ID FOREIGN KEY (ACCOUNT_TYPE_ID) REFERENCES VITRSA_SANDBOX.DEMO_ACCOUNT_TYPE (ACCOUNT_TYPE_ID) ); nested exception is org.h2.jdbc.JdbcSQLSyntaxErrorException: Syntax error in SQL statement "CREATE TABLE VITRSA_SANDBOX.DEMO_ACCOUNT_TX ( TX_ID BIGINT NOT NULL, ACCOUNT_TYPE_ID BIGINT NOT NULL, MEMBER_ID BIGINT NOT NULL, AMOUNT BIGINT NOT NULL, TX_DATE DATE NOT NULL, PRIMARY KEY (TX_ID) CONSTRAINT[*] FK_ACCOUNT_TYPE_ID FOREIGN KEY (ACCOUNT_TYPE_ID) REFERENCES VITRSA_SANDBOX.DEMO_ACCOUNT_TYPE (ACCOUNT_TYPE_ID) )"; expected "INDEX, ,, )"; SQL statement:
CREATE TABLE VITRSA_SANDBOX.DEMO_ACCOUNT_TX ( TX_ID BIGINT NOT NULL, ACCOUNT_TYPE_ID BIGINT NOT NULL, MEMBER_ID BIGINT NOT NULL, AMOUNT BIGINT NOT NULL, TX_DATE DATE NOT NULL, PRIMARY KEY (TX_ID) CONSTRAINT FK_ACCOUNT_TYPE_ID FOREIGN KEY (ACCOUNT_TYPE_ID) REFERENCES VITRSA_SANDBOX.DEMO_ACCOUNT_TYPE (ACCOUNT_TYPE_ID) ) [42001-199]
	at org.springframework.beans.factory.support.ConstructorResolver.createArgumentArray(ConstructorResolver.java:769) ~[spring-beans-5.1.8.RELEASE.jar:5.1.8.RELEASE]
	at org.springframework.beans.factory.support.ConstructorResolver.autowireConstructor(ConstructorResolver.java:218) ~[spring-beans-5.1.8.RELEASE.jar:5.1.8.RELEASE]
	at org.springframework.beans.factory.support.AbstractAutowireCapableBeanFactory.autowireConstructor(AbstractAutowireCapableBeanFactory.java:1341) ~[spring-beans-5.1.8.RELEASE.jar:5.1.8.RELEASE]
	at org.springframework.beans.factory.support.AbstractAutowireCapableBeanFactory.createBeanInstance(AbstractAutowireCapableBeanFactory.java:1187) ~[spring-beans-5.1.8.RELEASE.jar:5.1.8.RELEASE]
	at org.springframework.beans.factory.support.AbstractAutowireCapableBeanFactory.doCreateBean(AbstractAutowireCapableBeanFactory.java:555) ~[spring-beans-5.1.8.RELEASE.jar:5.1.8.RELEASE]
	at org.springframework.beans.factory.support.AbstractAutowireCapableBeanFactory.createBean(AbstractAutowireCapableBeanFactory.java:515) ~[spring-beans-5.1.8.RELEASE.jar:5.1.8.RELEASE]
	at org.springframework.beans.factory.support.AbstractBeanFactory.lambda$doGetBean$0(AbstractBeanFactory.java:320) ~[spring-beans-5.1.8.RELEASE.jar:5.1.8.RELEASE]
	at org.springframework.beans.factory.support.DefaultSingletonBeanRegistry.getSingleton(DefaultSingletonBeanRegistry.java:222) ~[spring-beans-5.1.8.RELEASE.jar:5.1.8.RELEASE]
	at org.springframework.beans.factory.support.AbstractBeanFactory.doGetBean(AbstractBeanFactory.java:318) ~[spring-beans-5.1.8.RELEASE.jar:5.1.8.RELEASE]
	at org.springframework.beans.factory.support.AbstractBeanFactory.getBean(AbstractBeanFactory.java:199) ~[spring-beans-5.1.8.RELEASE.jar:5.1.8.RELEASE]
	at org.springframework.beans.factory.support.ConstructorResolver.instantiateUsingFactoryMethod(ConstructorResolver.java:392) ~[spring-beans-5.1.8.RELEASE.jar:5.1.8.RELEASE]
	at org.springframework.beans.factory.support.AbstractAutowireCapableBeanFactory.instantiateUsingFactoryMethod(AbstractAutowireCapableBeanFactory.java:1321) ~[spring-beans-5.1.8.RELEASE.jar:5.1.8.RELEASE]
	at org.springframework.beans.factory.support.AbstractAutowireCapableBeanFactory.createBeanInstance(AbstractAutowireCapableBeanFactory.java:1160) ~[spring-beans-5.1.8.RELEASE.jar:5.1.8.RELEASE]
	at org.springframework.beans.factory.support.AbstractAutowireCapableBeanFactory.doCreateBean(AbstractAutowireCapableBeanFactory.java:555) ~[spring-beans-5.1.8.RELEASE.jar:5.1.8.RELEASE]
	at org.springframework.beans.factory.support.AbstractAutowireCapableBeanFactory.createBean(AbstractAutowireCapableBeanFactory.java:515) ~[spring-beans-5.1.8.RELEASE.jar:5.1.8.RELEASE]
	at org.springframework.beans.factory.support.AbstractBeanFactory.lambda$doGetBean$0(AbstractBeanFactory.java:320) ~[spring-beans-5.1.8.RELEASE.jar:5.1.8.RELEASE]
	at org.springframework.beans.factory.support.DefaultSingletonBeanRegistry.getSingleton(DefaultSingletonBeanRegistry.java:222) ~[spring-beans-5.1.8.RELEASE.jar:5.1.8.RELEASE]
	at org.springframework.beans.factory.support.AbstractBeanFactory.doGetBean(AbstractBeanFactory.java:318) ~[spring-beans-5.1.8.RELEASE.jar:5.1.8.RELEASE]
	at org.springframework.beans.factory.support.AbstractBeanFactory.getBean(AbstractBeanFactory.java:199) ~[spring-beans-5.1.8.RELEASE.jar:5.1.8.RELEASE]
	at org.springframework.context.support.AbstractApplicationContext.getBean(AbstractApplicationContext.java:1105) ~[spring-context-5.1.8.RELEASE.jar:5.1.8.RELEASE]
	at org.springframework.context.support.AbstractApplicationContext.finishBeanFactoryInitialization(AbstractApplicationContext.java:867) ~[spring-context-5.1.8.RELEASE.jar:5.1.8.RELEASE]
	at org.springframework.context.support.AbstractApplicationContext.refresh(AbstractApplicationContext.java:549) ~[spring-context-5.1.8.RELEASE.jar:5.1.8.RELEASE]
	at org.springframework.boot.SpringApplication.refresh(SpringApplication.java:742) ~[spring-boot-2.1.6.RELEASE.jar:2.1.6.RELEASE]
	at org.springframework.boot.SpringApplication.refreshContext(SpringApplication.java:389) ~[spring-boot-2.1.6.RELEASE.jar:2.1.6.RELEASE]
	at org.springframework.boot.SpringApplication.run(SpringApplication.java:311) ~[spring-boot-2.1.6.RELEASE.jar:2.1.6.RELEASE]
	at org.springframework.boot.test.context.SpringBootContextLoader.loadContext(SpringBootContextLoader.java:119) ~[spring-boot-test-2.1.6.RELEASE.jar:2.1.6.RELEASE]
	at org.springframework.test.context.cache.DefaultCacheAwareContextLoaderDelegate.loadContextInternal(DefaultCacheAwareContextLoaderDelegate.java:99) ~[spring-test-5.1.8.RELEASE.jar:5.1.8.RELEASE]
	at org.springframework.test.context.cache.DefaultCacheAwareContextLoaderDelegate.loadContext(DefaultCacheAwareContextLoaderDelegate.java:117) ~[spring-test-5.1.8.RELEASE.jar:5.1.8.RELEASE]
	... 28 common frames omitted
Caused by: org.springframework.beans.factory.BeanCreationException: Error creating bean with name 'dataSource': Post-processing of FactoryBean's singleton object failed; nested exception is org.springframework.beans.factory.BeanCreationException: Error creating bean with name 'org.springframework.boot.autoconfigure.jdbc.DataSourceInitializerInvoker': Invocation of init method failed; nested exception is org.springframework.jdbc.datasource.init.ScriptStatementFailedException: Failed to execute SQL script statement #4 of URL [file:/C:/Users/naude/Desktop/IT%20Dev/Project1/AccountSystemRepository/target/test-classes/schema.sql]: CREATE TABLE VITRSA_SANDBOX.DEMO_ACCOUNT_TX ( TX_ID BIGINT NOT NULL, ACCOUNT_TYPE_ID BIGINT NOT NULL, MEMBER_ID BIGINT NOT NULL, AMOUNT BIGINT NOT NULL, TX_DATE DATE NOT NULL, PRIMARY KEY (TX_ID) CONSTRAINT FK_ACCOUNT_TYPE_ID FOREIGN KEY (ACCOUNT_TYPE_ID) REFERENCES VITRSA_SANDBOX.DEMO_ACCOUNT_TYPE (ACCOUNT_TYPE_ID) ); nested exception is org.h2.jdbc.JdbcSQLSyntaxErrorException: Syntax error in SQL statement "CREATE TABLE VITRSA_SANDBOX.DEMO_ACCOUNT_TX ( TX_ID BIGINT NOT NULL, ACCOUNT_TYPE_ID BIGINT NOT NULL, MEMBER_ID BIGINT NOT NULL, AMOUNT BIGINT NOT NULL, TX_DATE DATE NOT NULL, PRIMARY KEY (TX_ID) CONSTRAINT[*] FK_ACCOUNT_TYPE_ID FOREIGN KEY (ACCOUNT_TYPE_ID) REFERENCES VITRSA_SANDBOX.DEMO_ACCOUNT_TYPE (ACCOUNT_TYPE_ID) )"; expected "INDEX, ,, )"; SQL statement:
CREATE TABLE VITRSA_SANDBOX.DEMO_ACCOUNT_TX ( TX_ID BIGINT NOT NULL, ACCOUNT_TYPE_ID BIGINT NOT NULL, MEMBER_ID BIGINT NOT NULL, AMOUNT BIGINT NOT NULL, TX_DATE DATE NOT NULL, PRIMARY KEY (TX_ID) CONSTRAINT FK_ACCOUNT_TYPE_ID FOREIGN KEY (ACCOUNT_TYPE_ID) REFERENCES VITRSA_SANDBOX.DEMO_ACCOUNT_TYPE (ACCOUNT_TYPE_ID) ) [42001-199]
	at org.springframework.beans.factory.support.FactoryBeanRegistrySupport.getObjectFromFactoryBean(FactoryBeanRegistrySupport.java:119) ~[spring-beans-5.1.8.RELEASE.jar:5.1.8.RELEASE]
	at org.springframework.beans.factory.support.AbstractBeanFactory.getObjectForBeanInstance(AbstractBeanFactory.java:1674) ~[spring-beans-5.1.8.RELEASE.jar:5.1.8.RELEASE]
	at org.springframework.beans.factory.support.AbstractAutowireCapableBeanFactory.getObjectForBeanInstance(AbstractAutowireCapableBeanFactory.java:1249) ~[spring-beans-5.1.8.RELEASE.jar:5.1.8.RELEASE]
	at org.springframework.beans.factory.support.AbstractBeanFactory.doGetBean(AbstractBeanFactory.java:330) ~[spring-beans-5.1.8.RELEASE.jar:5.1.8.RELEASE]
	at org.springframework.beans.factory.support.AbstractBeanFactory.getBean(AbstractBeanFactory.java:199) ~[spring-beans-5.1.8.RELEASE.jar:5.1.8.RELEASE]
	at org.springframework.beans.factory.config.DependencyDescriptor.resolveCandidate(DependencyDescriptor.java:277) ~[spring-beans-5.1.8.RELEASE.jar:5.1.8.RELEASE]
	at org.springframework.beans.factory.support.DefaultListableBeanFactory.doResolveDependency(DefaultListableBeanFactory.java:1251) ~[spring-beans-5.1.8.RELEASE.jar:5.1.8.RELEASE]
	at org.springframework.beans.factory.support.DefaultListableBeanFactory.resolveDependency(DefaultListableBeanFactory.java:1171) ~[spring-beans-5.1.8.RELEASE.jar:5.1.8.RELEASE]
	at org.springframework.beans.factory.support.ConstructorResolver.resolveAutowiredArgument(ConstructorResolver.java:857) ~[spring-beans-5.1.8.RELEASE.jar:5.1.8.RELEASE]
	at org.springframework.beans.factory.support.ConstructorResolver.createArgumentArray(ConstructorResolver.java:760) ~[spring-beans-5.1.8.RELEASE.jar:5.1.8.RELEASE]
	... 55 common frames omitted
Caused by: org.springframework.beans.factory.BeanCreationException: Error creating bean with name 'org.springframework.boot.autoconfigure.jdbc.DataSourceInitializerInvoker': Invocation of init method failed; nested exception is org.springframework.jdbc.datasource.init.ScriptStatementFailedException: Failed to execute SQL script statement #4 of URL [file:/C:/Users/naude/Desktop/IT%20Dev/Project1/AccountSystemRepository/target/test-classes/schema.sql]: CREATE TABLE VITRSA_SANDBOX.DEMO_ACCOUNT_TX ( TX_ID BIGINT NOT NULL, ACCOUNT_TYPE_ID BIGINT NOT NULL, MEMBER_ID BIGINT NOT NULL, AMOUNT BIGINT NOT NULL, TX_DATE DATE NOT NULL, PRIMARY KEY (TX_ID) CONSTRAINT FK_ACCOUNT_TYPE_ID FOREIGN KEY (ACCOUNT_TYPE_ID) REFERENCES VITRSA_SANDBOX.DEMO_ACCOUNT_TYPE (ACCOUNT_TYPE_ID) ); nested exception is org.h2.jdbc.JdbcSQLSyntaxErrorException: Syntax error in SQL statement "CREATE TABLE VITRSA_SANDBOX.DEMO_ACCOUNT_TX ( TX_ID BIGINT NOT NULL, ACCOUNT_TYPE_ID BIGINT NOT NULL, MEMBER_ID BIGINT NOT NULL, AMOUNT BIGINT NOT NULL, TX_DATE DATE NOT NULL, PRIMARY KEY (TX_ID) CONSTRAINT[*] FK_ACCOUNT_TYPE_ID FOREIGN KEY (ACCOUNT_TYPE_ID) REFERENCES VITRSA_SANDBOX.DEMO_ACCOUNT_TYPE (ACCOUNT_TYPE_ID) )"; expected "INDEX, ,, )"; SQL statement:
CREATE TABLE VITRSA_SANDBOX.DEMO_ACCOUNT_TX ( TX_ID BIGINT NOT NULL, ACCOUNT_TYPE_ID BIGINT NOT NULL, MEMBER_ID BIGINT NOT NULL, AMOUNT BIGINT NOT NULL, TX_DATE DATE NOT NULL, PRIMARY KEY (TX_ID) CONSTRAINT FK_ACCOUNT_TYPE_ID FOREIGN KEY (ACCOUNT_TYPE_ID) REFERENCES VITRSA_SANDBOX.DEMO_ACCOUNT_TYPE (ACCOUNT_TYPE_ID) ) [42001-199]
	at org.springframework.beans.factory.support.AbstractAutowireCapableBeanFactory.initializeBean(AbstractAutowireCapableBeanFactory.java:1778) ~[spring-beans-5.1.8.RELEASE.jar:5.1.8.RELEASE]
	at org.springframework.beans.factory.support.AbstractAutowireCapableBeanFactory.doCreateBean(AbstractAutowireCapableBeanFactory.java:593) ~[spring-beans-5.1.8.RELEASE.jar:5.1.8.RELEASE]
	at org.springframework.beans.factory.support.AbstractAutowireCapableBeanFactory.createBean(AbstractAutowireCapableBeanFactory.java:515) ~[spring-beans-5.1.8.RELEASE.jar:5.1.8.RELEASE]
	at org.springframework.beans.factory.support.AbstractBeanFactory.lambda$doGetBean$0(AbstractBeanFactory.java:320) ~[spring-beans-5.1.8.RELEASE.jar:5.1.8.RELEASE]
	at org.springframework.beans.factory.support.DefaultSingletonBeanRegistry.getSingleton(DefaultSingletonBeanRegistry.java:222) ~[spring-beans-5.1.8.RELEASE.jar:5.1.8.RELEASE]
	at org.springframework.beans.factory.support.AbstractBeanFactory.doGetBean(AbstractBeanFactory.java:318) ~[spring-beans-5.1.8.RELEASE.jar:5.1.8.RELEASE]
	at org.springframework.beans.factory.support.AbstractBeanFactory.getBean(AbstractBeanFactory.java:224) ~[spring-beans-5.1.8.RELEASE.jar:5.1.8.RELEASE]
	at org.springframework.beans.factory.support.DefaultListableBeanFactory.resolveNamedBean(DefaultListableBeanFactory.java:1119) ~[spring-beans-5.1.8.RELEASE.jar:5.1.8.RELEASE]
	at org.springframework.beans.factory.support.DefaultListableBeanFactory.resolveBean(DefaultListableBeanFactory.java:411) ~[spring-beans-5.1.8.RELEASE.jar:5.1.8.RELEASE]
	at org.springframework.beans.factory.support.DefaultListableBeanFactory.getBean(DefaultListableBeanFactory.java:344) ~[spring-beans-5.1.8.RELEASE.jar:5.1.8.RELEASE]
	at org.springframework.beans.factory.support.DefaultListableBeanFactory.getBean(DefaultListableBeanFactory.java:337) ~[spring-beans-5.1.8.RELEASE.jar:5.1.8.RELEASE]
	at org.springframework.boot.autoconfigure.jdbc.DataSourceInitializerPostProcessor.postProcessAfterInitialization(DataSourceInitializerPostProcessor.java:53) ~[spring-boot-autoconfigure-2.1.6.RELEASE.jar:2.1.6.RELEASE]
	at org.springframework.beans.factory.support.AbstractAutowireCapableBeanFactory.applyBeanPostProcessorsAfterInitialization(AbstractAutowireCapableBeanFactory.java:429) ~[spring-beans-5.1.8.RELEASE.jar:5.1.8.RELEASE]
	at org.springframework.beans.factory.support.AbstractAutowireCapableBeanFactory.postProcessObjectFromFactoryBean(AbstractAutowireCapableBeanFactory.java:1921) ~[spring-beans-5.1.8.RELEASE.jar:5.1.8.RELEASE]
	at org.springframework.beans.factory.support.FactoryBeanRegistrySupport.getObjectFromFactoryBean(FactoryBeanRegistrySupport.java:116) ~[spring-beans-5.1.8.RELEASE.jar:5.1.8.RELEASE]
	... 64 common frames omitted
Caused by: org.springframework.jdbc.datasource.init.ScriptStatementFailedException: Failed to execute SQL script statement #4 of URL [file:/C:/Users/naude/Desktop/IT%20Dev/Project1/AccountSystemRepository/target/test-classes/schema.sql]: CREATE TABLE VITRSA_SANDBOX.DEMO_ACCOUNT_TX ( TX_ID BIGINT NOT NULL, ACCOUNT_TYPE_ID BIGINT NOT NULL, MEMBER_ID BIGINT NOT NULL, AMOUNT BIGINT NOT NULL, TX_DATE DATE NOT NULL, PRIMARY KEY (TX_ID) CONSTRAINT FK_ACCOUNT_TYPE_ID FOREIGN KEY (ACCOUNT_TYPE_ID) REFERENCES VITRSA_SANDBOX.DEMO_ACCOUNT_TYPE (ACCOUNT_TYPE_ID) ); nested exception is org.h2.jdbc.JdbcSQLSyntaxErrorException: Syntax error in SQL statement "CREATE TABLE VITRSA_SANDBOX.DEMO_ACCOUNT_TX ( TX_ID BIGINT NOT NULL, ACCOUNT_TYPE_ID BIGINT NOT NULL, MEMBER_ID BIGINT NOT NULL, AMOUNT BIGINT NOT NULL, TX_DATE DATE NOT NULL, PRIMARY KEY (TX_ID) CONSTRAINT[*] FK_ACCOUNT_TYPE_ID FOREIGN KEY (ACCOUNT_TYPE_ID) REFERENCES VITRSA_SANDBOX.DEMO_ACCOUNT_TYPE (ACCOUNT_TYPE_ID) )"; expected "INDEX, ,, )"; SQL statement:
CREATE TABLE VITRSA_SANDBOX.DEMO_ACCOUNT_TX ( TX_ID BIGINT NOT NULL, ACCOUNT_TYPE_ID BIGINT NOT NULL, MEMBER_ID BIGINT NOT NULL, AMOUNT BIGINT NOT NULL, TX_DATE DATE NOT NULL, PRIMARY KEY (TX_ID) CONSTRAINT FK_ACCOUNT_TYPE_ID FOREIGN KEY (ACCOUNT_TYPE_ID) REFERENCES VITRSA_SANDBOX.DEMO_ACCOUNT_TYPE (ACCOUNT_TYPE_ID) ) [42001-199]
	at org.springframework.jdbc.datasource.init.ScriptUtils.executeSqlScript(ScriptUtils.java:509) ~[spring-jdbc-5.1.8.RELEASE.jar:5.1.8.RELEASE]
	at org.springframework.jdbc.datasource.init.ResourceDatabasePopulator.populate(ResourceDatabasePopulator.java:238) ~[spring-jdbc-5.1.8.RELEASE.jar:5.1.8.RELEASE]
	at org.springframework.jdbc.datasource.init.DatabasePopulatorUtils.execute(DatabasePopulatorUtils.java:48) ~[spring-jdbc-5.1.8.RELEASE.jar:5.1.8.RELEASE]
	at org.springframework.boot.autoconfigure.jdbc.DataSourceInitializer.runScripts(DataSourceInitializer.java:202) ~[spring-boot-autoconfigure-2.1.6.RELEASE.jar:2.1.6.RELEASE]
	at org.springframework.boot.autoconfigure.jdbc.DataSourceInitializer.createSchema(DataSourceInitializer.java:101) ~[spring-boot-autoconfigure-2.1.6.RELEASE.jar:2.1.6.RELEASE]
	at org.springframework.boot.autoconfigure.jdbc.DataSourceInitializerInvoker.afterPropertiesSet(DataSourceInitializerInvoker.java:62) ~[spring-boot-autoconfigure-2.1.6.RELEASE.jar:2.1.6.RELEASE]
	at org.springframework.beans.factory.support.AbstractAutowireCapableBeanFactory.invokeInitMethods(AbstractAutowireCapableBeanFactory.java:1837) ~[spring-beans-5.1.8.RELEASE.jar:5.1.8.RELEASE]
	at org.springframework.beans.factory.support.AbstractAutowireCapableBeanFactory.initializeBean(AbstractAutowireCapableBeanFactory.java:1774) ~[spring-beans-5.1.8.RELEASE.jar:5.1.8.RELEASE]
	... 78 common frames omitted
Caused by: org.h2.jdbc.JdbcSQLSyntaxErrorException: Syntax error in SQL statement "CREATE TABLE VITRSA_SANDBOX.DEMO_ACCOUNT_TX ( TX_ID BIGINT NOT NULL, ACCOUNT_TYPE_ID BIGINT NOT NULL, MEMBER_ID BIGINT NOT NULL, AMOUNT BIGINT NOT NULL, TX_DATE DATE NOT NULL, PRIMARY KEY (TX_ID) CONSTRAINT[*] FK_ACCOUNT_TYPE_ID FOREIGN KEY (ACCOUNT_TYPE_ID) REFERENCES VITRSA_SANDBOX.DEMO_ACCOUNT_TYPE (ACCOUNT_TYPE_ID) )"; expected "INDEX, ,, )"; SQL statement:
CREATE TABLE VITRSA_SANDBOX.DEMO_ACCOUNT_TX ( TX_ID BIGINT NOT NULL, ACCOUNT_TYPE_ID BIGINT NOT NULL, MEMBER_ID BIGINT NOT NULL, AMOUNT BIGINT NOT NULL, TX_DATE DATE NOT NULL, PRIMARY KEY (TX_ID) CONSTRAINT FK_ACCOUNT_TYPE_ID FOREIGN KEY (ACCOUNT_TYPE_ID) REFERENCES VITRSA_SANDBOX.DEMO_ACCOUNT_TYPE (ACCOUNT_TYPE_ID) ) [42001-199]
	at org.h2.message.DbException.getJdbcSQLException(DbException.java:451) ~[h2-1.4.199.jar:1.4.199]
	at org.h2.message.DbException.getJdbcSQLException(DbException.java:427) ~[h2-1.4.199.jar:1.4.199]
	at org.h2.message.DbException.getSyntaxError(DbException.java:243) ~[h2-1.4.199.jar:1.4.199]
	at org.h2.command.Parser.getSyntaxError(Parser.java:991) ~[h2-1.4.199.jar:1.4.199]
	at org.h2.command.Parser.read(Parser.java:4549) ~[h2-1.4.199.jar:1.4.199]
	at org.h2.command.Parser.readIfMore(Parser.java:1391) ~[h2-1.4.199.jar:1.4.199]
	at org.h2.command.Parser.parseCreateTable(Parser.java:7833) ~[h2-1.4.199.jar:1.4.199]
	at org.h2.command.Parser.parseCreate(Parser.java:5818) ~[h2-1.4.199.jar:1.4.199]
	at org.h2.command.Parser.parsePrepared(Parser.java:846) ~[h2-1.4.199.jar:1.4.199]
	at org.h2.command.Parser.parse(Parser.java:788) ~[h2-1.4.199.jar:1.4.199]
	at org.h2.command.Parser.parse(Parser.java:764) ~[h2-1.4.199.jar:1.4.199]
	at org.h2.command.Parser.prepareCommand(Parser.java:683) ~[h2-1.4.199.jar:1.4.199]
	at org.h2.engine.Session.prepareLocal(Session.java:627) ~[h2-1.4.199.jar:1.4.199]
	at org.h2.engine.Session.prepareCommand(Session.java:565) ~[h2-1.4.199.jar:1.4.199]
	at org.h2.jdbc.JdbcConnection.prepareCommand(JdbcConnection.java:1292) ~[h2-1.4.199.jar:1.4.199]
	at org.h2.jdbc.JdbcStatement.executeInternal(JdbcStatement.java:217) ~[h2-1.4.199.jar:1.4.199]
	at org.h2.jdbc.JdbcStatement.execute(JdbcStatement.java:205) ~[h2-1.4.199.jar:1.4.199]
	at org.springframework.jdbc.datasource.init.ScriptUtils.executeSqlScript(ScriptUtils.java:488) ~[spring-jdbc-5.1.8.RELEASE.jar:5.1.8.RELEASE]
	... 85 common frames omitted

]]></system-out>
  </testcase>
  <testcase name="getAccountTypeByMnemonicPlay" classname="za.ac.nwu.ac.repo.persistence.AccountTypeRepositoryTest" time="0">
    <error message="Failed to load ApplicationContext" type="java.lang.IllegalStateException">java.lang.IllegalStateException: Failed to load ApplicationContext
Caused by: org.springframework.beans.factory.UnsatisfiedDependencyException: 
Error creating bean with name 'org.springframework.boot.autoconfigure.orm.jpa.HibernateJpaConfiguration': Unsatisfied dependency expressed through constructor parameter 0; nested exception is org.springframework.beans.factory.BeanCreationException: Error creating bean with name 'dataSource': Post-processing of FactoryBean's singleton object failed; nested exception is org.springframework.beans.factory.BeanCreationException: Error creating bean with name 'org.springframework.boot.autoconfigure.jdbc.DataSourceInitializerInvoker': Invocation of init method failed; nested exception is org.springframework.jdbc.datasource.init.ScriptStatementFailedException: Failed to execute SQL script statement #4 of URL [file:/C:/Users/naude/Desktop/IT%20Dev/Project1/AccountSystemRepository/target/test-classes/schema.sql]: CREATE TABLE VITRSA_SANDBOX.DEMO_ACCOUNT_TX ( TX_ID BIGINT NOT NULL, ACCOUNT_TYPE_ID BIGINT NOT NULL, MEMBER_ID BIGINT NOT NULL, AMOUNT BIGINT NOT NULL, TX_DATE DATE NOT NULL, PRIMARY KEY (TX_ID) CONSTRAINT FK_ACCOUNT_TYPE_ID FOREIGN KEY (ACCOUNT_TYPE_ID) REFERENCES VITRSA_SANDBOX.DEMO_ACCOUNT_TYPE (ACCOUNT_TYPE_ID) ); nested exception is org.h2.jdbc.JdbcSQLSyntaxErrorException: Syntax error in SQL statement "CREATE TABLE VITRSA_SANDBOX.DEMO_ACCOUNT_TX ( TX_ID BIGINT NOT NULL, ACCOUNT_TYPE_ID BIGINT NOT NULL, MEMBER_ID BIGINT NOT NULL, AMOUNT BIGINT NOT NULL, TX_DATE DATE NOT NULL, PRIMARY KEY (TX_ID) CONSTRAINT[*] FK_ACCOUNT_TYPE_ID FOREIGN KEY (ACCOUNT_TYPE_ID) REFERENCES VITRSA_SANDBOX.DEMO_ACCOUNT_TYPE (ACCOUNT_TYPE_ID) )"; expected "INDEX, ,, )"; SQL statement:
CREATE TABLE VITRSA_SANDBOX.DEMO_ACCOUNT_TX ( TX_ID BIGINT NOT NULL, ACCOUNT_TYPE_ID BIGINT NOT NULL, MEMBER_ID BIGINT NOT NULL, AMOUNT BIGINT NOT NULL, TX_DATE DATE NOT NULL, PRIMARY KEY (TX_ID) CONSTRAINT FK_ACCOUNT_TYPE_ID FOREIGN KEY (ACCOUNT_TYPE_ID) REFERENCES VITRSA_SANDBOX.DEMO_ACCOUNT_TYPE (ACCOUNT_TYPE_ID) ) [42001-199]
Caused by: org.springframework.beans.factory.BeanCreationException: 
Error creating bean with name 'dataSource': Post-processing of FactoryBean's singleton object failed; nested exception is org.springframework.beans.factory.BeanCreationException: Error creating bean with name 'org.springframework.boot.autoconfigure.jdbc.DataSourceInitializerInvoker': Invocation of init method failed; nested exception is org.springframework.jdbc.datasource.init.ScriptStatementFailedException: Failed to execute SQL script statement #4 of URL [file:/C:/Users/naude/Desktop/IT%20Dev/Project1/AccountSystemRepository/target/test-classes/schema.sql]: CREATE TABLE VITRSA_SANDBOX.DEMO_ACCOUNT_TX ( TX_ID BIGINT NOT NULL, ACCOUNT_TYPE_ID BIGINT NOT NULL, MEMBER_ID BIGINT NOT NULL, AMOUNT BIGINT NOT NULL, TX_DATE DATE NOT NULL, PRIMARY KEY (TX_ID) CONSTRAINT FK_ACCOUNT_TYPE_ID FOREIGN KEY (ACCOUNT_TYPE_ID) REFERENCES VITRSA_SANDBOX.DEMO_ACCOUNT_TYPE (ACCOUNT_TYPE_ID) ); nested exception is org.h2.jdbc.JdbcSQLSyntaxErrorException: Syntax error in SQL statement "CREATE TABLE VITRSA_SANDBOX.DEMO_ACCOUNT_TX ( TX_ID BIGINT NOT NULL, ACCOUNT_TYPE_ID BIGINT NOT NULL, MEMBER_ID BIGINT NOT NULL, AMOUNT BIGINT NOT NULL, TX_DATE DATE NOT NULL, PRIMARY KEY (TX_ID) CONSTRAINT[*] FK_ACCOUNT_TYPE_ID FOREIGN KEY (ACCOUNT_TYPE_ID) REFERENCES VITRSA_SANDBOX.DEMO_ACCOUNT_TYPE (ACCOUNT_TYPE_ID) )"; expected "INDEX, ,, )"; SQL statement:
CREATE TABLE VITRSA_SANDBOX.DEMO_ACCOUNT_TX ( TX_ID BIGINT NOT NULL, ACCOUNT_TYPE_ID BIGINT NOT NULL, MEMBER_ID BIGINT NOT NULL, AMOUNT BIGINT NOT NULL, TX_DATE DATE NOT NULL, PRIMARY KEY (TX_ID) CONSTRAINT FK_ACCOUNT_TYPE_ID FOREIGN KEY (ACCOUNT_TYPE_ID) REFERENCES VITRSA_SANDBOX.DEMO_ACCOUNT_TYPE (ACCOUNT_TYPE_ID) ) [42001-199]
Caused by: org.springframework.beans.factory.BeanCreationException: 
Error creating bean with name 'org.springframework.boot.autoconfigure.jdbc.DataSourceInitializerInvoker': Invocation of init method failed; nested exception is org.springframework.jdbc.datasource.init.ScriptStatementFailedException: Failed to execute SQL script statement #4 of URL [file:/C:/Users/naude/Desktop/IT%20Dev/Project1/AccountSystemRepository/target/test-classes/schema.sql]: CREATE TABLE VITRSA_SANDBOX.DEMO_ACCOUNT_TX ( TX_ID BIGINT NOT NULL, ACCOUNT_TYPE_ID BIGINT NOT NULL, MEMBER_ID BIGINT NOT NULL, AMOUNT BIGINT NOT NULL, TX_DATE DATE NOT NULL, PRIMARY KEY (TX_ID) CONSTRAINT FK_ACCOUNT_TYPE_ID FOREIGN KEY (ACCOUNT_TYPE_ID) REFERENCES VITRSA_SANDBOX.DEMO_ACCOUNT_TYPE (ACCOUNT_TYPE_ID) ); nested exception is org.h2.jdbc.JdbcSQLSyntaxErrorException: Syntax error in SQL statement "CREATE TABLE VITRSA_SANDBOX.DEMO_ACCOUNT_TX ( TX_ID BIGINT NOT NULL, ACCOUNT_TYPE_ID BIGINT NOT NULL, MEMBER_ID BIGINT NOT NULL, AMOUNT BIGINT NOT NULL, TX_DATE DATE NOT NULL, PRIMARY KEY (TX_ID) CONSTRAINT[*] FK_ACCOUNT_TYPE_ID FOREIGN KEY (ACCOUNT_TYPE_ID) REFERENCES VITRSA_SANDBOX.DEMO_ACCOUNT_TYPE (ACCOUNT_TYPE_ID) )"; expected "INDEX, ,, )"; SQL statement:
CREATE TABLE VITRSA_SANDBOX.DEMO_ACCOUNT_TX ( TX_ID BIGINT NOT NULL, ACCOUNT_TYPE_ID BIGINT NOT NULL, MEMBER_ID BIGINT NOT NULL, AMOUNT BIGINT NOT NULL, TX_DATE DATE NOT NULL, PRIMARY KEY (TX_ID) CONSTRAINT FK_ACCOUNT_TYPE_ID FOREIGN KEY (ACCOUNT_TYPE_ID) REFERENCES VITRSA_SANDBOX.DEMO_ACCOUNT_TYPE (ACCOUNT_TYPE_ID) ) [42001-199]
Caused by: org.springframework.jdbc.datasource.init.ScriptStatementFailedException: 
Failed to execute SQL script statement #4 of URL [file:/C:/Users/naude/Desktop/IT%20Dev/Project1/AccountSystemRepository/target/test-classes/schema.sql]: CREATE TABLE VITRSA_SANDBOX.DEMO_ACCOUNT_TX ( TX_ID BIGINT NOT NULL, ACCOUNT_TYPE_ID BIGINT NOT NULL, MEMBER_ID BIGINT NOT NULL, AMOUNT BIGINT NOT NULL, TX_DATE DATE NOT NULL, PRIMARY KEY (TX_ID) CONSTRAINT FK_ACCOUNT_TYPE_ID FOREIGN KEY (ACCOUNT_TYPE_ID) REFERENCES VITRSA_SANDBOX.DEMO_ACCOUNT_TYPE (ACCOUNT_TYPE_ID) ); nested exception is org.h2.jdbc.JdbcSQLSyntaxErrorException: Syntax error in SQL statement "CREATE TABLE VITRSA_SANDBOX.DEMO_ACCOUNT_TX ( TX_ID BIGINT NOT NULL, ACCOUNT_TYPE_ID BIGINT NOT NULL, MEMBER_ID BIGINT NOT NULL, AMOUNT BIGINT NOT NULL, TX_DATE DATE NOT NULL, PRIMARY KEY (TX_ID) CONSTRAINT[*] FK_ACCOUNT_TYPE_ID FOREIGN KEY (ACCOUNT_TYPE_ID) REFERENCES VITRSA_SANDBOX.DEMO_ACCOUNT_TYPE (ACCOUNT_TYPE_ID) )"; expected "INDEX, ,, )"; SQL statement:
CREATE TABLE VITRSA_SANDBOX.DEMO_ACCOUNT_TX ( TX_ID BIGINT NOT NULL, ACCOUNT_TYPE_ID BIGINT NOT NULL, MEMBER_ID BIGINT NOT NULL, AMOUNT BIGINT NOT NULL, TX_DATE DATE NOT NULL, PRIMARY KEY (TX_ID) CONSTRAINT FK_ACCOUNT_TYPE_ID FOREIGN KEY (ACCOUNT_TYPE_ID) REFERENCES VITRSA_SANDBOX.DEMO_ACCOUNT_TYPE (ACCOUNT_TYPE_ID) ) [42001-199]
Caused by: org.h2.jdbc.JdbcSQLSyntaxErrorException: 
Syntax error in SQL statement "CREATE TABLE VITRSA_SANDBOX.DEMO_ACCOUNT_TX ( TX_ID BIGINT NOT NULL, ACCOUNT_TYPE_ID BIGINT NOT NULL, MEMBER_ID BIGINT NOT NULL, AMOUNT BIGINT NOT NULL, TX_DATE DATE NOT NULL, PRIMARY KEY (TX_ID) CONSTRAINT[*] FK_ACCOUNT_TYPE_ID FOREIGN KEY (ACCOUNT_TYPE_ID) REFERENCES VITRSA_SANDBOX.DEMO_ACCOUNT_TYPE (ACCOUNT_TYPE_ID) )"; expected "INDEX, ,, )"; SQL statement:
CREATE TABLE VITRSA_SANDBOX.DEMO_ACCOUNT_TX ( TX_ID BIGINT NOT NULL, ACCOUNT_TYPE_ID BIGINT NOT NULL, MEMBER_ID BIGINT NOT NULL, AMOUNT BIGINT NOT NULL, TX_DATE DATE NOT NULL, PRIMARY KEY (TX_ID) CONSTRAINT FK_ACCOUNT_TYPE_ID FOREIGN KEY (ACCOUNT_TYPE_ID) REFERENCES VITRSA_SANDBOX.DEMO_ACCOUNT_TYPE (ACCOUNT_TYPE_ID) ) [42001-199]
</error>
    <system-out><![CDATA[
  .   ____          _            __ _ _
 /\\ / ___'_ __ _ _(_)_ __  __ _ \ \ \ \
( ( )\___ | '_ | '_| | '_ \/ _` | \ \ \ \
 \\/  ___)| |_)| | | | | || (_| |  ) ) ) )
  '  |____| .__|_| |_|_| |_\__, | / / / /
 =========|_|==============|___/=/_/_/_/
 :: Spring Boot ::        (v2.1.6.RELEASE)

2021-09-22 15:33:21.716  INFO 5696 --- [           main] z.a.n.a.r.p.AccountTypeRepositoryTest    : Starting AccountTypeRepositoryTest on DESKTOP-074OGOO with PID 5696 (started by naude in C:\Users\naude\Desktop\IT Dev\Project1\AccountSystemRepository)
2021-09-22 15:33:21.717  INFO 5696 --- [           main] z.a.n.a.r.p.AccountTypeRepositoryTest    : No active profile set, falling back to default profiles: default
2021-09-22 15:33:21.944  INFO 5696 --- [           main] .s.d.r.c.RepositoryConfigurationDelegate : Bootstrapping Spring Data repositories in DEFAULT mode.
2021-09-22 15:33:21.967  INFO 5696 --- [           main] .s.d.r.c.RepositoryConfigurationDelegate : Finished Spring Data repository scanning in 22ms. Found 1 repository interfaces.
2021-09-22 15:33:22.016  INFO 5696 --- [           main] beddedDataSourceBeanFactoryPostProcessor : Replacing 'dataSource' DataSource bean with embedded version
2021-09-22 15:33:22.062  INFO 5696 --- [           main] o.s.j.d.e.EmbeddedDatabaseFactory        : Starting embedded database: url='jdbc:h2:mem:ffd5c1b2-2ff6-4823-9779-eea87b971387;DB_CLOSE_DELAY=-1;DB_CLOSE_ON_EXIT=false', username='sa'
2021-09-22 15:33:22.161  WARN 5696 --- [           main] s.c.a.AnnotationConfigApplicationContext : Exception encountered during context initialization - cancelling refresh attempt: org.springframework.beans.factory.UnsatisfiedDependencyException: Error creating bean with name 'org.springframework.boot.autoconfigure.orm.jpa.HibernateJpaConfiguration': Unsatisfied dependency expressed through constructor parameter 0; nested exception is org.springframework.beans.factory.BeanCreationException: Error creating bean with name 'dataSource': Post-processing of FactoryBean's singleton object failed; nested exception is org.springframework.beans.factory.BeanCreationException: Error creating bean with name 'org.springframework.boot.autoconfigure.jdbc.DataSourceInitializerInvoker': Invocation of init method failed; nested exception is org.springframework.jdbc.datasource.init.ScriptStatementFailedException: Failed to execute SQL script statement #4 of URL [file:/C:/Users/naude/Desktop/IT%20Dev/Project1/AccountSystemRepository/target/test-classes/schema.sql]: CREATE TABLE VITRSA_SANDBOX.DEMO_ACCOUNT_TX ( TX_ID BIGINT NOT NULL, ACCOUNT_TYPE_ID BIGINT NOT NULL, MEMBER_ID BIGINT NOT NULL, AMOUNT BIGINT NOT NULL, TX_DATE DATE NOT NULL, PRIMARY KEY (TX_ID) CONSTRAINT FK_ACCOUNT_TYPE_ID FOREIGN KEY (ACCOUNT_TYPE_ID) REFERENCES VITRSA_SANDBOX.DEMO_ACCOUNT_TYPE (ACCOUNT_TYPE_ID) ); nested exception is org.h2.jdbc.JdbcSQLSyntaxErrorException: Syntax error in SQL statement "CREATE TABLE VITRSA_SANDBOX.DEMO_ACCOUNT_TX ( TX_ID BIGINT NOT NULL, ACCOUNT_TYPE_ID BIGINT NOT NULL, MEMBER_ID BIGINT NOT NULL, AMOUNT BIGINT NOT NULL, TX_DATE DATE NOT NULL, PRIMARY KEY (TX_ID) CONSTRAINT[*] FK_ACCOUNT_TYPE_ID FOREIGN KEY (ACCOUNT_TYPE_ID) REFERENCES VITRSA_SANDBOX.DEMO_ACCOUNT_TYPE (ACCOUNT_TYPE_ID) )"; expected "INDEX, ,, )"; SQL statement:
CREATE TABLE VITRSA_SANDBOX.DEMO_ACCOUNT_TX ( TX_ID BIGINT NOT NULL, ACCOUNT_TYPE_ID BIGINT NOT NULL, MEMBER_ID BIGINT NOT NULL, AMOUNT BIGINT NOT NULL, TX_DATE DATE NOT NULL, PRIMARY KEY (TX_ID) CONSTRAINT FK_ACCOUNT_TYPE_ID FOREIGN KEY (ACCOUNT_TYPE_ID) REFERENCES VITRSA_SANDBOX.DEMO_ACCOUNT_TYPE (ACCOUNT_TYPE_ID) ) [42001-199]
2021-09-22 15:33:22.162  INFO 5696 --- [           main] ConditionEvaluationReportLoggingListener : 

Error starting ApplicationContext. To display the conditions report re-run your application with 'debug' enabled.
2021-09-22 15:33:22.164 ERROR 5696 --- [           main] o.s.boot.SpringApplication               : Application run failed

org.springframework.beans.factory.UnsatisfiedDependencyException: Error creating bean with name 'org.springframework.boot.autoconfigure.orm.jpa.HibernateJpaConfiguration': Unsatisfied dependency expressed through constructor parameter 0; nested exception is org.springframework.beans.factory.BeanCreationException: Error creating bean with name 'dataSource': Post-processing of FactoryBean's singleton object failed; nested exception is org.springframework.beans.factory.BeanCreationException: Error creating bean with name 'org.springframework.boot.autoconfigure.jdbc.DataSourceInitializerInvoker': Invocation of init method failed; nested exception is org.springframework.jdbc.datasource.init.ScriptStatementFailedException: Failed to execute SQL script statement #4 of URL [file:/C:/Users/naude/Desktop/IT%20Dev/Project1/AccountSystemRepository/target/test-classes/schema.sql]: CREATE TABLE VITRSA_SANDBOX.DEMO_ACCOUNT_TX ( TX_ID BIGINT NOT NULL, ACCOUNT_TYPE_ID BIGINT NOT NULL, MEMBER_ID BIGINT NOT NULL, AMOUNT BIGINT NOT NULL, TX_DATE DATE NOT NULL, PRIMARY KEY (TX_ID) CONSTRAINT FK_ACCOUNT_TYPE_ID FOREIGN KEY (ACCOUNT_TYPE_ID) REFERENCES VITRSA_SANDBOX.DEMO_ACCOUNT_TYPE (ACCOUNT_TYPE_ID) ); nested exception is org.h2.jdbc.JdbcSQLSyntaxErrorException: Syntax error in SQL statement "CREATE TABLE VITRSA_SANDBOX.DEMO_ACCOUNT_TX ( TX_ID BIGINT NOT NULL, ACCOUNT_TYPE_ID BIGINT NOT NULL, MEMBER_ID BIGINT NOT NULL, AMOUNT BIGINT NOT NULL, TX_DATE DATE NOT NULL, PRIMARY KEY (TX_ID) CONSTRAINT[*] FK_ACCOUNT_TYPE_ID FOREIGN KEY (ACCOUNT_TYPE_ID) REFERENCES VITRSA_SANDBOX.DEMO_ACCOUNT_TYPE (ACCOUNT_TYPE_ID) )"; expected "INDEX, ,, )"; SQL statement:
CREATE TABLE VITRSA_SANDBOX.DEMO_ACCOUNT_TX ( TX_ID BIGINT NOT NULL, ACCOUNT_TYPE_ID BIGINT NOT NULL, MEMBER_ID BIGINT NOT NULL, AMOUNT BIGINT NOT NULL, TX_DATE DATE NOT NULL, PRIMARY KEY (TX_ID) CONSTRAINT FK_ACCOUNT_TYPE_ID FOREIGN KEY (ACCOUNT_TYPE_ID) REFERENCES VITRSA_SANDBOX.DEMO_ACCOUNT_TYPE (ACCOUNT_TYPE_ID) ) [42001-199]
	at org.springframework.beans.factory.support.ConstructorResolver.createArgumentArray(ConstructorResolver.java:769) ~[spring-beans-5.1.8.RELEASE.jar:5.1.8.RELEASE]
	at org.springframework.beans.factory.support.ConstructorResolver.autowireConstructor(ConstructorResolver.java:218) ~[spring-beans-5.1.8.RELEASE.jar:5.1.8.RELEASE]
	at org.springframework.beans.factory.support.AbstractAutowireCapableBeanFactory.autowireConstructor(AbstractAutowireCapableBeanFactory.java:1341) ~[spring-beans-5.1.8.RELEASE.jar:5.1.8.RELEASE]
	at org.springframework.beans.factory.support.AbstractAutowireCapableBeanFactory.createBeanInstance(AbstractAutowireCapableBeanFactory.java:1187) ~[spring-beans-5.1.8.RELEASE.jar:5.1.8.RELEASE]
	at org.springframework.beans.factory.support.AbstractAutowireCapableBeanFactory.doCreateBean(AbstractAutowireCapableBeanFactory.java:555) ~[spring-beans-5.1.8.RELEASE.jar:5.1.8.RELEASE]
	at org.springframework.beans.factory.support.AbstractAutowireCapableBeanFactory.createBean(AbstractAutowireCapableBeanFactory.java:515) ~[spring-beans-5.1.8.RELEASE.jar:5.1.8.RELEASE]
	at org.springframework.beans.factory.support.AbstractBeanFactory.lambda$doGetBean$0(AbstractBeanFactory.java:320) ~[spring-beans-5.1.8.RELEASE.jar:5.1.8.RELEASE]
	at org.springframework.beans.factory.support.DefaultSingletonBeanRegistry.getSingleton(DefaultSingletonBeanRegistry.java:222) ~[spring-beans-5.1.8.RELEASE.jar:5.1.8.RELEASE]
	at org.springframework.beans.factory.support.AbstractBeanFactory.doGetBean(AbstractBeanFactory.java:318) ~[spring-beans-5.1.8.RELEASE.jar:5.1.8.RELEASE]
	at org.springframework.beans.factory.support.AbstractBeanFactory.getBean(AbstractBeanFactory.java:199) ~[spring-beans-5.1.8.RELEASE.jar:5.1.8.RELEASE]
	at org.springframework.beans.factory.support.ConstructorResolver.instantiateUsingFactoryMethod(ConstructorResolver.java:392) ~[spring-beans-5.1.8.RELEASE.jar:5.1.8.RELEASE]
	at org.springframework.beans.factory.support.AbstractAutowireCapableBeanFactory.instantiateUsingFactoryMethod(AbstractAutowireCapableBeanFactory.java:1321) ~[spring-beans-5.1.8.RELEASE.jar:5.1.8.RELEASE]
	at org.springframework.beans.factory.support.AbstractAutowireCapableBeanFactory.createBeanInstance(AbstractAutowireCapableBeanFactory.java:1160) ~[spring-beans-5.1.8.RELEASE.jar:5.1.8.RELEASE]
	at org.springframework.beans.factory.support.AbstractAutowireCapableBeanFactory.doCreateBean(AbstractAutowireCapableBeanFactory.java:555) ~[spring-beans-5.1.8.RELEASE.jar:5.1.8.RELEASE]
	at org.springframework.beans.factory.support.AbstractAutowireCapableBeanFactory.createBean(AbstractAutowireCapableBeanFactory.java:515) ~[spring-beans-5.1.8.RELEASE.jar:5.1.8.RELEASE]
	at org.springframework.beans.factory.support.AbstractBeanFactory.lambda$doGetBean$0(AbstractBeanFactory.java:320) ~[spring-beans-5.1.8.RELEASE.jar:5.1.8.RELEASE]
	at org.springframework.beans.factory.support.DefaultSingletonBeanRegistry.getSingleton(DefaultSingletonBeanRegistry.java:222) ~[spring-beans-5.1.8.RELEASE.jar:5.1.8.RELEASE]
	at org.springframework.beans.factory.support.AbstractBeanFactory.doGetBean(AbstractBeanFactory.java:318) ~[spring-beans-5.1.8.RELEASE.jar:5.1.8.RELEASE]
	at org.springframework.beans.factory.support.AbstractBeanFactory.getBean(AbstractBeanFactory.java:199) ~[spring-beans-5.1.8.RELEASE.jar:5.1.8.RELEASE]
	at org.springframework.context.support.AbstractApplicationContext.getBean(AbstractApplicationContext.java:1105) ~[spring-context-5.1.8.RELEASE.jar:5.1.8.RELEASE]
	at org.springframework.context.support.AbstractApplicationContext.finishBeanFactoryInitialization(AbstractApplicationContext.java:867) ~[spring-context-5.1.8.RELEASE.jar:5.1.8.RELEASE]
	at org.springframework.context.support.AbstractApplicationContext.refresh(AbstractApplicationContext.java:549) ~[spring-context-5.1.8.RELEASE.jar:5.1.8.RELEASE]
	at org.springframework.boot.SpringApplication.refresh(SpringApplication.java:742) ~[spring-boot-2.1.6.RELEASE.jar:2.1.6.RELEASE]
	at org.springframework.boot.SpringApplication.refreshContext(SpringApplication.java:389) ~[spring-boot-2.1.6.RELEASE.jar:2.1.6.RELEASE]
	at org.springframework.boot.SpringApplication.run(SpringApplication.java:311) ~[spring-boot-2.1.6.RELEASE.jar:2.1.6.RELEASE]
	at org.springframework.boot.test.context.SpringBootContextLoader.loadContext(SpringBootContextLoader.java:119) ~[spring-boot-test-2.1.6.RELEASE.jar:2.1.6.RELEASE]
	at org.springframework.test.context.cache.DefaultCacheAwareContextLoaderDelegate.loadContextInternal(DefaultCacheAwareContextLoaderDelegate.java:99) ~[spring-test-5.1.8.RELEASE.jar:5.1.8.RELEASE]
	at org.springframework.test.context.cache.DefaultCacheAwareContextLoaderDelegate.loadContext(DefaultCacheAwareContextLoaderDelegate.java:117) ~[spring-test-5.1.8.RELEASE.jar:5.1.8.RELEASE]
	at org.springframework.test.context.support.DefaultTestContext.getApplicationContext(DefaultTestContext.java:108) ~[spring-test-5.1.8.RELEASE.jar:5.1.8.RELEASE]
	at org.springframework.test.context.support.DependencyInjectionTestExecutionListener.injectDependencies(DependencyInjectionTestExecutionListener.java:118) ~[spring-test-5.1.8.RELEASE.jar:5.1.8.RELEASE]
	at org.springframework.test.context.support.DependencyInjectionTestExecutionListener.prepareTestInstance(DependencyInjectionTestExecutionListener.java:83) ~[spring-test-5.1.8.RELEASE.jar:5.1.8.RELEASE]
	at org.springframework.boot.test.autoconfigure.SpringBootDependencyInjectionTestExecutionListener.prepareTestInstance(SpringBootDependencyInjectionTestExecutionListener.java:43) ~[spring-boot-test-autoconfigure-2.1.6.RELEASE.jar:2.1.6.RELEASE]
	at org.springframework.test.context.TestContextManager.prepareTestInstance(TestContextManager.java:246) ~[spring-test-5.1.8.RELEASE.jar:5.1.8.RELEASE]
	at org.springframework.test.context.junit4.SpringJUnit4ClassRunner.createTest(SpringJUnit4ClassRunner.java:227) ~[spring-test-5.1.8.RELEASE.jar:5.1.8.RELEASE]
	at org.springframework.test.context.junit4.SpringJUnit4ClassRunner$1.runReflectiveCall(SpringJUnit4ClassRunner.java:289) ~[spring-test-5.1.8.RELEASE.jar:5.1.8.RELEASE]
	at org.junit.internal.runners.model.ReflectiveCallable.run(ReflectiveCallable.java:12) ~[junit-4.12.jar:4.12]
	at org.springframework.test.context.junit4.SpringJUnit4ClassRunner.methodBlock(SpringJUnit4ClassRunner.java:291) ~[spring-test-5.1.8.RELEASE.jar:5.1.8.RELEASE]
	at org.springframework.test.context.junit4.SpringJUnit4ClassRunner.runChild(SpringJUnit4ClassRunner.java:246) ~[spring-test-5.1.8.RELEASE.jar:5.1.8.RELEASE]
	at org.springframework.test.context.junit4.SpringJUnit4ClassRunner.runChild(SpringJUnit4ClassRunner.java:97) ~[spring-test-5.1.8.RELEASE.jar:5.1.8.RELEASE]
	at org.junit.runners.ParentRunner$3.run(ParentRunner.java:290) ~[junit-4.12.jar:4.12]
	at org.junit.runners.ParentRunner$1.schedule(ParentRunner.java:71) ~[junit-4.12.jar:4.12]
	at org.junit.runners.ParentRunner.runChildren(ParentRunner.java:288) ~[junit-4.12.jar:4.12]
	at org.junit.runners.ParentRunner.access$000(ParentRunner.java:58) ~[junit-4.12.jar:4.12]
	at org.junit.runners.ParentRunner$2.evaluate(ParentRunner.java:268) ~[junit-4.12.jar:4.12]
	at org.springframework.test.context.junit4.statements.RunBeforeTestClassCallbacks.evaluate(RunBeforeTestClassCallbacks.java:61) ~[spring-test-5.1.8.RELEASE.jar:5.1.8.RELEASE]
	at org.springframework.test.context.junit4.statements.RunAfterTestClassCallbacks.evaluate(RunAfterTestClassCallbacks.java:70) ~[spring-test-5.1.8.RELEASE.jar:5.1.8.RELEASE]
	at org.junit.runners.ParentRunner.run(ParentRunner.java:363) ~[junit-4.12.jar:4.12]
	at org.springframework.test.context.junit4.SpringJUnit4ClassRunner.run(SpringJUnit4ClassRunner.java:190) ~[spring-test-5.1.8.RELEASE.jar:5.1.8.RELEASE]
	at org.apache.maven.surefire.junit4.JUnit4Provider.execute(JUnit4Provider.java:365) ~[surefire-junit4-2.22.2.jar:2.22.2]
	at org.apache.maven.surefire.junit4.JUnit4Provider.executeWithRerun(JUnit4Provider.java:273) ~[surefire-junit4-2.22.2.jar:2.22.2]
	at org.apache.maven.surefire.junit4.JUnit4Provider.executeTestSet(JUnit4Provider.java:238) ~[surefire-junit4-2.22.2.jar:2.22.2]
	at org.apache.maven.surefire.junit4.JUnit4Provider.invoke(JUnit4Provider.java:159) ~[surefire-junit4-2.22.2.jar:2.22.2]
	at org.apache.maven.surefire.booter.ForkedBooter.invokeProviderInSameClassLoader(ForkedBooter.java:384) ~[surefire-booter-2.22.2.jar:2.22.2]
	at org.apache.maven.surefire.booter.ForkedBooter.runSuitesInProcess(ForkedBooter.java:345) ~[surefire-booter-2.22.2.jar:2.22.2]
	at org.apache.maven.surefire.booter.ForkedBooter.execute(ForkedBooter.java:126) ~[surefire-booter-2.22.2.jar:2.22.2]
	at org.apache.maven.surefire.booter.ForkedBooter.main(ForkedBooter.java:418) ~[surefire-booter-2.22.2.jar:2.22.2]
Caused by: org.springframework.beans.factory.BeanCreationException: Error creating bean with name 'dataSource': Post-processing of FactoryBean's singleton object failed; nested exception is org.springframework.beans.factory.BeanCreationException: Error creating bean with name 'org.springframework.boot.autoconfigure.jdbc.DataSourceInitializerInvoker': Invocation of init method failed; nested exception is org.springframework.jdbc.datasource.init.ScriptStatementFailedException: Failed to execute SQL script statement #4 of URL [file:/C:/Users/naude/Desktop/IT%20Dev/Project1/AccountSystemRepository/target/test-classes/schema.sql]: CREATE TABLE VITRSA_SANDBOX.DEMO_ACCOUNT_TX ( TX_ID BIGINT NOT NULL, ACCOUNT_TYPE_ID BIGINT NOT NULL, MEMBER_ID BIGINT NOT NULL, AMOUNT BIGINT NOT NULL, TX_DATE DATE NOT NULL, PRIMARY KEY (TX_ID) CONSTRAINT FK_ACCOUNT_TYPE_ID FOREIGN KEY (ACCOUNT_TYPE_ID) REFERENCES VITRSA_SANDBOX.DEMO_ACCOUNT_TYPE (ACCOUNT_TYPE_ID) ); nested exception is org.h2.jdbc.JdbcSQLSyntaxErrorException: Syntax error in SQL statement "CREATE TABLE VITRSA_SANDBOX.DEMO_ACCOUNT_TX ( TX_ID BIGINT NOT NULL, ACCOUNT_TYPE_ID BIGINT NOT NULL, MEMBER_ID BIGINT NOT NULL, AMOUNT BIGINT NOT NULL, TX_DATE DATE NOT NULL, PRIMARY KEY (TX_ID) CONSTRAINT[*] FK_ACCOUNT_TYPE_ID FOREIGN KEY (ACCOUNT_TYPE_ID) REFERENCES VITRSA_SANDBOX.DEMO_ACCOUNT_TYPE (ACCOUNT_TYPE_ID) )"; expected "INDEX, ,, )"; SQL statement:
CREATE TABLE VITRSA_SANDBOX.DEMO_ACCOUNT_TX ( TX_ID BIGINT NOT NULL, ACCOUNT_TYPE_ID BIGINT NOT NULL, MEMBER_ID BIGINT NOT NULL, AMOUNT BIGINT NOT NULL, TX_DATE DATE NOT NULL, PRIMARY KEY (TX_ID) CONSTRAINT FK_ACCOUNT_TYPE_ID FOREIGN KEY (ACCOUNT_TYPE_ID) REFERENCES VITRSA_SANDBOX.DEMO_ACCOUNT_TYPE (ACCOUNT_TYPE_ID) ) [42001-199]
	at org.springframework.beans.factory.support.FactoryBeanRegistrySupport.getObjectFromFactoryBean(FactoryBeanRegistrySupport.java:119) ~[spring-beans-5.1.8.RELEASE.jar:5.1.8.RELEASE]
	at org.springframework.beans.factory.support.AbstractBeanFactory.getObjectForBeanInstance(AbstractBeanFactory.java:1674) ~[spring-beans-5.1.8.RELEASE.jar:5.1.8.RELEASE]
	at org.springframework.beans.factory.support.AbstractAutowireCapableBeanFactory.getObjectForBeanInstance(AbstractAutowireCapableBeanFactory.java:1249) ~[spring-beans-5.1.8.RELEASE.jar:5.1.8.RELEASE]
	at org.springframework.beans.factory.support.AbstractBeanFactory.doGetBean(AbstractBeanFactory.java:330) ~[spring-beans-5.1.8.RELEASE.jar:5.1.8.RELEASE]
	at org.springframework.beans.factory.support.AbstractBeanFactory.getBean(AbstractBeanFactory.java:199) ~[spring-beans-5.1.8.RELEASE.jar:5.1.8.RELEASE]
	at org.springframework.beans.factory.config.DependencyDescriptor.resolveCandidate(DependencyDescriptor.java:277) ~[spring-beans-5.1.8.RELEASE.jar:5.1.8.RELEASE]
	at org.springframework.beans.factory.support.DefaultListableBeanFactory.doResolveDependency(DefaultListableBeanFactory.java:1251) ~[spring-beans-5.1.8.RELEASE.jar:5.1.8.RELEASE]
	at org.springframework.beans.factory.support.DefaultListableBeanFactory.resolveDependency(DefaultListableBeanFactory.java:1171) ~[spring-beans-5.1.8.RELEASE.jar:5.1.8.RELEASE]
	at org.springframework.beans.factory.support.ConstructorResolver.resolveAutowiredArgument(ConstructorResolver.java:857) ~[spring-beans-5.1.8.RELEASE.jar:5.1.8.RELEASE]
	at org.springframework.beans.factory.support.ConstructorResolver.createArgumentArray(ConstructorResolver.java:760) ~[spring-beans-5.1.8.RELEASE.jar:5.1.8.RELEASE]
	... 55 common frames omitted
Caused by: org.springframework.beans.factory.BeanCreationException: Error creating bean with name 'org.springframework.boot.autoconfigure.jdbc.DataSourceInitializerInvoker': Invocation of init method failed; nested exception is org.springframework.jdbc.datasource.init.ScriptStatementFailedException: Failed to execute SQL script statement #4 of URL [file:/C:/Users/naude/Desktop/IT%20Dev/Project1/AccountSystemRepository/target/test-classes/schema.sql]: CREATE TABLE VITRSA_SANDBOX.DEMO_ACCOUNT_TX ( TX_ID BIGINT NOT NULL, ACCOUNT_TYPE_ID BIGINT NOT NULL, MEMBER_ID BIGINT NOT NULL, AMOUNT BIGINT NOT NULL, TX_DATE DATE NOT NULL, PRIMARY KEY (TX_ID) CONSTRAINT FK_ACCOUNT_TYPE_ID FOREIGN KEY (ACCOUNT_TYPE_ID) REFERENCES VITRSA_SANDBOX.DEMO_ACCOUNT_TYPE (ACCOUNT_TYPE_ID) ); nested exception is org.h2.jdbc.JdbcSQLSyntaxErrorException: Syntax error in SQL statement "CREATE TABLE VITRSA_SANDBOX.DEMO_ACCOUNT_TX ( TX_ID BIGINT NOT NULL, ACCOUNT_TYPE_ID BIGINT NOT NULL, MEMBER_ID BIGINT NOT NULL, AMOUNT BIGINT NOT NULL, TX_DATE DATE NOT NULL, PRIMARY KEY (TX_ID) CONSTRAINT[*] FK_ACCOUNT_TYPE_ID FOREIGN KEY (ACCOUNT_TYPE_ID) REFERENCES VITRSA_SANDBOX.DEMO_ACCOUNT_TYPE (ACCOUNT_TYPE_ID) )"; expected "INDEX, ,, )"; SQL statement:
CREATE TABLE VITRSA_SANDBOX.DEMO_ACCOUNT_TX ( TX_ID BIGINT NOT NULL, ACCOUNT_TYPE_ID BIGINT NOT NULL, MEMBER_ID BIGINT NOT NULL, AMOUNT BIGINT NOT NULL, TX_DATE DATE NOT NULL, PRIMARY KEY (TX_ID) CONSTRAINT FK_ACCOUNT_TYPE_ID FOREIGN KEY (ACCOUNT_TYPE_ID) REFERENCES VITRSA_SANDBOX.DEMO_ACCOUNT_TYPE (ACCOUNT_TYPE_ID) ) [42001-199]
	at org.springframework.beans.factory.support.AbstractAutowireCapableBeanFactory.initializeBean(AbstractAutowireCapableBeanFactory.java:1778) ~[spring-beans-5.1.8.RELEASE.jar:5.1.8.RELEASE]
	at org.springframework.beans.factory.support.AbstractAutowireCapableBeanFactory.doCreateBean(AbstractAutowireCapableBeanFactory.java:593) ~[spring-beans-5.1.8.RELEASE.jar:5.1.8.RELEASE]
	at org.springframework.beans.factory.support.AbstractAutowireCapableBeanFactory.createBean(AbstractAutowireCapableBeanFactory.java:515) ~[spring-beans-5.1.8.RELEASE.jar:5.1.8.RELEASE]
	at org.springframework.beans.factory.support.AbstractBeanFactory.lambda$doGetBean$0(AbstractBeanFactory.java:320) ~[spring-beans-5.1.8.RELEASE.jar:5.1.8.RELEASE]
	at org.springframework.beans.factory.support.DefaultSingletonBeanRegistry.getSingleton(DefaultSingletonBeanRegistry.java:222) ~[spring-beans-5.1.8.RELEASE.jar:5.1.8.RELEASE]
	at org.springframework.beans.factory.support.AbstractBeanFactory.doGetBean(AbstractBeanFactory.java:318) ~[spring-beans-5.1.8.RELEASE.jar:5.1.8.RELEASE]
	at org.springframework.beans.factory.support.AbstractBeanFactory.getBean(AbstractBeanFactory.java:224) ~[spring-beans-5.1.8.RELEASE.jar:5.1.8.RELEASE]
	at org.springframework.beans.factory.support.DefaultListableBeanFactory.resolveNamedBean(DefaultListableBeanFactory.java:1119) ~[spring-beans-5.1.8.RELEASE.jar:5.1.8.RELEASE]
	at org.springframework.beans.factory.support.DefaultListableBeanFactory.resolveBean(DefaultListableBeanFactory.java:411) ~[spring-beans-5.1.8.RELEASE.jar:5.1.8.RELEASE]
	at org.springframework.beans.factory.support.DefaultListableBeanFactory.getBean(DefaultListableBeanFactory.java:344) ~[spring-beans-5.1.8.RELEASE.jar:5.1.8.RELEASE]
	at org.springframework.beans.factory.support.DefaultListableBeanFactory.getBean(DefaultListableBeanFactory.java:337) ~[spring-beans-5.1.8.RELEASE.jar:5.1.8.RELEASE]
	at org.springframework.boot.autoconfigure.jdbc.DataSourceInitializerPostProcessor.postProcessAfterInitialization(DataSourceInitializerPostProcessor.java:53) ~[spring-boot-autoconfigure-2.1.6.RELEASE.jar:2.1.6.RELEASE]
	at org.springframework.beans.factory.support.AbstractAutowireCapableBeanFactory.applyBeanPostProcessorsAfterInitialization(AbstractAutowireCapableBeanFactory.java:429) ~[spring-beans-5.1.8.RELEASE.jar:5.1.8.RELEASE]
	at org.springframework.beans.factory.support.AbstractAutowireCapableBeanFactory.postProcessObjectFromFactoryBean(AbstractAutowireCapableBeanFactory.java:1921) ~[spring-beans-5.1.8.RELEASE.jar:5.1.8.RELEASE]
	at org.springframework.beans.factory.support.FactoryBeanRegistrySupport.getObjectFromFactoryBean(FactoryBeanRegistrySupport.java:116) ~[spring-beans-5.1.8.RELEASE.jar:5.1.8.RELEASE]
	... 64 common frames omitted
Caused by: org.springframework.jdbc.datasource.init.ScriptStatementFailedException: Failed to execute SQL script statement #4 of URL [file:/C:/Users/naude/Desktop/IT%20Dev/Project1/AccountSystemRepository/target/test-classes/schema.sql]: CREATE TABLE VITRSA_SANDBOX.DEMO_ACCOUNT_TX ( TX_ID BIGINT NOT NULL, ACCOUNT_TYPE_ID BIGINT NOT NULL, MEMBER_ID BIGINT NOT NULL, AMOUNT BIGINT NOT NULL, TX_DATE DATE NOT NULL, PRIMARY KEY (TX_ID) CONSTRAINT FK_ACCOUNT_TYPE_ID FOREIGN KEY (ACCOUNT_TYPE_ID) REFERENCES VITRSA_SANDBOX.DEMO_ACCOUNT_TYPE (ACCOUNT_TYPE_ID) ); nested exception is org.h2.jdbc.JdbcSQLSyntaxErrorException: Syntax error in SQL statement "CREATE TABLE VITRSA_SANDBOX.DEMO_ACCOUNT_TX ( TX_ID BIGINT NOT NULL, ACCOUNT_TYPE_ID BIGINT NOT NULL, MEMBER_ID BIGINT NOT NULL, AMOUNT BIGINT NOT NULL, TX_DATE DATE NOT NULL, PRIMARY KEY (TX_ID) CONSTRAINT[*] FK_ACCOUNT_TYPE_ID FOREIGN KEY (ACCOUNT_TYPE_ID) REFERENCES VITRSA_SANDBOX.DEMO_ACCOUNT_TYPE (ACCOUNT_TYPE_ID) )"; expected "INDEX, ,, )"; SQL statement:
CREATE TABLE VITRSA_SANDBOX.DEMO_ACCOUNT_TX ( TX_ID BIGINT NOT NULL, ACCOUNT_TYPE_ID BIGINT NOT NULL, MEMBER_ID BIGINT NOT NULL, AMOUNT BIGINT NOT NULL, TX_DATE DATE NOT NULL, PRIMARY KEY (TX_ID) CONSTRAINT FK_ACCOUNT_TYPE_ID FOREIGN KEY (ACCOUNT_TYPE_ID) REFERENCES VITRSA_SANDBOX.DEMO_ACCOUNT_TYPE (ACCOUNT_TYPE_ID) ) [42001-199]
	at org.springframework.jdbc.datasource.init.ScriptUtils.executeSqlScript(ScriptUtils.java:509) ~[spring-jdbc-5.1.8.RELEASE.jar:5.1.8.RELEASE]
	at org.springframework.jdbc.datasource.init.ResourceDatabasePopulator.populate(ResourceDatabasePopulator.java:238) ~[spring-jdbc-5.1.8.RELEASE.jar:5.1.8.RELEASE]
	at org.springframework.jdbc.datasource.init.DatabasePopulatorUtils.execute(DatabasePopulatorUtils.java:48) ~[spring-jdbc-5.1.8.RELEASE.jar:5.1.8.RELEASE]
	at org.springframework.boot.autoconfigure.jdbc.DataSourceInitializer.runScripts(DataSourceInitializer.java:202) ~[spring-boot-autoconfigure-2.1.6.RELEASE.jar:2.1.6.RELEASE]
	at org.springframework.boot.autoconfigure.jdbc.DataSourceInitializer.createSchema(DataSourceInitializer.java:101) ~[spring-boot-autoconfigure-2.1.6.RELEASE.jar:2.1.6.RELEASE]
	at org.springframework.boot.autoconfigure.jdbc.DataSourceInitializerInvoker.afterPropertiesSet(DataSourceInitializerInvoker.java:62) ~[spring-boot-autoconfigure-2.1.6.RELEASE.jar:2.1.6.RELEASE]
	at org.springframework.beans.factory.support.AbstractAutowireCapableBeanFactory.invokeInitMethods(AbstractAutowireCapableBeanFactory.java:1837) ~[spring-beans-5.1.8.RELEASE.jar:5.1.8.RELEASE]
	at org.springframework.beans.factory.support.AbstractAutowireCapableBeanFactory.initializeBean(AbstractAutowireCapableBeanFactory.java:1774) ~[spring-beans-5.1.8.RELEASE.jar:5.1.8.RELEASE]
	... 78 common frames omitted
Caused by: org.h2.jdbc.JdbcSQLSyntaxErrorException: Syntax error in SQL statement "CREATE TABLE VITRSA_SANDBOX.DEMO_ACCOUNT_TX ( TX_ID BIGINT NOT NULL, ACCOUNT_TYPE_ID BIGINT NOT NULL, MEMBER_ID BIGINT NOT NULL, AMOUNT BIGINT NOT NULL, TX_DATE DATE NOT NULL, PRIMARY KEY (TX_ID) CONSTRAINT[*] FK_ACCOUNT_TYPE_ID FOREIGN KEY (ACCOUNT_TYPE_ID) REFERENCES VITRSA_SANDBOX.DEMO_ACCOUNT_TYPE (ACCOUNT_TYPE_ID) )"; expected "INDEX, ,, )"; SQL statement:
CREATE TABLE VITRSA_SANDBOX.DEMO_ACCOUNT_TX ( TX_ID BIGINT NOT NULL, ACCOUNT_TYPE_ID BIGINT NOT NULL, MEMBER_ID BIGINT NOT NULL, AMOUNT BIGINT NOT NULL, TX_DATE DATE NOT NULL, PRIMARY KEY (TX_ID) CONSTRAINT FK_ACCOUNT_TYPE_ID FOREIGN KEY (ACCOUNT_TYPE_ID) REFERENCES VITRSA_SANDBOX.DEMO_ACCOUNT_TYPE (ACCOUNT_TYPE_ID) ) [42001-199]
	at org.h2.message.DbException.getJdbcSQLException(DbException.java:451) ~[h2-1.4.199.jar:1.4.199]
	at org.h2.message.DbException.getJdbcSQLException(DbException.java:427) ~[h2-1.4.199.jar:1.4.199]
	at org.h2.message.DbException.getSyntaxError(DbException.java:243) ~[h2-1.4.199.jar:1.4.199]
	at org.h2.command.Parser.getSyntaxError(Parser.java:991) ~[h2-1.4.199.jar:1.4.199]
	at org.h2.command.Parser.read(Parser.java:4549) ~[h2-1.4.199.jar:1.4.199]
	at org.h2.command.Parser.readIfMore(Parser.java:1391) ~[h2-1.4.199.jar:1.4.199]
	at org.h2.command.Parser.parseCreateTable(Parser.java:7833) ~[h2-1.4.199.jar:1.4.199]
	at org.h2.command.Parser.parseCreate(Parser.java:5818) ~[h2-1.4.199.jar:1.4.199]
	at org.h2.command.Parser.parsePrepared(Parser.java:846) ~[h2-1.4.199.jar:1.4.199]
	at org.h2.command.Parser.parse(Parser.java:788) ~[h2-1.4.199.jar:1.4.199]
	at org.h2.command.Parser.parse(Parser.java:764) ~[h2-1.4.199.jar:1.4.199]
	at org.h2.command.Parser.prepareCommand(Parser.java:683) ~[h2-1.4.199.jar:1.4.199]
	at org.h2.engine.Session.prepareLocal(Session.java:627) ~[h2-1.4.199.jar:1.4.199]
	at org.h2.engine.Session.prepareCommand(Session.java:565) ~[h2-1.4.199.jar:1.4.199]
	at org.h2.jdbc.JdbcConnection.prepareCommand(JdbcConnection.java:1292) ~[h2-1.4.199.jar:1.4.199]
	at org.h2.jdbc.JdbcStatement.executeInternal(JdbcStatement.java:217) ~[h2-1.4.199.jar:1.4.199]
	at org.h2.jdbc.JdbcStatement.execute(JdbcStatement.java:205) ~[h2-1.4.199.jar:1.4.199]
	at org.springframework.jdbc.datasource.init.ScriptUtils.executeSqlScript(ScriptUtils.java:488) ~[spring-jdbc-5.1.8.RELEASE.jar:5.1.8.RELEASE]
	... 85 common frames omitted


  .   ____          _            __ _ _
 /\\ / ___'_ __ _ _(_)_ __  __ _ \ \ \ \
( ( )\___ | '_ | '_| | '_ \/ _` | \ \ \ \
 \\/  ___)| |_)| | | | | || (_| |  ) ) ) )
  '  |____| .__|_| |_|_| |_\__, | / / / /
 =========|_|==============|___/=/_/_/_/
 :: Spring Boot ::        (v2.1.6.RELEASE)

2021-09-22 15:33:22.228  INFO 5696 --- [           main] z.a.n.a.r.p.AccountTypeRepositoryTest    : Starting AccountTypeRepositoryTest on DESKTOP-074OGOO with PID 5696 (started by naude in C:\Users\naude\Desktop\IT Dev\Project1\AccountSystemRepository)
2021-09-22 15:33:22.242  INFO 5696 --- [           main] z.a.n.a.r.p.AccountTypeRepositoryTest    : No active profile set, falling back to default profiles: default
2021-09-22 15:33:22.425  INFO 5696 --- [           main] .s.d.r.c.RepositoryConfigurationDelegate : Bootstrapping Spring Data repositories in DEFAULT mode.
2021-09-22 15:33:22.457  INFO 5696 --- [           main] .s.d.r.c.RepositoryConfigurationDelegate : Finished Spring Data repository scanning in 32ms. Found 1 repository interfaces.
2021-09-22 15:33:22.485  INFO 5696 --- [           main] beddedDataSourceBeanFactoryPostProcessor : Replacing 'dataSource' DataSource bean with embedded version
2021-09-22 15:33:22.563  INFO 5696 --- [           main] o.s.j.d.e.EmbeddedDatabaseFactory        : Starting embedded database: url='jdbc:h2:mem:a54fd3e3-1efd-4785-8928-6965ba12a574;DB_CLOSE_DELAY=-1;DB_CLOSE_ON_EXIT=false', username='sa'
2021-09-22 15:33:22.629  WARN 5696 --- [           main] s.c.a.AnnotationConfigApplicationContext : Exception encountered during context initialization - cancelling refresh attempt: org.springframework.beans.factory.UnsatisfiedDependencyException: Error creating bean with name 'org.springframework.boot.autoconfigure.orm.jpa.HibernateJpaConfiguration': Unsatisfied dependency expressed through constructor parameter 0; nested exception is org.springframework.beans.factory.BeanCreationException: Error creating bean with name 'dataSource': Post-processing of FactoryBean's singleton object failed; nested exception is org.springframework.beans.factory.BeanCreationException: Error creating bean with name 'org.springframework.boot.autoconfigure.jdbc.DataSourceInitializerInvoker': Invocation of init method failed; nested exception is org.springframework.jdbc.datasource.init.ScriptStatementFailedException: Failed to execute SQL script statement #4 of URL [file:/C:/Users/naude/Desktop/IT%20Dev/Project1/AccountSystemRepository/target/test-classes/schema.sql]: CREATE TABLE VITRSA_SANDBOX.DEMO_ACCOUNT_TX ( TX_ID BIGINT NOT NULL, ACCOUNT_TYPE_ID BIGINT NOT NULL, MEMBER_ID BIGINT NOT NULL, AMOUNT BIGINT NOT NULL, TX_DATE DATE NOT NULL, PRIMARY KEY (TX_ID) CONSTRAINT FK_ACCOUNT_TYPE_ID FOREIGN KEY (ACCOUNT_TYPE_ID) REFERENCES VITRSA_SANDBOX.DEMO_ACCOUNT_TYPE (ACCOUNT_TYPE_ID) ); nested exception is org.h2.jdbc.JdbcSQLSyntaxErrorException: Syntax error in SQL statement "CREATE TABLE VITRSA_SANDBOX.DEMO_ACCOUNT_TX ( TX_ID BIGINT NOT NULL, ACCOUNT_TYPE_ID BIGINT NOT NULL, MEMBER_ID BIGINT NOT NULL, AMOUNT BIGINT NOT NULL, TX_DATE DATE NOT NULL, PRIMARY KEY (TX_ID) CONSTRAINT[*] FK_ACCOUNT_TYPE_ID FOREIGN KEY (ACCOUNT_TYPE_ID) REFERENCES VITRSA_SANDBOX.DEMO_ACCOUNT_TYPE (ACCOUNT_TYPE_ID) )"; expected "INDEX, ,, )"; SQL statement:
CREATE TABLE VITRSA_SANDBOX.DEMO_ACCOUNT_TX ( TX_ID BIGINT NOT NULL, ACCOUNT_TYPE_ID BIGINT NOT NULL, MEMBER_ID BIGINT NOT NULL, AMOUNT BIGINT NOT NULL, TX_DATE DATE NOT NULL, PRIMARY KEY (TX_ID) CONSTRAINT FK_ACCOUNT_TYPE_ID FOREIGN KEY (ACCOUNT_TYPE_ID) REFERENCES VITRSA_SANDBOX.DEMO_ACCOUNT_TYPE (ACCOUNT_TYPE_ID) ) [42001-199]
2021-09-22 15:33:22.632  INFO 5696 --- [           main] ConditionEvaluationReportLoggingListener : 

Error starting ApplicationContext. To display the conditions report re-run your application with 'debug' enabled.
2021-09-22 15:33:22.634 ERROR 5696 --- [           main] o.s.boot.SpringApplication               : Application run failed

org.springframework.beans.factory.UnsatisfiedDependencyException: Error creating bean with name 'org.springframework.boot.autoconfigure.orm.jpa.HibernateJpaConfiguration': Unsatisfied dependency expressed through constructor parameter 0; nested exception is org.springframework.beans.factory.BeanCreationException: Error creating bean with name 'dataSource': Post-processing of FactoryBean's singleton object failed; nested exception is org.springframework.beans.factory.BeanCreationException: Error creating bean with name 'org.springframework.boot.autoconfigure.jdbc.DataSourceInitializerInvoker': Invocation of init method failed; nested exception is org.springframework.jdbc.datasource.init.ScriptStatementFailedException: Failed to execute SQL script statement #4 of URL [file:/C:/Users/naude/Desktop/IT%20Dev/Project1/AccountSystemRepository/target/test-classes/schema.sql]: CREATE TABLE VITRSA_SANDBOX.DEMO_ACCOUNT_TX ( TX_ID BIGINT NOT NULL, ACCOUNT_TYPE_ID BIGINT NOT NULL, MEMBER_ID BIGINT NOT NULL, AMOUNT BIGINT NOT NULL, TX_DATE DATE NOT NULL, PRIMARY KEY (TX_ID) CONSTRAINT FK_ACCOUNT_TYPE_ID FOREIGN KEY (ACCOUNT_TYPE_ID) REFERENCES VITRSA_SANDBOX.DEMO_ACCOUNT_TYPE (ACCOUNT_TYPE_ID) ); nested exception is org.h2.jdbc.JdbcSQLSyntaxErrorException: Syntax error in SQL statement "CREATE TABLE VITRSA_SANDBOX.DEMO_ACCOUNT_TX ( TX_ID BIGINT NOT NULL, ACCOUNT_TYPE_ID BIGINT NOT NULL, MEMBER_ID BIGINT NOT NULL, AMOUNT BIGINT NOT NULL, TX_DATE DATE NOT NULL, PRIMARY KEY (TX_ID) CONSTRAINT[*] FK_ACCOUNT_TYPE_ID FOREIGN KEY (ACCOUNT_TYPE_ID) REFERENCES VITRSA_SANDBOX.DEMO_ACCOUNT_TYPE (ACCOUNT_TYPE_ID) )"; expected "INDEX, ,, )"; SQL statement:
CREATE TABLE VITRSA_SANDBOX.DEMO_ACCOUNT_TX ( TX_ID BIGINT NOT NULL, ACCOUNT_TYPE_ID BIGINT NOT NULL, MEMBER_ID BIGINT NOT NULL, AMOUNT BIGINT NOT NULL, TX_DATE DATE NOT NULL, PRIMARY KEY (TX_ID) CONSTRAINT FK_ACCOUNT_TYPE_ID FOREIGN KEY (ACCOUNT_TYPE_ID) REFERENCES VITRSA_SANDBOX.DEMO_ACCOUNT_TYPE (ACCOUNT_TYPE_ID) ) [42001-199]
	at org.springframework.beans.factory.support.ConstructorResolver.createArgumentArray(ConstructorResolver.java:769) ~[spring-beans-5.1.8.RELEASE.jar:5.1.8.RELEASE]
	at org.springframework.beans.factory.support.ConstructorResolver.autowireConstructor(ConstructorResolver.java:218) ~[spring-beans-5.1.8.RELEASE.jar:5.1.8.RELEASE]
	at org.springframework.beans.factory.support.AbstractAutowireCapableBeanFactory.autowireConstructor(AbstractAutowireCapableBeanFactory.java:1341) ~[spring-beans-5.1.8.RELEASE.jar:5.1.8.RELEASE]
	at org.springframework.beans.factory.support.AbstractAutowireCapableBeanFactory.createBeanInstance(AbstractAutowireCapableBeanFactory.java:1187) ~[spring-beans-5.1.8.RELEASE.jar:5.1.8.RELEASE]
	at org.springframework.beans.factory.support.AbstractAutowireCapableBeanFactory.doCreateBean(AbstractAutowireCapableBeanFactory.java:555) ~[spring-beans-5.1.8.RELEASE.jar:5.1.8.RELEASE]
	at org.springframework.beans.factory.support.AbstractAutowireCapableBeanFactory.createBean(AbstractAutowireCapableBeanFactory.java:515) ~[spring-beans-5.1.8.RELEASE.jar:5.1.8.RELEASE]
	at org.springframework.beans.factory.support.AbstractBeanFactory.lambda$doGetBean$0(AbstractBeanFactory.java:320) ~[spring-beans-5.1.8.RELEASE.jar:5.1.8.RELEASE]
	at org.springframework.beans.factory.support.DefaultSingletonBeanRegistry.getSingleton(DefaultSingletonBeanRegistry.java:222) ~[spring-beans-5.1.8.RELEASE.jar:5.1.8.RELEASE]
	at org.springframework.beans.factory.support.AbstractBeanFactory.doGetBean(AbstractBeanFactory.java:318) ~[spring-beans-5.1.8.RELEASE.jar:5.1.8.RELEASE]
	at org.springframework.beans.factory.support.AbstractBeanFactory.getBean(AbstractBeanFactory.java:199) ~[spring-beans-5.1.8.RELEASE.jar:5.1.8.RELEASE]
	at org.springframework.beans.factory.support.ConstructorResolver.instantiateUsingFactoryMethod(ConstructorResolver.java:392) ~[spring-beans-5.1.8.RELEASE.jar:5.1.8.RELEASE]
	at org.springframework.beans.factory.support.AbstractAutowireCapableBeanFactory.instantiateUsingFactoryMethod(AbstractAutowireCapableBeanFactory.java:1321) ~[spring-beans-5.1.8.RELEASE.jar:5.1.8.RELEASE]
	at org.springframework.beans.factory.support.AbstractAutowireCapableBeanFactory.createBeanInstance(AbstractAutowireCapableBeanFactory.java:1160) ~[spring-beans-5.1.8.RELEASE.jar:5.1.8.RELEASE]
	at org.springframework.beans.factory.support.AbstractAutowireCapableBeanFactory.doCreateBean(AbstractAutowireCapableBeanFactory.java:555) ~[spring-beans-5.1.8.RELEASE.jar:5.1.8.RELEASE]
	at org.springframework.beans.factory.support.AbstractAutowireCapableBeanFactory.createBean(AbstractAutowireCapableBeanFactory.java:515) ~[spring-beans-5.1.8.RELEASE.jar:5.1.8.RELEASE]
	at org.springframework.beans.factory.support.AbstractBeanFactory.lambda$doGetBean$0(AbstractBeanFactory.java:320) ~[spring-beans-5.1.8.RELEASE.jar:5.1.8.RELEASE]
	at org.springframework.beans.factory.support.DefaultSingletonBeanRegistry.getSingleton(DefaultSingletonBeanRegistry.java:222) ~[spring-beans-5.1.8.RELEASE.jar:5.1.8.RELEASE]
	at org.springframework.beans.factory.support.AbstractBeanFactory.doGetBean(AbstractBeanFactory.java:318) ~[spring-beans-5.1.8.RELEASE.jar:5.1.8.RELEASE]
	at org.springframework.beans.factory.support.AbstractBeanFactory.getBean(AbstractBeanFactory.java:199) ~[spring-beans-5.1.8.RELEASE.jar:5.1.8.RELEASE]
	at org.springframework.context.support.AbstractApplicationContext.getBean(AbstractApplicationContext.java:1105) ~[spring-context-5.1.8.RELEASE.jar:5.1.8.RELEASE]
	at org.springframework.context.support.AbstractApplicationContext.finishBeanFactoryInitialization(AbstractApplicationContext.java:867) ~[spring-context-5.1.8.RELEASE.jar:5.1.8.RELEASE]
	at org.springframework.context.support.AbstractApplicationContext.refresh(AbstractApplicationContext.java:549) ~[spring-context-5.1.8.RELEASE.jar:5.1.8.RELEASE]
	at org.springframework.boot.SpringApplication.refresh(SpringApplication.java:742) ~[spring-boot-2.1.6.RELEASE.jar:2.1.6.RELEASE]
	at org.springframework.boot.SpringApplication.refreshContext(SpringApplication.java:389) ~[spring-boot-2.1.6.RELEASE.jar:2.1.6.RELEASE]
	at org.springframework.boot.SpringApplication.run(SpringApplication.java:311) ~[spring-boot-2.1.6.RELEASE.jar:2.1.6.RELEASE]
	at org.springframework.boot.test.context.SpringBootContextLoader.loadContext(SpringBootContextLoader.java:119) ~[spring-boot-test-2.1.6.RELEASE.jar:2.1.6.RELEASE]
	at org.springframework.test.context.cache.DefaultCacheAwareContextLoaderDelegate.loadContextInternal(DefaultCacheAwareContextLoaderDelegate.java:99) ~[spring-test-5.1.8.RELEASE.jar:5.1.8.RELEASE]
	at org.springframework.test.context.cache.DefaultCacheAwareContextLoaderDelegate.loadContext(DefaultCacheAwareContextLoaderDelegate.java:117) ~[spring-test-5.1.8.RELEASE.jar:5.1.8.RELEASE]
	at org.springframework.test.context.support.DefaultTestContext.getApplicationContext(DefaultTestContext.java:108) ~[spring-test-5.1.8.RELEASE.jar:5.1.8.RELEASE]
	at org.springframework.boot.test.autoconfigure.SpringBootDependencyInjectionTestExecutionListener.outputConditionEvaluationReport(SpringBootDependencyInjectionTestExecutionListener.java:53) ~[spring-boot-test-autoconfigure-2.1.6.RELEASE.jar:2.1.6.RELEASE]
	at org.springframework.boot.test.autoconfigure.SpringBootDependencyInjectionTestExecutionListener.prepareTestInstance(SpringBootDependencyInjectionTestExecutionListener.java:46) ~[spring-boot-test-autoconfigure-2.1.6.RELEASE.jar:2.1.6.RELEASE]
	at org.springframework.test.context.TestContextManager.prepareTestInstance(TestContextManager.java:246) ~[spring-test-5.1.8.RELEASE.jar:5.1.8.RELEASE]
	at org.springframework.test.context.junit4.SpringJUnit4ClassRunner.createTest(SpringJUnit4ClassRunner.java:227) ~[spring-test-5.1.8.RELEASE.jar:5.1.8.RELEASE]
	at org.springframework.test.context.junit4.SpringJUnit4ClassRunner$1.runReflectiveCall(SpringJUnit4ClassRunner.java:289) ~[spring-test-5.1.8.RELEASE.jar:5.1.8.RELEASE]
	at org.junit.internal.runners.model.ReflectiveCallable.run(ReflectiveCallable.java:12) ~[junit-4.12.jar:4.12]
	at org.springframework.test.context.junit4.SpringJUnit4ClassRunner.methodBlock(SpringJUnit4ClassRunner.java:291) ~[spring-test-5.1.8.RELEASE.jar:5.1.8.RELEASE]
	at org.springframework.test.context.junit4.SpringJUnit4ClassRunner.runChild(SpringJUnit4ClassRunner.java:246) ~[spring-test-5.1.8.RELEASE.jar:5.1.8.RELEASE]
	at org.springframework.test.context.junit4.SpringJUnit4ClassRunner.runChild(SpringJUnit4ClassRunner.java:97) ~[spring-test-5.1.8.RELEASE.jar:5.1.8.RELEASE]
	at org.junit.runners.ParentRunner$3.run(ParentRunner.java:290) ~[junit-4.12.jar:4.12]
	at org.junit.runners.ParentRunner$1.schedule(ParentRunner.java:71) ~[junit-4.12.jar:4.12]
	at org.junit.runners.ParentRunner.runChildren(ParentRunner.java:288) ~[junit-4.12.jar:4.12]
	at org.junit.runners.ParentRunner.access$000(ParentRunner.java:58) ~[junit-4.12.jar:4.12]
	at org.junit.runners.ParentRunner$2.evaluate(ParentRunner.java:268) ~[junit-4.12.jar:4.12]
	at org.springframework.test.context.junit4.statements.RunBeforeTestClassCallbacks.evaluate(RunBeforeTestClassCallbacks.java:61) ~[spring-test-5.1.8.RELEASE.jar:5.1.8.RELEASE]
	at org.springframework.test.context.junit4.statements.RunAfterTestClassCallbacks.evaluate(RunAfterTestClassCallbacks.java:70) ~[spring-test-5.1.8.RELEASE.jar:5.1.8.RELEASE]
	at org.junit.runners.ParentRunner.run(ParentRunner.java:363) ~[junit-4.12.jar:4.12]
	at org.springframework.test.context.junit4.SpringJUnit4ClassRunner.run(SpringJUnit4ClassRunner.java:190) ~[spring-test-5.1.8.RELEASE.jar:5.1.8.RELEASE]
	at org.apache.maven.surefire.junit4.JUnit4Provider.execute(JUnit4Provider.java:365) ~[surefire-junit4-2.22.2.jar:2.22.2]
	at org.apache.maven.surefire.junit4.JUnit4Provider.executeWithRerun(JUnit4Provider.java:273) ~[surefire-junit4-2.22.2.jar:2.22.2]
	at org.apache.maven.surefire.junit4.JUnit4Provider.executeTestSet(JUnit4Provider.java:238) ~[surefire-junit4-2.22.2.jar:2.22.2]
	at org.apache.maven.surefire.junit4.JUnit4Provider.invoke(JUnit4Provider.java:159) ~[surefire-junit4-2.22.2.jar:2.22.2]
	at org.apache.maven.surefire.booter.ForkedBooter.invokeProviderInSameClassLoader(ForkedBooter.java:384) ~[surefire-booter-2.22.2.jar:2.22.2]
	at org.apache.maven.surefire.booter.ForkedBooter.runSuitesInProcess(ForkedBooter.java:345) ~[surefire-booter-2.22.2.jar:2.22.2]
	at org.apache.maven.surefire.booter.ForkedBooter.execute(ForkedBooter.java:126) ~[surefire-booter-2.22.2.jar:2.22.2]
	at org.apache.maven.surefire.booter.ForkedBooter.main(ForkedBooter.java:418) ~[surefire-booter-2.22.2.jar:2.22.2]
Caused by: org.springframework.beans.factory.BeanCreationException: Error creating bean with name 'dataSource': Post-processing of FactoryBean's singleton object failed; nested exception is org.springframework.beans.factory.BeanCreationException: Error creating bean with name 'org.springframework.boot.autoconfigure.jdbc.DataSourceInitializerInvoker': Invocation of init method failed; nested exception is org.springframework.jdbc.datasource.init.ScriptStatementFailedException: Failed to execute SQL script statement #4 of URL [file:/C:/Users/naude/Desktop/IT%20Dev/Project1/AccountSystemRepository/target/test-classes/schema.sql]: CREATE TABLE VITRSA_SANDBOX.DEMO_ACCOUNT_TX ( TX_ID BIGINT NOT NULL, ACCOUNT_TYPE_ID BIGINT NOT NULL, MEMBER_ID BIGINT NOT NULL, AMOUNT BIGINT NOT NULL, TX_DATE DATE NOT NULL, PRIMARY KEY (TX_ID) CONSTRAINT FK_ACCOUNT_TYPE_ID FOREIGN KEY (ACCOUNT_TYPE_ID) REFERENCES VITRSA_SANDBOX.DEMO_ACCOUNT_TYPE (ACCOUNT_TYPE_ID) ); nested exception is org.h2.jdbc.JdbcSQLSyntaxErrorException: Syntax error in SQL statement "CREATE TABLE VITRSA_SANDBOX.DEMO_ACCOUNT_TX ( TX_ID BIGINT NOT NULL, ACCOUNT_TYPE_ID BIGINT NOT NULL, MEMBER_ID BIGINT NOT NULL, AMOUNT BIGINT NOT NULL, TX_DATE DATE NOT NULL, PRIMARY KEY (TX_ID) CONSTRAINT[*] FK_ACCOUNT_TYPE_ID FOREIGN KEY (ACCOUNT_TYPE_ID) REFERENCES VITRSA_SANDBOX.DEMO_ACCOUNT_TYPE (ACCOUNT_TYPE_ID) )"; expected "INDEX, ,, )"; SQL statement:
CREATE TABLE VITRSA_SANDBOX.DEMO_ACCOUNT_TX ( TX_ID BIGINT NOT NULL, ACCOUNT_TYPE_ID BIGINT NOT NULL, MEMBER_ID BIGINT NOT NULL, AMOUNT BIGINT NOT NULL, TX_DATE DATE NOT NULL, PRIMARY KEY (TX_ID) CONSTRAINT FK_ACCOUNT_TYPE_ID FOREIGN KEY (ACCOUNT_TYPE_ID) REFERENCES VITRSA_SANDBOX.DEMO_ACCOUNT_TYPE (ACCOUNT_TYPE_ID) ) [42001-199]
	at org.springframework.beans.factory.support.FactoryBeanRegistrySupport.getObjectFromFactoryBean(FactoryBeanRegistrySupport.java:119) ~[spring-beans-5.1.8.RELEASE.jar:5.1.8.RELEASE]
	at org.springframework.beans.factory.support.AbstractBeanFactory.getObjectForBeanInstance(AbstractBeanFactory.java:1674) ~[spring-beans-5.1.8.RELEASE.jar:5.1.8.RELEASE]
	at org.springframework.beans.factory.support.AbstractAutowireCapableBeanFactory.getObjectForBeanInstance(AbstractAutowireCapableBeanFactory.java:1249) ~[spring-beans-5.1.8.RELEASE.jar:5.1.8.RELEASE]
	at org.springframework.beans.factory.support.AbstractBeanFactory.doGetBean(AbstractBeanFactory.java:330) ~[spring-beans-5.1.8.RELEASE.jar:5.1.8.RELEASE]
	at org.springframework.beans.factory.support.AbstractBeanFactory.getBean(AbstractBeanFactory.java:199) ~[spring-beans-5.1.8.RELEASE.jar:5.1.8.RELEASE]
	at org.springframework.beans.factory.config.DependencyDescriptor.resolveCandidate(DependencyDescriptor.java:277) ~[spring-beans-5.1.8.RELEASE.jar:5.1.8.RELEASE]
	at org.springframework.beans.factory.support.DefaultListableBeanFactory.doResolveDependency(DefaultListableBeanFactory.java:1251) ~[spring-beans-5.1.8.RELEASE.jar:5.1.8.RELEASE]
	at org.springframework.beans.factory.support.DefaultListableBeanFactory.resolveDependency(DefaultListableBeanFactory.java:1171) ~[spring-beans-5.1.8.RELEASE.jar:5.1.8.RELEASE]
	at org.springframework.beans.factory.support.ConstructorResolver.resolveAutowiredArgument(ConstructorResolver.java:857) ~[spring-beans-5.1.8.RELEASE.jar:5.1.8.RELEASE]
	at org.springframework.beans.factory.support.ConstructorResolver.createArgumentArray(ConstructorResolver.java:760) ~[spring-beans-5.1.8.RELEASE.jar:5.1.8.RELEASE]
	... 54 common frames omitted
Caused by: org.springframework.beans.factory.BeanCreationException: Error creating bean with name 'org.springframework.boot.autoconfigure.jdbc.DataSourceInitializerInvoker': Invocation of init method failed; nested exception is org.springframework.jdbc.datasource.init.ScriptStatementFailedException: Failed to execute SQL script statement #4 of URL [file:/C:/Users/naude/Desktop/IT%20Dev/Project1/AccountSystemRepository/target/test-classes/schema.sql]: CREATE TABLE VITRSA_SANDBOX.DEMO_ACCOUNT_TX ( TX_ID BIGINT NOT NULL, ACCOUNT_TYPE_ID BIGINT NOT NULL, MEMBER_ID BIGINT NOT NULL, AMOUNT BIGINT NOT NULL, TX_DATE DATE NOT NULL, PRIMARY KEY (TX_ID) CONSTRAINT FK_ACCOUNT_TYPE_ID FOREIGN KEY (ACCOUNT_TYPE_ID) REFERENCES VITRSA_SANDBOX.DEMO_ACCOUNT_TYPE (ACCOUNT_TYPE_ID) ); nested exception is org.h2.jdbc.JdbcSQLSyntaxErrorException: Syntax error in SQL statement "CREATE TABLE VITRSA_SANDBOX.DEMO_ACCOUNT_TX ( TX_ID BIGINT NOT NULL, ACCOUNT_TYPE_ID BIGINT NOT NULL, MEMBER_ID BIGINT NOT NULL, AMOUNT BIGINT NOT NULL, TX_DATE DATE NOT NULL, PRIMARY KEY (TX_ID) CONSTRAINT[*] FK_ACCOUNT_TYPE_ID FOREIGN KEY (ACCOUNT_TYPE_ID) REFERENCES VITRSA_SANDBOX.DEMO_ACCOUNT_TYPE (ACCOUNT_TYPE_ID) )"; expected "INDEX, ,, )"; SQL statement:
CREATE TABLE VITRSA_SANDBOX.DEMO_ACCOUNT_TX ( TX_ID BIGINT NOT NULL, ACCOUNT_TYPE_ID BIGINT NOT NULL, MEMBER_ID BIGINT NOT NULL, AMOUNT BIGINT NOT NULL, TX_DATE DATE NOT NULL, PRIMARY KEY (TX_ID) CONSTRAINT FK_ACCOUNT_TYPE_ID FOREIGN KEY (ACCOUNT_TYPE_ID) REFERENCES VITRSA_SANDBOX.DEMO_ACCOUNT_TYPE (ACCOUNT_TYPE_ID) ) [42001-199]
	at org.springframework.beans.factory.support.AbstractAutowireCapableBeanFactory.initializeBean(AbstractAutowireCapableBeanFactory.java:1778) ~[spring-beans-5.1.8.RELEASE.jar:5.1.8.RELEASE]
	at org.springframework.beans.factory.support.AbstractAutowireCapableBeanFactory.doCreateBean(AbstractAutowireCapableBeanFactory.java:593) ~[spring-beans-5.1.8.RELEASE.jar:5.1.8.RELEASE]
	at org.springframework.beans.factory.support.AbstractAutowireCapableBeanFactory.createBean(AbstractAutowireCapableBeanFactory.java:515) ~[spring-beans-5.1.8.RELEASE.jar:5.1.8.RELEASE]
	at org.springframework.beans.factory.support.AbstractBeanFactory.lambda$doGetBean$0(AbstractBeanFactory.java:320) ~[spring-beans-5.1.8.RELEASE.jar:5.1.8.RELEASE]
	at org.springframework.beans.factory.support.DefaultSingletonBeanRegistry.getSingleton(DefaultSingletonBeanRegistry.java:222) ~[spring-beans-5.1.8.RELEASE.jar:5.1.8.RELEASE]
	at org.springframework.beans.factory.support.AbstractBeanFactory.doGetBean(AbstractBeanFactory.java:318) ~[spring-beans-5.1.8.RELEASE.jar:5.1.8.RELEASE]
	at org.springframework.beans.factory.support.AbstractBeanFactory.getBean(AbstractBeanFactory.java:224) ~[spring-beans-5.1.8.RELEASE.jar:5.1.8.RELEASE]
	at org.springframework.beans.factory.support.DefaultListableBeanFactory.resolveNamedBean(DefaultListableBeanFactory.java:1119) ~[spring-beans-5.1.8.RELEASE.jar:5.1.8.RELEASE]
	at org.springframework.beans.factory.support.DefaultListableBeanFactory.resolveBean(DefaultListableBeanFactory.java:411) ~[spring-beans-5.1.8.RELEASE.jar:5.1.8.RELEASE]
	at org.springframework.beans.factory.support.DefaultListableBeanFactory.getBean(DefaultListableBeanFactory.java:344) ~[spring-beans-5.1.8.RELEASE.jar:5.1.8.RELEASE]
	at org.springframework.beans.factory.support.DefaultListableBeanFactory.getBean(DefaultListableBeanFactory.java:337) ~[spring-beans-5.1.8.RELEASE.jar:5.1.8.RELEASE]
	at org.springframework.boot.autoconfigure.jdbc.DataSourceInitializerPostProcessor.postProcessAfterInitialization(DataSourceInitializerPostProcessor.java:53) ~[spring-boot-autoconfigure-2.1.6.RELEASE.jar:2.1.6.RELEASE]
	at org.springframework.beans.factory.support.AbstractAutowireCapableBeanFactory.applyBeanPostProcessorsAfterInitialization(AbstractAutowireCapableBeanFactory.java:429) ~[spring-beans-5.1.8.RELEASE.jar:5.1.8.RELEASE]
	at org.springframework.beans.factory.support.AbstractAutowireCapableBeanFactory.postProcessObjectFromFactoryBean(AbstractAutowireCapableBeanFactory.java:1921) ~[spring-beans-5.1.8.RELEASE.jar:5.1.8.RELEASE]
	at org.springframework.beans.factory.support.FactoryBeanRegistrySupport.getObjectFromFactoryBean(FactoryBeanRegistrySupport.java:116) ~[spring-beans-5.1.8.RELEASE.jar:5.1.8.RELEASE]
	... 63 common frames omitted
Caused by: org.springframework.jdbc.datasource.init.ScriptStatementFailedException: Failed to execute SQL script statement #4 of URL [file:/C:/Users/naude/Desktop/IT%20Dev/Project1/AccountSystemRepository/target/test-classes/schema.sql]: CREATE TABLE VITRSA_SANDBOX.DEMO_ACCOUNT_TX ( TX_ID BIGINT NOT NULL, ACCOUNT_TYPE_ID BIGINT NOT NULL, MEMBER_ID BIGINT NOT NULL, AMOUNT BIGINT NOT NULL, TX_DATE DATE NOT NULL, PRIMARY KEY (TX_ID) CONSTRAINT FK_ACCOUNT_TYPE_ID FOREIGN KEY (ACCOUNT_TYPE_ID) REFERENCES VITRSA_SANDBOX.DEMO_ACCOUNT_TYPE (ACCOUNT_TYPE_ID) ); nested exception is org.h2.jdbc.JdbcSQLSyntaxErrorException: Syntax error in SQL statement "CREATE TABLE VITRSA_SANDBOX.DEMO_ACCOUNT_TX ( TX_ID BIGINT NOT NULL, ACCOUNT_TYPE_ID BIGINT NOT NULL, MEMBER_ID BIGINT NOT NULL, AMOUNT BIGINT NOT NULL, TX_DATE DATE NOT NULL, PRIMARY KEY (TX_ID) CONSTRAINT[*] FK_ACCOUNT_TYPE_ID FOREIGN KEY (ACCOUNT_TYPE_ID) REFERENCES VITRSA_SANDBOX.DEMO_ACCOUNT_TYPE (ACCOUNT_TYPE_ID) )"; expected "INDEX, ,, )"; SQL statement:
CREATE TABLE VITRSA_SANDBOX.DEMO_ACCOUNT_TX ( TX_ID BIGINT NOT NULL, ACCOUNT_TYPE_ID BIGINT NOT NULL, MEMBER_ID BIGINT NOT NULL, AMOUNT BIGINT NOT NULL, TX_DATE DATE NOT NULL, PRIMARY KEY (TX_ID) CONSTRAINT FK_ACCOUNT_TYPE_ID FOREIGN KEY (ACCOUNT_TYPE_ID) REFERENCES VITRSA_SANDBOX.DEMO_ACCOUNT_TYPE (ACCOUNT_TYPE_ID) ) [42001-199]
	at org.springframework.jdbc.datasource.init.ScriptUtils.executeSqlScript(ScriptUtils.java:509) ~[spring-jdbc-5.1.8.RELEASE.jar:5.1.8.RELEASE]
	at org.springframework.jdbc.datasource.init.ResourceDatabasePopulator.populate(ResourceDatabasePopulator.java:238) ~[spring-jdbc-5.1.8.RELEASE.jar:5.1.8.RELEASE]
	at org.springframework.jdbc.datasource.init.DatabasePopulatorUtils.execute(DatabasePopulatorUtils.java:48) ~[spring-jdbc-5.1.8.RELEASE.jar:5.1.8.RELEASE]
	at org.springframework.boot.autoconfigure.jdbc.DataSourceInitializer.runScripts(DataSourceInitializer.java:202) ~[spring-boot-autoconfigure-2.1.6.RELEASE.jar:2.1.6.RELEASE]
	at org.springframework.boot.autoconfigure.jdbc.DataSourceInitializer.createSchema(DataSourceInitializer.java:101) ~[spring-boot-autoconfigure-2.1.6.RELEASE.jar:2.1.6.RELEASE]
	at org.springframework.boot.autoconfigure.jdbc.DataSourceInitializerInvoker.afterPropertiesSet(DataSourceInitializerInvoker.java:62) ~[spring-boot-autoconfigure-2.1.6.RELEASE.jar:2.1.6.RELEASE]
	at org.springframework.beans.factory.support.AbstractAutowireCapableBeanFactory.invokeInitMethods(AbstractAutowireCapableBeanFactory.java:1837) ~[spring-beans-5.1.8.RELEASE.jar:5.1.8.RELEASE]
	at org.springframework.beans.factory.support.AbstractAutowireCapableBeanFactory.initializeBean(AbstractAutowireCapableBeanFactory.java:1774) ~[spring-beans-5.1.8.RELEASE.jar:5.1.8.RELEASE]
	... 77 common frames omitted
Caused by: org.h2.jdbc.JdbcSQLSyntaxErrorException: Syntax error in SQL statement "CREATE TABLE VITRSA_SANDBOX.DEMO_ACCOUNT_TX ( TX_ID BIGINT NOT NULL, ACCOUNT_TYPE_ID BIGINT NOT NULL, MEMBER_ID BIGINT NOT NULL, AMOUNT BIGINT NOT NULL, TX_DATE DATE NOT NULL, PRIMARY KEY (TX_ID) CONSTRAINT[*] FK_ACCOUNT_TYPE_ID FOREIGN KEY (ACCOUNT_TYPE_ID) REFERENCES VITRSA_SANDBOX.DEMO_ACCOUNT_TYPE (ACCOUNT_TYPE_ID) )"; expected "INDEX, ,, )"; SQL statement:
CREATE TABLE VITRSA_SANDBOX.DEMO_ACCOUNT_TX ( TX_ID BIGINT NOT NULL, ACCOUNT_TYPE_ID BIGINT NOT NULL, MEMBER_ID BIGINT NOT NULL, AMOUNT BIGINT NOT NULL, TX_DATE DATE NOT NULL, PRIMARY KEY (TX_ID) CONSTRAINT FK_ACCOUNT_TYPE_ID FOREIGN KEY (ACCOUNT_TYPE_ID) REFERENCES VITRSA_SANDBOX.DEMO_ACCOUNT_TYPE (ACCOUNT_TYPE_ID) ) [42001-199]
	at org.h2.message.DbException.getJdbcSQLException(DbException.java:451) ~[h2-1.4.199.jar:1.4.199]
	at org.h2.message.DbException.getJdbcSQLException(DbException.java:427) ~[h2-1.4.199.jar:1.4.199]
	at org.h2.message.DbException.getSyntaxError(DbException.java:243) ~[h2-1.4.199.jar:1.4.199]
	at org.h2.command.Parser.getSyntaxError(Parser.java:991) ~[h2-1.4.199.jar:1.4.199]
	at org.h2.command.Parser.read(Parser.java:4549) ~[h2-1.4.199.jar:1.4.199]
	at org.h2.command.Parser.readIfMore(Parser.java:1391) ~[h2-1.4.199.jar:1.4.199]
	at org.h2.command.Parser.parseCreateTable(Parser.java:7833) ~[h2-1.4.199.jar:1.4.199]
	at org.h2.command.Parser.parseCreate(Parser.java:5818) ~[h2-1.4.199.jar:1.4.199]
	at org.h2.command.Parser.parsePrepared(Parser.java:846) ~[h2-1.4.199.jar:1.4.199]
	at org.h2.command.Parser.parse(Parser.java:788) ~[h2-1.4.199.jar:1.4.199]
	at org.h2.command.Parser.parse(Parser.java:764) ~[h2-1.4.199.jar:1.4.199]
	at org.h2.command.Parser.prepareCommand(Parser.java:683) ~[h2-1.4.199.jar:1.4.199]
	at org.h2.engine.Session.prepareLocal(Session.java:627) ~[h2-1.4.199.jar:1.4.199]
	at org.h2.engine.Session.prepareCommand(Session.java:565) ~[h2-1.4.199.jar:1.4.199]
	at org.h2.jdbc.JdbcConnection.prepareCommand(JdbcConnection.java:1292) ~[h2-1.4.199.jar:1.4.199]
	at org.h2.jdbc.JdbcStatement.executeInternal(JdbcStatement.java:217) ~[h2-1.4.199.jar:1.4.199]
	at org.h2.jdbc.JdbcStatement.execute(JdbcStatement.java:205) ~[h2-1.4.199.jar:1.4.199]
	at org.springframework.jdbc.datasource.init.ScriptUtils.executeSqlScript(ScriptUtils.java:488) ~[spring-jdbc-5.1.8.RELEASE.jar:5.1.8.RELEASE]
	... 84 common frames omitted

2021-09-22 15:33:22.637 ERROR 5696 --- [           main] o.s.test.context.TestContextManager      : Caught exception while allowing TestExecutionListener [org.springframework.boot.test.autoconfigure.SpringBootDependencyInjectionTestExecutionListener@4e50c791] to prepare test instance [za.ac.nwu.ac.repo.persistence.AccountTypeRepositoryTest@5b88b8e]

java.lang.IllegalStateException: Failed to load ApplicationContext
	at org.springframework.test.context.cache.DefaultCacheAwareContextLoaderDelegate.loadContext(DefaultCacheAwareContextLoaderDelegate.java:125) ~[spring-test-5.1.8.RELEASE.jar:5.1.8.RELEASE]
	at org.springframework.test.context.support.DefaultTestContext.getApplicationContext(DefaultTestContext.java:108) ~[spring-test-5.1.8.RELEASE.jar:5.1.8.RELEASE]
	at org.springframework.test.context.support.DependencyInjectionTestExecutionListener.injectDependencies(DependencyInjectionTestExecutionListener.java:118) ~[spring-test-5.1.8.RELEASE.jar:5.1.8.RELEASE]
	at org.springframework.test.context.support.DependencyInjectionTestExecutionListener.prepareTestInstance(DependencyInjectionTestExecutionListener.java:83) ~[spring-test-5.1.8.RELEASE.jar:5.1.8.RELEASE]
	at org.springframework.boot.test.autoconfigure.SpringBootDependencyInjectionTestExecutionListener.prepareTestInstance(SpringBootDependencyInjectionTestExecutionListener.java:43) ~[spring-boot-test-autoconfigure-2.1.6.RELEASE.jar:2.1.6.RELEASE]
	at org.springframework.test.context.TestContextManager.prepareTestInstance(TestContextManager.java:246) ~[spring-test-5.1.8.RELEASE.jar:5.1.8.RELEASE]
	at org.springframework.test.context.junit4.SpringJUnit4ClassRunner.createTest(SpringJUnit4ClassRunner.java:227) ~[spring-test-5.1.8.RELEASE.jar:5.1.8.RELEASE]
	at org.springframework.test.context.junit4.SpringJUnit4ClassRunner$1.runReflectiveCall(SpringJUnit4ClassRunner.java:289) ~[spring-test-5.1.8.RELEASE.jar:5.1.8.RELEASE]
	at org.junit.internal.runners.model.ReflectiveCallable.run(ReflectiveCallable.java:12) ~[junit-4.12.jar:4.12]
	at org.springframework.test.context.junit4.SpringJUnit4ClassRunner.methodBlock(SpringJUnit4ClassRunner.java:291) ~[spring-test-5.1.8.RELEASE.jar:5.1.8.RELEASE]
	at org.springframework.test.context.junit4.SpringJUnit4ClassRunner.runChild(SpringJUnit4ClassRunner.java:246) ~[spring-test-5.1.8.RELEASE.jar:5.1.8.RELEASE]
	at org.springframework.test.context.junit4.SpringJUnit4ClassRunner.runChild(SpringJUnit4ClassRunner.java:97) ~[spring-test-5.1.8.RELEASE.jar:5.1.8.RELEASE]
	at org.junit.runners.ParentRunner$3.run(ParentRunner.java:290) ~[junit-4.12.jar:4.12]
	at org.junit.runners.ParentRunner$1.schedule(ParentRunner.java:71) ~[junit-4.12.jar:4.12]
	at org.junit.runners.ParentRunner.runChildren(ParentRunner.java:288) ~[junit-4.12.jar:4.12]
	at org.junit.runners.ParentRunner.access$000(ParentRunner.java:58) ~[junit-4.12.jar:4.12]
	at org.junit.runners.ParentRunner$2.evaluate(ParentRunner.java:268) ~[junit-4.12.jar:4.12]
	at org.springframework.test.context.junit4.statements.RunBeforeTestClassCallbacks.evaluate(RunBeforeTestClassCallbacks.java:61) ~[spring-test-5.1.8.RELEASE.jar:5.1.8.RELEASE]
	at org.springframework.test.context.junit4.statements.RunAfterTestClassCallbacks.evaluate(RunAfterTestClassCallbacks.java:70) ~[spring-test-5.1.8.RELEASE.jar:5.1.8.RELEASE]
	at org.junit.runners.ParentRunner.run(ParentRunner.java:363) ~[junit-4.12.jar:4.12]
	at org.springframework.test.context.junit4.SpringJUnit4ClassRunner.run(SpringJUnit4ClassRunner.java:190) ~[spring-test-5.1.8.RELEASE.jar:5.1.8.RELEASE]
	at org.apache.maven.surefire.junit4.JUnit4Provider.execute(JUnit4Provider.java:365) ~[surefire-junit4-2.22.2.jar:2.22.2]
	at org.apache.maven.surefire.junit4.JUnit4Provider.executeWithRerun(JUnit4Provider.java:273) ~[surefire-junit4-2.22.2.jar:2.22.2]
	at org.apache.maven.surefire.junit4.JUnit4Provider.executeTestSet(JUnit4Provider.java:238) ~[surefire-junit4-2.22.2.jar:2.22.2]
	at org.apache.maven.surefire.junit4.JUnit4Provider.invoke(JUnit4Provider.java:159) ~[surefire-junit4-2.22.2.jar:2.22.2]
	at org.apache.maven.surefire.booter.ForkedBooter.invokeProviderInSameClassLoader(ForkedBooter.java:384) ~[surefire-booter-2.22.2.jar:2.22.2]
	at org.apache.maven.surefire.booter.ForkedBooter.runSuitesInProcess(ForkedBooter.java:345) ~[surefire-booter-2.22.2.jar:2.22.2]
	at org.apache.maven.surefire.booter.ForkedBooter.execute(ForkedBooter.java:126) ~[surefire-booter-2.22.2.jar:2.22.2]
	at org.apache.maven.surefire.booter.ForkedBooter.main(ForkedBooter.java:418) ~[surefire-booter-2.22.2.jar:2.22.2]
Caused by: org.springframework.beans.factory.UnsatisfiedDependencyException: Error creating bean with name 'org.springframework.boot.autoconfigure.orm.jpa.HibernateJpaConfiguration': Unsatisfied dependency expressed through constructor parameter 0; nested exception is org.springframework.beans.factory.BeanCreationException: Error creating bean with name 'dataSource': Post-processing of FactoryBean's singleton object failed; nested exception is org.springframework.beans.factory.BeanCreationException: Error creating bean with name 'org.springframework.boot.autoconfigure.jdbc.DataSourceInitializerInvoker': Invocation of init method failed; nested exception is org.springframework.jdbc.datasource.init.ScriptStatementFailedException: Failed to execute SQL script statement #4 of URL [file:/C:/Users/naude/Desktop/IT%20Dev/Project1/AccountSystemRepository/target/test-classes/schema.sql]: CREATE TABLE VITRSA_SANDBOX.DEMO_ACCOUNT_TX ( TX_ID BIGINT NOT NULL, ACCOUNT_TYPE_ID BIGINT NOT NULL, MEMBER_ID BIGINT NOT NULL, AMOUNT BIGINT NOT NULL, TX_DATE DATE NOT NULL, PRIMARY KEY (TX_ID) CONSTRAINT FK_ACCOUNT_TYPE_ID FOREIGN KEY (ACCOUNT_TYPE_ID) REFERENCES VITRSA_SANDBOX.DEMO_ACCOUNT_TYPE (ACCOUNT_TYPE_ID) ); nested exception is org.h2.jdbc.JdbcSQLSyntaxErrorException: Syntax error in SQL statement "CREATE TABLE VITRSA_SANDBOX.DEMO_ACCOUNT_TX ( TX_ID BIGINT NOT NULL, ACCOUNT_TYPE_ID BIGINT NOT NULL, MEMBER_ID BIGINT NOT NULL, AMOUNT BIGINT NOT NULL, TX_DATE DATE NOT NULL, PRIMARY KEY (TX_ID) CONSTRAINT[*] FK_ACCOUNT_TYPE_ID FOREIGN KEY (ACCOUNT_TYPE_ID) REFERENCES VITRSA_SANDBOX.DEMO_ACCOUNT_TYPE (ACCOUNT_TYPE_ID) )"; expected "INDEX, ,, )"; SQL statement:
CREATE TABLE VITRSA_SANDBOX.DEMO_ACCOUNT_TX ( TX_ID BIGINT NOT NULL, ACCOUNT_TYPE_ID BIGINT NOT NULL, MEMBER_ID BIGINT NOT NULL, AMOUNT BIGINT NOT NULL, TX_DATE DATE NOT NULL, PRIMARY KEY (TX_ID) CONSTRAINT FK_ACCOUNT_TYPE_ID FOREIGN KEY (ACCOUNT_TYPE_ID) REFERENCES VITRSA_SANDBOX.DEMO_ACCOUNT_TYPE (ACCOUNT_TYPE_ID) ) [42001-199]
	at org.springframework.beans.factory.support.ConstructorResolver.createArgumentArray(ConstructorResolver.java:769) ~[spring-beans-5.1.8.RELEASE.jar:5.1.8.RELEASE]
	at org.springframework.beans.factory.support.ConstructorResolver.autowireConstructor(ConstructorResolver.java:218) ~[spring-beans-5.1.8.RELEASE.jar:5.1.8.RELEASE]
	at org.springframework.beans.factory.support.AbstractAutowireCapableBeanFactory.autowireConstructor(AbstractAutowireCapableBeanFactory.java:1341) ~[spring-beans-5.1.8.RELEASE.jar:5.1.8.RELEASE]
	at org.springframework.beans.factory.support.AbstractAutowireCapableBeanFactory.createBeanInstance(AbstractAutowireCapableBeanFactory.java:1187) ~[spring-beans-5.1.8.RELEASE.jar:5.1.8.RELEASE]
	at org.springframework.beans.factory.support.AbstractAutowireCapableBeanFactory.doCreateBean(AbstractAutowireCapableBeanFactory.java:555) ~[spring-beans-5.1.8.RELEASE.jar:5.1.8.RELEASE]
	at org.springframework.beans.factory.support.AbstractAutowireCapableBeanFactory.createBean(AbstractAutowireCapableBeanFactory.java:515) ~[spring-beans-5.1.8.RELEASE.jar:5.1.8.RELEASE]
	at org.springframework.beans.factory.support.AbstractBeanFactory.lambda$doGetBean$0(AbstractBeanFactory.java:320) ~[spring-beans-5.1.8.RELEASE.jar:5.1.8.RELEASE]
	at org.springframework.beans.factory.support.DefaultSingletonBeanRegistry.getSingleton(DefaultSingletonBeanRegistry.java:222) ~[spring-beans-5.1.8.RELEASE.jar:5.1.8.RELEASE]
	at org.springframework.beans.factory.support.AbstractBeanFactory.doGetBean(AbstractBeanFactory.java:318) ~[spring-beans-5.1.8.RELEASE.jar:5.1.8.RELEASE]
	at org.springframework.beans.factory.support.AbstractBeanFactory.getBean(AbstractBeanFactory.java:199) ~[spring-beans-5.1.8.RELEASE.jar:5.1.8.RELEASE]
	at org.springframework.beans.factory.support.ConstructorResolver.instantiateUsingFactoryMethod(ConstructorResolver.java:392) ~[spring-beans-5.1.8.RELEASE.jar:5.1.8.RELEASE]
	at org.springframework.beans.factory.support.AbstractAutowireCapableBeanFactory.instantiateUsingFactoryMethod(AbstractAutowireCapableBeanFactory.java:1321) ~[spring-beans-5.1.8.RELEASE.jar:5.1.8.RELEASE]
	at org.springframework.beans.factory.support.AbstractAutowireCapableBeanFactory.createBeanInstance(AbstractAutowireCapableBeanFactory.java:1160) ~[spring-beans-5.1.8.RELEASE.jar:5.1.8.RELEASE]
	at org.springframework.beans.factory.support.AbstractAutowireCapableBeanFactory.doCreateBean(AbstractAutowireCapableBeanFactory.java:555) ~[spring-beans-5.1.8.RELEASE.jar:5.1.8.RELEASE]
	at org.springframework.beans.factory.support.AbstractAutowireCapableBeanFactory.createBean(AbstractAutowireCapableBeanFactory.java:515) ~[spring-beans-5.1.8.RELEASE.jar:5.1.8.RELEASE]
	at org.springframework.beans.factory.support.AbstractBeanFactory.lambda$doGetBean$0(AbstractBeanFactory.java:320) ~[spring-beans-5.1.8.RELEASE.jar:5.1.8.RELEASE]
	at org.springframework.beans.factory.support.DefaultSingletonBeanRegistry.getSingleton(DefaultSingletonBeanRegistry.java:222) ~[spring-beans-5.1.8.RELEASE.jar:5.1.8.RELEASE]
	at org.springframework.beans.factory.support.AbstractBeanFactory.doGetBean(AbstractBeanFactory.java:318) ~[spring-beans-5.1.8.RELEASE.jar:5.1.8.RELEASE]
	at org.springframework.beans.factory.support.AbstractBeanFactory.getBean(AbstractBeanFactory.java:199) ~[spring-beans-5.1.8.RELEASE.jar:5.1.8.RELEASE]
	at org.springframework.context.support.AbstractApplicationContext.getBean(AbstractApplicationContext.java:1105) ~[spring-context-5.1.8.RELEASE.jar:5.1.8.RELEASE]
	at org.springframework.context.support.AbstractApplicationContext.finishBeanFactoryInitialization(AbstractApplicationContext.java:867) ~[spring-context-5.1.8.RELEASE.jar:5.1.8.RELEASE]
	at org.springframework.context.support.AbstractApplicationContext.refresh(AbstractApplicationContext.java:549) ~[spring-context-5.1.8.RELEASE.jar:5.1.8.RELEASE]
	at org.springframework.boot.SpringApplication.refresh(SpringApplication.java:742) ~[spring-boot-2.1.6.RELEASE.jar:2.1.6.RELEASE]
	at org.springframework.boot.SpringApplication.refreshContext(SpringApplication.java:389) ~[spring-boot-2.1.6.RELEASE.jar:2.1.6.RELEASE]
	at org.springframework.boot.SpringApplication.run(SpringApplication.java:311) ~[spring-boot-2.1.6.RELEASE.jar:2.1.6.RELEASE]
	at org.springframework.boot.test.context.SpringBootContextLoader.loadContext(SpringBootContextLoader.java:119) ~[spring-boot-test-2.1.6.RELEASE.jar:2.1.6.RELEASE]
	at org.springframework.test.context.cache.DefaultCacheAwareContextLoaderDelegate.loadContextInternal(DefaultCacheAwareContextLoaderDelegate.java:99) ~[spring-test-5.1.8.RELEASE.jar:5.1.8.RELEASE]
	at org.springframework.test.context.cache.DefaultCacheAwareContextLoaderDelegate.loadContext(DefaultCacheAwareContextLoaderDelegate.java:117) ~[spring-test-5.1.8.RELEASE.jar:5.1.8.RELEASE]
	... 28 common frames omitted
Caused by: org.springframework.beans.factory.BeanCreationException: Error creating bean with name 'dataSource': Post-processing of FactoryBean's singleton object failed; nested exception is org.springframework.beans.factory.BeanCreationException: Error creating bean with name 'org.springframework.boot.autoconfigure.jdbc.DataSourceInitializerInvoker': Invocation of init method failed; nested exception is org.springframework.jdbc.datasource.init.ScriptStatementFailedException: Failed to execute SQL script statement #4 of URL [file:/C:/Users/naude/Desktop/IT%20Dev/Project1/AccountSystemRepository/target/test-classes/schema.sql]: CREATE TABLE VITRSA_SANDBOX.DEMO_ACCOUNT_TX ( TX_ID BIGINT NOT NULL, ACCOUNT_TYPE_ID BIGINT NOT NULL, MEMBER_ID BIGINT NOT NULL, AMOUNT BIGINT NOT NULL, TX_DATE DATE NOT NULL, PRIMARY KEY (TX_ID) CONSTRAINT FK_ACCOUNT_TYPE_ID FOREIGN KEY (ACCOUNT_TYPE_ID) REFERENCES VITRSA_SANDBOX.DEMO_ACCOUNT_TYPE (ACCOUNT_TYPE_ID) ); nested exception is org.h2.jdbc.JdbcSQLSyntaxErrorException: Syntax error in SQL statement "CREATE TABLE VITRSA_SANDBOX.DEMO_ACCOUNT_TX ( TX_ID BIGINT NOT NULL, ACCOUNT_TYPE_ID BIGINT NOT NULL, MEMBER_ID BIGINT NOT NULL, AMOUNT BIGINT NOT NULL, TX_DATE DATE NOT NULL, PRIMARY KEY (TX_ID) CONSTRAINT[*] FK_ACCOUNT_TYPE_ID FOREIGN KEY (ACCOUNT_TYPE_ID) REFERENCES VITRSA_SANDBOX.DEMO_ACCOUNT_TYPE (ACCOUNT_TYPE_ID) )"; expected "INDEX, ,, )"; SQL statement:
CREATE TABLE VITRSA_SANDBOX.DEMO_ACCOUNT_TX ( TX_ID BIGINT NOT NULL, ACCOUNT_TYPE_ID BIGINT NOT NULL, MEMBER_ID BIGINT NOT NULL, AMOUNT BIGINT NOT NULL, TX_DATE DATE NOT NULL, PRIMARY KEY (TX_ID) CONSTRAINT FK_ACCOUNT_TYPE_ID FOREIGN KEY (ACCOUNT_TYPE_ID) REFERENCES VITRSA_SANDBOX.DEMO_ACCOUNT_TYPE (ACCOUNT_TYPE_ID) ) [42001-199]
	at org.springframework.beans.factory.support.FactoryBeanRegistrySupport.getObjectFromFactoryBean(FactoryBeanRegistrySupport.java:119) ~[spring-beans-5.1.8.RELEASE.jar:5.1.8.RELEASE]
	at org.springframework.beans.factory.support.AbstractBeanFactory.getObjectForBeanInstance(AbstractBeanFactory.java:1674) ~[spring-beans-5.1.8.RELEASE.jar:5.1.8.RELEASE]
	at org.springframework.beans.factory.support.AbstractAutowireCapableBeanFactory.getObjectForBeanInstance(AbstractAutowireCapableBeanFactory.java:1249) ~[spring-beans-5.1.8.RELEASE.jar:5.1.8.RELEASE]
	at org.springframework.beans.factory.support.AbstractBeanFactory.doGetBean(AbstractBeanFactory.java:330) ~[spring-beans-5.1.8.RELEASE.jar:5.1.8.RELEASE]
	at org.springframework.beans.factory.support.AbstractBeanFactory.getBean(AbstractBeanFactory.java:199) ~[spring-beans-5.1.8.RELEASE.jar:5.1.8.RELEASE]
	at org.springframework.beans.factory.config.DependencyDescriptor.resolveCandidate(DependencyDescriptor.java:277) ~[spring-beans-5.1.8.RELEASE.jar:5.1.8.RELEASE]
	at org.springframework.beans.factory.support.DefaultListableBeanFactory.doResolveDependency(DefaultListableBeanFactory.java:1251) ~[spring-beans-5.1.8.RELEASE.jar:5.1.8.RELEASE]
	at org.springframework.beans.factory.support.DefaultListableBeanFactory.resolveDependency(DefaultListableBeanFactory.java:1171) ~[spring-beans-5.1.8.RELEASE.jar:5.1.8.RELEASE]
	at org.springframework.beans.factory.support.ConstructorResolver.resolveAutowiredArgument(ConstructorResolver.java:857) ~[spring-beans-5.1.8.RELEASE.jar:5.1.8.RELEASE]
	at org.springframework.beans.factory.support.ConstructorResolver.createArgumentArray(ConstructorResolver.java:760) ~[spring-beans-5.1.8.RELEASE.jar:5.1.8.RELEASE]
	... 55 common frames omitted
Caused by: org.springframework.beans.factory.BeanCreationException: Error creating bean with name 'org.springframework.boot.autoconfigure.jdbc.DataSourceInitializerInvoker': Invocation of init method failed; nested exception is org.springframework.jdbc.datasource.init.ScriptStatementFailedException: Failed to execute SQL script statement #4 of URL [file:/C:/Users/naude/Desktop/IT%20Dev/Project1/AccountSystemRepository/target/test-classes/schema.sql]: CREATE TABLE VITRSA_SANDBOX.DEMO_ACCOUNT_TX ( TX_ID BIGINT NOT NULL, ACCOUNT_TYPE_ID BIGINT NOT NULL, MEMBER_ID BIGINT NOT NULL, AMOUNT BIGINT NOT NULL, TX_DATE DATE NOT NULL, PRIMARY KEY (TX_ID) CONSTRAINT FK_ACCOUNT_TYPE_ID FOREIGN KEY (ACCOUNT_TYPE_ID) REFERENCES VITRSA_SANDBOX.DEMO_ACCOUNT_TYPE (ACCOUNT_TYPE_ID) ); nested exception is org.h2.jdbc.JdbcSQLSyntaxErrorException: Syntax error in SQL statement "CREATE TABLE VITRSA_SANDBOX.DEMO_ACCOUNT_TX ( TX_ID BIGINT NOT NULL, ACCOUNT_TYPE_ID BIGINT NOT NULL, MEMBER_ID BIGINT NOT NULL, AMOUNT BIGINT NOT NULL, TX_DATE DATE NOT NULL, PRIMARY KEY (TX_ID) CONSTRAINT[*] FK_ACCOUNT_TYPE_ID FOREIGN KEY (ACCOUNT_TYPE_ID) REFERENCES VITRSA_SANDBOX.DEMO_ACCOUNT_TYPE (ACCOUNT_TYPE_ID) )"; expected "INDEX, ,, )"; SQL statement:
CREATE TABLE VITRSA_SANDBOX.DEMO_ACCOUNT_TX ( TX_ID BIGINT NOT NULL, ACCOUNT_TYPE_ID BIGINT NOT NULL, MEMBER_ID BIGINT NOT NULL, AMOUNT BIGINT NOT NULL, TX_DATE DATE NOT NULL, PRIMARY KEY (TX_ID) CONSTRAINT FK_ACCOUNT_TYPE_ID FOREIGN KEY (ACCOUNT_TYPE_ID) REFERENCES VITRSA_SANDBOX.DEMO_ACCOUNT_TYPE (ACCOUNT_TYPE_ID) ) [42001-199]
	at org.springframework.beans.factory.support.AbstractAutowireCapableBeanFactory.initializeBean(AbstractAutowireCapableBeanFactory.java:1778) ~[spring-beans-5.1.8.RELEASE.jar:5.1.8.RELEASE]
	at org.springframework.beans.factory.support.AbstractAutowireCapableBeanFactory.doCreateBean(AbstractAutowireCapableBeanFactory.java:593) ~[spring-beans-5.1.8.RELEASE.jar:5.1.8.RELEASE]
	at org.springframework.beans.factory.support.AbstractAutowireCapableBeanFactory.createBean(AbstractAutowireCapableBeanFactory.java:515) ~[spring-beans-5.1.8.RELEASE.jar:5.1.8.RELEASE]
	at org.springframework.beans.factory.support.AbstractBeanFactory.lambda$doGetBean$0(AbstractBeanFactory.java:320) ~[spring-beans-5.1.8.RELEASE.jar:5.1.8.RELEASE]
	at org.springframework.beans.factory.support.DefaultSingletonBeanRegistry.getSingleton(DefaultSingletonBeanRegistry.java:222) ~[spring-beans-5.1.8.RELEASE.jar:5.1.8.RELEASE]
	at org.springframework.beans.factory.support.AbstractBeanFactory.doGetBean(AbstractBeanFactory.java:318) ~[spring-beans-5.1.8.RELEASE.jar:5.1.8.RELEASE]
	at org.springframework.beans.factory.support.AbstractBeanFactory.getBean(AbstractBeanFactory.java:224) ~[spring-beans-5.1.8.RELEASE.jar:5.1.8.RELEASE]
	at org.springframework.beans.factory.support.DefaultListableBeanFactory.resolveNamedBean(DefaultListableBeanFactory.java:1119) ~[spring-beans-5.1.8.RELEASE.jar:5.1.8.RELEASE]
	at org.springframework.beans.factory.support.DefaultListableBeanFactory.resolveBean(DefaultListableBeanFactory.java:411) ~[spring-beans-5.1.8.RELEASE.jar:5.1.8.RELEASE]
	at org.springframework.beans.factory.support.DefaultListableBeanFactory.getBean(DefaultListableBeanFactory.java:344) ~[spring-beans-5.1.8.RELEASE.jar:5.1.8.RELEASE]
	at org.springframework.beans.factory.support.DefaultListableBeanFactory.getBean(DefaultListableBeanFactory.java:337) ~[spring-beans-5.1.8.RELEASE.jar:5.1.8.RELEASE]
	at org.springframework.boot.autoconfigure.jdbc.DataSourceInitializerPostProcessor.postProcessAfterInitialization(DataSourceInitializerPostProcessor.java:53) ~[spring-boot-autoconfigure-2.1.6.RELEASE.jar:2.1.6.RELEASE]
	at org.springframework.beans.factory.support.AbstractAutowireCapableBeanFactory.applyBeanPostProcessorsAfterInitialization(AbstractAutowireCapableBeanFactory.java:429) ~[spring-beans-5.1.8.RELEASE.jar:5.1.8.RELEASE]
	at org.springframework.beans.factory.support.AbstractAutowireCapableBeanFactory.postProcessObjectFromFactoryBean(AbstractAutowireCapableBeanFactory.java:1921) ~[spring-beans-5.1.8.RELEASE.jar:5.1.8.RELEASE]
	at org.springframework.beans.factory.support.FactoryBeanRegistrySupport.getObjectFromFactoryBean(FactoryBeanRegistrySupport.java:116) ~[spring-beans-5.1.8.RELEASE.jar:5.1.8.RELEASE]
	... 64 common frames omitted
Caused by: org.springframework.jdbc.datasource.init.ScriptStatementFailedException: Failed to execute SQL script statement #4 of URL [file:/C:/Users/naude/Desktop/IT%20Dev/Project1/AccountSystemRepository/target/test-classes/schema.sql]: CREATE TABLE VITRSA_SANDBOX.DEMO_ACCOUNT_TX ( TX_ID BIGINT NOT NULL, ACCOUNT_TYPE_ID BIGINT NOT NULL, MEMBER_ID BIGINT NOT NULL, AMOUNT BIGINT NOT NULL, TX_DATE DATE NOT NULL, PRIMARY KEY (TX_ID) CONSTRAINT FK_ACCOUNT_TYPE_ID FOREIGN KEY (ACCOUNT_TYPE_ID) REFERENCES VITRSA_SANDBOX.DEMO_ACCOUNT_TYPE (ACCOUNT_TYPE_ID) ); nested exception is org.h2.jdbc.JdbcSQLSyntaxErrorException: Syntax error in SQL statement "CREATE TABLE VITRSA_SANDBOX.DEMO_ACCOUNT_TX ( TX_ID BIGINT NOT NULL, ACCOUNT_TYPE_ID BIGINT NOT NULL, MEMBER_ID BIGINT NOT NULL, AMOUNT BIGINT NOT NULL, TX_DATE DATE NOT NULL, PRIMARY KEY (TX_ID) CONSTRAINT[*] FK_ACCOUNT_TYPE_ID FOREIGN KEY (ACCOUNT_TYPE_ID) REFERENCES VITRSA_SANDBOX.DEMO_ACCOUNT_TYPE (ACCOUNT_TYPE_ID) )"; expected "INDEX, ,, )"; SQL statement:
CREATE TABLE VITRSA_SANDBOX.DEMO_ACCOUNT_TX ( TX_ID BIGINT NOT NULL, ACCOUNT_TYPE_ID BIGINT NOT NULL, MEMBER_ID BIGINT NOT NULL, AMOUNT BIGINT NOT NULL, TX_DATE DATE NOT NULL, PRIMARY KEY (TX_ID) CONSTRAINT FK_ACCOUNT_TYPE_ID FOREIGN KEY (ACCOUNT_TYPE_ID) REFERENCES VITRSA_SANDBOX.DEMO_ACCOUNT_TYPE (ACCOUNT_TYPE_ID) ) [42001-199]
	at org.springframework.jdbc.datasource.init.ScriptUtils.executeSqlScript(ScriptUtils.java:509) ~[spring-jdbc-5.1.8.RELEASE.jar:5.1.8.RELEASE]
	at org.springframework.jdbc.datasource.init.ResourceDatabasePopulator.populate(ResourceDatabasePopulator.java:238) ~[spring-jdbc-5.1.8.RELEASE.jar:5.1.8.RELEASE]
	at org.springframework.jdbc.datasource.init.DatabasePopulatorUtils.execute(DatabasePopulatorUtils.java:48) ~[spring-jdbc-5.1.8.RELEASE.jar:5.1.8.RELEASE]
	at org.springframework.boot.autoconfigure.jdbc.DataSourceInitializer.runScripts(DataSourceInitializer.java:202) ~[spring-boot-autoconfigure-2.1.6.RELEASE.jar:2.1.6.RELEASE]
	at org.springframework.boot.autoconfigure.jdbc.DataSourceInitializer.createSchema(DataSourceInitializer.java:101) ~[spring-boot-autoconfigure-2.1.6.RELEASE.jar:2.1.6.RELEASE]
	at org.springframework.boot.autoconfigure.jdbc.DataSourceInitializerInvoker.afterPropertiesSet(DataSourceInitializerInvoker.java:62) ~[spring-boot-autoconfigure-2.1.6.RELEASE.jar:2.1.6.RELEASE]
	at org.springframework.beans.factory.support.AbstractAutowireCapableBeanFactory.invokeInitMethods(AbstractAutowireCapableBeanFactory.java:1837) ~[spring-beans-5.1.8.RELEASE.jar:5.1.8.RELEASE]
	at org.springframework.beans.factory.support.AbstractAutowireCapableBeanFactory.initializeBean(AbstractAutowireCapableBeanFactory.java:1774) ~[spring-beans-5.1.8.RELEASE.jar:5.1.8.RELEASE]
	... 78 common frames omitted
Caused by: org.h2.jdbc.JdbcSQLSyntaxErrorException: Syntax error in SQL statement "CREATE TABLE VITRSA_SANDBOX.DEMO_ACCOUNT_TX ( TX_ID BIGINT NOT NULL, ACCOUNT_TYPE_ID BIGINT NOT NULL, MEMBER_ID BIGINT NOT NULL, AMOUNT BIGINT NOT NULL, TX_DATE DATE NOT NULL, PRIMARY KEY (TX_ID) CONSTRAINT[*] FK_ACCOUNT_TYPE_ID FOREIGN KEY (ACCOUNT_TYPE_ID) REFERENCES VITRSA_SANDBOX.DEMO_ACCOUNT_TYPE (ACCOUNT_TYPE_ID) )"; expected "INDEX, ,, )"; SQL statement:
CREATE TABLE VITRSA_SANDBOX.DEMO_ACCOUNT_TX ( TX_ID BIGINT NOT NULL, ACCOUNT_TYPE_ID BIGINT NOT NULL, MEMBER_ID BIGINT NOT NULL, AMOUNT BIGINT NOT NULL, TX_DATE DATE NOT NULL, PRIMARY KEY (TX_ID) CONSTRAINT FK_ACCOUNT_TYPE_ID FOREIGN KEY (ACCOUNT_TYPE_ID) REFERENCES VITRSA_SANDBOX.DEMO_ACCOUNT_TYPE (ACCOUNT_TYPE_ID) ) [42001-199]
	at org.h2.message.DbException.getJdbcSQLException(DbException.java:451) ~[h2-1.4.199.jar:1.4.199]
	at org.h2.message.DbException.getJdbcSQLException(DbException.java:427) ~[h2-1.4.199.jar:1.4.199]
	at org.h2.message.DbException.getSyntaxError(DbException.java:243) ~[h2-1.4.199.jar:1.4.199]
	at org.h2.command.Parser.getSyntaxError(Parser.java:991) ~[h2-1.4.199.jar:1.4.199]
	at org.h2.command.Parser.read(Parser.java:4549) ~[h2-1.4.199.jar:1.4.199]
	at org.h2.command.Parser.readIfMore(Parser.java:1391) ~[h2-1.4.199.jar:1.4.199]
	at org.h2.command.Parser.parseCreateTable(Parser.java:7833) ~[h2-1.4.199.jar:1.4.199]
	at org.h2.command.Parser.parseCreate(Parser.java:5818) ~[h2-1.4.199.jar:1.4.199]
	at org.h2.command.Parser.parsePrepared(Parser.java:846) ~[h2-1.4.199.jar:1.4.199]
	at org.h2.command.Parser.parse(Parser.java:788) ~[h2-1.4.199.jar:1.4.199]
	at org.h2.command.Parser.parse(Parser.java:764) ~[h2-1.4.199.jar:1.4.199]
	at org.h2.command.Parser.prepareCommand(Parser.java:683) ~[h2-1.4.199.jar:1.4.199]
	at org.h2.engine.Session.prepareLocal(Session.java:627) ~[h2-1.4.199.jar:1.4.199]
	at org.h2.engine.Session.prepareCommand(Session.java:565) ~[h2-1.4.199.jar:1.4.199]
	at org.h2.jdbc.JdbcConnection.prepareCommand(JdbcConnection.java:1292) ~[h2-1.4.199.jar:1.4.199]
	at org.h2.jdbc.JdbcStatement.executeInternal(JdbcStatement.java:217) ~[h2-1.4.199.jar:1.4.199]
	at org.h2.jdbc.JdbcStatement.execute(JdbcStatement.java:205) ~[h2-1.4.199.jar:1.4.199]
	at org.springframework.jdbc.datasource.init.ScriptUtils.executeSqlScript(ScriptUtils.java:488) ~[spring-jdbc-5.1.8.RELEASE.jar:5.1.8.RELEASE]
	... 85 common frames omitted

]]></system-out>
  </testcase>
  <testcase name="getAccountTypeByMnemonicNativeQueryMiles" classname="za.ac.nwu.ac.repo.persistence.AccountTypeRepositoryTest" time="0.001">
    <error message="Failed to load ApplicationContext" type="java.lang.IllegalStateException">java.lang.IllegalStateException: Failed to load ApplicationContext
Caused by: org.springframework.beans.factory.UnsatisfiedDependencyException: 
Error creating bean with name 'org.springframework.boot.autoconfigure.orm.jpa.HibernateJpaConfiguration': Unsatisfied dependency expressed through constructor parameter 0; nested exception is org.springframework.beans.factory.BeanCreationException: Error creating bean with name 'dataSource': Post-processing of FactoryBean's singleton object failed; nested exception is org.springframework.beans.factory.BeanCreationException: Error creating bean with name 'org.springframework.boot.autoconfigure.jdbc.DataSourceInitializerInvoker': Invocation of init method failed; nested exception is org.springframework.jdbc.datasource.init.ScriptStatementFailedException: Failed to execute SQL script statement #4 of URL [file:/C:/Users/naude/Desktop/IT%20Dev/Project1/AccountSystemRepository/target/test-classes/schema.sql]: CREATE TABLE VITRSA_SANDBOX.DEMO_ACCOUNT_TX ( TX_ID BIGINT NOT NULL, ACCOUNT_TYPE_ID BIGINT NOT NULL, MEMBER_ID BIGINT NOT NULL, AMOUNT BIGINT NOT NULL, TX_DATE DATE NOT NULL, PRIMARY KEY (TX_ID) CONSTRAINT FK_ACCOUNT_TYPE_ID FOREIGN KEY (ACCOUNT_TYPE_ID) REFERENCES VITRSA_SANDBOX.DEMO_ACCOUNT_TYPE (ACCOUNT_TYPE_ID) ); nested exception is org.h2.jdbc.JdbcSQLSyntaxErrorException: Syntax error in SQL statement "CREATE TABLE VITRSA_SANDBOX.DEMO_ACCOUNT_TX ( TX_ID BIGINT NOT NULL, ACCOUNT_TYPE_ID BIGINT NOT NULL, MEMBER_ID BIGINT NOT NULL, AMOUNT BIGINT NOT NULL, TX_DATE DATE NOT NULL, PRIMARY KEY (TX_ID) CONSTRAINT[*] FK_ACCOUNT_TYPE_ID FOREIGN KEY (ACCOUNT_TYPE_ID) REFERENCES VITRSA_SANDBOX.DEMO_ACCOUNT_TYPE (ACCOUNT_TYPE_ID) )"; expected "INDEX, ,, )"; SQL statement:
CREATE TABLE VITRSA_SANDBOX.DEMO_ACCOUNT_TX ( TX_ID BIGINT NOT NULL, ACCOUNT_TYPE_ID BIGINT NOT NULL, MEMBER_ID BIGINT NOT NULL, AMOUNT BIGINT NOT NULL, TX_DATE DATE NOT NULL, PRIMARY KEY (TX_ID) CONSTRAINT FK_ACCOUNT_TYPE_ID FOREIGN KEY (ACCOUNT_TYPE_ID) REFERENCES VITRSA_SANDBOX.DEMO_ACCOUNT_TYPE (ACCOUNT_TYPE_ID) ) [42001-199]
Caused by: org.springframework.beans.factory.BeanCreationException: 
Error creating bean with name 'dataSource': Post-processing of FactoryBean's singleton object failed; nested exception is org.springframework.beans.factory.BeanCreationException: Error creating bean with name 'org.springframework.boot.autoconfigure.jdbc.DataSourceInitializerInvoker': Invocation of init method failed; nested exception is org.springframework.jdbc.datasource.init.ScriptStatementFailedException: Failed to execute SQL script statement #4 of URL [file:/C:/Users/naude/Desktop/IT%20Dev/Project1/AccountSystemRepository/target/test-classes/schema.sql]: CREATE TABLE VITRSA_SANDBOX.DEMO_ACCOUNT_TX ( TX_ID BIGINT NOT NULL, ACCOUNT_TYPE_ID BIGINT NOT NULL, MEMBER_ID BIGINT NOT NULL, AMOUNT BIGINT NOT NULL, TX_DATE DATE NOT NULL, PRIMARY KEY (TX_ID) CONSTRAINT FK_ACCOUNT_TYPE_ID FOREIGN KEY (ACCOUNT_TYPE_ID) REFERENCES VITRSA_SANDBOX.DEMO_ACCOUNT_TYPE (ACCOUNT_TYPE_ID) ); nested exception is org.h2.jdbc.JdbcSQLSyntaxErrorException: Syntax error in SQL statement "CREATE TABLE VITRSA_SANDBOX.DEMO_ACCOUNT_TX ( TX_ID BIGINT NOT NULL, ACCOUNT_TYPE_ID BIGINT NOT NULL, MEMBER_ID BIGINT NOT NULL, AMOUNT BIGINT NOT NULL, TX_DATE DATE NOT NULL, PRIMARY KEY (TX_ID) CONSTRAINT[*] FK_ACCOUNT_TYPE_ID FOREIGN KEY (ACCOUNT_TYPE_ID) REFERENCES VITRSA_SANDBOX.DEMO_ACCOUNT_TYPE (ACCOUNT_TYPE_ID) )"; expected "INDEX, ,, )"; SQL statement:
CREATE TABLE VITRSA_SANDBOX.DEMO_ACCOUNT_TX ( TX_ID BIGINT NOT NULL, ACCOUNT_TYPE_ID BIGINT NOT NULL, MEMBER_ID BIGINT NOT NULL, AMOUNT BIGINT NOT NULL, TX_DATE DATE NOT NULL, PRIMARY KEY (TX_ID) CONSTRAINT FK_ACCOUNT_TYPE_ID FOREIGN KEY (ACCOUNT_TYPE_ID) REFERENCES VITRSA_SANDBOX.DEMO_ACCOUNT_TYPE (ACCOUNT_TYPE_ID) ) [42001-199]
Caused by: org.springframework.beans.factory.BeanCreationException: 
Error creating bean with name 'org.springframework.boot.autoconfigure.jdbc.DataSourceInitializerInvoker': Invocation of init method failed; nested exception is org.springframework.jdbc.datasource.init.ScriptStatementFailedException: Failed to execute SQL script statement #4 of URL [file:/C:/Users/naude/Desktop/IT%20Dev/Project1/AccountSystemRepository/target/test-classes/schema.sql]: CREATE TABLE VITRSA_SANDBOX.DEMO_ACCOUNT_TX ( TX_ID BIGINT NOT NULL, ACCOUNT_TYPE_ID BIGINT NOT NULL, MEMBER_ID BIGINT NOT NULL, AMOUNT BIGINT NOT NULL, TX_DATE DATE NOT NULL, PRIMARY KEY (TX_ID) CONSTRAINT FK_ACCOUNT_TYPE_ID FOREIGN KEY (ACCOUNT_TYPE_ID) REFERENCES VITRSA_SANDBOX.DEMO_ACCOUNT_TYPE (ACCOUNT_TYPE_ID) ); nested exception is org.h2.jdbc.JdbcSQLSyntaxErrorException: Syntax error in SQL statement "CREATE TABLE VITRSA_SANDBOX.DEMO_ACCOUNT_TX ( TX_ID BIGINT NOT NULL, ACCOUNT_TYPE_ID BIGINT NOT NULL, MEMBER_ID BIGINT NOT NULL, AMOUNT BIGINT NOT NULL, TX_DATE DATE NOT NULL, PRIMARY KEY (TX_ID) CONSTRAINT[*] FK_ACCOUNT_TYPE_ID FOREIGN KEY (ACCOUNT_TYPE_ID) REFERENCES VITRSA_SANDBOX.DEMO_ACCOUNT_TYPE (ACCOUNT_TYPE_ID) )"; expected "INDEX, ,, )"; SQL statement:
CREATE TABLE VITRSA_SANDBOX.DEMO_ACCOUNT_TX ( TX_ID BIGINT NOT NULL, ACCOUNT_TYPE_ID BIGINT NOT NULL, MEMBER_ID BIGINT NOT NULL, AMOUNT BIGINT NOT NULL, TX_DATE DATE NOT NULL, PRIMARY KEY (TX_ID) CONSTRAINT FK_ACCOUNT_TYPE_ID FOREIGN KEY (ACCOUNT_TYPE_ID) REFERENCES VITRSA_SANDBOX.DEMO_ACCOUNT_TYPE (ACCOUNT_TYPE_ID) ) [42001-199]
Caused by: org.springframework.jdbc.datasource.init.ScriptStatementFailedException: 
Failed to execute SQL script statement #4 of URL [file:/C:/Users/naude/Desktop/IT%20Dev/Project1/AccountSystemRepository/target/test-classes/schema.sql]: CREATE TABLE VITRSA_SANDBOX.DEMO_ACCOUNT_TX ( TX_ID BIGINT NOT NULL, ACCOUNT_TYPE_ID BIGINT NOT NULL, MEMBER_ID BIGINT NOT NULL, AMOUNT BIGINT NOT NULL, TX_DATE DATE NOT NULL, PRIMARY KEY (TX_ID) CONSTRAINT FK_ACCOUNT_TYPE_ID FOREIGN KEY (ACCOUNT_TYPE_ID) REFERENCES VITRSA_SANDBOX.DEMO_ACCOUNT_TYPE (ACCOUNT_TYPE_ID) ); nested exception is org.h2.jdbc.JdbcSQLSyntaxErrorException: Syntax error in SQL statement "CREATE TABLE VITRSA_SANDBOX.DEMO_ACCOUNT_TX ( TX_ID BIGINT NOT NULL, ACCOUNT_TYPE_ID BIGINT NOT NULL, MEMBER_ID BIGINT NOT NULL, AMOUNT BIGINT NOT NULL, TX_DATE DATE NOT NULL, PRIMARY KEY (TX_ID) CONSTRAINT[*] FK_ACCOUNT_TYPE_ID FOREIGN KEY (ACCOUNT_TYPE_ID) REFERENCES VITRSA_SANDBOX.DEMO_ACCOUNT_TYPE (ACCOUNT_TYPE_ID) )"; expected "INDEX, ,, )"; SQL statement:
CREATE TABLE VITRSA_SANDBOX.DEMO_ACCOUNT_TX ( TX_ID BIGINT NOT NULL, ACCOUNT_TYPE_ID BIGINT NOT NULL, MEMBER_ID BIGINT NOT NULL, AMOUNT BIGINT NOT NULL, TX_DATE DATE NOT NULL, PRIMARY KEY (TX_ID) CONSTRAINT FK_ACCOUNT_TYPE_ID FOREIGN KEY (ACCOUNT_TYPE_ID) REFERENCES VITRSA_SANDBOX.DEMO_ACCOUNT_TYPE (ACCOUNT_TYPE_ID) ) [42001-199]
Caused by: org.h2.jdbc.JdbcSQLSyntaxErrorException: 
Syntax error in SQL statement "CREATE TABLE VITRSA_SANDBOX.DEMO_ACCOUNT_TX ( TX_ID BIGINT NOT NULL, ACCOUNT_TYPE_ID BIGINT NOT NULL, MEMBER_ID BIGINT NOT NULL, AMOUNT BIGINT NOT NULL, TX_DATE DATE NOT NULL, PRIMARY KEY (TX_ID) CONSTRAINT[*] FK_ACCOUNT_TYPE_ID FOREIGN KEY (ACCOUNT_TYPE_ID) REFERENCES VITRSA_SANDBOX.DEMO_ACCOUNT_TYPE (ACCOUNT_TYPE_ID) )"; expected "INDEX, ,, )"; SQL statement:
CREATE TABLE VITRSA_SANDBOX.DEMO_ACCOUNT_TX ( TX_ID BIGINT NOT NULL, ACCOUNT_TYPE_ID BIGINT NOT NULL, MEMBER_ID BIGINT NOT NULL, AMOUNT BIGINT NOT NULL, TX_DATE DATE NOT NULL, PRIMARY KEY (TX_ID) CONSTRAINT FK_ACCOUNT_TYPE_ID FOREIGN KEY (ACCOUNT_TYPE_ID) REFERENCES VITRSA_SANDBOX.DEMO_ACCOUNT_TYPE (ACCOUNT_TYPE_ID) ) [42001-199]
</error>
    <system-out><![CDATA[
  .   ____          _            __ _ _
 /\\ / ___'_ __ _ _(_)_ __  __ _ \ \ \ \
( ( )\___ | '_ | '_| | '_ \/ _` | \ \ \ \
 \\/  ___)| |_)| | | | | || (_| |  ) ) ) )
  '  |____| .__|_| |_|_| |_\__, | / / / /
 =========|_|==============|___/=/_/_/_/
 :: Spring Boot ::        (v2.1.6.RELEASE)

2021-09-22 15:33:22.696  INFO 5696 --- [           main] z.a.n.a.r.p.AccountTypeRepositoryTest    : Starting AccountTypeRepositoryTest on DESKTOP-074OGOO with PID 5696 (started by naude in C:\Users\naude\Desktop\IT Dev\Project1\AccountSystemRepository)
2021-09-22 15:33:22.697  INFO 5696 --- [           main] z.a.n.a.r.p.AccountTypeRepositoryTest    : No active profile set, falling back to default profiles: default
2021-09-22 15:33:22.881  INFO 5696 --- [           main] .s.d.r.c.RepositoryConfigurationDelegate : Bootstrapping Spring Data repositories in DEFAULT mode.
2021-09-22 15:33:22.917  INFO 5696 --- [           main] .s.d.r.c.RepositoryConfigurationDelegate : Finished Spring Data repository scanning in 35ms. Found 1 repository interfaces.
2021-09-22 15:33:22.996  INFO 5696 --- [           main] beddedDataSourceBeanFactoryPostProcessor : Replacing 'dataSource' DataSource bean with embedded version
2021-09-22 15:33:23.057  INFO 5696 --- [           main] o.s.j.d.e.EmbeddedDatabaseFactory        : Starting embedded database: url='jdbc:h2:mem:31ca6bef-0dd0-490a-973a-cab35950a63e;DB_CLOSE_DELAY=-1;DB_CLOSE_ON_EXIT=false', username='sa'
2021-09-22 15:33:23.147  WARN 5696 --- [           main] s.c.a.AnnotationConfigApplicationContext : Exception encountered during context initialization - cancelling refresh attempt: org.springframework.beans.factory.UnsatisfiedDependencyException: Error creating bean with name 'org.springframework.boot.autoconfigure.orm.jpa.HibernateJpaConfiguration': Unsatisfied dependency expressed through constructor parameter 0; nested exception is org.springframework.beans.factory.BeanCreationException: Error creating bean with name 'dataSource': Post-processing of FactoryBean's singleton object failed; nested exception is org.springframework.beans.factory.BeanCreationException: Error creating bean with name 'org.springframework.boot.autoconfigure.jdbc.DataSourceInitializerInvoker': Invocation of init method failed; nested exception is org.springframework.jdbc.datasource.init.ScriptStatementFailedException: Failed to execute SQL script statement #4 of URL [file:/C:/Users/naude/Desktop/IT%20Dev/Project1/AccountSystemRepository/target/test-classes/schema.sql]: CREATE TABLE VITRSA_SANDBOX.DEMO_ACCOUNT_TX ( TX_ID BIGINT NOT NULL, ACCOUNT_TYPE_ID BIGINT NOT NULL, MEMBER_ID BIGINT NOT NULL, AMOUNT BIGINT NOT NULL, TX_DATE DATE NOT NULL, PRIMARY KEY (TX_ID) CONSTRAINT FK_ACCOUNT_TYPE_ID FOREIGN KEY (ACCOUNT_TYPE_ID) REFERENCES VITRSA_SANDBOX.DEMO_ACCOUNT_TYPE (ACCOUNT_TYPE_ID) ); nested exception is org.h2.jdbc.JdbcSQLSyntaxErrorException: Syntax error in SQL statement "CREATE TABLE VITRSA_SANDBOX.DEMO_ACCOUNT_TX ( TX_ID BIGINT NOT NULL, ACCOUNT_TYPE_ID BIGINT NOT NULL, MEMBER_ID BIGINT NOT NULL, AMOUNT BIGINT NOT NULL, TX_DATE DATE NOT NULL, PRIMARY KEY (TX_ID) CONSTRAINT[*] FK_ACCOUNT_TYPE_ID FOREIGN KEY (ACCOUNT_TYPE_ID) REFERENCES VITRSA_SANDBOX.DEMO_ACCOUNT_TYPE (ACCOUNT_TYPE_ID) )"; expected "INDEX, ,, )"; SQL statement:
CREATE TABLE VITRSA_SANDBOX.DEMO_ACCOUNT_TX ( TX_ID BIGINT NOT NULL, ACCOUNT_TYPE_ID BIGINT NOT NULL, MEMBER_ID BIGINT NOT NULL, AMOUNT BIGINT NOT NULL, TX_DATE DATE NOT NULL, PRIMARY KEY (TX_ID) CONSTRAINT FK_ACCOUNT_TYPE_ID FOREIGN KEY (ACCOUNT_TYPE_ID) REFERENCES VITRSA_SANDBOX.DEMO_ACCOUNT_TYPE (ACCOUNT_TYPE_ID) ) [42001-199]
2021-09-22 15:33:23.148  INFO 5696 --- [           main] ConditionEvaluationReportLoggingListener : 

Error starting ApplicationContext. To display the conditions report re-run your application with 'debug' enabled.
2021-09-22 15:33:23.150 ERROR 5696 --- [           main] o.s.boot.SpringApplication               : Application run failed

org.springframework.beans.factory.UnsatisfiedDependencyException: Error creating bean with name 'org.springframework.boot.autoconfigure.orm.jpa.HibernateJpaConfiguration': Unsatisfied dependency expressed through constructor parameter 0; nested exception is org.springframework.beans.factory.BeanCreationException: Error creating bean with name 'dataSource': Post-processing of FactoryBean's singleton object failed; nested exception is org.springframework.beans.factory.BeanCreationException: Error creating bean with name 'org.springframework.boot.autoconfigure.jdbc.DataSourceInitializerInvoker': Invocation of init method failed; nested exception is org.springframework.jdbc.datasource.init.ScriptStatementFailedException: Failed to execute SQL script statement #4 of URL [file:/C:/Users/naude/Desktop/IT%20Dev/Project1/AccountSystemRepository/target/test-classes/schema.sql]: CREATE TABLE VITRSA_SANDBOX.DEMO_ACCOUNT_TX ( TX_ID BIGINT NOT NULL, ACCOUNT_TYPE_ID BIGINT NOT NULL, MEMBER_ID BIGINT NOT NULL, AMOUNT BIGINT NOT NULL, TX_DATE DATE NOT NULL, PRIMARY KEY (TX_ID) CONSTRAINT FK_ACCOUNT_TYPE_ID FOREIGN KEY (ACCOUNT_TYPE_ID) REFERENCES VITRSA_SANDBOX.DEMO_ACCOUNT_TYPE (ACCOUNT_TYPE_ID) ); nested exception is org.h2.jdbc.JdbcSQLSyntaxErrorException: Syntax error in SQL statement "CREATE TABLE VITRSA_SANDBOX.DEMO_ACCOUNT_TX ( TX_ID BIGINT NOT NULL, ACCOUNT_TYPE_ID BIGINT NOT NULL, MEMBER_ID BIGINT NOT NULL, AMOUNT BIGINT NOT NULL, TX_DATE DATE NOT NULL, PRIMARY KEY (TX_ID) CONSTRAINT[*] FK_ACCOUNT_TYPE_ID FOREIGN KEY (ACCOUNT_TYPE_ID) REFERENCES VITRSA_SANDBOX.DEMO_ACCOUNT_TYPE (ACCOUNT_TYPE_ID) )"; expected "INDEX, ,, )"; SQL statement:
CREATE TABLE VITRSA_SANDBOX.DEMO_ACCOUNT_TX ( TX_ID BIGINT NOT NULL, ACCOUNT_TYPE_ID BIGINT NOT NULL, MEMBER_ID BIGINT NOT NULL, AMOUNT BIGINT NOT NULL, TX_DATE DATE NOT NULL, PRIMARY KEY (TX_ID) CONSTRAINT FK_ACCOUNT_TYPE_ID FOREIGN KEY (ACCOUNT_TYPE_ID) REFERENCES VITRSA_SANDBOX.DEMO_ACCOUNT_TYPE (ACCOUNT_TYPE_ID) ) [42001-199]
	at org.springframework.beans.factory.support.ConstructorResolver.createArgumentArray(ConstructorResolver.java:769) ~[spring-beans-5.1.8.RELEASE.jar:5.1.8.RELEASE]
	at org.springframework.beans.factory.support.ConstructorResolver.autowireConstructor(ConstructorResolver.java:218) ~[spring-beans-5.1.8.RELEASE.jar:5.1.8.RELEASE]
	at org.springframework.beans.factory.support.AbstractAutowireCapableBeanFactory.autowireConstructor(AbstractAutowireCapableBeanFactory.java:1341) ~[spring-beans-5.1.8.RELEASE.jar:5.1.8.RELEASE]
	at org.springframework.beans.factory.support.AbstractAutowireCapableBeanFactory.createBeanInstance(AbstractAutowireCapableBeanFactory.java:1187) ~[spring-beans-5.1.8.RELEASE.jar:5.1.8.RELEASE]
	at org.springframework.beans.factory.support.AbstractAutowireCapableBeanFactory.doCreateBean(AbstractAutowireCapableBeanFactory.java:555) ~[spring-beans-5.1.8.RELEASE.jar:5.1.8.RELEASE]
	at org.springframework.beans.factory.support.AbstractAutowireCapableBeanFactory.createBean(AbstractAutowireCapableBeanFactory.java:515) ~[spring-beans-5.1.8.RELEASE.jar:5.1.8.RELEASE]
	at org.springframework.beans.factory.support.AbstractBeanFactory.lambda$doGetBean$0(AbstractBeanFactory.java:320) ~[spring-beans-5.1.8.RELEASE.jar:5.1.8.RELEASE]
	at org.springframework.beans.factory.support.DefaultSingletonBeanRegistry.getSingleton(DefaultSingletonBeanRegistry.java:222) ~[spring-beans-5.1.8.RELEASE.jar:5.1.8.RELEASE]
	at org.springframework.beans.factory.support.AbstractBeanFactory.doGetBean(AbstractBeanFactory.java:318) ~[spring-beans-5.1.8.RELEASE.jar:5.1.8.RELEASE]
	at org.springframework.beans.factory.support.AbstractBeanFactory.getBean(AbstractBeanFactory.java:199) ~[spring-beans-5.1.8.RELEASE.jar:5.1.8.RELEASE]
	at org.springframework.beans.factory.support.ConstructorResolver.instantiateUsingFactoryMethod(ConstructorResolver.java:392) ~[spring-beans-5.1.8.RELEASE.jar:5.1.8.RELEASE]
	at org.springframework.beans.factory.support.AbstractAutowireCapableBeanFactory.instantiateUsingFactoryMethod(AbstractAutowireCapableBeanFactory.java:1321) ~[spring-beans-5.1.8.RELEASE.jar:5.1.8.RELEASE]
	at org.springframework.beans.factory.support.AbstractAutowireCapableBeanFactory.createBeanInstance(AbstractAutowireCapableBeanFactory.java:1160) ~[spring-beans-5.1.8.RELEASE.jar:5.1.8.RELEASE]
	at org.springframework.beans.factory.support.AbstractAutowireCapableBeanFactory.doCreateBean(AbstractAutowireCapableBeanFactory.java:555) ~[spring-beans-5.1.8.RELEASE.jar:5.1.8.RELEASE]
	at org.springframework.beans.factory.support.AbstractAutowireCapableBeanFactory.createBean(AbstractAutowireCapableBeanFactory.java:515) ~[spring-beans-5.1.8.RELEASE.jar:5.1.8.RELEASE]
	at org.springframework.beans.factory.support.AbstractBeanFactory.lambda$doGetBean$0(AbstractBeanFactory.java:320) ~[spring-beans-5.1.8.RELEASE.jar:5.1.8.RELEASE]
	at org.springframework.beans.factory.support.DefaultSingletonBeanRegistry.getSingleton(DefaultSingletonBeanRegistry.java:222) ~[spring-beans-5.1.8.RELEASE.jar:5.1.8.RELEASE]
	at org.springframework.beans.factory.support.AbstractBeanFactory.doGetBean(AbstractBeanFactory.java:318) ~[spring-beans-5.1.8.RELEASE.jar:5.1.8.RELEASE]
	at org.springframework.beans.factory.support.AbstractBeanFactory.getBean(AbstractBeanFactory.java:199) ~[spring-beans-5.1.8.RELEASE.jar:5.1.8.RELEASE]
	at org.springframework.context.support.AbstractApplicationContext.getBean(AbstractApplicationContext.java:1105) ~[spring-context-5.1.8.RELEASE.jar:5.1.8.RELEASE]
	at org.springframework.context.support.AbstractApplicationContext.finishBeanFactoryInitialization(AbstractApplicationContext.java:867) ~[spring-context-5.1.8.RELEASE.jar:5.1.8.RELEASE]
	at org.springframework.context.support.AbstractApplicationContext.refresh(AbstractApplicationContext.java:549) ~[spring-context-5.1.8.RELEASE.jar:5.1.8.RELEASE]
	at org.springframework.boot.SpringApplication.refresh(SpringApplication.java:742) ~[spring-boot-2.1.6.RELEASE.jar:2.1.6.RELEASE]
	at org.springframework.boot.SpringApplication.refreshContext(SpringApplication.java:389) ~[spring-boot-2.1.6.RELEASE.jar:2.1.6.RELEASE]
	at org.springframework.boot.SpringApplication.run(SpringApplication.java:311) ~[spring-boot-2.1.6.RELEASE.jar:2.1.6.RELEASE]
	at org.springframework.boot.test.context.SpringBootContextLoader.loadContext(SpringBootContextLoader.java:119) ~[spring-boot-test-2.1.6.RELEASE.jar:2.1.6.RELEASE]
	at org.springframework.test.context.cache.DefaultCacheAwareContextLoaderDelegate.loadContextInternal(DefaultCacheAwareContextLoaderDelegate.java:99) ~[spring-test-5.1.8.RELEASE.jar:5.1.8.RELEASE]
	at org.springframework.test.context.cache.DefaultCacheAwareContextLoaderDelegate.loadContext(DefaultCacheAwareContextLoaderDelegate.java:117) ~[spring-test-5.1.8.RELEASE.jar:5.1.8.RELEASE]
	at org.springframework.test.context.support.DefaultTestContext.getApplicationContext(DefaultTestContext.java:108) ~[spring-test-5.1.8.RELEASE.jar:5.1.8.RELEASE]
	at org.springframework.test.context.support.DependencyInjectionTestExecutionListener.injectDependencies(DependencyInjectionTestExecutionListener.java:118) ~[spring-test-5.1.8.RELEASE.jar:5.1.8.RELEASE]
	at org.springframework.test.context.support.DependencyInjectionTestExecutionListener.prepareTestInstance(DependencyInjectionTestExecutionListener.java:83) ~[spring-test-5.1.8.RELEASE.jar:5.1.8.RELEASE]
	at org.springframework.boot.test.autoconfigure.SpringBootDependencyInjectionTestExecutionListener.prepareTestInstance(SpringBootDependencyInjectionTestExecutionListener.java:43) ~[spring-boot-test-autoconfigure-2.1.6.RELEASE.jar:2.1.6.RELEASE]
	at org.springframework.test.context.TestContextManager.prepareTestInstance(TestContextManager.java:246) ~[spring-test-5.1.8.RELEASE.jar:5.1.8.RELEASE]
	at org.springframework.test.context.junit4.SpringJUnit4ClassRunner.createTest(SpringJUnit4ClassRunner.java:227) ~[spring-test-5.1.8.RELEASE.jar:5.1.8.RELEASE]
	at org.springframework.test.context.junit4.SpringJUnit4ClassRunner$1.runReflectiveCall(SpringJUnit4ClassRunner.java:289) ~[spring-test-5.1.8.RELEASE.jar:5.1.8.RELEASE]
	at org.junit.internal.runners.model.ReflectiveCallable.run(ReflectiveCallable.java:12) ~[junit-4.12.jar:4.12]
	at org.springframework.test.context.junit4.SpringJUnit4ClassRunner.methodBlock(SpringJUnit4ClassRunner.java:291) ~[spring-test-5.1.8.RELEASE.jar:5.1.8.RELEASE]
	at org.springframework.test.context.junit4.SpringJUnit4ClassRunner.runChild(SpringJUnit4ClassRunner.java:246) ~[spring-test-5.1.8.RELEASE.jar:5.1.8.RELEASE]
	at org.springframework.test.context.junit4.SpringJUnit4ClassRunner.runChild(SpringJUnit4ClassRunner.java:97) ~[spring-test-5.1.8.RELEASE.jar:5.1.8.RELEASE]
	at org.junit.runners.ParentRunner$3.run(ParentRunner.java:290) ~[junit-4.12.jar:4.12]
	at org.junit.runners.ParentRunner$1.schedule(ParentRunner.java:71) ~[junit-4.12.jar:4.12]
	at org.junit.runners.ParentRunner.runChildren(ParentRunner.java:288) ~[junit-4.12.jar:4.12]
	at org.junit.runners.ParentRunner.access$000(ParentRunner.java:58) ~[junit-4.12.jar:4.12]
	at org.junit.runners.ParentRunner$2.evaluate(ParentRunner.java:268) ~[junit-4.12.jar:4.12]
	at org.springframework.test.context.junit4.statements.RunBeforeTestClassCallbacks.evaluate(RunBeforeTestClassCallbacks.java:61) ~[spring-test-5.1.8.RELEASE.jar:5.1.8.RELEASE]
	at org.springframework.test.context.junit4.statements.RunAfterTestClassCallbacks.evaluate(RunAfterTestClassCallbacks.java:70) ~[spring-test-5.1.8.RELEASE.jar:5.1.8.RELEASE]
	at org.junit.runners.ParentRunner.run(ParentRunner.java:363) ~[junit-4.12.jar:4.12]
	at org.springframework.test.context.junit4.SpringJUnit4ClassRunner.run(SpringJUnit4ClassRunner.java:190) ~[spring-test-5.1.8.RELEASE.jar:5.1.8.RELEASE]
	at org.apache.maven.surefire.junit4.JUnit4Provider.execute(JUnit4Provider.java:365) ~[surefire-junit4-2.22.2.jar:2.22.2]
	at org.apache.maven.surefire.junit4.JUnit4Provider.executeWithRerun(JUnit4Provider.java:273) ~[surefire-junit4-2.22.2.jar:2.22.2]
	at org.apache.maven.surefire.junit4.JUnit4Provider.executeTestSet(JUnit4Provider.java:238) ~[surefire-junit4-2.22.2.jar:2.22.2]
	at org.apache.maven.surefire.junit4.JUnit4Provider.invoke(JUnit4Provider.java:159) ~[surefire-junit4-2.22.2.jar:2.22.2]
	at org.apache.maven.surefire.booter.ForkedBooter.invokeProviderInSameClassLoader(ForkedBooter.java:384) ~[surefire-booter-2.22.2.jar:2.22.2]
	at org.apache.maven.surefire.booter.ForkedBooter.runSuitesInProcess(ForkedBooter.java:345) ~[surefire-booter-2.22.2.jar:2.22.2]
	at org.apache.maven.surefire.booter.ForkedBooter.execute(ForkedBooter.java:126) ~[surefire-booter-2.22.2.jar:2.22.2]
	at org.apache.maven.surefire.booter.ForkedBooter.main(ForkedBooter.java:418) ~[surefire-booter-2.22.2.jar:2.22.2]
Caused by: org.springframework.beans.factory.BeanCreationException: Error creating bean with name 'dataSource': Post-processing of FactoryBean's singleton object failed; nested exception is org.springframework.beans.factory.BeanCreationException: Error creating bean with name 'org.springframework.boot.autoconfigure.jdbc.DataSourceInitializerInvoker': Invocation of init method failed; nested exception is org.springframework.jdbc.datasource.init.ScriptStatementFailedException: Failed to execute SQL script statement #4 of URL [file:/C:/Users/naude/Desktop/IT%20Dev/Project1/AccountSystemRepository/target/test-classes/schema.sql]: CREATE TABLE VITRSA_SANDBOX.DEMO_ACCOUNT_TX ( TX_ID BIGINT NOT NULL, ACCOUNT_TYPE_ID BIGINT NOT NULL, MEMBER_ID BIGINT NOT NULL, AMOUNT BIGINT NOT NULL, TX_DATE DATE NOT NULL, PRIMARY KEY (TX_ID) CONSTRAINT FK_ACCOUNT_TYPE_ID FOREIGN KEY (ACCOUNT_TYPE_ID) REFERENCES VITRSA_SANDBOX.DEMO_ACCOUNT_TYPE (ACCOUNT_TYPE_ID) ); nested exception is org.h2.jdbc.JdbcSQLSyntaxErrorException: Syntax error in SQL statement "CREATE TABLE VITRSA_SANDBOX.DEMO_ACCOUNT_TX ( TX_ID BIGINT NOT NULL, ACCOUNT_TYPE_ID BIGINT NOT NULL, MEMBER_ID BIGINT NOT NULL, AMOUNT BIGINT NOT NULL, TX_DATE DATE NOT NULL, PRIMARY KEY (TX_ID) CONSTRAINT[*] FK_ACCOUNT_TYPE_ID FOREIGN KEY (ACCOUNT_TYPE_ID) REFERENCES VITRSA_SANDBOX.DEMO_ACCOUNT_TYPE (ACCOUNT_TYPE_ID) )"; expected "INDEX, ,, )"; SQL statement:
CREATE TABLE VITRSA_SANDBOX.DEMO_ACCOUNT_TX ( TX_ID BIGINT NOT NULL, ACCOUNT_TYPE_ID BIGINT NOT NULL, MEMBER_ID BIGINT NOT NULL, AMOUNT BIGINT NOT NULL, TX_DATE DATE NOT NULL, PRIMARY KEY (TX_ID) CONSTRAINT FK_ACCOUNT_TYPE_ID FOREIGN KEY (ACCOUNT_TYPE_ID) REFERENCES VITRSA_SANDBOX.DEMO_ACCOUNT_TYPE (ACCOUNT_TYPE_ID) ) [42001-199]
	at org.springframework.beans.factory.support.FactoryBeanRegistrySupport.getObjectFromFactoryBean(FactoryBeanRegistrySupport.java:119) ~[spring-beans-5.1.8.RELEASE.jar:5.1.8.RELEASE]
	at org.springframework.beans.factory.support.AbstractBeanFactory.getObjectForBeanInstance(AbstractBeanFactory.java:1674) ~[spring-beans-5.1.8.RELEASE.jar:5.1.8.RELEASE]
	at org.springframework.beans.factory.support.AbstractAutowireCapableBeanFactory.getObjectForBeanInstance(AbstractAutowireCapableBeanFactory.java:1249) ~[spring-beans-5.1.8.RELEASE.jar:5.1.8.RELEASE]
	at org.springframework.beans.factory.support.AbstractBeanFactory.doGetBean(AbstractBeanFactory.java:330) ~[spring-beans-5.1.8.RELEASE.jar:5.1.8.RELEASE]
	at org.springframework.beans.factory.support.AbstractBeanFactory.getBean(AbstractBeanFactory.java:199) ~[spring-beans-5.1.8.RELEASE.jar:5.1.8.RELEASE]
	at org.springframework.beans.factory.config.DependencyDescriptor.resolveCandidate(DependencyDescriptor.java:277) ~[spring-beans-5.1.8.RELEASE.jar:5.1.8.RELEASE]
	at org.springframework.beans.factory.support.DefaultListableBeanFactory.doResolveDependency(DefaultListableBeanFactory.java:1251) ~[spring-beans-5.1.8.RELEASE.jar:5.1.8.RELEASE]
	at org.springframework.beans.factory.support.DefaultListableBeanFactory.resolveDependency(DefaultListableBeanFactory.java:1171) ~[spring-beans-5.1.8.RELEASE.jar:5.1.8.RELEASE]
	at org.springframework.beans.factory.support.ConstructorResolver.resolveAutowiredArgument(ConstructorResolver.java:857) ~[spring-beans-5.1.8.RELEASE.jar:5.1.8.RELEASE]
	at org.springframework.beans.factory.support.ConstructorResolver.createArgumentArray(ConstructorResolver.java:760) ~[spring-beans-5.1.8.RELEASE.jar:5.1.8.RELEASE]
	... 55 common frames omitted
Caused by: org.springframework.beans.factory.BeanCreationException: Error creating bean with name 'org.springframework.boot.autoconfigure.jdbc.DataSourceInitializerInvoker': Invocation of init method failed; nested exception is org.springframework.jdbc.datasource.init.ScriptStatementFailedException: Failed to execute SQL script statement #4 of URL [file:/C:/Users/naude/Desktop/IT%20Dev/Project1/AccountSystemRepository/target/test-classes/schema.sql]: CREATE TABLE VITRSA_SANDBOX.DEMO_ACCOUNT_TX ( TX_ID BIGINT NOT NULL, ACCOUNT_TYPE_ID BIGINT NOT NULL, MEMBER_ID BIGINT NOT NULL, AMOUNT BIGINT NOT NULL, TX_DATE DATE NOT NULL, PRIMARY KEY (TX_ID) CONSTRAINT FK_ACCOUNT_TYPE_ID FOREIGN KEY (ACCOUNT_TYPE_ID) REFERENCES VITRSA_SANDBOX.DEMO_ACCOUNT_TYPE (ACCOUNT_TYPE_ID) ); nested exception is org.h2.jdbc.JdbcSQLSyntaxErrorException: Syntax error in SQL statement "CREATE TABLE VITRSA_SANDBOX.DEMO_ACCOUNT_TX ( TX_ID BIGINT NOT NULL, ACCOUNT_TYPE_ID BIGINT NOT NULL, MEMBER_ID BIGINT NOT NULL, AMOUNT BIGINT NOT NULL, TX_DATE DATE NOT NULL, PRIMARY KEY (TX_ID) CONSTRAINT[*] FK_ACCOUNT_TYPE_ID FOREIGN KEY (ACCOUNT_TYPE_ID) REFERENCES VITRSA_SANDBOX.DEMO_ACCOUNT_TYPE (ACCOUNT_TYPE_ID) )"; expected "INDEX, ,, )"; SQL statement:
CREATE TABLE VITRSA_SANDBOX.DEMO_ACCOUNT_TX ( TX_ID BIGINT NOT NULL, ACCOUNT_TYPE_ID BIGINT NOT NULL, MEMBER_ID BIGINT NOT NULL, AMOUNT BIGINT NOT NULL, TX_DATE DATE NOT NULL, PRIMARY KEY (TX_ID) CONSTRAINT FK_ACCOUNT_TYPE_ID FOREIGN KEY (ACCOUNT_TYPE_ID) REFERENCES VITRSA_SANDBOX.DEMO_ACCOUNT_TYPE (ACCOUNT_TYPE_ID) ) [42001-199]
	at org.springframework.beans.factory.support.AbstractAutowireCapableBeanFactory.initializeBean(AbstractAutowireCapableBeanFactory.java:1778) ~[spring-beans-5.1.8.RELEASE.jar:5.1.8.RELEASE]
	at org.springframework.beans.factory.support.AbstractAutowireCapableBeanFactory.doCreateBean(AbstractAutowireCapableBeanFactory.java:593) ~[spring-beans-5.1.8.RELEASE.jar:5.1.8.RELEASE]
	at org.springframework.beans.factory.support.AbstractAutowireCapableBeanFactory.createBean(AbstractAutowireCapableBeanFactory.java:515) ~[spring-beans-5.1.8.RELEASE.jar:5.1.8.RELEASE]
	at org.springframework.beans.factory.support.AbstractBeanFactory.lambda$doGetBean$0(AbstractBeanFactory.java:320) ~[spring-beans-5.1.8.RELEASE.jar:5.1.8.RELEASE]
	at org.springframework.beans.factory.support.DefaultSingletonBeanRegistry.getSingleton(DefaultSingletonBeanRegistry.java:222) ~[spring-beans-5.1.8.RELEASE.jar:5.1.8.RELEASE]
	at org.springframework.beans.factory.support.AbstractBeanFactory.doGetBean(AbstractBeanFactory.java:318) ~[spring-beans-5.1.8.RELEASE.jar:5.1.8.RELEASE]
	at org.springframework.beans.factory.support.AbstractBeanFactory.getBean(AbstractBeanFactory.java:224) ~[spring-beans-5.1.8.RELEASE.jar:5.1.8.RELEASE]
	at org.springframework.beans.factory.support.DefaultListableBeanFactory.resolveNamedBean(DefaultListableBeanFactory.java:1119) ~[spring-beans-5.1.8.RELEASE.jar:5.1.8.RELEASE]
	at org.springframework.beans.factory.support.DefaultListableBeanFactory.resolveBean(DefaultListableBeanFactory.java:411) ~[spring-beans-5.1.8.RELEASE.jar:5.1.8.RELEASE]
	at org.springframework.beans.factory.support.DefaultListableBeanFactory.getBean(DefaultListableBeanFactory.java:344) ~[spring-beans-5.1.8.RELEASE.jar:5.1.8.RELEASE]
	at org.springframework.beans.factory.support.DefaultListableBeanFactory.getBean(DefaultListableBeanFactory.java:337) ~[spring-beans-5.1.8.RELEASE.jar:5.1.8.RELEASE]
	at org.springframework.boot.autoconfigure.jdbc.DataSourceInitializerPostProcessor.postProcessAfterInitialization(DataSourceInitializerPostProcessor.java:53) ~[spring-boot-autoconfigure-2.1.6.RELEASE.jar:2.1.6.RELEASE]
	at org.springframework.beans.factory.support.AbstractAutowireCapableBeanFactory.applyBeanPostProcessorsAfterInitialization(AbstractAutowireCapableBeanFactory.java:429) ~[spring-beans-5.1.8.RELEASE.jar:5.1.8.RELEASE]
	at org.springframework.beans.factory.support.AbstractAutowireCapableBeanFactory.postProcessObjectFromFactoryBean(AbstractAutowireCapableBeanFactory.java:1921) ~[spring-beans-5.1.8.RELEASE.jar:5.1.8.RELEASE]
	at org.springframework.beans.factory.support.FactoryBeanRegistrySupport.getObjectFromFactoryBean(FactoryBeanRegistrySupport.java:116) ~[spring-beans-5.1.8.RELEASE.jar:5.1.8.RELEASE]
	... 64 common frames omitted
Caused by: org.springframework.jdbc.datasource.init.ScriptStatementFailedException: Failed to execute SQL script statement #4 of URL [file:/C:/Users/naude/Desktop/IT%20Dev/Project1/AccountSystemRepository/target/test-classes/schema.sql]: CREATE TABLE VITRSA_SANDBOX.DEMO_ACCOUNT_TX ( TX_ID BIGINT NOT NULL, ACCOUNT_TYPE_ID BIGINT NOT NULL, MEMBER_ID BIGINT NOT NULL, AMOUNT BIGINT NOT NULL, TX_DATE DATE NOT NULL, PRIMARY KEY (TX_ID) CONSTRAINT FK_ACCOUNT_TYPE_ID FOREIGN KEY (ACCOUNT_TYPE_ID) REFERENCES VITRSA_SANDBOX.DEMO_ACCOUNT_TYPE (ACCOUNT_TYPE_ID) ); nested exception is org.h2.jdbc.JdbcSQLSyntaxErrorException: Syntax error in SQL statement "CREATE TABLE VITRSA_SANDBOX.DEMO_ACCOUNT_TX ( TX_ID BIGINT NOT NULL, ACCOUNT_TYPE_ID BIGINT NOT NULL, MEMBER_ID BIGINT NOT NULL, AMOUNT BIGINT NOT NULL, TX_DATE DATE NOT NULL, PRIMARY KEY (TX_ID) CONSTRAINT[*] FK_ACCOUNT_TYPE_ID FOREIGN KEY (ACCOUNT_TYPE_ID) REFERENCES VITRSA_SANDBOX.DEMO_ACCOUNT_TYPE (ACCOUNT_TYPE_ID) )"; expected "INDEX, ,, )"; SQL statement:
CREATE TABLE VITRSA_SANDBOX.DEMO_ACCOUNT_TX ( TX_ID BIGINT NOT NULL, ACCOUNT_TYPE_ID BIGINT NOT NULL, MEMBER_ID BIGINT NOT NULL, AMOUNT BIGINT NOT NULL, TX_DATE DATE NOT NULL, PRIMARY KEY (TX_ID) CONSTRAINT FK_ACCOUNT_TYPE_ID FOREIGN KEY (ACCOUNT_TYPE_ID) REFERENCES VITRSA_SANDBOX.DEMO_ACCOUNT_TYPE (ACCOUNT_TYPE_ID) ) [42001-199]
	at org.springframework.jdbc.datasource.init.ScriptUtils.executeSqlScript(ScriptUtils.java:509) ~[spring-jdbc-5.1.8.RELEASE.jar:5.1.8.RELEASE]
	at org.springframework.jdbc.datasource.init.ResourceDatabasePopulator.populate(ResourceDatabasePopulator.java:238) ~[spring-jdbc-5.1.8.RELEASE.jar:5.1.8.RELEASE]
	at org.springframework.jdbc.datasource.init.DatabasePopulatorUtils.execute(DatabasePopulatorUtils.java:48) ~[spring-jdbc-5.1.8.RELEASE.jar:5.1.8.RELEASE]
	at org.springframework.boot.autoconfigure.jdbc.DataSourceInitializer.runScripts(DataSourceInitializer.java:202) ~[spring-boot-autoconfigure-2.1.6.RELEASE.jar:2.1.6.RELEASE]
	at org.springframework.boot.autoconfigure.jdbc.DataSourceInitializer.createSchema(DataSourceInitializer.java:101) ~[spring-boot-autoconfigure-2.1.6.RELEASE.jar:2.1.6.RELEASE]
	at org.springframework.boot.autoconfigure.jdbc.DataSourceInitializerInvoker.afterPropertiesSet(DataSourceInitializerInvoker.java:62) ~[spring-boot-autoconfigure-2.1.6.RELEASE.jar:2.1.6.RELEASE]
	at org.springframework.beans.factory.support.AbstractAutowireCapableBeanFactory.invokeInitMethods(AbstractAutowireCapableBeanFactory.java:1837) ~[spring-beans-5.1.8.RELEASE.jar:5.1.8.RELEASE]
	at org.springframework.beans.factory.support.AbstractAutowireCapableBeanFactory.initializeBean(AbstractAutowireCapableBeanFactory.java:1774) ~[spring-beans-5.1.8.RELEASE.jar:5.1.8.RELEASE]
	... 78 common frames omitted
Caused by: org.h2.jdbc.JdbcSQLSyntaxErrorException: Syntax error in SQL statement "CREATE TABLE VITRSA_SANDBOX.DEMO_ACCOUNT_TX ( TX_ID BIGINT NOT NULL, ACCOUNT_TYPE_ID BIGINT NOT NULL, MEMBER_ID BIGINT NOT NULL, AMOUNT BIGINT NOT NULL, TX_DATE DATE NOT NULL, PRIMARY KEY (TX_ID) CONSTRAINT[*] FK_ACCOUNT_TYPE_ID FOREIGN KEY (ACCOUNT_TYPE_ID) REFERENCES VITRSA_SANDBOX.DEMO_ACCOUNT_TYPE (ACCOUNT_TYPE_ID) )"; expected "INDEX, ,, )"; SQL statement:
CREATE TABLE VITRSA_SANDBOX.DEMO_ACCOUNT_TX ( TX_ID BIGINT NOT NULL, ACCOUNT_TYPE_ID BIGINT NOT NULL, MEMBER_ID BIGINT NOT NULL, AMOUNT BIGINT NOT NULL, TX_DATE DATE NOT NULL, PRIMARY KEY (TX_ID) CONSTRAINT FK_ACCOUNT_TYPE_ID FOREIGN KEY (ACCOUNT_TYPE_ID) REFERENCES VITRSA_SANDBOX.DEMO_ACCOUNT_TYPE (ACCOUNT_TYPE_ID) ) [42001-199]
	at org.h2.message.DbException.getJdbcSQLException(DbException.java:451) ~[h2-1.4.199.jar:1.4.199]
	at org.h2.message.DbException.getJdbcSQLException(DbException.java:427) ~[h2-1.4.199.jar:1.4.199]
	at org.h2.message.DbException.getSyntaxError(DbException.java:243) ~[h2-1.4.199.jar:1.4.199]
	at org.h2.command.Parser.getSyntaxError(Parser.java:991) ~[h2-1.4.199.jar:1.4.199]
	at org.h2.command.Parser.read(Parser.java:4549) ~[h2-1.4.199.jar:1.4.199]
	at org.h2.command.Parser.readIfMore(Parser.java:1391) ~[h2-1.4.199.jar:1.4.199]
	at org.h2.command.Parser.parseCreateTable(Parser.java:7833) ~[h2-1.4.199.jar:1.4.199]
	at org.h2.command.Parser.parseCreate(Parser.java:5818) ~[h2-1.4.199.jar:1.4.199]
	at org.h2.command.Parser.parsePrepared(Parser.java:846) ~[h2-1.4.199.jar:1.4.199]
	at org.h2.command.Parser.parse(Parser.java:788) ~[h2-1.4.199.jar:1.4.199]
	at org.h2.command.Parser.parse(Parser.java:764) ~[h2-1.4.199.jar:1.4.199]
	at org.h2.command.Parser.prepareCommand(Parser.java:683) ~[h2-1.4.199.jar:1.4.199]
	at org.h2.engine.Session.prepareLocal(Session.java:627) ~[h2-1.4.199.jar:1.4.199]
	at org.h2.engine.Session.prepareCommand(Session.java:565) ~[h2-1.4.199.jar:1.4.199]
	at org.h2.jdbc.JdbcConnection.prepareCommand(JdbcConnection.java:1292) ~[h2-1.4.199.jar:1.4.199]
	at org.h2.jdbc.JdbcStatement.executeInternal(JdbcStatement.java:217) ~[h2-1.4.199.jar:1.4.199]
	at org.h2.jdbc.JdbcStatement.execute(JdbcStatement.java:205) ~[h2-1.4.199.jar:1.4.199]
	at org.springframework.jdbc.datasource.init.ScriptUtils.executeSqlScript(ScriptUtils.java:488) ~[spring-jdbc-5.1.8.RELEASE.jar:5.1.8.RELEASE]
	... 85 common frames omitted


  .   ____          _            __ _ _
 /\\ / ___'_ __ _ _(_)_ __  __ _ \ \ \ \
( ( )\___ | '_ | '_| | '_ \/ _` | \ \ \ \
 \\/  ___)| |_)| | | | | || (_| |  ) ) ) )
  '  |____| .__|_| |_|_| |_\__, | / / / /
 =========|_|==============|___/=/_/_/_/
 :: Spring Boot ::        (v2.1.6.RELEASE)

2021-09-22 15:33:23.209  INFO 5696 --- [           main] z.a.n.a.r.p.AccountTypeRepositoryTest    : Starting AccountTypeRepositoryTest on DESKTOP-074OGOO with PID 5696 (started by naude in C:\Users\naude\Desktop\IT Dev\Project1\AccountSystemRepository)
2021-09-22 15:33:23.211  INFO 5696 --- [           main] z.a.n.a.r.p.AccountTypeRepositoryTest    : No active profile set, falling back to default profiles: default
2021-09-22 15:33:23.381  INFO 5696 --- [           main] .s.d.r.c.RepositoryConfigurationDelegate : Bootstrapping Spring Data repositories in DEFAULT mode.
2021-09-22 15:33:23.400  INFO 5696 --- [           main] .s.d.r.c.RepositoryConfigurationDelegate : Finished Spring Data repository scanning in 19ms. Found 1 repository interfaces.
2021-09-22 15:33:23.447  INFO 5696 --- [           main] beddedDataSourceBeanFactoryPostProcessor : Replacing 'dataSource' DataSource bean with embedded version
2021-09-22 15:33:23.510  INFO 5696 --- [           main] o.s.j.d.e.EmbeddedDatabaseFactory        : Starting embedded database: url='jdbc:h2:mem:1d8c11e1-bd39-4c08-bf88-88510668142a;DB_CLOSE_DELAY=-1;DB_CLOSE_ON_EXIT=false', username='sa'
2021-09-22 15:33:23.584  WARN 5696 --- [           main] s.c.a.AnnotationConfigApplicationContext : Exception encountered during context initialization - cancelling refresh attempt: org.springframework.beans.factory.UnsatisfiedDependencyException: Error creating bean with name 'org.springframework.boot.autoconfigure.orm.jpa.HibernateJpaConfiguration': Unsatisfied dependency expressed through constructor parameter 0; nested exception is org.springframework.beans.factory.BeanCreationException: Error creating bean with name 'dataSource': Post-processing of FactoryBean's singleton object failed; nested exception is org.springframework.beans.factory.BeanCreationException: Error creating bean with name 'org.springframework.boot.autoconfigure.jdbc.DataSourceInitializerInvoker': Invocation of init method failed; nested exception is org.springframework.jdbc.datasource.init.ScriptStatementFailedException: Failed to execute SQL script statement #4 of URL [file:/C:/Users/naude/Desktop/IT%20Dev/Project1/AccountSystemRepository/target/test-classes/schema.sql]: CREATE TABLE VITRSA_SANDBOX.DEMO_ACCOUNT_TX ( TX_ID BIGINT NOT NULL, ACCOUNT_TYPE_ID BIGINT NOT NULL, MEMBER_ID BIGINT NOT NULL, AMOUNT BIGINT NOT NULL, TX_DATE DATE NOT NULL, PRIMARY KEY (TX_ID) CONSTRAINT FK_ACCOUNT_TYPE_ID FOREIGN KEY (ACCOUNT_TYPE_ID) REFERENCES VITRSA_SANDBOX.DEMO_ACCOUNT_TYPE (ACCOUNT_TYPE_ID) ); nested exception is org.h2.jdbc.JdbcSQLSyntaxErrorException: Syntax error in SQL statement "CREATE TABLE VITRSA_SANDBOX.DEMO_ACCOUNT_TX ( TX_ID BIGINT NOT NULL, ACCOUNT_TYPE_ID BIGINT NOT NULL, MEMBER_ID BIGINT NOT NULL, AMOUNT BIGINT NOT NULL, TX_DATE DATE NOT NULL, PRIMARY KEY (TX_ID) CONSTRAINT[*] FK_ACCOUNT_TYPE_ID FOREIGN KEY (ACCOUNT_TYPE_ID) REFERENCES VITRSA_SANDBOX.DEMO_ACCOUNT_TYPE (ACCOUNT_TYPE_ID) )"; expected "INDEX, ,, )"; SQL statement:
CREATE TABLE VITRSA_SANDBOX.DEMO_ACCOUNT_TX ( TX_ID BIGINT NOT NULL, ACCOUNT_TYPE_ID BIGINT NOT NULL, MEMBER_ID BIGINT NOT NULL, AMOUNT BIGINT NOT NULL, TX_DATE DATE NOT NULL, PRIMARY KEY (TX_ID) CONSTRAINT FK_ACCOUNT_TYPE_ID FOREIGN KEY (ACCOUNT_TYPE_ID) REFERENCES VITRSA_SANDBOX.DEMO_ACCOUNT_TYPE (ACCOUNT_TYPE_ID) ) [42001-199]
2021-09-22 15:33:23.587  INFO 5696 --- [           main] ConditionEvaluationReportLoggingListener : 

Error starting ApplicationContext. To display the conditions report re-run your application with 'debug' enabled.
2021-09-22 15:33:23.590 ERROR 5696 --- [           main] o.s.boot.SpringApplication               : Application run failed

org.springframework.beans.factory.UnsatisfiedDependencyException: Error creating bean with name 'org.springframework.boot.autoconfigure.orm.jpa.HibernateJpaConfiguration': Unsatisfied dependency expressed through constructor parameter 0; nested exception is org.springframework.beans.factory.BeanCreationException: Error creating bean with name 'dataSource': Post-processing of FactoryBean's singleton object failed; nested exception is org.springframework.beans.factory.BeanCreationException: Error creating bean with name 'org.springframework.boot.autoconfigure.jdbc.DataSourceInitializerInvoker': Invocation of init method failed; nested exception is org.springframework.jdbc.datasource.init.ScriptStatementFailedException: Failed to execute SQL script statement #4 of URL [file:/C:/Users/naude/Desktop/IT%20Dev/Project1/AccountSystemRepository/target/test-classes/schema.sql]: CREATE TABLE VITRSA_SANDBOX.DEMO_ACCOUNT_TX ( TX_ID BIGINT NOT NULL, ACCOUNT_TYPE_ID BIGINT NOT NULL, MEMBER_ID BIGINT NOT NULL, AMOUNT BIGINT NOT NULL, TX_DATE DATE NOT NULL, PRIMARY KEY (TX_ID) CONSTRAINT FK_ACCOUNT_TYPE_ID FOREIGN KEY (ACCOUNT_TYPE_ID) REFERENCES VITRSA_SANDBOX.DEMO_ACCOUNT_TYPE (ACCOUNT_TYPE_ID) ); nested exception is org.h2.jdbc.JdbcSQLSyntaxErrorException: Syntax error in SQL statement "CREATE TABLE VITRSA_SANDBOX.DEMO_ACCOUNT_TX ( TX_ID BIGINT NOT NULL, ACCOUNT_TYPE_ID BIGINT NOT NULL, MEMBER_ID BIGINT NOT NULL, AMOUNT BIGINT NOT NULL, TX_DATE DATE NOT NULL, PRIMARY KEY (TX_ID) CONSTRAINT[*] FK_ACCOUNT_TYPE_ID FOREIGN KEY (ACCOUNT_TYPE_ID) REFERENCES VITRSA_SANDBOX.DEMO_ACCOUNT_TYPE (ACCOUNT_TYPE_ID) )"; expected "INDEX, ,, )"; SQL statement:
CREATE TABLE VITRSA_SANDBOX.DEMO_ACCOUNT_TX ( TX_ID BIGINT NOT NULL, ACCOUNT_TYPE_ID BIGINT NOT NULL, MEMBER_ID BIGINT NOT NULL, AMOUNT BIGINT NOT NULL, TX_DATE DATE NOT NULL, PRIMARY KEY (TX_ID) CONSTRAINT FK_ACCOUNT_TYPE_ID FOREIGN KEY (ACCOUNT_TYPE_ID) REFERENCES VITRSA_SANDBOX.DEMO_ACCOUNT_TYPE (ACCOUNT_TYPE_ID) ) [42001-199]
	at org.springframework.beans.factory.support.ConstructorResolver.createArgumentArray(ConstructorResolver.java:769) ~[spring-beans-5.1.8.RELEASE.jar:5.1.8.RELEASE]
	at org.springframework.beans.factory.support.ConstructorResolver.autowireConstructor(ConstructorResolver.java:218) ~[spring-beans-5.1.8.RELEASE.jar:5.1.8.RELEASE]
	at org.springframework.beans.factory.support.AbstractAutowireCapableBeanFactory.autowireConstructor(AbstractAutowireCapableBeanFactory.java:1341) ~[spring-beans-5.1.8.RELEASE.jar:5.1.8.RELEASE]
	at org.springframework.beans.factory.support.AbstractAutowireCapableBeanFactory.createBeanInstance(AbstractAutowireCapableBeanFactory.java:1187) ~[spring-beans-5.1.8.RELEASE.jar:5.1.8.RELEASE]
	at org.springframework.beans.factory.support.AbstractAutowireCapableBeanFactory.doCreateBean(AbstractAutowireCapableBeanFactory.java:555) ~[spring-beans-5.1.8.RELEASE.jar:5.1.8.RELEASE]
	at org.springframework.beans.factory.support.AbstractAutowireCapableBeanFactory.createBean(AbstractAutowireCapableBeanFactory.java:515) ~[spring-beans-5.1.8.RELEASE.jar:5.1.8.RELEASE]
	at org.springframework.beans.factory.support.AbstractBeanFactory.lambda$doGetBean$0(AbstractBeanFactory.java:320) ~[spring-beans-5.1.8.RELEASE.jar:5.1.8.RELEASE]
	at org.springframework.beans.factory.support.DefaultSingletonBeanRegistry.getSingleton(DefaultSingletonBeanRegistry.java:222) ~[spring-beans-5.1.8.RELEASE.jar:5.1.8.RELEASE]
	at org.springframework.beans.factory.support.AbstractBeanFactory.doGetBean(AbstractBeanFactory.java:318) ~[spring-beans-5.1.8.RELEASE.jar:5.1.8.RELEASE]
	at org.springframework.beans.factory.support.AbstractBeanFactory.getBean(AbstractBeanFactory.java:199) ~[spring-beans-5.1.8.RELEASE.jar:5.1.8.RELEASE]
	at org.springframework.beans.factory.support.ConstructorResolver.instantiateUsingFactoryMethod(ConstructorResolver.java:392) ~[spring-beans-5.1.8.RELEASE.jar:5.1.8.RELEASE]
	at org.springframework.beans.factory.support.AbstractAutowireCapableBeanFactory.instantiateUsingFactoryMethod(AbstractAutowireCapableBeanFactory.java:1321) ~[spring-beans-5.1.8.RELEASE.jar:5.1.8.RELEASE]
	at org.springframework.beans.factory.support.AbstractAutowireCapableBeanFactory.createBeanInstance(AbstractAutowireCapableBeanFactory.java:1160) ~[spring-beans-5.1.8.RELEASE.jar:5.1.8.RELEASE]
	at org.springframework.beans.factory.support.AbstractAutowireCapableBeanFactory.doCreateBean(AbstractAutowireCapableBeanFactory.java:555) ~[spring-beans-5.1.8.RELEASE.jar:5.1.8.RELEASE]
	at org.springframework.beans.factory.support.AbstractAutowireCapableBeanFactory.createBean(AbstractAutowireCapableBeanFactory.java:515) ~[spring-beans-5.1.8.RELEASE.jar:5.1.8.RELEASE]
	at org.springframework.beans.factory.support.AbstractBeanFactory.lambda$doGetBean$0(AbstractBeanFactory.java:320) ~[spring-beans-5.1.8.RELEASE.jar:5.1.8.RELEASE]
	at org.springframework.beans.factory.support.DefaultSingletonBeanRegistry.getSingleton(DefaultSingletonBeanRegistry.java:222) ~[spring-beans-5.1.8.RELEASE.jar:5.1.8.RELEASE]
	at org.springframework.beans.factory.support.AbstractBeanFactory.doGetBean(AbstractBeanFactory.java:318) ~[spring-beans-5.1.8.RELEASE.jar:5.1.8.RELEASE]
	at org.springframework.beans.factory.support.AbstractBeanFactory.getBean(AbstractBeanFactory.java:199) ~[spring-beans-5.1.8.RELEASE.jar:5.1.8.RELEASE]
	at org.springframework.context.support.AbstractApplicationContext.getBean(AbstractApplicationContext.java:1105) ~[spring-context-5.1.8.RELEASE.jar:5.1.8.RELEASE]
	at org.springframework.context.support.AbstractApplicationContext.finishBeanFactoryInitialization(AbstractApplicationContext.java:867) ~[spring-context-5.1.8.RELEASE.jar:5.1.8.RELEASE]
	at org.springframework.context.support.AbstractApplicationContext.refresh(AbstractApplicationContext.java:549) ~[spring-context-5.1.8.RELEASE.jar:5.1.8.RELEASE]
	at org.springframework.boot.SpringApplication.refresh(SpringApplication.java:742) ~[spring-boot-2.1.6.RELEASE.jar:2.1.6.RELEASE]
	at org.springframework.boot.SpringApplication.refreshContext(SpringApplication.java:389) ~[spring-boot-2.1.6.RELEASE.jar:2.1.6.RELEASE]
	at org.springframework.boot.SpringApplication.run(SpringApplication.java:311) ~[spring-boot-2.1.6.RELEASE.jar:2.1.6.RELEASE]
	at org.springframework.boot.test.context.SpringBootContextLoader.loadContext(SpringBootContextLoader.java:119) ~[spring-boot-test-2.1.6.RELEASE.jar:2.1.6.RELEASE]
	at org.springframework.test.context.cache.DefaultCacheAwareContextLoaderDelegate.loadContextInternal(DefaultCacheAwareContextLoaderDelegate.java:99) ~[spring-test-5.1.8.RELEASE.jar:5.1.8.RELEASE]
	at org.springframework.test.context.cache.DefaultCacheAwareContextLoaderDelegate.loadContext(DefaultCacheAwareContextLoaderDelegate.java:117) ~[spring-test-5.1.8.RELEASE.jar:5.1.8.RELEASE]
	at org.springframework.test.context.support.DefaultTestContext.getApplicationContext(DefaultTestContext.java:108) ~[spring-test-5.1.8.RELEASE.jar:5.1.8.RELEASE]
	at org.springframework.boot.test.autoconfigure.SpringBootDependencyInjectionTestExecutionListener.outputConditionEvaluationReport(SpringBootDependencyInjectionTestExecutionListener.java:53) ~[spring-boot-test-autoconfigure-2.1.6.RELEASE.jar:2.1.6.RELEASE]
	at org.springframework.boot.test.autoconfigure.SpringBootDependencyInjectionTestExecutionListener.prepareTestInstance(SpringBootDependencyInjectionTestExecutionListener.java:46) ~[spring-boot-test-autoconfigure-2.1.6.RELEASE.jar:2.1.6.RELEASE]
	at org.springframework.test.context.TestContextManager.prepareTestInstance(TestContextManager.java:246) ~[spring-test-5.1.8.RELEASE.jar:5.1.8.RELEASE]
	at org.springframework.test.context.junit4.SpringJUnit4ClassRunner.createTest(SpringJUnit4ClassRunner.java:227) ~[spring-test-5.1.8.RELEASE.jar:5.1.8.RELEASE]
	at org.springframework.test.context.junit4.SpringJUnit4ClassRunner$1.runReflectiveCall(SpringJUnit4ClassRunner.java:289) ~[spring-test-5.1.8.RELEASE.jar:5.1.8.RELEASE]
	at org.junit.internal.runners.model.ReflectiveCallable.run(ReflectiveCallable.java:12) ~[junit-4.12.jar:4.12]
	at org.springframework.test.context.junit4.SpringJUnit4ClassRunner.methodBlock(SpringJUnit4ClassRunner.java:291) ~[spring-test-5.1.8.RELEASE.jar:5.1.8.RELEASE]
	at org.springframework.test.context.junit4.SpringJUnit4ClassRunner.runChild(SpringJUnit4ClassRunner.java:246) ~[spring-test-5.1.8.RELEASE.jar:5.1.8.RELEASE]
	at org.springframework.test.context.junit4.SpringJUnit4ClassRunner.runChild(SpringJUnit4ClassRunner.java:97) ~[spring-test-5.1.8.RELEASE.jar:5.1.8.RELEASE]
	at org.junit.runners.ParentRunner$3.run(ParentRunner.java:290) ~[junit-4.12.jar:4.12]
	at org.junit.runners.ParentRunner$1.schedule(ParentRunner.java:71) ~[junit-4.12.jar:4.12]
	at org.junit.runners.ParentRunner.runChildren(ParentRunner.java:288) ~[junit-4.12.jar:4.12]
	at org.junit.runners.ParentRunner.access$000(ParentRunner.java:58) ~[junit-4.12.jar:4.12]
	at org.junit.runners.ParentRunner$2.evaluate(ParentRunner.java:268) ~[junit-4.12.jar:4.12]
	at org.springframework.test.context.junit4.statements.RunBeforeTestClassCallbacks.evaluate(RunBeforeTestClassCallbacks.java:61) ~[spring-test-5.1.8.RELEASE.jar:5.1.8.RELEASE]
	at org.springframework.test.context.junit4.statements.RunAfterTestClassCallbacks.evaluate(RunAfterTestClassCallbacks.java:70) ~[spring-test-5.1.8.RELEASE.jar:5.1.8.RELEASE]
	at org.junit.runners.ParentRunner.run(ParentRunner.java:363) ~[junit-4.12.jar:4.12]
	at org.springframework.test.context.junit4.SpringJUnit4ClassRunner.run(SpringJUnit4ClassRunner.java:190) ~[spring-test-5.1.8.RELEASE.jar:5.1.8.RELEASE]
	at org.apache.maven.surefire.junit4.JUnit4Provider.execute(JUnit4Provider.java:365) ~[surefire-junit4-2.22.2.jar:2.22.2]
	at org.apache.maven.surefire.junit4.JUnit4Provider.executeWithRerun(JUnit4Provider.java:273) ~[surefire-junit4-2.22.2.jar:2.22.2]
	at org.apache.maven.surefire.junit4.JUnit4Provider.executeTestSet(JUnit4Provider.java:238) ~[surefire-junit4-2.22.2.jar:2.22.2]
	at org.apache.maven.surefire.junit4.JUnit4Provider.invoke(JUnit4Provider.java:159) ~[surefire-junit4-2.22.2.jar:2.22.2]
	at org.apache.maven.surefire.booter.ForkedBooter.invokeProviderInSameClassLoader(ForkedBooter.java:384) ~[surefire-booter-2.22.2.jar:2.22.2]
	at org.apache.maven.surefire.booter.ForkedBooter.runSuitesInProcess(ForkedBooter.java:345) ~[surefire-booter-2.22.2.jar:2.22.2]
	at org.apache.maven.surefire.booter.ForkedBooter.execute(ForkedBooter.java:126) ~[surefire-booter-2.22.2.jar:2.22.2]
	at org.apache.maven.surefire.booter.ForkedBooter.main(ForkedBooter.java:418) ~[surefire-booter-2.22.2.jar:2.22.2]
Caused by: org.springframework.beans.factory.BeanCreationException: Error creating bean with name 'dataSource': Post-processing of FactoryBean's singleton object failed; nested exception is org.springframework.beans.factory.BeanCreationException: Error creating bean with name 'org.springframework.boot.autoconfigure.jdbc.DataSourceInitializerInvoker': Invocation of init method failed; nested exception is org.springframework.jdbc.datasource.init.ScriptStatementFailedException: Failed to execute SQL script statement #4 of URL [file:/C:/Users/naude/Desktop/IT%20Dev/Project1/AccountSystemRepository/target/test-classes/schema.sql]: CREATE TABLE VITRSA_SANDBOX.DEMO_ACCOUNT_TX ( TX_ID BIGINT NOT NULL, ACCOUNT_TYPE_ID BIGINT NOT NULL, MEMBER_ID BIGINT NOT NULL, AMOUNT BIGINT NOT NULL, TX_DATE DATE NOT NULL, PRIMARY KEY (TX_ID) CONSTRAINT FK_ACCOUNT_TYPE_ID FOREIGN KEY (ACCOUNT_TYPE_ID) REFERENCES VITRSA_SANDBOX.DEMO_ACCOUNT_TYPE (ACCOUNT_TYPE_ID) ); nested exception is org.h2.jdbc.JdbcSQLSyntaxErrorException: Syntax error in SQL statement "CREATE TABLE VITRSA_SANDBOX.DEMO_ACCOUNT_TX ( TX_ID BIGINT NOT NULL, ACCOUNT_TYPE_ID BIGINT NOT NULL, MEMBER_ID BIGINT NOT NULL, AMOUNT BIGINT NOT NULL, TX_DATE DATE NOT NULL, PRIMARY KEY (TX_ID) CONSTRAINT[*] FK_ACCOUNT_TYPE_ID FOREIGN KEY (ACCOUNT_TYPE_ID) REFERENCES VITRSA_SANDBOX.DEMO_ACCOUNT_TYPE (ACCOUNT_TYPE_ID) )"; expected "INDEX, ,, )"; SQL statement:
CREATE TABLE VITRSA_SANDBOX.DEMO_ACCOUNT_TX ( TX_ID BIGINT NOT NULL, ACCOUNT_TYPE_ID BIGINT NOT NULL, MEMBER_ID BIGINT NOT NULL, AMOUNT BIGINT NOT NULL, TX_DATE DATE NOT NULL, PRIMARY KEY (TX_ID) CONSTRAINT FK_ACCOUNT_TYPE_ID FOREIGN KEY (ACCOUNT_TYPE_ID) REFERENCES VITRSA_SANDBOX.DEMO_ACCOUNT_TYPE (ACCOUNT_TYPE_ID) ) [42001-199]
	at org.springframework.beans.factory.support.FactoryBeanRegistrySupport.getObjectFromFactoryBean(FactoryBeanRegistrySupport.java:119) ~[spring-beans-5.1.8.RELEASE.jar:5.1.8.RELEASE]
	at org.springframework.beans.factory.support.AbstractBeanFactory.getObjectForBeanInstance(AbstractBeanFactory.java:1674) ~[spring-beans-5.1.8.RELEASE.jar:5.1.8.RELEASE]
	at org.springframework.beans.factory.support.AbstractAutowireCapableBeanFactory.getObjectForBeanInstance(AbstractAutowireCapableBeanFactory.java:1249) ~[spring-beans-5.1.8.RELEASE.jar:5.1.8.RELEASE]
	at org.springframework.beans.factory.support.AbstractBeanFactory.doGetBean(AbstractBeanFactory.java:330) ~[spring-beans-5.1.8.RELEASE.jar:5.1.8.RELEASE]
	at org.springframework.beans.factory.support.AbstractBeanFactory.getBean(AbstractBeanFactory.java:199) ~[spring-beans-5.1.8.RELEASE.jar:5.1.8.RELEASE]
	at org.springframework.beans.factory.config.DependencyDescriptor.resolveCandidate(DependencyDescriptor.java:277) ~[spring-beans-5.1.8.RELEASE.jar:5.1.8.RELEASE]
	at org.springframework.beans.factory.support.DefaultListableBeanFactory.doResolveDependency(DefaultListableBeanFactory.java:1251) ~[spring-beans-5.1.8.RELEASE.jar:5.1.8.RELEASE]
	at org.springframework.beans.factory.support.DefaultListableBeanFactory.resolveDependency(DefaultListableBeanFactory.java:1171) ~[spring-beans-5.1.8.RELEASE.jar:5.1.8.RELEASE]
	at org.springframework.beans.factory.support.ConstructorResolver.resolveAutowiredArgument(ConstructorResolver.java:857) ~[spring-beans-5.1.8.RELEASE.jar:5.1.8.RELEASE]
	at org.springframework.beans.factory.support.ConstructorResolver.createArgumentArray(ConstructorResolver.java:760) ~[spring-beans-5.1.8.RELEASE.jar:5.1.8.RELEASE]
	... 54 common frames omitted
Caused by: org.springframework.beans.factory.BeanCreationException: Error creating bean with name 'org.springframework.boot.autoconfigure.jdbc.DataSourceInitializerInvoker': Invocation of init method failed; nested exception is org.springframework.jdbc.datasource.init.ScriptStatementFailedException: Failed to execute SQL script statement #4 of URL [file:/C:/Users/naude/Desktop/IT%20Dev/Project1/AccountSystemRepository/target/test-classes/schema.sql]: CREATE TABLE VITRSA_SANDBOX.DEMO_ACCOUNT_TX ( TX_ID BIGINT NOT NULL, ACCOUNT_TYPE_ID BIGINT NOT NULL, MEMBER_ID BIGINT NOT NULL, AMOUNT BIGINT NOT NULL, TX_DATE DATE NOT NULL, PRIMARY KEY (TX_ID) CONSTRAINT FK_ACCOUNT_TYPE_ID FOREIGN KEY (ACCOUNT_TYPE_ID) REFERENCES VITRSA_SANDBOX.DEMO_ACCOUNT_TYPE (ACCOUNT_TYPE_ID) ); nested exception is org.h2.jdbc.JdbcSQLSyntaxErrorException: Syntax error in SQL statement "CREATE TABLE VITRSA_SANDBOX.DEMO_ACCOUNT_TX ( TX_ID BIGINT NOT NULL, ACCOUNT_TYPE_ID BIGINT NOT NULL, MEMBER_ID BIGINT NOT NULL, AMOUNT BIGINT NOT NULL, TX_DATE DATE NOT NULL, PRIMARY KEY (TX_ID) CONSTRAINT[*] FK_ACCOUNT_TYPE_ID FOREIGN KEY (ACCOUNT_TYPE_ID) REFERENCES VITRSA_SANDBOX.DEMO_ACCOUNT_TYPE (ACCOUNT_TYPE_ID) )"; expected "INDEX, ,, )"; SQL statement:
CREATE TABLE VITRSA_SANDBOX.DEMO_ACCOUNT_TX ( TX_ID BIGINT NOT NULL, ACCOUNT_TYPE_ID BIGINT NOT NULL, MEMBER_ID BIGINT NOT NULL, AMOUNT BIGINT NOT NULL, TX_DATE DATE NOT NULL, PRIMARY KEY (TX_ID) CONSTRAINT FK_ACCOUNT_TYPE_ID FOREIGN KEY (ACCOUNT_TYPE_ID) REFERENCES VITRSA_SANDBOX.DEMO_ACCOUNT_TYPE (ACCOUNT_TYPE_ID) ) [42001-199]
	at org.springframework.beans.factory.support.AbstractAutowireCapableBeanFactory.initializeBean(AbstractAutowireCapableBeanFactory.java:1778) ~[spring-beans-5.1.8.RELEASE.jar:5.1.8.RELEASE]
	at org.springframework.beans.factory.support.AbstractAutowireCapableBeanFactory.doCreateBean(AbstractAutowireCapableBeanFactory.java:593) ~[spring-beans-5.1.8.RELEASE.jar:5.1.8.RELEASE]
	at org.springframework.beans.factory.support.AbstractAutowireCapableBeanFactory.createBean(AbstractAutowireCapableBeanFactory.java:515) ~[spring-beans-5.1.8.RELEASE.jar:5.1.8.RELEASE]
	at org.springframework.beans.factory.support.AbstractBeanFactory.lambda$doGetBean$0(AbstractBeanFactory.java:320) ~[spring-beans-5.1.8.RELEASE.jar:5.1.8.RELEASE]
	at org.springframework.beans.factory.support.DefaultSingletonBeanRegistry.getSingleton(DefaultSingletonBeanRegistry.java:222) ~[spring-beans-5.1.8.RELEASE.jar:5.1.8.RELEASE]
	at org.springframework.beans.factory.support.AbstractBeanFactory.doGetBean(AbstractBeanFactory.java:318) ~[spring-beans-5.1.8.RELEASE.jar:5.1.8.RELEASE]
	at org.springframework.beans.factory.support.AbstractBeanFactory.getBean(AbstractBeanFactory.java:224) ~[spring-beans-5.1.8.RELEASE.jar:5.1.8.RELEASE]
	at org.springframework.beans.factory.support.DefaultListableBeanFactory.resolveNamedBean(DefaultListableBeanFactory.java:1119) ~[spring-beans-5.1.8.RELEASE.jar:5.1.8.RELEASE]
	at org.springframework.beans.factory.support.DefaultListableBeanFactory.resolveBean(DefaultListableBeanFactory.java:411) ~[spring-beans-5.1.8.RELEASE.jar:5.1.8.RELEASE]
	at org.springframework.beans.factory.support.DefaultListableBeanFactory.getBean(DefaultListableBeanFactory.java:344) ~[spring-beans-5.1.8.RELEASE.jar:5.1.8.RELEASE]
	at org.springframework.beans.factory.support.DefaultListableBeanFactory.getBean(DefaultListableBeanFactory.java:337) ~[spring-beans-5.1.8.RELEASE.jar:5.1.8.RELEASE]
	at org.springframework.boot.autoconfigure.jdbc.DataSourceInitializerPostProcessor.postProcessAfterInitialization(DataSourceInitializerPostProcessor.java:53) ~[spring-boot-autoconfigure-2.1.6.RELEASE.jar:2.1.6.RELEASE]
	at org.springframework.beans.factory.support.AbstractAutowireCapableBeanFactory.applyBeanPostProcessorsAfterInitialization(AbstractAutowireCapableBeanFactory.java:429) ~[spring-beans-5.1.8.RELEASE.jar:5.1.8.RELEASE]
	at org.springframework.beans.factory.support.AbstractAutowireCapableBeanFactory.postProcessObjectFromFactoryBean(AbstractAutowireCapableBeanFactory.java:1921) ~[spring-beans-5.1.8.RELEASE.jar:5.1.8.RELEASE]
	at org.springframework.beans.factory.support.FactoryBeanRegistrySupport.getObjectFromFactoryBean(FactoryBeanRegistrySupport.java:116) ~[spring-beans-5.1.8.RELEASE.jar:5.1.8.RELEASE]
	... 63 common frames omitted
Caused by: org.springframework.jdbc.datasource.init.ScriptStatementFailedException: Failed to execute SQL script statement #4 of URL [file:/C:/Users/naude/Desktop/IT%20Dev/Project1/AccountSystemRepository/target/test-classes/schema.sql]: CREATE TABLE VITRSA_SANDBOX.DEMO_ACCOUNT_TX ( TX_ID BIGINT NOT NULL, ACCOUNT_TYPE_ID BIGINT NOT NULL, MEMBER_ID BIGINT NOT NULL, AMOUNT BIGINT NOT NULL, TX_DATE DATE NOT NULL, PRIMARY KEY (TX_ID) CONSTRAINT FK_ACCOUNT_TYPE_ID FOREIGN KEY (ACCOUNT_TYPE_ID) REFERENCES VITRSA_SANDBOX.DEMO_ACCOUNT_TYPE (ACCOUNT_TYPE_ID) ); nested exception is org.h2.jdbc.JdbcSQLSyntaxErrorException: Syntax error in SQL statement "CREATE TABLE VITRSA_SANDBOX.DEMO_ACCOUNT_TX ( TX_ID BIGINT NOT NULL, ACCOUNT_TYPE_ID BIGINT NOT NULL, MEMBER_ID BIGINT NOT NULL, AMOUNT BIGINT NOT NULL, TX_DATE DATE NOT NULL, PRIMARY KEY (TX_ID) CONSTRAINT[*] FK_ACCOUNT_TYPE_ID FOREIGN KEY (ACCOUNT_TYPE_ID) REFERENCES VITRSA_SANDBOX.DEMO_ACCOUNT_TYPE (ACCOUNT_TYPE_ID) )"; expected "INDEX, ,, )"; SQL statement:
CREATE TABLE VITRSA_SANDBOX.DEMO_ACCOUNT_TX ( TX_ID BIGINT NOT NULL, ACCOUNT_TYPE_ID BIGINT NOT NULL, MEMBER_ID BIGINT NOT NULL, AMOUNT BIGINT NOT NULL, TX_DATE DATE NOT NULL, PRIMARY KEY (TX_ID) CONSTRAINT FK_ACCOUNT_TYPE_ID FOREIGN KEY (ACCOUNT_TYPE_ID) REFERENCES VITRSA_SANDBOX.DEMO_ACCOUNT_TYPE (ACCOUNT_TYPE_ID) ) [42001-199]
	at org.springframework.jdbc.datasource.init.ScriptUtils.executeSqlScript(ScriptUtils.java:509) ~[spring-jdbc-5.1.8.RELEASE.jar:5.1.8.RELEASE]
	at org.springframework.jdbc.datasource.init.ResourceDatabasePopulator.populate(ResourceDatabasePopulator.java:238) ~[spring-jdbc-5.1.8.RELEASE.jar:5.1.8.RELEASE]
	at org.springframework.jdbc.datasource.init.DatabasePopulatorUtils.execute(DatabasePopulatorUtils.java:48) ~[spring-jdbc-5.1.8.RELEASE.jar:5.1.8.RELEASE]
	at org.springframework.boot.autoconfigure.jdbc.DataSourceInitializer.runScripts(DataSourceInitializer.java:202) ~[spring-boot-autoconfigure-2.1.6.RELEASE.jar:2.1.6.RELEASE]
	at org.springframework.boot.autoconfigure.jdbc.DataSourceInitializer.createSchema(DataSourceInitializer.java:101) ~[spring-boot-autoconfigure-2.1.6.RELEASE.jar:2.1.6.RELEASE]
	at org.springframework.boot.autoconfigure.jdbc.DataSourceInitializerInvoker.afterPropertiesSet(DataSourceInitializerInvoker.java:62) ~[spring-boot-autoconfigure-2.1.6.RELEASE.jar:2.1.6.RELEASE]
	at org.springframework.beans.factory.support.AbstractAutowireCapableBeanFactory.invokeInitMethods(AbstractAutowireCapableBeanFactory.java:1837) ~[spring-beans-5.1.8.RELEASE.jar:5.1.8.RELEASE]
	at org.springframework.beans.factory.support.AbstractAutowireCapableBeanFactory.initializeBean(AbstractAutowireCapableBeanFactory.java:1774) ~[spring-beans-5.1.8.RELEASE.jar:5.1.8.RELEASE]
	... 77 common frames omitted
Caused by: org.h2.jdbc.JdbcSQLSyntaxErrorException: Syntax error in SQL statement "CREATE TABLE VITRSA_SANDBOX.DEMO_ACCOUNT_TX ( TX_ID BIGINT NOT NULL, ACCOUNT_TYPE_ID BIGINT NOT NULL, MEMBER_ID BIGINT NOT NULL, AMOUNT BIGINT NOT NULL, TX_DATE DATE NOT NULL, PRIMARY KEY (TX_ID) CONSTRAINT[*] FK_ACCOUNT_TYPE_ID FOREIGN KEY (ACCOUNT_TYPE_ID) REFERENCES VITRSA_SANDBOX.DEMO_ACCOUNT_TYPE (ACCOUNT_TYPE_ID) )"; expected "INDEX, ,, )"; SQL statement:
CREATE TABLE VITRSA_SANDBOX.DEMO_ACCOUNT_TX ( TX_ID BIGINT NOT NULL, ACCOUNT_TYPE_ID BIGINT NOT NULL, MEMBER_ID BIGINT NOT NULL, AMOUNT BIGINT NOT NULL, TX_DATE DATE NOT NULL, PRIMARY KEY (TX_ID) CONSTRAINT FK_ACCOUNT_TYPE_ID FOREIGN KEY (ACCOUNT_TYPE_ID) REFERENCES VITRSA_SANDBOX.DEMO_ACCOUNT_TYPE (ACCOUNT_TYPE_ID) ) [42001-199]
	at org.h2.message.DbException.getJdbcSQLException(DbException.java:451) ~[h2-1.4.199.jar:1.4.199]
	at org.h2.message.DbException.getJdbcSQLException(DbException.java:427) ~[h2-1.4.199.jar:1.4.199]
	at org.h2.message.DbException.getSyntaxError(DbException.java:243) ~[h2-1.4.199.jar:1.4.199]
	at org.h2.command.Parser.getSyntaxError(Parser.java:991) ~[h2-1.4.199.jar:1.4.199]
	at org.h2.command.Parser.read(Parser.java:4549) ~[h2-1.4.199.jar:1.4.199]
	at org.h2.command.Parser.readIfMore(Parser.java:1391) ~[h2-1.4.199.jar:1.4.199]
	at org.h2.command.Parser.parseCreateTable(Parser.java:7833) ~[h2-1.4.199.jar:1.4.199]
	at org.h2.command.Parser.parseCreate(Parser.java:5818) ~[h2-1.4.199.jar:1.4.199]
	at org.h2.command.Parser.parsePrepared(Parser.java:846) ~[h2-1.4.199.jar:1.4.199]
	at org.h2.command.Parser.parse(Parser.java:788) ~[h2-1.4.199.jar:1.4.199]
	at org.h2.command.Parser.parse(Parser.java:764) ~[h2-1.4.199.jar:1.4.199]
	at org.h2.command.Parser.prepareCommand(Parser.java:683) ~[h2-1.4.199.jar:1.4.199]
	at org.h2.engine.Session.prepareLocal(Session.java:627) ~[h2-1.4.199.jar:1.4.199]
	at org.h2.engine.Session.prepareCommand(Session.java:565) ~[h2-1.4.199.jar:1.4.199]
	at org.h2.jdbc.JdbcConnection.prepareCommand(JdbcConnection.java:1292) ~[h2-1.4.199.jar:1.4.199]
	at org.h2.jdbc.JdbcStatement.executeInternal(JdbcStatement.java:217) ~[h2-1.4.199.jar:1.4.199]
	at org.h2.jdbc.JdbcStatement.execute(JdbcStatement.java:205) ~[h2-1.4.199.jar:1.4.199]
	at org.springframework.jdbc.datasource.init.ScriptUtils.executeSqlScript(ScriptUtils.java:488) ~[spring-jdbc-5.1.8.RELEASE.jar:5.1.8.RELEASE]
	... 84 common frames omitted

2021-09-22 15:33:23.593 ERROR 5696 --- [           main] o.s.test.context.TestContextManager      : Caught exception while allowing TestExecutionListener [org.springframework.boot.test.autoconfigure.SpringBootDependencyInjectionTestExecutionListener@4e50c791] to prepare test instance [za.ac.nwu.ac.repo.persistence.AccountTypeRepositoryTest@16a5c7e4]

java.lang.IllegalStateException: Failed to load ApplicationContext
	at org.springframework.test.context.cache.DefaultCacheAwareContextLoaderDelegate.loadContext(DefaultCacheAwareContextLoaderDelegate.java:125) ~[spring-test-5.1.8.RELEASE.jar:5.1.8.RELEASE]
	at org.springframework.test.context.support.DefaultTestContext.getApplicationContext(DefaultTestContext.java:108) ~[spring-test-5.1.8.RELEASE.jar:5.1.8.RELEASE]
	at org.springframework.test.context.support.DependencyInjectionTestExecutionListener.injectDependencies(DependencyInjectionTestExecutionListener.java:118) ~[spring-test-5.1.8.RELEASE.jar:5.1.8.RELEASE]
	at org.springframework.test.context.support.DependencyInjectionTestExecutionListener.prepareTestInstance(DependencyInjectionTestExecutionListener.java:83) ~[spring-test-5.1.8.RELEASE.jar:5.1.8.RELEASE]
	at org.springframework.boot.test.autoconfigure.SpringBootDependencyInjectionTestExecutionListener.prepareTestInstance(SpringBootDependencyInjectionTestExecutionListener.java:43) ~[spring-boot-test-autoconfigure-2.1.6.RELEASE.jar:2.1.6.RELEASE]
	at org.springframework.test.context.TestContextManager.prepareTestInstance(TestContextManager.java:246) ~[spring-test-5.1.8.RELEASE.jar:5.1.8.RELEASE]
	at org.springframework.test.context.junit4.SpringJUnit4ClassRunner.createTest(SpringJUnit4ClassRunner.java:227) ~[spring-test-5.1.8.RELEASE.jar:5.1.8.RELEASE]
	at org.springframework.test.context.junit4.SpringJUnit4ClassRunner$1.runReflectiveCall(SpringJUnit4ClassRunner.java:289) ~[spring-test-5.1.8.RELEASE.jar:5.1.8.RELEASE]
	at org.junit.internal.runners.model.ReflectiveCallable.run(ReflectiveCallable.java:12) ~[junit-4.12.jar:4.12]
	at org.springframework.test.context.junit4.SpringJUnit4ClassRunner.methodBlock(SpringJUnit4ClassRunner.java:291) ~[spring-test-5.1.8.RELEASE.jar:5.1.8.RELEASE]
	at org.springframework.test.context.junit4.SpringJUnit4ClassRunner.runChild(SpringJUnit4ClassRunner.java:246) ~[spring-test-5.1.8.RELEASE.jar:5.1.8.RELEASE]
	at org.springframework.test.context.junit4.SpringJUnit4ClassRunner.runChild(SpringJUnit4ClassRunner.java:97) ~[spring-test-5.1.8.RELEASE.jar:5.1.8.RELEASE]
	at org.junit.runners.ParentRunner$3.run(ParentRunner.java:290) ~[junit-4.12.jar:4.12]
	at org.junit.runners.ParentRunner$1.schedule(ParentRunner.java:71) ~[junit-4.12.jar:4.12]
	at org.junit.runners.ParentRunner.runChildren(ParentRunner.java:288) ~[junit-4.12.jar:4.12]
	at org.junit.runners.ParentRunner.access$000(ParentRunner.java:58) ~[junit-4.12.jar:4.12]
	at org.junit.runners.ParentRunner$2.evaluate(ParentRunner.java:268) ~[junit-4.12.jar:4.12]
	at org.springframework.test.context.junit4.statements.RunBeforeTestClassCallbacks.evaluate(RunBeforeTestClassCallbacks.java:61) ~[spring-test-5.1.8.RELEASE.jar:5.1.8.RELEASE]
	at org.springframework.test.context.junit4.statements.RunAfterTestClassCallbacks.evaluate(RunAfterTestClassCallbacks.java:70) ~[spring-test-5.1.8.RELEASE.jar:5.1.8.RELEASE]
	at org.junit.runners.ParentRunner.run(ParentRunner.java:363) ~[junit-4.12.jar:4.12]
	at org.springframework.test.context.junit4.SpringJUnit4ClassRunner.run(SpringJUnit4ClassRunner.java:190) ~[spring-test-5.1.8.RELEASE.jar:5.1.8.RELEASE]
	at org.apache.maven.surefire.junit4.JUnit4Provider.execute(JUnit4Provider.java:365) ~[surefire-junit4-2.22.2.jar:2.22.2]
	at org.apache.maven.surefire.junit4.JUnit4Provider.executeWithRerun(JUnit4Provider.java:273) ~[surefire-junit4-2.22.2.jar:2.22.2]
	at org.apache.maven.surefire.junit4.JUnit4Provider.executeTestSet(JUnit4Provider.java:238) ~[surefire-junit4-2.22.2.jar:2.22.2]
	at org.apache.maven.surefire.junit4.JUnit4Provider.invoke(JUnit4Provider.java:159) ~[surefire-junit4-2.22.2.jar:2.22.2]
	at org.apache.maven.surefire.booter.ForkedBooter.invokeProviderInSameClassLoader(ForkedBooter.java:384) ~[surefire-booter-2.22.2.jar:2.22.2]
	at org.apache.maven.surefire.booter.ForkedBooter.runSuitesInProcess(ForkedBooter.java:345) ~[surefire-booter-2.22.2.jar:2.22.2]
	at org.apache.maven.surefire.booter.ForkedBooter.execute(ForkedBooter.java:126) ~[surefire-booter-2.22.2.jar:2.22.2]
	at org.apache.maven.surefire.booter.ForkedBooter.main(ForkedBooter.java:418) ~[surefire-booter-2.22.2.jar:2.22.2]
Caused by: org.springframework.beans.factory.UnsatisfiedDependencyException: Error creating bean with name 'org.springframework.boot.autoconfigure.orm.jpa.HibernateJpaConfiguration': Unsatisfied dependency expressed through constructor parameter 0; nested exception is org.springframework.beans.factory.BeanCreationException: Error creating bean with name 'dataSource': Post-processing of FactoryBean's singleton object failed; nested exception is org.springframework.beans.factory.BeanCreationException: Error creating bean with name 'org.springframework.boot.autoconfigure.jdbc.DataSourceInitializerInvoker': Invocation of init method failed; nested exception is org.springframework.jdbc.datasource.init.ScriptStatementFailedException: Failed to execute SQL script statement #4 of URL [file:/C:/Users/naude/Desktop/IT%20Dev/Project1/AccountSystemRepository/target/test-classes/schema.sql]: CREATE TABLE VITRSA_SANDBOX.DEMO_ACCOUNT_TX ( TX_ID BIGINT NOT NULL, ACCOUNT_TYPE_ID BIGINT NOT NULL, MEMBER_ID BIGINT NOT NULL, AMOUNT BIGINT NOT NULL, TX_DATE DATE NOT NULL, PRIMARY KEY (TX_ID) CONSTRAINT FK_ACCOUNT_TYPE_ID FOREIGN KEY (ACCOUNT_TYPE_ID) REFERENCES VITRSA_SANDBOX.DEMO_ACCOUNT_TYPE (ACCOUNT_TYPE_ID) ); nested exception is org.h2.jdbc.JdbcSQLSyntaxErrorException: Syntax error in SQL statement "CREATE TABLE VITRSA_SANDBOX.DEMO_ACCOUNT_TX ( TX_ID BIGINT NOT NULL, ACCOUNT_TYPE_ID BIGINT NOT NULL, MEMBER_ID BIGINT NOT NULL, AMOUNT BIGINT NOT NULL, TX_DATE DATE NOT NULL, PRIMARY KEY (TX_ID) CONSTRAINT[*] FK_ACCOUNT_TYPE_ID FOREIGN KEY (ACCOUNT_TYPE_ID) REFERENCES VITRSA_SANDBOX.DEMO_ACCOUNT_TYPE (ACCOUNT_TYPE_ID) )"; expected "INDEX, ,, )"; SQL statement:
CREATE TABLE VITRSA_SANDBOX.DEMO_ACCOUNT_TX ( TX_ID BIGINT NOT NULL, ACCOUNT_TYPE_ID BIGINT NOT NULL, MEMBER_ID BIGINT NOT NULL, AMOUNT BIGINT NOT NULL, TX_DATE DATE NOT NULL, PRIMARY KEY (TX_ID) CONSTRAINT FK_ACCOUNT_TYPE_ID FOREIGN KEY (ACCOUNT_TYPE_ID) REFERENCES VITRSA_SANDBOX.DEMO_ACCOUNT_TYPE (ACCOUNT_TYPE_ID) ) [42001-199]
	at org.springframework.beans.factory.support.ConstructorResolver.createArgumentArray(ConstructorResolver.java:769) ~[spring-beans-5.1.8.RELEASE.jar:5.1.8.RELEASE]
	at org.springframework.beans.factory.support.ConstructorResolver.autowireConstructor(ConstructorResolver.java:218) ~[spring-beans-5.1.8.RELEASE.jar:5.1.8.RELEASE]
	at org.springframework.beans.factory.support.AbstractAutowireCapableBeanFactory.autowireConstructor(AbstractAutowireCapableBeanFactory.java:1341) ~[spring-beans-5.1.8.RELEASE.jar:5.1.8.RELEASE]
	at org.springframework.beans.factory.support.AbstractAutowireCapableBeanFactory.createBeanInstance(AbstractAutowireCapableBeanFactory.java:1187) ~[spring-beans-5.1.8.RELEASE.jar:5.1.8.RELEASE]
	at org.springframework.beans.factory.support.AbstractAutowireCapableBeanFactory.doCreateBean(AbstractAutowireCapableBeanFactory.java:555) ~[spring-beans-5.1.8.RELEASE.jar:5.1.8.RELEASE]
	at org.springframework.beans.factory.support.AbstractAutowireCapableBeanFactory.createBean(AbstractAutowireCapableBeanFactory.java:515) ~[spring-beans-5.1.8.RELEASE.jar:5.1.8.RELEASE]
	at org.springframework.beans.factory.support.AbstractBeanFactory.lambda$doGetBean$0(AbstractBeanFactory.java:320) ~[spring-beans-5.1.8.RELEASE.jar:5.1.8.RELEASE]
	at org.springframework.beans.factory.support.DefaultSingletonBeanRegistry.getSingleton(DefaultSingletonBeanRegistry.java:222) ~[spring-beans-5.1.8.RELEASE.jar:5.1.8.RELEASE]
	at org.springframework.beans.factory.support.AbstractBeanFactory.doGetBean(AbstractBeanFactory.java:318) ~[spring-beans-5.1.8.RELEASE.jar:5.1.8.RELEASE]
	at org.springframework.beans.factory.support.AbstractBeanFactory.getBean(AbstractBeanFactory.java:199) ~[spring-beans-5.1.8.RELEASE.jar:5.1.8.RELEASE]
	at org.springframework.beans.factory.support.ConstructorResolver.instantiateUsingFactoryMethod(ConstructorResolver.java:392) ~[spring-beans-5.1.8.RELEASE.jar:5.1.8.RELEASE]
	at org.springframework.beans.factory.support.AbstractAutowireCapableBeanFactory.instantiateUsingFactoryMethod(AbstractAutowireCapableBeanFactory.java:1321) ~[spring-beans-5.1.8.RELEASE.jar:5.1.8.RELEASE]
	at org.springframework.beans.factory.support.AbstractAutowireCapableBeanFactory.createBeanInstance(AbstractAutowireCapableBeanFactory.java:1160) ~[spring-beans-5.1.8.RELEASE.jar:5.1.8.RELEASE]
	at org.springframework.beans.factory.support.AbstractAutowireCapableBeanFactory.doCreateBean(AbstractAutowireCapableBeanFactory.java:555) ~[spring-beans-5.1.8.RELEASE.jar:5.1.8.RELEASE]
	at org.springframework.beans.factory.support.AbstractAutowireCapableBeanFactory.createBean(AbstractAutowireCapableBeanFactory.java:515) ~[spring-beans-5.1.8.RELEASE.jar:5.1.8.RELEASE]
	at org.springframework.beans.factory.support.AbstractBeanFactory.lambda$doGetBean$0(AbstractBeanFactory.java:320) ~[spring-beans-5.1.8.RELEASE.jar:5.1.8.RELEASE]
	at org.springframework.beans.factory.support.DefaultSingletonBeanRegistry.getSingleton(DefaultSingletonBeanRegistry.java:222) ~[spring-beans-5.1.8.RELEASE.jar:5.1.8.RELEASE]
	at org.springframework.beans.factory.support.AbstractBeanFactory.doGetBean(AbstractBeanFactory.java:318) ~[spring-beans-5.1.8.RELEASE.jar:5.1.8.RELEASE]
	at org.springframework.beans.factory.support.AbstractBeanFactory.getBean(AbstractBeanFactory.java:199) ~[spring-beans-5.1.8.RELEASE.jar:5.1.8.RELEASE]
	at org.springframework.context.support.AbstractApplicationContext.getBean(AbstractApplicationContext.java:1105) ~[spring-context-5.1.8.RELEASE.jar:5.1.8.RELEASE]
	at org.springframework.context.support.AbstractApplicationContext.finishBeanFactoryInitialization(AbstractApplicationContext.java:867) ~[spring-context-5.1.8.RELEASE.jar:5.1.8.RELEASE]
	at org.springframework.context.support.AbstractApplicationContext.refresh(AbstractApplicationContext.java:549) ~[spring-context-5.1.8.RELEASE.jar:5.1.8.RELEASE]
	at org.springframework.boot.SpringApplication.refresh(SpringApplication.java:742) ~[spring-boot-2.1.6.RELEASE.jar:2.1.6.RELEASE]
	at org.springframework.boot.SpringApplication.refreshContext(SpringApplication.java:389) ~[spring-boot-2.1.6.RELEASE.jar:2.1.6.RELEASE]
	at org.springframework.boot.SpringApplication.run(SpringApplication.java:311) ~[spring-boot-2.1.6.RELEASE.jar:2.1.6.RELEASE]
	at org.springframework.boot.test.context.SpringBootContextLoader.loadContext(SpringBootContextLoader.java:119) ~[spring-boot-test-2.1.6.RELEASE.jar:2.1.6.RELEASE]
	at org.springframework.test.context.cache.DefaultCacheAwareContextLoaderDelegate.loadContextInternal(DefaultCacheAwareContextLoaderDelegate.java:99) ~[spring-test-5.1.8.RELEASE.jar:5.1.8.RELEASE]
	at org.springframework.test.context.cache.DefaultCacheAwareContextLoaderDelegate.loadContext(DefaultCacheAwareContextLoaderDelegate.java:117) ~[spring-test-5.1.8.RELEASE.jar:5.1.8.RELEASE]
	... 28 common frames omitted
Caused by: org.springframework.beans.factory.BeanCreationException: Error creating bean with name 'dataSource': Post-processing of FactoryBean's singleton object failed; nested exception is org.springframework.beans.factory.BeanCreationException: Error creating bean with name 'org.springframework.boot.autoconfigure.jdbc.DataSourceInitializerInvoker': Invocation of init method failed; nested exception is org.springframework.jdbc.datasource.init.ScriptStatementFailedException: Failed to execute SQL script statement #4 of URL [file:/C:/Users/naude/Desktop/IT%20Dev/Project1/AccountSystemRepository/target/test-classes/schema.sql]: CREATE TABLE VITRSA_SANDBOX.DEMO_ACCOUNT_TX ( TX_ID BIGINT NOT NULL, ACCOUNT_TYPE_ID BIGINT NOT NULL, MEMBER_ID BIGINT NOT NULL, AMOUNT BIGINT NOT NULL, TX_DATE DATE NOT NULL, PRIMARY KEY (TX_ID) CONSTRAINT FK_ACCOUNT_TYPE_ID FOREIGN KEY (ACCOUNT_TYPE_ID) REFERENCES VITRSA_SANDBOX.DEMO_ACCOUNT_TYPE (ACCOUNT_TYPE_ID) ); nested exception is org.h2.jdbc.JdbcSQLSyntaxErrorException: Syntax error in SQL statement "CREATE TABLE VITRSA_SANDBOX.DEMO_ACCOUNT_TX ( TX_ID BIGINT NOT NULL, ACCOUNT_TYPE_ID BIGINT NOT NULL, MEMBER_ID BIGINT NOT NULL, AMOUNT BIGINT NOT NULL, TX_DATE DATE NOT NULL, PRIMARY KEY (TX_ID) CONSTRAINT[*] FK_ACCOUNT_TYPE_ID FOREIGN KEY (ACCOUNT_TYPE_ID) REFERENCES VITRSA_SANDBOX.DEMO_ACCOUNT_TYPE (ACCOUNT_TYPE_ID) )"; expected "INDEX, ,, )"; SQL statement:
CREATE TABLE VITRSA_SANDBOX.DEMO_ACCOUNT_TX ( TX_ID BIGINT NOT NULL, ACCOUNT_TYPE_ID BIGINT NOT NULL, MEMBER_ID BIGINT NOT NULL, AMOUNT BIGINT NOT NULL, TX_DATE DATE NOT NULL, PRIMARY KEY (TX_ID) CONSTRAINT FK_ACCOUNT_TYPE_ID FOREIGN KEY (ACCOUNT_TYPE_ID) REFERENCES VITRSA_SANDBOX.DEMO_ACCOUNT_TYPE (ACCOUNT_TYPE_ID) ) [42001-199]
	at org.springframework.beans.factory.support.FactoryBeanRegistrySupport.getObjectFromFactoryBean(FactoryBeanRegistrySupport.java:119) ~[spring-beans-5.1.8.RELEASE.jar:5.1.8.RELEASE]
	at org.springframework.beans.factory.support.AbstractBeanFactory.getObjectForBeanInstance(AbstractBeanFactory.java:1674) ~[spring-beans-5.1.8.RELEASE.jar:5.1.8.RELEASE]
	at org.springframework.beans.factory.support.AbstractAutowireCapableBeanFactory.getObjectForBeanInstance(AbstractAutowireCapableBeanFactory.java:1249) ~[spring-beans-5.1.8.RELEASE.jar:5.1.8.RELEASE]
	at org.springframework.beans.factory.support.AbstractBeanFactory.doGetBean(AbstractBeanFactory.java:330) ~[spring-beans-5.1.8.RELEASE.jar:5.1.8.RELEASE]
	at org.springframework.beans.factory.support.AbstractBeanFactory.getBean(AbstractBeanFactory.java:199) ~[spring-beans-5.1.8.RELEASE.jar:5.1.8.RELEASE]
	at org.springframework.beans.factory.config.DependencyDescriptor.resolveCandidate(DependencyDescriptor.java:277) ~[spring-beans-5.1.8.RELEASE.jar:5.1.8.RELEASE]
	at org.springframework.beans.factory.support.DefaultListableBeanFactory.doResolveDependency(DefaultListableBeanFactory.java:1251) ~[spring-beans-5.1.8.RELEASE.jar:5.1.8.RELEASE]
	at org.springframework.beans.factory.support.DefaultListableBeanFactory.resolveDependency(DefaultListableBeanFactory.java:1171) ~[spring-beans-5.1.8.RELEASE.jar:5.1.8.RELEASE]
	at org.springframework.beans.factory.support.ConstructorResolver.resolveAutowiredArgument(ConstructorResolver.java:857) ~[spring-beans-5.1.8.RELEASE.jar:5.1.8.RELEASE]
	at org.springframework.beans.factory.support.ConstructorResolver.createArgumentArray(ConstructorResolver.java:760) ~[spring-beans-5.1.8.RELEASE.jar:5.1.8.RELEASE]
	... 55 common frames omitted
Caused by: org.springframework.beans.factory.BeanCreationException: Error creating bean with name 'org.springframework.boot.autoconfigure.jdbc.DataSourceInitializerInvoker': Invocation of init method failed; nested exception is org.springframework.jdbc.datasource.init.ScriptStatementFailedException: Failed to execute SQL script statement #4 of URL [file:/C:/Users/naude/Desktop/IT%20Dev/Project1/AccountSystemRepository/target/test-classes/schema.sql]: CREATE TABLE VITRSA_SANDBOX.DEMO_ACCOUNT_TX ( TX_ID BIGINT NOT NULL, ACCOUNT_TYPE_ID BIGINT NOT NULL, MEMBER_ID BIGINT NOT NULL, AMOUNT BIGINT NOT NULL, TX_DATE DATE NOT NULL, PRIMARY KEY (TX_ID) CONSTRAINT FK_ACCOUNT_TYPE_ID FOREIGN KEY (ACCOUNT_TYPE_ID) REFERENCES VITRSA_SANDBOX.DEMO_ACCOUNT_TYPE (ACCOUNT_TYPE_ID) ); nested exception is org.h2.jdbc.JdbcSQLSyntaxErrorException: Syntax error in SQL statement "CREATE TABLE VITRSA_SANDBOX.DEMO_ACCOUNT_TX ( TX_ID BIGINT NOT NULL, ACCOUNT_TYPE_ID BIGINT NOT NULL, MEMBER_ID BIGINT NOT NULL, AMOUNT BIGINT NOT NULL, TX_DATE DATE NOT NULL, PRIMARY KEY (TX_ID) CONSTRAINT[*] FK_ACCOUNT_TYPE_ID FOREIGN KEY (ACCOUNT_TYPE_ID) REFERENCES VITRSA_SANDBOX.DEMO_ACCOUNT_TYPE (ACCOUNT_TYPE_ID) )"; expected "INDEX, ,, )"; SQL statement:
CREATE TABLE VITRSA_SANDBOX.DEMO_ACCOUNT_TX ( TX_ID BIGINT NOT NULL, ACCOUNT_TYPE_ID BIGINT NOT NULL, MEMBER_ID BIGINT NOT NULL, AMOUNT BIGINT NOT NULL, TX_DATE DATE NOT NULL, PRIMARY KEY (TX_ID) CONSTRAINT FK_ACCOUNT_TYPE_ID FOREIGN KEY (ACCOUNT_TYPE_ID) REFERENCES VITRSA_SANDBOX.DEMO_ACCOUNT_TYPE (ACCOUNT_TYPE_ID) ) [42001-199]
	at org.springframework.beans.factory.support.AbstractAutowireCapableBeanFactory.initializeBean(AbstractAutowireCapableBeanFactory.java:1778) ~[spring-beans-5.1.8.RELEASE.jar:5.1.8.RELEASE]
	at org.springframework.beans.factory.support.AbstractAutowireCapableBeanFactory.doCreateBean(AbstractAutowireCapableBeanFactory.java:593) ~[spring-beans-5.1.8.RELEASE.jar:5.1.8.RELEASE]
	at org.springframework.beans.factory.support.AbstractAutowireCapableBeanFactory.createBean(AbstractAutowireCapableBeanFactory.java:515) ~[spring-beans-5.1.8.RELEASE.jar:5.1.8.RELEASE]
	at org.springframework.beans.factory.support.AbstractBeanFactory.lambda$doGetBean$0(AbstractBeanFactory.java:320) ~[spring-beans-5.1.8.RELEASE.jar:5.1.8.RELEASE]
	at org.springframework.beans.factory.support.DefaultSingletonBeanRegistry.getSingleton(DefaultSingletonBeanRegistry.java:222) ~[spring-beans-5.1.8.RELEASE.jar:5.1.8.RELEASE]
	at org.springframework.beans.factory.support.AbstractBeanFactory.doGetBean(AbstractBeanFactory.java:318) ~[spring-beans-5.1.8.RELEASE.jar:5.1.8.RELEASE]
	at org.springframework.beans.factory.support.AbstractBeanFactory.getBean(AbstractBeanFactory.java:224) ~[spring-beans-5.1.8.RELEASE.jar:5.1.8.RELEASE]
	at org.springframework.beans.factory.support.DefaultListableBeanFactory.resolveNamedBean(DefaultListableBeanFactory.java:1119) ~[spring-beans-5.1.8.RELEASE.jar:5.1.8.RELEASE]
	at org.springframework.beans.factory.support.DefaultListableBeanFactory.resolveBean(DefaultListableBeanFactory.java:411) ~[spring-beans-5.1.8.RELEASE.jar:5.1.8.RELEASE]
	at org.springframework.beans.factory.support.DefaultListableBeanFactory.getBean(DefaultListableBeanFactory.java:344) ~[spring-beans-5.1.8.RELEASE.jar:5.1.8.RELEASE]
	at org.springframework.beans.factory.support.DefaultListableBeanFactory.getBean(DefaultListableBeanFactory.java:337) ~[spring-beans-5.1.8.RELEASE.jar:5.1.8.RELEASE]
	at org.springframework.boot.autoconfigure.jdbc.DataSourceInitializerPostProcessor.postProcessAfterInitialization(DataSourceInitializerPostProcessor.java:53) ~[spring-boot-autoconfigure-2.1.6.RELEASE.jar:2.1.6.RELEASE]
	at org.springframework.beans.factory.support.AbstractAutowireCapableBeanFactory.applyBeanPostProcessorsAfterInitialization(AbstractAutowireCapableBeanFactory.java:429) ~[spring-beans-5.1.8.RELEASE.jar:5.1.8.RELEASE]
	at org.springframework.beans.factory.support.AbstractAutowireCapableBeanFactory.postProcessObjectFromFactoryBean(AbstractAutowireCapableBeanFactory.java:1921) ~[spring-beans-5.1.8.RELEASE.jar:5.1.8.RELEASE]
	at org.springframework.beans.factory.support.FactoryBeanRegistrySupport.getObjectFromFactoryBean(FactoryBeanRegistrySupport.java:116) ~[spring-beans-5.1.8.RELEASE.jar:5.1.8.RELEASE]
	... 64 common frames omitted
Caused by: org.springframework.jdbc.datasource.init.ScriptStatementFailedException: Failed to execute SQL script statement #4 of URL [file:/C:/Users/naude/Desktop/IT%20Dev/Project1/AccountSystemRepository/target/test-classes/schema.sql]: CREATE TABLE VITRSA_SANDBOX.DEMO_ACCOUNT_TX ( TX_ID BIGINT NOT NULL, ACCOUNT_TYPE_ID BIGINT NOT NULL, MEMBER_ID BIGINT NOT NULL, AMOUNT BIGINT NOT NULL, TX_DATE DATE NOT NULL, PRIMARY KEY (TX_ID) CONSTRAINT FK_ACCOUNT_TYPE_ID FOREIGN KEY (ACCOUNT_TYPE_ID) REFERENCES VITRSA_SANDBOX.DEMO_ACCOUNT_TYPE (ACCOUNT_TYPE_ID) ); nested exception is org.h2.jdbc.JdbcSQLSyntaxErrorException: Syntax error in SQL statement "CREATE TABLE VITRSA_SANDBOX.DEMO_ACCOUNT_TX ( TX_ID BIGINT NOT NULL, ACCOUNT_TYPE_ID BIGINT NOT NULL, MEMBER_ID BIGINT NOT NULL, AMOUNT BIGINT NOT NULL, TX_DATE DATE NOT NULL, PRIMARY KEY (TX_ID) CONSTRAINT[*] FK_ACCOUNT_TYPE_ID FOREIGN KEY (ACCOUNT_TYPE_ID) REFERENCES VITRSA_SANDBOX.DEMO_ACCOUNT_TYPE (ACCOUNT_TYPE_ID) )"; expected "INDEX, ,, )"; SQL statement:
CREATE TABLE VITRSA_SANDBOX.DEMO_ACCOUNT_TX ( TX_ID BIGINT NOT NULL, ACCOUNT_TYPE_ID BIGINT NOT NULL, MEMBER_ID BIGINT NOT NULL, AMOUNT BIGINT NOT NULL, TX_DATE DATE NOT NULL, PRIMARY KEY (TX_ID) CONSTRAINT FK_ACCOUNT_TYPE_ID FOREIGN KEY (ACCOUNT_TYPE_ID) REFERENCES VITRSA_SANDBOX.DEMO_ACCOUNT_TYPE (ACCOUNT_TYPE_ID) ) [42001-199]
	at org.springframework.jdbc.datasource.init.ScriptUtils.executeSqlScript(ScriptUtils.java:509) ~[spring-jdbc-5.1.8.RELEASE.jar:5.1.8.RELEASE]
	at org.springframework.jdbc.datasource.init.ResourceDatabasePopulator.populate(ResourceDatabasePopulator.java:238) ~[spring-jdbc-5.1.8.RELEASE.jar:5.1.8.RELEASE]
	at org.springframework.jdbc.datasource.init.DatabasePopulatorUtils.execute(DatabasePopulatorUtils.java:48) ~[spring-jdbc-5.1.8.RELEASE.jar:5.1.8.RELEASE]
	at org.springframework.boot.autoconfigure.jdbc.DataSourceInitializer.runScripts(DataSourceInitializer.java:202) ~[spring-boot-autoconfigure-2.1.6.RELEASE.jar:2.1.6.RELEASE]
	at org.springframework.boot.autoconfigure.jdbc.DataSourceInitializer.createSchema(DataSourceInitializer.java:101) ~[spring-boot-autoconfigure-2.1.6.RELEASE.jar:2.1.6.RELEASE]
	at org.springframework.boot.autoconfigure.jdbc.DataSourceInitializerInvoker.afterPropertiesSet(DataSourceInitializerInvoker.java:62) ~[spring-boot-autoconfigure-2.1.6.RELEASE.jar:2.1.6.RELEASE]
	at org.springframework.beans.factory.support.AbstractAutowireCapableBeanFactory.invokeInitMethods(AbstractAutowireCapableBeanFactory.java:1837) ~[spring-beans-5.1.8.RELEASE.jar:5.1.8.RELEASE]
	at org.springframework.beans.factory.support.AbstractAutowireCapableBeanFactory.initializeBean(AbstractAutowireCapableBeanFactory.java:1774) ~[spring-beans-5.1.8.RELEASE.jar:5.1.8.RELEASE]
	... 78 common frames omitted
Caused by: org.h2.jdbc.JdbcSQLSyntaxErrorException: Syntax error in SQL statement "CREATE TABLE VITRSA_SANDBOX.DEMO_ACCOUNT_TX ( TX_ID BIGINT NOT NULL, ACCOUNT_TYPE_ID BIGINT NOT NULL, MEMBER_ID BIGINT NOT NULL, AMOUNT BIGINT NOT NULL, TX_DATE DATE NOT NULL, PRIMARY KEY (TX_ID) CONSTRAINT[*] FK_ACCOUNT_TYPE_ID FOREIGN KEY (ACCOUNT_TYPE_ID) REFERENCES VITRSA_SANDBOX.DEMO_ACCOUNT_TYPE (ACCOUNT_TYPE_ID) )"; expected "INDEX, ,, )"; SQL statement:
CREATE TABLE VITRSA_SANDBOX.DEMO_ACCOUNT_TX ( TX_ID BIGINT NOT NULL, ACCOUNT_TYPE_ID BIGINT NOT NULL, MEMBER_ID BIGINT NOT NULL, AMOUNT BIGINT NOT NULL, TX_DATE DATE NOT NULL, PRIMARY KEY (TX_ID) CONSTRAINT FK_ACCOUNT_TYPE_ID FOREIGN KEY (ACCOUNT_TYPE_ID) REFERENCES VITRSA_SANDBOX.DEMO_ACCOUNT_TYPE (ACCOUNT_TYPE_ID) ) [42001-199]
	at org.h2.message.DbException.getJdbcSQLException(DbException.java:451) ~[h2-1.4.199.jar:1.4.199]
	at org.h2.message.DbException.getJdbcSQLException(DbException.java:427) ~[h2-1.4.199.jar:1.4.199]
	at org.h2.message.DbException.getSyntaxError(DbException.java:243) ~[h2-1.4.199.jar:1.4.199]
	at org.h2.command.Parser.getSyntaxError(Parser.java:991) ~[h2-1.4.199.jar:1.4.199]
	at org.h2.command.Parser.read(Parser.java:4549) ~[h2-1.4.199.jar:1.4.199]
	at org.h2.command.Parser.readIfMore(Parser.java:1391) ~[h2-1.4.199.jar:1.4.199]
	at org.h2.command.Parser.parseCreateTable(Parser.java:7833) ~[h2-1.4.199.jar:1.4.199]
	at org.h2.command.Parser.parseCreate(Parser.java:5818) ~[h2-1.4.199.jar:1.4.199]
	at org.h2.command.Parser.parsePrepared(Parser.java:846) ~[h2-1.4.199.jar:1.4.199]
	at org.h2.command.Parser.parse(Parser.java:788) ~[h2-1.4.199.jar:1.4.199]
	at org.h2.command.Parser.parse(Parser.java:764) ~[h2-1.4.199.jar:1.4.199]
	at org.h2.command.Parser.prepareCommand(Parser.java:683) ~[h2-1.4.199.jar:1.4.199]
	at org.h2.engine.Session.prepareLocal(Session.java:627) ~[h2-1.4.199.jar:1.4.199]
	at org.h2.engine.Session.prepareCommand(Session.java:565) ~[h2-1.4.199.jar:1.4.199]
	at org.h2.jdbc.JdbcConnection.prepareCommand(JdbcConnection.java:1292) ~[h2-1.4.199.jar:1.4.199]
	at org.h2.jdbc.JdbcStatement.executeInternal(JdbcStatement.java:217) ~[h2-1.4.199.jar:1.4.199]
	at org.h2.jdbc.JdbcStatement.execute(JdbcStatement.java:205) ~[h2-1.4.199.jar:1.4.199]
	at org.springframework.jdbc.datasource.init.ScriptUtils.executeSqlScript(ScriptUtils.java:488) ~[spring-jdbc-5.1.8.RELEASE.jar:5.1.8.RELEASE]
	... 85 common frames omitted

]]></system-out>
  </testcase>
  <testcase name="getAccountTypeByMnemonic" classname="za.ac.nwu.ac.repo.persistence.AccountTypeRepositoryTest" time="0">
    <error message="Failed to load ApplicationContext" type="java.lang.IllegalStateException">java.lang.IllegalStateException: Failed to load ApplicationContext
Caused by: org.springframework.beans.factory.UnsatisfiedDependencyException: 
Error creating bean with name 'org.springframework.boot.autoconfigure.orm.jpa.HibernateJpaConfiguration': Unsatisfied dependency expressed through constructor parameter 0; nested exception is org.springframework.beans.factory.BeanCreationException: Error creating bean with name 'dataSource': Post-processing of FactoryBean's singleton object failed; nested exception is org.springframework.beans.factory.BeanCreationException: Error creating bean with name 'org.springframework.boot.autoconfigure.jdbc.DataSourceInitializerInvoker': Invocation of init method failed; nested exception is org.springframework.jdbc.datasource.init.ScriptStatementFailedException: Failed to execute SQL script statement #4 of URL [file:/C:/Users/naude/Desktop/IT%20Dev/Project1/AccountSystemRepository/target/test-classes/schema.sql]: CREATE TABLE VITRSA_SANDBOX.DEMO_ACCOUNT_TX ( TX_ID BIGINT NOT NULL, ACCOUNT_TYPE_ID BIGINT NOT NULL, MEMBER_ID BIGINT NOT NULL, AMOUNT BIGINT NOT NULL, TX_DATE DATE NOT NULL, PRIMARY KEY (TX_ID) CONSTRAINT FK_ACCOUNT_TYPE_ID FOREIGN KEY (ACCOUNT_TYPE_ID) REFERENCES VITRSA_SANDBOX.DEMO_ACCOUNT_TYPE (ACCOUNT_TYPE_ID) ); nested exception is org.h2.jdbc.JdbcSQLSyntaxErrorException: Syntax error in SQL statement "CREATE TABLE VITRSA_SANDBOX.DEMO_ACCOUNT_TX ( TX_ID BIGINT NOT NULL, ACCOUNT_TYPE_ID BIGINT NOT NULL, MEMBER_ID BIGINT NOT NULL, AMOUNT BIGINT NOT NULL, TX_DATE DATE NOT NULL, PRIMARY KEY (TX_ID) CONSTRAINT[*] FK_ACCOUNT_TYPE_ID FOREIGN KEY (ACCOUNT_TYPE_ID) REFERENCES VITRSA_SANDBOX.DEMO_ACCOUNT_TYPE (ACCOUNT_TYPE_ID) )"; expected "INDEX, ,, )"; SQL statement:
CREATE TABLE VITRSA_SANDBOX.DEMO_ACCOUNT_TX ( TX_ID BIGINT NOT NULL, ACCOUNT_TYPE_ID BIGINT NOT NULL, MEMBER_ID BIGINT NOT NULL, AMOUNT BIGINT NOT NULL, TX_DATE DATE NOT NULL, PRIMARY KEY (TX_ID) CONSTRAINT FK_ACCOUNT_TYPE_ID FOREIGN KEY (ACCOUNT_TYPE_ID) REFERENCES VITRSA_SANDBOX.DEMO_ACCOUNT_TYPE (ACCOUNT_TYPE_ID) ) [42001-199]
Caused by: org.springframework.beans.factory.BeanCreationException: 
Error creating bean with name 'dataSource': Post-processing of FactoryBean's singleton object failed; nested exception is org.springframework.beans.factory.BeanCreationException: Error creating bean with name 'org.springframework.boot.autoconfigure.jdbc.DataSourceInitializerInvoker': Invocation of init method failed; nested exception is org.springframework.jdbc.datasource.init.ScriptStatementFailedException: Failed to execute SQL script statement #4 of URL [file:/C:/Users/naude/Desktop/IT%20Dev/Project1/AccountSystemRepository/target/test-classes/schema.sql]: CREATE TABLE VITRSA_SANDBOX.DEMO_ACCOUNT_TX ( TX_ID BIGINT NOT NULL, ACCOUNT_TYPE_ID BIGINT NOT NULL, MEMBER_ID BIGINT NOT NULL, AMOUNT BIGINT NOT NULL, TX_DATE DATE NOT NULL, PRIMARY KEY (TX_ID) CONSTRAINT FK_ACCOUNT_TYPE_ID FOREIGN KEY (ACCOUNT_TYPE_ID) REFERENCES VITRSA_SANDBOX.DEMO_ACCOUNT_TYPE (ACCOUNT_TYPE_ID) ); nested exception is org.h2.jdbc.JdbcSQLSyntaxErrorException: Syntax error in SQL statement "CREATE TABLE VITRSA_SANDBOX.DEMO_ACCOUNT_TX ( TX_ID BIGINT NOT NULL, ACCOUNT_TYPE_ID BIGINT NOT NULL, MEMBER_ID BIGINT NOT NULL, AMOUNT BIGINT NOT NULL, TX_DATE DATE NOT NULL, PRIMARY KEY (TX_ID) CONSTRAINT[*] FK_ACCOUNT_TYPE_ID FOREIGN KEY (ACCOUNT_TYPE_ID) REFERENCES VITRSA_SANDBOX.DEMO_ACCOUNT_TYPE (ACCOUNT_TYPE_ID) )"; expected "INDEX, ,, )"; SQL statement:
CREATE TABLE VITRSA_SANDBOX.DEMO_ACCOUNT_TX ( TX_ID BIGINT NOT NULL, ACCOUNT_TYPE_ID BIGINT NOT NULL, MEMBER_ID BIGINT NOT NULL, AMOUNT BIGINT NOT NULL, TX_DATE DATE NOT NULL, PRIMARY KEY (TX_ID) CONSTRAINT FK_ACCOUNT_TYPE_ID FOREIGN KEY (ACCOUNT_TYPE_ID) REFERENCES VITRSA_SANDBOX.DEMO_ACCOUNT_TYPE (ACCOUNT_TYPE_ID) ) [42001-199]
Caused by: org.springframework.beans.factory.BeanCreationException: 
Error creating bean with name 'org.springframework.boot.autoconfigure.jdbc.DataSourceInitializerInvoker': Invocation of init method failed; nested exception is org.springframework.jdbc.datasource.init.ScriptStatementFailedException: Failed to execute SQL script statement #4 of URL [file:/C:/Users/naude/Desktop/IT%20Dev/Project1/AccountSystemRepository/target/test-classes/schema.sql]: CREATE TABLE VITRSA_SANDBOX.DEMO_ACCOUNT_TX ( TX_ID BIGINT NOT NULL, ACCOUNT_TYPE_ID BIGINT NOT NULL, MEMBER_ID BIGINT NOT NULL, AMOUNT BIGINT NOT NULL, TX_DATE DATE NOT NULL, PRIMARY KEY (TX_ID) CONSTRAINT FK_ACCOUNT_TYPE_ID FOREIGN KEY (ACCOUNT_TYPE_ID) REFERENCES VITRSA_SANDBOX.DEMO_ACCOUNT_TYPE (ACCOUNT_TYPE_ID) ); nested exception is org.h2.jdbc.JdbcSQLSyntaxErrorException: Syntax error in SQL statement "CREATE TABLE VITRSA_SANDBOX.DEMO_ACCOUNT_TX ( TX_ID BIGINT NOT NULL, ACCOUNT_TYPE_ID BIGINT NOT NULL, MEMBER_ID BIGINT NOT NULL, AMOUNT BIGINT NOT NULL, TX_DATE DATE NOT NULL, PRIMARY KEY (TX_ID) CONSTRAINT[*] FK_ACCOUNT_TYPE_ID FOREIGN KEY (ACCOUNT_TYPE_ID) REFERENCES VITRSA_SANDBOX.DEMO_ACCOUNT_TYPE (ACCOUNT_TYPE_ID) )"; expected "INDEX, ,, )"; SQL statement:
CREATE TABLE VITRSA_SANDBOX.DEMO_ACCOUNT_TX ( TX_ID BIGINT NOT NULL, ACCOUNT_TYPE_ID BIGINT NOT NULL, MEMBER_ID BIGINT NOT NULL, AMOUNT BIGINT NOT NULL, TX_DATE DATE NOT NULL, PRIMARY KEY (TX_ID) CONSTRAINT FK_ACCOUNT_TYPE_ID FOREIGN KEY (ACCOUNT_TYPE_ID) REFERENCES VITRSA_SANDBOX.DEMO_ACCOUNT_TYPE (ACCOUNT_TYPE_ID) ) [42001-199]
Caused by: org.springframework.jdbc.datasource.init.ScriptStatementFailedException: 
Failed to execute SQL script statement #4 of URL [file:/C:/Users/naude/Desktop/IT%20Dev/Project1/AccountSystemRepository/target/test-classes/schema.sql]: CREATE TABLE VITRSA_SANDBOX.DEMO_ACCOUNT_TX ( TX_ID BIGINT NOT NULL, ACCOUNT_TYPE_ID BIGINT NOT NULL, MEMBER_ID BIGINT NOT NULL, AMOUNT BIGINT NOT NULL, TX_DATE DATE NOT NULL, PRIMARY KEY (TX_ID) CONSTRAINT FK_ACCOUNT_TYPE_ID FOREIGN KEY (ACCOUNT_TYPE_ID) REFERENCES VITRSA_SANDBOX.DEMO_ACCOUNT_TYPE (ACCOUNT_TYPE_ID) ); nested exception is org.h2.jdbc.JdbcSQLSyntaxErrorException: Syntax error in SQL statement "CREATE TABLE VITRSA_SANDBOX.DEMO_ACCOUNT_TX ( TX_ID BIGINT NOT NULL, ACCOUNT_TYPE_ID BIGINT NOT NULL, MEMBER_ID BIGINT NOT NULL, AMOUNT BIGINT NOT NULL, TX_DATE DATE NOT NULL, PRIMARY KEY (TX_ID) CONSTRAINT[*] FK_ACCOUNT_TYPE_ID FOREIGN KEY (ACCOUNT_TYPE_ID) REFERENCES VITRSA_SANDBOX.DEMO_ACCOUNT_TYPE (ACCOUNT_TYPE_ID) )"; expected "INDEX, ,, )"; SQL statement:
CREATE TABLE VITRSA_SANDBOX.DEMO_ACCOUNT_TX ( TX_ID BIGINT NOT NULL, ACCOUNT_TYPE_ID BIGINT NOT NULL, MEMBER_ID BIGINT NOT NULL, AMOUNT BIGINT NOT NULL, TX_DATE DATE NOT NULL, PRIMARY KEY (TX_ID) CONSTRAINT FK_ACCOUNT_TYPE_ID FOREIGN KEY (ACCOUNT_TYPE_ID) REFERENCES VITRSA_SANDBOX.DEMO_ACCOUNT_TYPE (ACCOUNT_TYPE_ID) ) [42001-199]
Caused by: org.h2.jdbc.JdbcSQLSyntaxErrorException: 
Syntax error in SQL statement "CREATE TABLE VITRSA_SANDBOX.DEMO_ACCOUNT_TX ( TX_ID BIGINT NOT NULL, ACCOUNT_TYPE_ID BIGINT NOT NULL, MEMBER_ID BIGINT NOT NULL, AMOUNT BIGINT NOT NULL, TX_DATE DATE NOT NULL, PRIMARY KEY (TX_ID) CONSTRAINT[*] FK_ACCOUNT_TYPE_ID FOREIGN KEY (ACCOUNT_TYPE_ID) REFERENCES VITRSA_SANDBOX.DEMO_ACCOUNT_TYPE (ACCOUNT_TYPE_ID) )"; expected "INDEX, ,, )"; SQL statement:
CREATE TABLE VITRSA_SANDBOX.DEMO_ACCOUNT_TX ( TX_ID BIGINT NOT NULL, ACCOUNT_TYPE_ID BIGINT NOT NULL, MEMBER_ID BIGINT NOT NULL, AMOUNT BIGINT NOT NULL, TX_DATE DATE NOT NULL, PRIMARY KEY (TX_ID) CONSTRAINT FK_ACCOUNT_TYPE_ID FOREIGN KEY (ACCOUNT_TYPE_ID) REFERENCES VITRSA_SANDBOX.DEMO_ACCOUNT_TYPE (ACCOUNT_TYPE_ID) ) [42001-199]
</error>
    <system-out><![CDATA[
  .   ____          _            __ _ _
 /\\ / ___'_ __ _ _(_)_ __  __ _ \ \ \ \
( ( )\___ | '_ | '_| | '_ \/ _` | \ \ \ \
 \\/  ___)| |_)| | | | | || (_| |  ) ) ) )
  '  |____| .__|_| |_|_| |_\__, | / / / /
 =========|_|==============|___/=/_/_/_/
 :: Spring Boot ::        (v2.1.6.RELEASE)

2021-09-22 15:33:23.647  INFO 5696 --- [           main] z.a.n.a.r.p.AccountTypeRepositoryTest    : Starting AccountTypeRepositoryTest on DESKTOP-074OGOO with PID 5696 (started by naude in C:\Users\naude\Desktop\IT Dev\Project1\AccountSystemRepository)
2021-09-22 15:33:23.648  INFO 5696 --- [           main] z.a.n.a.r.p.AccountTypeRepositoryTest    : No active profile set, falling back to default profiles: default
2021-09-22 15:33:23.817  INFO 5696 --- [           main] .s.d.r.c.RepositoryConfigurationDelegate : Bootstrapping Spring Data repositories in DEFAULT mode.
2021-09-22 15:33:23.847  INFO 5696 --- [           main] .s.d.r.c.RepositoryConfigurationDelegate : Finished Spring Data repository scanning in 29ms. Found 1 repository interfaces.
2021-09-22 15:33:23.882  INFO 5696 --- [           main] beddedDataSourceBeanFactoryPostProcessor : Replacing 'dataSource' DataSource bean with embedded version
2021-09-22 15:33:23.942  INFO 5696 --- [           main] o.s.j.d.e.EmbeddedDatabaseFactory        : Starting embedded database: url='jdbc:h2:mem:9bb999e8-b528-4002-b8c3-66291df958dc;DB_CLOSE_DELAY=-1;DB_CLOSE_ON_EXIT=false', username='sa'
2021-09-22 15:33:24.003  WARN 5696 --- [           main] s.c.a.AnnotationConfigApplicationContext : Exception encountered during context initialization - cancelling refresh attempt: org.springframework.beans.factory.UnsatisfiedDependencyException: Error creating bean with name 'org.springframework.boot.autoconfigure.orm.jpa.HibernateJpaConfiguration': Unsatisfied dependency expressed through constructor parameter 0; nested exception is org.springframework.beans.factory.BeanCreationException: Error creating bean with name 'dataSource': Post-processing of FactoryBean's singleton object failed; nested exception is org.springframework.beans.factory.BeanCreationException: Error creating bean with name 'org.springframework.boot.autoconfigure.jdbc.DataSourceInitializerInvoker': Invocation of init method failed; nested exception is org.springframework.jdbc.datasource.init.ScriptStatementFailedException: Failed to execute SQL script statement #4 of URL [file:/C:/Users/naude/Desktop/IT%20Dev/Project1/AccountSystemRepository/target/test-classes/schema.sql]: CREATE TABLE VITRSA_SANDBOX.DEMO_ACCOUNT_TX ( TX_ID BIGINT NOT NULL, ACCOUNT_TYPE_ID BIGINT NOT NULL, MEMBER_ID BIGINT NOT NULL, AMOUNT BIGINT NOT NULL, TX_DATE DATE NOT NULL, PRIMARY KEY (TX_ID) CONSTRAINT FK_ACCOUNT_TYPE_ID FOREIGN KEY (ACCOUNT_TYPE_ID) REFERENCES VITRSA_SANDBOX.DEMO_ACCOUNT_TYPE (ACCOUNT_TYPE_ID) ); nested exception is org.h2.jdbc.JdbcSQLSyntaxErrorException: Syntax error in SQL statement "CREATE TABLE VITRSA_SANDBOX.DEMO_ACCOUNT_TX ( TX_ID BIGINT NOT NULL, ACCOUNT_TYPE_ID BIGINT NOT NULL, MEMBER_ID BIGINT NOT NULL, AMOUNT BIGINT NOT NULL, TX_DATE DATE NOT NULL, PRIMARY KEY (TX_ID) CONSTRAINT[*] FK_ACCOUNT_TYPE_ID FOREIGN KEY (ACCOUNT_TYPE_ID) REFERENCES VITRSA_SANDBOX.DEMO_ACCOUNT_TYPE (ACCOUNT_TYPE_ID) )"; expected "INDEX, ,, )"; SQL statement:
CREATE TABLE VITRSA_SANDBOX.DEMO_ACCOUNT_TX ( TX_ID BIGINT NOT NULL, ACCOUNT_TYPE_ID BIGINT NOT NULL, MEMBER_ID BIGINT NOT NULL, AMOUNT BIGINT NOT NULL, TX_DATE DATE NOT NULL, PRIMARY KEY (TX_ID) CONSTRAINT FK_ACCOUNT_TYPE_ID FOREIGN KEY (ACCOUNT_TYPE_ID) REFERENCES VITRSA_SANDBOX.DEMO_ACCOUNT_TYPE (ACCOUNT_TYPE_ID) ) [42001-199]
2021-09-22 15:33:24.005  INFO 5696 --- [           main] ConditionEvaluationReportLoggingListener : 

Error starting ApplicationContext. To display the conditions report re-run your application with 'debug' enabled.
2021-09-22 15:33:24.007 ERROR 5696 --- [           main] o.s.boot.SpringApplication               : Application run failed

org.springframework.beans.factory.UnsatisfiedDependencyException: Error creating bean with name 'org.springframework.boot.autoconfigure.orm.jpa.HibernateJpaConfiguration': Unsatisfied dependency expressed through constructor parameter 0; nested exception is org.springframework.beans.factory.BeanCreationException: Error creating bean with name 'dataSource': Post-processing of FactoryBean's singleton object failed; nested exception is org.springframework.beans.factory.BeanCreationException: Error creating bean with name 'org.springframework.boot.autoconfigure.jdbc.DataSourceInitializerInvoker': Invocation of init method failed; nested exception is org.springframework.jdbc.datasource.init.ScriptStatementFailedException: Failed to execute SQL script statement #4 of URL [file:/C:/Users/naude/Desktop/IT%20Dev/Project1/AccountSystemRepository/target/test-classes/schema.sql]: CREATE TABLE VITRSA_SANDBOX.DEMO_ACCOUNT_TX ( TX_ID BIGINT NOT NULL, ACCOUNT_TYPE_ID BIGINT NOT NULL, MEMBER_ID BIGINT NOT NULL, AMOUNT BIGINT NOT NULL, TX_DATE DATE NOT NULL, PRIMARY KEY (TX_ID) CONSTRAINT FK_ACCOUNT_TYPE_ID FOREIGN KEY (ACCOUNT_TYPE_ID) REFERENCES VITRSA_SANDBOX.DEMO_ACCOUNT_TYPE (ACCOUNT_TYPE_ID) ); nested exception is org.h2.jdbc.JdbcSQLSyntaxErrorException: Syntax error in SQL statement "CREATE TABLE VITRSA_SANDBOX.DEMO_ACCOUNT_TX ( TX_ID BIGINT NOT NULL, ACCOUNT_TYPE_ID BIGINT NOT NULL, MEMBER_ID BIGINT NOT NULL, AMOUNT BIGINT NOT NULL, TX_DATE DATE NOT NULL, PRIMARY KEY (TX_ID) CONSTRAINT[*] FK_ACCOUNT_TYPE_ID FOREIGN KEY (ACCOUNT_TYPE_ID) REFERENCES VITRSA_SANDBOX.DEMO_ACCOUNT_TYPE (ACCOUNT_TYPE_ID) )"; expected "INDEX, ,, )"; SQL statement:
CREATE TABLE VITRSA_SANDBOX.DEMO_ACCOUNT_TX ( TX_ID BIGINT NOT NULL, ACCOUNT_TYPE_ID BIGINT NOT NULL, MEMBER_ID BIGINT NOT NULL, AMOUNT BIGINT NOT NULL, TX_DATE DATE NOT NULL, PRIMARY KEY (TX_ID) CONSTRAINT FK_ACCOUNT_TYPE_ID FOREIGN KEY (ACCOUNT_TYPE_ID) REFERENCES VITRSA_SANDBOX.DEMO_ACCOUNT_TYPE (ACCOUNT_TYPE_ID) ) [42001-199]
	at org.springframework.beans.factory.support.ConstructorResolver.createArgumentArray(ConstructorResolver.java:769) ~[spring-beans-5.1.8.RELEASE.jar:5.1.8.RELEASE]
	at org.springframework.beans.factory.support.ConstructorResolver.autowireConstructor(ConstructorResolver.java:218) ~[spring-beans-5.1.8.RELEASE.jar:5.1.8.RELEASE]
	at org.springframework.beans.factory.support.AbstractAutowireCapableBeanFactory.autowireConstructor(AbstractAutowireCapableBeanFactory.java:1341) ~[spring-beans-5.1.8.RELEASE.jar:5.1.8.RELEASE]
	at org.springframework.beans.factory.support.AbstractAutowireCapableBeanFactory.createBeanInstance(AbstractAutowireCapableBeanFactory.java:1187) ~[spring-beans-5.1.8.RELEASE.jar:5.1.8.RELEASE]
	at org.springframework.beans.factory.support.AbstractAutowireCapableBeanFactory.doCreateBean(AbstractAutowireCapableBeanFactory.java:555) ~[spring-beans-5.1.8.RELEASE.jar:5.1.8.RELEASE]
	at org.springframework.beans.factory.support.AbstractAutowireCapableBeanFactory.createBean(AbstractAutowireCapableBeanFactory.java:515) ~[spring-beans-5.1.8.RELEASE.jar:5.1.8.RELEASE]
	at org.springframework.beans.factory.support.AbstractBeanFactory.lambda$doGetBean$0(AbstractBeanFactory.java:320) ~[spring-beans-5.1.8.RELEASE.jar:5.1.8.RELEASE]
	at org.springframework.beans.factory.support.DefaultSingletonBeanRegistry.getSingleton(DefaultSingletonBeanRegistry.java:222) ~[spring-beans-5.1.8.RELEASE.jar:5.1.8.RELEASE]
	at org.springframework.beans.factory.support.AbstractBeanFactory.doGetBean(AbstractBeanFactory.java:318) ~[spring-beans-5.1.8.RELEASE.jar:5.1.8.RELEASE]
	at org.springframework.beans.factory.support.AbstractBeanFactory.getBean(AbstractBeanFactory.java:199) ~[spring-beans-5.1.8.RELEASE.jar:5.1.8.RELEASE]
	at org.springframework.beans.factory.support.ConstructorResolver.instantiateUsingFactoryMethod(ConstructorResolver.java:392) ~[spring-beans-5.1.8.RELEASE.jar:5.1.8.RELEASE]
	at org.springframework.beans.factory.support.AbstractAutowireCapableBeanFactory.instantiateUsingFactoryMethod(AbstractAutowireCapableBeanFactory.java:1321) ~[spring-beans-5.1.8.RELEASE.jar:5.1.8.RELEASE]
	at org.springframework.beans.factory.support.AbstractAutowireCapableBeanFactory.createBeanInstance(AbstractAutowireCapableBeanFactory.java:1160) ~[spring-beans-5.1.8.RELEASE.jar:5.1.8.RELEASE]
	at org.springframework.beans.factory.support.AbstractAutowireCapableBeanFactory.doCreateBean(AbstractAutowireCapableBeanFactory.java:555) ~[spring-beans-5.1.8.RELEASE.jar:5.1.8.RELEASE]
	at org.springframework.beans.factory.support.AbstractAutowireCapableBeanFactory.createBean(AbstractAutowireCapableBeanFactory.java:515) ~[spring-beans-5.1.8.RELEASE.jar:5.1.8.RELEASE]
	at org.springframework.beans.factory.support.AbstractBeanFactory.lambda$doGetBean$0(AbstractBeanFactory.java:320) ~[spring-beans-5.1.8.RELEASE.jar:5.1.8.RELEASE]
	at org.springframework.beans.factory.support.DefaultSingletonBeanRegistry.getSingleton(DefaultSingletonBeanRegistry.java:222) ~[spring-beans-5.1.8.RELEASE.jar:5.1.8.RELEASE]
	at org.springframework.beans.factory.support.AbstractBeanFactory.doGetBean(AbstractBeanFactory.java:318) ~[spring-beans-5.1.8.RELEASE.jar:5.1.8.RELEASE]
	at org.springframework.beans.factory.support.AbstractBeanFactory.getBean(AbstractBeanFactory.java:199) ~[spring-beans-5.1.8.RELEASE.jar:5.1.8.RELEASE]
	at org.springframework.context.support.AbstractApplicationContext.getBean(AbstractApplicationContext.java:1105) ~[spring-context-5.1.8.RELEASE.jar:5.1.8.RELEASE]
	at org.springframework.context.support.AbstractApplicationContext.finishBeanFactoryInitialization(AbstractApplicationContext.java:867) ~[spring-context-5.1.8.RELEASE.jar:5.1.8.RELEASE]
	at org.springframework.context.support.AbstractApplicationContext.refresh(AbstractApplicationContext.java:549) ~[spring-context-5.1.8.RELEASE.jar:5.1.8.RELEASE]
	at org.springframework.boot.SpringApplication.refresh(SpringApplication.java:742) ~[spring-boot-2.1.6.RELEASE.jar:2.1.6.RELEASE]
	at org.springframework.boot.SpringApplication.refreshContext(SpringApplication.java:389) ~[spring-boot-2.1.6.RELEASE.jar:2.1.6.RELEASE]
	at org.springframework.boot.SpringApplication.run(SpringApplication.java:311) ~[spring-boot-2.1.6.RELEASE.jar:2.1.6.RELEASE]
	at org.springframework.boot.test.context.SpringBootContextLoader.loadContext(SpringBootContextLoader.java:119) ~[spring-boot-test-2.1.6.RELEASE.jar:2.1.6.RELEASE]
	at org.springframework.test.context.cache.DefaultCacheAwareContextLoaderDelegate.loadContextInternal(DefaultCacheAwareContextLoaderDelegate.java:99) ~[spring-test-5.1.8.RELEASE.jar:5.1.8.RELEASE]
	at org.springframework.test.context.cache.DefaultCacheAwareContextLoaderDelegate.loadContext(DefaultCacheAwareContextLoaderDelegate.java:117) ~[spring-test-5.1.8.RELEASE.jar:5.1.8.RELEASE]
	at org.springframework.test.context.support.DefaultTestContext.getApplicationContext(DefaultTestContext.java:108) ~[spring-test-5.1.8.RELEASE.jar:5.1.8.RELEASE]
	at org.springframework.test.context.support.DependencyInjectionTestExecutionListener.injectDependencies(DependencyInjectionTestExecutionListener.java:118) ~[spring-test-5.1.8.RELEASE.jar:5.1.8.RELEASE]
	at org.springframework.test.context.support.DependencyInjectionTestExecutionListener.prepareTestInstance(DependencyInjectionTestExecutionListener.java:83) ~[spring-test-5.1.8.RELEASE.jar:5.1.8.RELEASE]
	at org.springframework.boot.test.autoconfigure.SpringBootDependencyInjectionTestExecutionListener.prepareTestInstance(SpringBootDependencyInjectionTestExecutionListener.java:43) ~[spring-boot-test-autoconfigure-2.1.6.RELEASE.jar:2.1.6.RELEASE]
	at org.springframework.test.context.TestContextManager.prepareTestInstance(TestContextManager.java:246) ~[spring-test-5.1.8.RELEASE.jar:5.1.8.RELEASE]
	at org.springframework.test.context.junit4.SpringJUnit4ClassRunner.createTest(SpringJUnit4ClassRunner.java:227) ~[spring-test-5.1.8.RELEASE.jar:5.1.8.RELEASE]
	at org.springframework.test.context.junit4.SpringJUnit4ClassRunner$1.runReflectiveCall(SpringJUnit4ClassRunner.java:289) ~[spring-test-5.1.8.RELEASE.jar:5.1.8.RELEASE]
	at org.junit.internal.runners.model.ReflectiveCallable.run(ReflectiveCallable.java:12) ~[junit-4.12.jar:4.12]
	at org.springframework.test.context.junit4.SpringJUnit4ClassRunner.methodBlock(SpringJUnit4ClassRunner.java:291) ~[spring-test-5.1.8.RELEASE.jar:5.1.8.RELEASE]
	at org.springframework.test.context.junit4.SpringJUnit4ClassRunner.runChild(SpringJUnit4ClassRunner.java:246) ~[spring-test-5.1.8.RELEASE.jar:5.1.8.RELEASE]
	at org.springframework.test.context.junit4.SpringJUnit4ClassRunner.runChild(SpringJUnit4ClassRunner.java:97) ~[spring-test-5.1.8.RELEASE.jar:5.1.8.RELEASE]
	at org.junit.runners.ParentRunner$3.run(ParentRunner.java:290) ~[junit-4.12.jar:4.12]
	at org.junit.runners.ParentRunner$1.schedule(ParentRunner.java:71) ~[junit-4.12.jar:4.12]
	at org.junit.runners.ParentRunner.runChildren(ParentRunner.java:288) ~[junit-4.12.jar:4.12]
	at org.junit.runners.ParentRunner.access$000(ParentRunner.java:58) ~[junit-4.12.jar:4.12]
	at org.junit.runners.ParentRunner$2.evaluate(ParentRunner.java:268) ~[junit-4.12.jar:4.12]
	at org.springframework.test.context.junit4.statements.RunBeforeTestClassCallbacks.evaluate(RunBeforeTestClassCallbacks.java:61) ~[spring-test-5.1.8.RELEASE.jar:5.1.8.RELEASE]
	at org.springframework.test.context.junit4.statements.RunAfterTestClassCallbacks.evaluate(RunAfterTestClassCallbacks.java:70) ~[spring-test-5.1.8.RELEASE.jar:5.1.8.RELEASE]
	at org.junit.runners.ParentRunner.run(ParentRunner.java:363) ~[junit-4.12.jar:4.12]
	at org.springframework.test.context.junit4.SpringJUnit4ClassRunner.run(SpringJUnit4ClassRunner.java:190) ~[spring-test-5.1.8.RELEASE.jar:5.1.8.RELEASE]
	at org.apache.maven.surefire.junit4.JUnit4Provider.execute(JUnit4Provider.java:365) ~[surefire-junit4-2.22.2.jar:2.22.2]
	at org.apache.maven.surefire.junit4.JUnit4Provider.executeWithRerun(JUnit4Provider.java:273) ~[surefire-junit4-2.22.2.jar:2.22.2]
	at org.apache.maven.surefire.junit4.JUnit4Provider.executeTestSet(JUnit4Provider.java:238) ~[surefire-junit4-2.22.2.jar:2.22.2]
	at org.apache.maven.surefire.junit4.JUnit4Provider.invoke(JUnit4Provider.java:159) ~[surefire-junit4-2.22.2.jar:2.22.2]
	at org.apache.maven.surefire.booter.ForkedBooter.invokeProviderInSameClassLoader(ForkedBooter.java:384) ~[surefire-booter-2.22.2.jar:2.22.2]
	at org.apache.maven.surefire.booter.ForkedBooter.runSuitesInProcess(ForkedBooter.java:345) ~[surefire-booter-2.22.2.jar:2.22.2]
	at org.apache.maven.surefire.booter.ForkedBooter.execute(ForkedBooter.java:126) ~[surefire-booter-2.22.2.jar:2.22.2]
	at org.apache.maven.surefire.booter.ForkedBooter.main(ForkedBooter.java:418) ~[surefire-booter-2.22.2.jar:2.22.2]
Caused by: org.springframework.beans.factory.BeanCreationException: Error creating bean with name 'dataSource': Post-processing of FactoryBean's singleton object failed; nested exception is org.springframework.beans.factory.BeanCreationException: Error creating bean with name 'org.springframework.boot.autoconfigure.jdbc.DataSourceInitializerInvoker': Invocation of init method failed; nested exception is org.springframework.jdbc.datasource.init.ScriptStatementFailedException: Failed to execute SQL script statement #4 of URL [file:/C:/Users/naude/Desktop/IT%20Dev/Project1/AccountSystemRepository/target/test-classes/schema.sql]: CREATE TABLE VITRSA_SANDBOX.DEMO_ACCOUNT_TX ( TX_ID BIGINT NOT NULL, ACCOUNT_TYPE_ID BIGINT NOT NULL, MEMBER_ID BIGINT NOT NULL, AMOUNT BIGINT NOT NULL, TX_DATE DATE NOT NULL, PRIMARY KEY (TX_ID) CONSTRAINT FK_ACCOUNT_TYPE_ID FOREIGN KEY (ACCOUNT_TYPE_ID) REFERENCES VITRSA_SANDBOX.DEMO_ACCOUNT_TYPE (ACCOUNT_TYPE_ID) ); nested exception is org.h2.jdbc.JdbcSQLSyntaxErrorException: Syntax error in SQL statement "CREATE TABLE VITRSA_SANDBOX.DEMO_ACCOUNT_TX ( TX_ID BIGINT NOT NULL, ACCOUNT_TYPE_ID BIGINT NOT NULL, MEMBER_ID BIGINT NOT NULL, AMOUNT BIGINT NOT NULL, TX_DATE DATE NOT NULL, PRIMARY KEY (TX_ID) CONSTRAINT[*] FK_ACCOUNT_TYPE_ID FOREIGN KEY (ACCOUNT_TYPE_ID) REFERENCES VITRSA_SANDBOX.DEMO_ACCOUNT_TYPE (ACCOUNT_TYPE_ID) )"; expected "INDEX, ,, )"; SQL statement:
CREATE TABLE VITRSA_SANDBOX.DEMO_ACCOUNT_TX ( TX_ID BIGINT NOT NULL, ACCOUNT_TYPE_ID BIGINT NOT NULL, MEMBER_ID BIGINT NOT NULL, AMOUNT BIGINT NOT NULL, TX_DATE DATE NOT NULL, PRIMARY KEY (TX_ID) CONSTRAINT FK_ACCOUNT_TYPE_ID FOREIGN KEY (ACCOUNT_TYPE_ID) REFERENCES VITRSA_SANDBOX.DEMO_ACCOUNT_TYPE (ACCOUNT_TYPE_ID) ) [42001-199]
	at org.springframework.beans.factory.support.FactoryBeanRegistrySupport.getObjectFromFactoryBean(FactoryBeanRegistrySupport.java:119) ~[spring-beans-5.1.8.RELEASE.jar:5.1.8.RELEASE]
	at org.springframework.beans.factory.support.AbstractBeanFactory.getObjectForBeanInstance(AbstractBeanFactory.java:1674) ~[spring-beans-5.1.8.RELEASE.jar:5.1.8.RELEASE]
	at org.springframework.beans.factory.support.AbstractAutowireCapableBeanFactory.getObjectForBeanInstance(AbstractAutowireCapableBeanFactory.java:1249) ~[spring-beans-5.1.8.RELEASE.jar:5.1.8.RELEASE]
	at org.springframework.beans.factory.support.AbstractBeanFactory.doGetBean(AbstractBeanFactory.java:330) ~[spring-beans-5.1.8.RELEASE.jar:5.1.8.RELEASE]
	at org.springframework.beans.factory.support.AbstractBeanFactory.getBean(AbstractBeanFactory.java:199) ~[spring-beans-5.1.8.RELEASE.jar:5.1.8.RELEASE]
	at org.springframework.beans.factory.config.DependencyDescriptor.resolveCandidate(DependencyDescriptor.java:277) ~[spring-beans-5.1.8.RELEASE.jar:5.1.8.RELEASE]
	at org.springframework.beans.factory.support.DefaultListableBeanFactory.doResolveDependency(DefaultListableBeanFactory.java:1251) ~[spring-beans-5.1.8.RELEASE.jar:5.1.8.RELEASE]
	at org.springframework.beans.factory.support.DefaultListableBeanFactory.resolveDependency(DefaultListableBeanFactory.java:1171) ~[spring-beans-5.1.8.RELEASE.jar:5.1.8.RELEASE]
	at org.springframework.beans.factory.support.ConstructorResolver.resolveAutowiredArgument(ConstructorResolver.java:857) ~[spring-beans-5.1.8.RELEASE.jar:5.1.8.RELEASE]
	at org.springframework.beans.factory.support.ConstructorResolver.createArgumentArray(ConstructorResolver.java:760) ~[spring-beans-5.1.8.RELEASE.jar:5.1.8.RELEASE]
	... 55 common frames omitted
Caused by: org.springframework.beans.factory.BeanCreationException: Error creating bean with name 'org.springframework.boot.autoconfigure.jdbc.DataSourceInitializerInvoker': Invocation of init method failed; nested exception is org.springframework.jdbc.datasource.init.ScriptStatementFailedException: Failed to execute SQL script statement #4 of URL [file:/C:/Users/naude/Desktop/IT%20Dev/Project1/AccountSystemRepository/target/test-classes/schema.sql]: CREATE TABLE VITRSA_SANDBOX.DEMO_ACCOUNT_TX ( TX_ID BIGINT NOT NULL, ACCOUNT_TYPE_ID BIGINT NOT NULL, MEMBER_ID BIGINT NOT NULL, AMOUNT BIGINT NOT NULL, TX_DATE DATE NOT NULL, PRIMARY KEY (TX_ID) CONSTRAINT FK_ACCOUNT_TYPE_ID FOREIGN KEY (ACCOUNT_TYPE_ID) REFERENCES VITRSA_SANDBOX.DEMO_ACCOUNT_TYPE (ACCOUNT_TYPE_ID) ); nested exception is org.h2.jdbc.JdbcSQLSyntaxErrorException: Syntax error in SQL statement "CREATE TABLE VITRSA_SANDBOX.DEMO_ACCOUNT_TX ( TX_ID BIGINT NOT NULL, ACCOUNT_TYPE_ID BIGINT NOT NULL, MEMBER_ID BIGINT NOT NULL, AMOUNT BIGINT NOT NULL, TX_DATE DATE NOT NULL, PRIMARY KEY (TX_ID) CONSTRAINT[*] FK_ACCOUNT_TYPE_ID FOREIGN KEY (ACCOUNT_TYPE_ID) REFERENCES VITRSA_SANDBOX.DEMO_ACCOUNT_TYPE (ACCOUNT_TYPE_ID) )"; expected "INDEX, ,, )"; SQL statement:
CREATE TABLE VITRSA_SANDBOX.DEMO_ACCOUNT_TX ( TX_ID BIGINT NOT NULL, ACCOUNT_TYPE_ID BIGINT NOT NULL, MEMBER_ID BIGINT NOT NULL, AMOUNT BIGINT NOT NULL, TX_DATE DATE NOT NULL, PRIMARY KEY (TX_ID) CONSTRAINT FK_ACCOUNT_TYPE_ID FOREIGN KEY (ACCOUNT_TYPE_ID) REFERENCES VITRSA_SANDBOX.DEMO_ACCOUNT_TYPE (ACCOUNT_TYPE_ID) ) [42001-199]
	at org.springframework.beans.factory.support.AbstractAutowireCapableBeanFactory.initializeBean(AbstractAutowireCapableBeanFactory.java:1778) ~[spring-beans-5.1.8.RELEASE.jar:5.1.8.RELEASE]
	at org.springframework.beans.factory.support.AbstractAutowireCapableBeanFactory.doCreateBean(AbstractAutowireCapableBeanFactory.java:593) ~[spring-beans-5.1.8.RELEASE.jar:5.1.8.RELEASE]
	at org.springframework.beans.factory.support.AbstractAutowireCapableBeanFactory.createBean(AbstractAutowireCapableBeanFactory.java:515) ~[spring-beans-5.1.8.RELEASE.jar:5.1.8.RELEASE]
	at org.springframework.beans.factory.support.AbstractBeanFactory.lambda$doGetBean$0(AbstractBeanFactory.java:320) ~[spring-beans-5.1.8.RELEASE.jar:5.1.8.RELEASE]
	at org.springframework.beans.factory.support.DefaultSingletonBeanRegistry.getSingleton(DefaultSingletonBeanRegistry.java:222) ~[spring-beans-5.1.8.RELEASE.jar:5.1.8.RELEASE]
	at org.springframework.beans.factory.support.AbstractBeanFactory.doGetBean(AbstractBeanFactory.java:318) ~[spring-beans-5.1.8.RELEASE.jar:5.1.8.RELEASE]
	at org.springframework.beans.factory.support.AbstractBeanFactory.getBean(AbstractBeanFactory.java:224) ~[spring-beans-5.1.8.RELEASE.jar:5.1.8.RELEASE]
	at org.springframework.beans.factory.support.DefaultListableBeanFactory.resolveNamedBean(DefaultListableBeanFactory.java:1119) ~[spring-beans-5.1.8.RELEASE.jar:5.1.8.RELEASE]
	at org.springframework.beans.factory.support.DefaultListableBeanFactory.resolveBean(DefaultListableBeanFactory.java:411) ~[spring-beans-5.1.8.RELEASE.jar:5.1.8.RELEASE]
	at org.springframework.beans.factory.support.DefaultListableBeanFactory.getBean(DefaultListableBeanFactory.java:344) ~[spring-beans-5.1.8.RELEASE.jar:5.1.8.RELEASE]
	at org.springframework.beans.factory.support.DefaultListableBeanFactory.getBean(DefaultListableBeanFactory.java:337) ~[spring-beans-5.1.8.RELEASE.jar:5.1.8.RELEASE]
	at org.springframework.boot.autoconfigure.jdbc.DataSourceInitializerPostProcessor.postProcessAfterInitialization(DataSourceInitializerPostProcessor.java:53) ~[spring-boot-autoconfigure-2.1.6.RELEASE.jar:2.1.6.RELEASE]
	at org.springframework.beans.factory.support.AbstractAutowireCapableBeanFactory.applyBeanPostProcessorsAfterInitialization(AbstractAutowireCapableBeanFactory.java:429) ~[spring-beans-5.1.8.RELEASE.jar:5.1.8.RELEASE]
	at org.springframework.beans.factory.support.AbstractAutowireCapableBeanFactory.postProcessObjectFromFactoryBean(AbstractAutowireCapableBeanFactory.java:1921) ~[spring-beans-5.1.8.RELEASE.jar:5.1.8.RELEASE]
	at org.springframework.beans.factory.support.FactoryBeanRegistrySupport.getObjectFromFactoryBean(FactoryBeanRegistrySupport.java:116) ~[spring-beans-5.1.8.RELEASE.jar:5.1.8.RELEASE]
	... 64 common frames omitted
Caused by: org.springframework.jdbc.datasource.init.ScriptStatementFailedException: Failed to execute SQL script statement #4 of URL [file:/C:/Users/naude/Desktop/IT%20Dev/Project1/AccountSystemRepository/target/test-classes/schema.sql]: CREATE TABLE VITRSA_SANDBOX.DEMO_ACCOUNT_TX ( TX_ID BIGINT NOT NULL, ACCOUNT_TYPE_ID BIGINT NOT NULL, MEMBER_ID BIGINT NOT NULL, AMOUNT BIGINT NOT NULL, TX_DATE DATE NOT NULL, PRIMARY KEY (TX_ID) CONSTRAINT FK_ACCOUNT_TYPE_ID FOREIGN KEY (ACCOUNT_TYPE_ID) REFERENCES VITRSA_SANDBOX.DEMO_ACCOUNT_TYPE (ACCOUNT_TYPE_ID) ); nested exception is org.h2.jdbc.JdbcSQLSyntaxErrorException: Syntax error in SQL statement "CREATE TABLE VITRSA_SANDBOX.DEMO_ACCOUNT_TX ( TX_ID BIGINT NOT NULL, ACCOUNT_TYPE_ID BIGINT NOT NULL, MEMBER_ID BIGINT NOT NULL, AMOUNT BIGINT NOT NULL, TX_DATE DATE NOT NULL, PRIMARY KEY (TX_ID) CONSTRAINT[*] FK_ACCOUNT_TYPE_ID FOREIGN KEY (ACCOUNT_TYPE_ID) REFERENCES VITRSA_SANDBOX.DEMO_ACCOUNT_TYPE (ACCOUNT_TYPE_ID) )"; expected "INDEX, ,, )"; SQL statement:
CREATE TABLE VITRSA_SANDBOX.DEMO_ACCOUNT_TX ( TX_ID BIGINT NOT NULL, ACCOUNT_TYPE_ID BIGINT NOT NULL, MEMBER_ID BIGINT NOT NULL, AMOUNT BIGINT NOT NULL, TX_DATE DATE NOT NULL, PRIMARY KEY (TX_ID) CONSTRAINT FK_ACCOUNT_TYPE_ID FOREIGN KEY (ACCOUNT_TYPE_ID) REFERENCES VITRSA_SANDBOX.DEMO_ACCOUNT_TYPE (ACCOUNT_TYPE_ID) ) [42001-199]
	at org.springframework.jdbc.datasource.init.ScriptUtils.executeSqlScript(ScriptUtils.java:509) ~[spring-jdbc-5.1.8.RELEASE.jar:5.1.8.RELEASE]
	at org.springframework.jdbc.datasource.init.ResourceDatabasePopulator.populate(ResourceDatabasePopulator.java:238) ~[spring-jdbc-5.1.8.RELEASE.jar:5.1.8.RELEASE]
	at org.springframework.jdbc.datasource.init.DatabasePopulatorUtils.execute(DatabasePopulatorUtils.java:48) ~[spring-jdbc-5.1.8.RELEASE.jar:5.1.8.RELEASE]
	at org.springframework.boot.autoconfigure.jdbc.DataSourceInitializer.runScripts(DataSourceInitializer.java:202) ~[spring-boot-autoconfigure-2.1.6.RELEASE.jar:2.1.6.RELEASE]
	at org.springframework.boot.autoconfigure.jdbc.DataSourceInitializer.createSchema(DataSourceInitializer.java:101) ~[spring-boot-autoconfigure-2.1.6.RELEASE.jar:2.1.6.RELEASE]
	at org.springframework.boot.autoconfigure.jdbc.DataSourceInitializerInvoker.afterPropertiesSet(DataSourceInitializerInvoker.java:62) ~[spring-boot-autoconfigure-2.1.6.RELEASE.jar:2.1.6.RELEASE]
	at org.springframework.beans.factory.support.AbstractAutowireCapableBeanFactory.invokeInitMethods(AbstractAutowireCapableBeanFactory.java:1837) ~[spring-beans-5.1.8.RELEASE.jar:5.1.8.RELEASE]
	at org.springframework.beans.factory.support.AbstractAutowireCapableBeanFactory.initializeBean(AbstractAutowireCapableBeanFactory.java:1774) ~[spring-beans-5.1.8.RELEASE.jar:5.1.8.RELEASE]
	... 78 common frames omitted
Caused by: org.h2.jdbc.JdbcSQLSyntaxErrorException: Syntax error in SQL statement "CREATE TABLE VITRSA_SANDBOX.DEMO_ACCOUNT_TX ( TX_ID BIGINT NOT NULL, ACCOUNT_TYPE_ID BIGINT NOT NULL, MEMBER_ID BIGINT NOT NULL, AMOUNT BIGINT NOT NULL, TX_DATE DATE NOT NULL, PRIMARY KEY (TX_ID) CONSTRAINT[*] FK_ACCOUNT_TYPE_ID FOREIGN KEY (ACCOUNT_TYPE_ID) REFERENCES VITRSA_SANDBOX.DEMO_ACCOUNT_TYPE (ACCOUNT_TYPE_ID) )"; expected "INDEX, ,, )"; SQL statement:
CREATE TABLE VITRSA_SANDBOX.DEMO_ACCOUNT_TX ( TX_ID BIGINT NOT NULL, ACCOUNT_TYPE_ID BIGINT NOT NULL, MEMBER_ID BIGINT NOT NULL, AMOUNT BIGINT NOT NULL, TX_DATE DATE NOT NULL, PRIMARY KEY (TX_ID) CONSTRAINT FK_ACCOUNT_TYPE_ID FOREIGN KEY (ACCOUNT_TYPE_ID) REFERENCES VITRSA_SANDBOX.DEMO_ACCOUNT_TYPE (ACCOUNT_TYPE_ID) ) [42001-199]
	at org.h2.message.DbException.getJdbcSQLException(DbException.java:451) ~[h2-1.4.199.jar:1.4.199]
	at org.h2.message.DbException.getJdbcSQLException(DbException.java:427) ~[h2-1.4.199.jar:1.4.199]
	at org.h2.message.DbException.getSyntaxError(DbException.java:243) ~[h2-1.4.199.jar:1.4.199]
	at org.h2.command.Parser.getSyntaxError(Parser.java:991) ~[h2-1.4.199.jar:1.4.199]
	at org.h2.command.Parser.read(Parser.java:4549) ~[h2-1.4.199.jar:1.4.199]
	at org.h2.command.Parser.readIfMore(Parser.java:1391) ~[h2-1.4.199.jar:1.4.199]
	at org.h2.command.Parser.parseCreateTable(Parser.java:7833) ~[h2-1.4.199.jar:1.4.199]
	at org.h2.command.Parser.parseCreate(Parser.java:5818) ~[h2-1.4.199.jar:1.4.199]
	at org.h2.command.Parser.parsePrepared(Parser.java:846) ~[h2-1.4.199.jar:1.4.199]
	at org.h2.command.Parser.parse(Parser.java:788) ~[h2-1.4.199.jar:1.4.199]
	at org.h2.command.Parser.parse(Parser.java:764) ~[h2-1.4.199.jar:1.4.199]
	at org.h2.command.Parser.prepareCommand(Parser.java:683) ~[h2-1.4.199.jar:1.4.199]
	at org.h2.engine.Session.prepareLocal(Session.java:627) ~[h2-1.4.199.jar:1.4.199]
	at org.h2.engine.Session.prepareCommand(Session.java:565) ~[h2-1.4.199.jar:1.4.199]
	at org.h2.jdbc.JdbcConnection.prepareCommand(JdbcConnection.java:1292) ~[h2-1.4.199.jar:1.4.199]
	at org.h2.jdbc.JdbcStatement.executeInternal(JdbcStatement.java:217) ~[h2-1.4.199.jar:1.4.199]
	at org.h2.jdbc.JdbcStatement.execute(JdbcStatement.java:205) ~[h2-1.4.199.jar:1.4.199]
	at org.springframework.jdbc.datasource.init.ScriptUtils.executeSqlScript(ScriptUtils.java:488) ~[spring-jdbc-5.1.8.RELEASE.jar:5.1.8.RELEASE]
	... 85 common frames omitted


  .   ____          _            __ _ _
 /\\ / ___'_ __ _ _(_)_ __  __ _ \ \ \ \
( ( )\___ | '_ | '_| | '_ \/ _` | \ \ \ \
 \\/  ___)| |_)| | | | | || (_| |  ) ) ) )
  '  |____| .__|_| |_|_| |_\__, | / / / /
 =========|_|==============|___/=/_/_/_/
 :: Spring Boot ::        (v2.1.6.RELEASE)

2021-09-22 15:33:24.035  INFO 5696 --- [           main] z.a.n.a.r.p.AccountTypeRepositoryTest    : Starting AccountTypeRepositoryTest on DESKTOP-074OGOO with PID 5696 (started by naude in C:\Users\naude\Desktop\IT Dev\Project1\AccountSystemRepository)
2021-09-22 15:33:24.036  INFO 5696 --- [           main] z.a.n.a.r.p.AccountTypeRepositoryTest    : No active profile set, falling back to default profiles: default
2021-09-22 15:33:24.168  INFO 5696 --- [           main] .s.d.r.c.RepositoryConfigurationDelegate : Bootstrapping Spring Data repositories in DEFAULT mode.
2021-09-22 15:33:24.193  INFO 5696 --- [           main] .s.d.r.c.RepositoryConfigurationDelegate : Finished Spring Data repository scanning in 21ms. Found 1 repository interfaces.
2021-09-22 15:33:24.227  INFO 5696 --- [           main] beddedDataSourceBeanFactoryPostProcessor : Replacing 'dataSource' DataSource bean with embedded version
2021-09-22 15:33:24.312  INFO 5696 --- [           main] o.s.j.d.e.EmbeddedDatabaseFactory        : Starting embedded database: url='jdbc:h2:mem:103697c6-aea8-4056-a494-8c133ffbc887;DB_CLOSE_DELAY=-1;DB_CLOSE_ON_EXIT=false', username='sa'
2021-09-22 15:33:24.379  WARN 5696 --- [           main] s.c.a.AnnotationConfigApplicationContext : Exception encountered during context initialization - cancelling refresh attempt: org.springframework.beans.factory.UnsatisfiedDependencyException: Error creating bean with name 'org.springframework.boot.autoconfigure.orm.jpa.HibernateJpaConfiguration': Unsatisfied dependency expressed through constructor parameter 0; nested exception is org.springframework.beans.factory.BeanCreationException: Error creating bean with name 'dataSource': Post-processing of FactoryBean's singleton object failed; nested exception is org.springframework.beans.factory.BeanCreationException: Error creating bean with name 'org.springframework.boot.autoconfigure.jdbc.DataSourceInitializerInvoker': Invocation of init method failed; nested exception is org.springframework.jdbc.datasource.init.ScriptStatementFailedException: Failed to execute SQL script statement #4 of URL [file:/C:/Users/naude/Desktop/IT%20Dev/Project1/AccountSystemRepository/target/test-classes/schema.sql]: CREATE TABLE VITRSA_SANDBOX.DEMO_ACCOUNT_TX ( TX_ID BIGINT NOT NULL, ACCOUNT_TYPE_ID BIGINT NOT NULL, MEMBER_ID BIGINT NOT NULL, AMOUNT BIGINT NOT NULL, TX_DATE DATE NOT NULL, PRIMARY KEY (TX_ID) CONSTRAINT FK_ACCOUNT_TYPE_ID FOREIGN KEY (ACCOUNT_TYPE_ID) REFERENCES VITRSA_SANDBOX.DEMO_ACCOUNT_TYPE (ACCOUNT_TYPE_ID) ); nested exception is org.h2.jdbc.JdbcSQLSyntaxErrorException: Syntax error in SQL statement "CREATE TABLE VITRSA_SANDBOX.DEMO_ACCOUNT_TX ( TX_ID BIGINT NOT NULL, ACCOUNT_TYPE_ID BIGINT NOT NULL, MEMBER_ID BIGINT NOT NULL, AMOUNT BIGINT NOT NULL, TX_DATE DATE NOT NULL, PRIMARY KEY (TX_ID) CONSTRAINT[*] FK_ACCOUNT_TYPE_ID FOREIGN KEY (ACCOUNT_TYPE_ID) REFERENCES VITRSA_SANDBOX.DEMO_ACCOUNT_TYPE (ACCOUNT_TYPE_ID) )"; expected "INDEX, ,, )"; SQL statement:
CREATE TABLE VITRSA_SANDBOX.DEMO_ACCOUNT_TX ( TX_ID BIGINT NOT NULL, ACCOUNT_TYPE_ID BIGINT NOT NULL, MEMBER_ID BIGINT NOT NULL, AMOUNT BIGINT NOT NULL, TX_DATE DATE NOT NULL, PRIMARY KEY (TX_ID) CONSTRAINT FK_ACCOUNT_TYPE_ID FOREIGN KEY (ACCOUNT_TYPE_ID) REFERENCES VITRSA_SANDBOX.DEMO_ACCOUNT_TYPE (ACCOUNT_TYPE_ID) ) [42001-199]
2021-09-22 15:33:24.394  INFO 5696 --- [           main] ConditionEvaluationReportLoggingListener : 

Error starting ApplicationContext. To display the conditions report re-run your application with 'debug' enabled.
2021-09-22 15:33:24.398 ERROR 5696 --- [           main] o.s.boot.SpringApplication               : Application run failed

org.springframework.beans.factory.UnsatisfiedDependencyException: Error creating bean with name 'org.springframework.boot.autoconfigure.orm.jpa.HibernateJpaConfiguration': Unsatisfied dependency expressed through constructor parameter 0; nested exception is org.springframework.beans.factory.BeanCreationException: Error creating bean with name 'dataSource': Post-processing of FactoryBean's singleton object failed; nested exception is org.springframework.beans.factory.BeanCreationException: Error creating bean with name 'org.springframework.boot.autoconfigure.jdbc.DataSourceInitializerInvoker': Invocation of init method failed; nested exception is org.springframework.jdbc.datasource.init.ScriptStatementFailedException: Failed to execute SQL script statement #4 of URL [file:/C:/Users/naude/Desktop/IT%20Dev/Project1/AccountSystemRepository/target/test-classes/schema.sql]: CREATE TABLE VITRSA_SANDBOX.DEMO_ACCOUNT_TX ( TX_ID BIGINT NOT NULL, ACCOUNT_TYPE_ID BIGINT NOT NULL, MEMBER_ID BIGINT NOT NULL, AMOUNT BIGINT NOT NULL, TX_DATE DATE NOT NULL, PRIMARY KEY (TX_ID) CONSTRAINT FK_ACCOUNT_TYPE_ID FOREIGN KEY (ACCOUNT_TYPE_ID) REFERENCES VITRSA_SANDBOX.DEMO_ACCOUNT_TYPE (ACCOUNT_TYPE_ID) ); nested exception is org.h2.jdbc.JdbcSQLSyntaxErrorException: Syntax error in SQL statement "CREATE TABLE VITRSA_SANDBOX.DEMO_ACCOUNT_TX ( TX_ID BIGINT NOT NULL, ACCOUNT_TYPE_ID BIGINT NOT NULL, MEMBER_ID BIGINT NOT NULL, AMOUNT BIGINT NOT NULL, TX_DATE DATE NOT NULL, PRIMARY KEY (TX_ID) CONSTRAINT[*] FK_ACCOUNT_TYPE_ID FOREIGN KEY (ACCOUNT_TYPE_ID) REFERENCES VITRSA_SANDBOX.DEMO_ACCOUNT_TYPE (ACCOUNT_TYPE_ID) )"; expected "INDEX, ,, )"; SQL statement:
CREATE TABLE VITRSA_SANDBOX.DEMO_ACCOUNT_TX ( TX_ID BIGINT NOT NULL, ACCOUNT_TYPE_ID BIGINT NOT NULL, MEMBER_ID BIGINT NOT NULL, AMOUNT BIGINT NOT NULL, TX_DATE DATE NOT NULL, PRIMARY KEY (TX_ID) CONSTRAINT FK_ACCOUNT_TYPE_ID FOREIGN KEY (ACCOUNT_TYPE_ID) REFERENCES VITRSA_SANDBOX.DEMO_ACCOUNT_TYPE (ACCOUNT_TYPE_ID) ) [42001-199]
	at org.springframework.beans.factory.support.ConstructorResolver.createArgumentArray(ConstructorResolver.java:769) ~[spring-beans-5.1.8.RELEASE.jar:5.1.8.RELEASE]
	at org.springframework.beans.factory.support.ConstructorResolver.autowireConstructor(ConstructorResolver.java:218) ~[spring-beans-5.1.8.RELEASE.jar:5.1.8.RELEASE]
	at org.springframework.beans.factory.support.AbstractAutowireCapableBeanFactory.autowireConstructor(AbstractAutowireCapableBeanFactory.java:1341) ~[spring-beans-5.1.8.RELEASE.jar:5.1.8.RELEASE]
	at org.springframework.beans.factory.support.AbstractAutowireCapableBeanFactory.createBeanInstance(AbstractAutowireCapableBeanFactory.java:1187) ~[spring-beans-5.1.8.RELEASE.jar:5.1.8.RELEASE]
	at org.springframework.beans.factory.support.AbstractAutowireCapableBeanFactory.doCreateBean(AbstractAutowireCapableBeanFactory.java:555) ~[spring-beans-5.1.8.RELEASE.jar:5.1.8.RELEASE]
	at org.springframework.beans.factory.support.AbstractAutowireCapableBeanFactory.createBean(AbstractAutowireCapableBeanFactory.java:515) ~[spring-beans-5.1.8.RELEASE.jar:5.1.8.RELEASE]
	at org.springframework.beans.factory.support.AbstractBeanFactory.lambda$doGetBean$0(AbstractBeanFactory.java:320) ~[spring-beans-5.1.8.RELEASE.jar:5.1.8.RELEASE]
	at org.springframework.beans.factory.support.DefaultSingletonBeanRegistry.getSingleton(DefaultSingletonBeanRegistry.java:222) ~[spring-beans-5.1.8.RELEASE.jar:5.1.8.RELEASE]
	at org.springframework.beans.factory.support.AbstractBeanFactory.doGetBean(AbstractBeanFactory.java:318) ~[spring-beans-5.1.8.RELEASE.jar:5.1.8.RELEASE]
	at org.springframework.beans.factory.support.AbstractBeanFactory.getBean(AbstractBeanFactory.java:199) ~[spring-beans-5.1.8.RELEASE.jar:5.1.8.RELEASE]
	at org.springframework.beans.factory.support.ConstructorResolver.instantiateUsingFactoryMethod(ConstructorResolver.java:392) ~[spring-beans-5.1.8.RELEASE.jar:5.1.8.RELEASE]
	at org.springframework.beans.factory.support.AbstractAutowireCapableBeanFactory.instantiateUsingFactoryMethod(AbstractAutowireCapableBeanFactory.java:1321) ~[spring-beans-5.1.8.RELEASE.jar:5.1.8.RELEASE]
	at org.springframework.beans.factory.support.AbstractAutowireCapableBeanFactory.createBeanInstance(AbstractAutowireCapableBeanFactory.java:1160) ~[spring-beans-5.1.8.RELEASE.jar:5.1.8.RELEASE]
	at org.springframework.beans.factory.support.AbstractAutowireCapableBeanFactory.doCreateBean(AbstractAutowireCapableBeanFactory.java:555) ~[spring-beans-5.1.8.RELEASE.jar:5.1.8.RELEASE]
	at org.springframework.beans.factory.support.AbstractAutowireCapableBeanFactory.createBean(AbstractAutowireCapableBeanFactory.java:515) ~[spring-beans-5.1.8.RELEASE.jar:5.1.8.RELEASE]
	at org.springframework.beans.factory.support.AbstractBeanFactory.lambda$doGetBean$0(AbstractBeanFactory.java:320) ~[spring-beans-5.1.8.RELEASE.jar:5.1.8.RELEASE]
	at org.springframework.beans.factory.support.DefaultSingletonBeanRegistry.getSingleton(DefaultSingletonBeanRegistry.java:222) ~[spring-beans-5.1.8.RELEASE.jar:5.1.8.RELEASE]
	at org.springframework.beans.factory.support.AbstractBeanFactory.doGetBean(AbstractBeanFactory.java:318) ~[spring-beans-5.1.8.RELEASE.jar:5.1.8.RELEASE]
	at org.springframework.beans.factory.support.AbstractBeanFactory.getBean(AbstractBeanFactory.java:199) ~[spring-beans-5.1.8.RELEASE.jar:5.1.8.RELEASE]
	at org.springframework.context.support.AbstractApplicationContext.getBean(AbstractApplicationContext.java:1105) ~[spring-context-5.1.8.RELEASE.jar:5.1.8.RELEASE]
	at org.springframework.context.support.AbstractApplicationContext.finishBeanFactoryInitialization(AbstractApplicationContext.java:867) ~[spring-context-5.1.8.RELEASE.jar:5.1.8.RELEASE]
	at org.springframework.context.support.AbstractApplicationContext.refresh(AbstractApplicationContext.java:549) ~[spring-context-5.1.8.RELEASE.jar:5.1.8.RELEASE]
	at org.springframework.boot.SpringApplication.refresh(SpringApplication.java:742) ~[spring-boot-2.1.6.RELEASE.jar:2.1.6.RELEASE]
	at org.springframework.boot.SpringApplication.refreshContext(SpringApplication.java:389) ~[spring-boot-2.1.6.RELEASE.jar:2.1.6.RELEASE]
	at org.springframework.boot.SpringApplication.run(SpringApplication.java:311) ~[spring-boot-2.1.6.RELEASE.jar:2.1.6.RELEASE]
	at org.springframework.boot.test.context.SpringBootContextLoader.loadContext(SpringBootContextLoader.java:119) ~[spring-boot-test-2.1.6.RELEASE.jar:2.1.6.RELEASE]
	at org.springframework.test.context.cache.DefaultCacheAwareContextLoaderDelegate.loadContextInternal(DefaultCacheAwareContextLoaderDelegate.java:99) ~[spring-test-5.1.8.RELEASE.jar:5.1.8.RELEASE]
	at org.springframework.test.context.cache.DefaultCacheAwareContextLoaderDelegate.loadContext(DefaultCacheAwareContextLoaderDelegate.java:117) ~[spring-test-5.1.8.RELEASE.jar:5.1.8.RELEASE]
	at org.springframework.test.context.support.DefaultTestContext.getApplicationContext(DefaultTestContext.java:108) ~[spring-test-5.1.8.RELEASE.jar:5.1.8.RELEASE]
	at org.springframework.boot.test.autoconfigure.SpringBootDependencyInjectionTestExecutionListener.outputConditionEvaluationReport(SpringBootDependencyInjectionTestExecutionListener.java:53) ~[spring-boot-test-autoconfigure-2.1.6.RELEASE.jar:2.1.6.RELEASE]
	at org.springframework.boot.test.autoconfigure.SpringBootDependencyInjectionTestExecutionListener.prepareTestInstance(SpringBootDependencyInjectionTestExecutionListener.java:46) ~[spring-boot-test-autoconfigure-2.1.6.RELEASE.jar:2.1.6.RELEASE]
	at org.springframework.test.context.TestContextManager.prepareTestInstance(TestContextManager.java:246) ~[spring-test-5.1.8.RELEASE.jar:5.1.8.RELEASE]
	at org.springframework.test.context.junit4.SpringJUnit4ClassRunner.createTest(SpringJUnit4ClassRunner.java:227) ~[spring-test-5.1.8.RELEASE.jar:5.1.8.RELEASE]
	at org.springframework.test.context.junit4.SpringJUnit4ClassRunner$1.runReflectiveCall(SpringJUnit4ClassRunner.java:289) ~[spring-test-5.1.8.RELEASE.jar:5.1.8.RELEASE]
	at org.junit.internal.runners.model.ReflectiveCallable.run(ReflectiveCallable.java:12) ~[junit-4.12.jar:4.12]
	at org.springframework.test.context.junit4.SpringJUnit4ClassRunner.methodBlock(SpringJUnit4ClassRunner.java:291) ~[spring-test-5.1.8.RELEASE.jar:5.1.8.RELEASE]
	at org.springframework.test.context.junit4.SpringJUnit4ClassRunner.runChild(SpringJUnit4ClassRunner.java:246) ~[spring-test-5.1.8.RELEASE.jar:5.1.8.RELEASE]
	at org.springframework.test.context.junit4.SpringJUnit4ClassRunner.runChild(SpringJUnit4ClassRunner.java:97) ~[spring-test-5.1.8.RELEASE.jar:5.1.8.RELEASE]
	at org.junit.runners.ParentRunner$3.run(ParentRunner.java:290) ~[junit-4.12.jar:4.12]
	at org.junit.runners.ParentRunner$1.schedule(ParentRunner.java:71) ~[junit-4.12.jar:4.12]
	at org.junit.runners.ParentRunner.runChildren(ParentRunner.java:288) ~[junit-4.12.jar:4.12]
	at org.junit.runners.ParentRunner.access$000(ParentRunner.java:58) ~[junit-4.12.jar:4.12]
	at org.junit.runners.ParentRunner$2.evaluate(ParentRunner.java:268) ~[junit-4.12.jar:4.12]
	at org.springframework.test.context.junit4.statements.RunBeforeTestClassCallbacks.evaluate(RunBeforeTestClassCallbacks.java:61) ~[spring-test-5.1.8.RELEASE.jar:5.1.8.RELEASE]
	at org.springframework.test.context.junit4.statements.RunAfterTestClassCallbacks.evaluate(RunAfterTestClassCallbacks.java:70) ~[spring-test-5.1.8.RELEASE.jar:5.1.8.RELEASE]
	at org.junit.runners.ParentRunner.run(ParentRunner.java:363) ~[junit-4.12.jar:4.12]
	at org.springframework.test.context.junit4.SpringJUnit4ClassRunner.run(SpringJUnit4ClassRunner.java:190) ~[spring-test-5.1.8.RELEASE.jar:5.1.8.RELEASE]
	at org.apache.maven.surefire.junit4.JUnit4Provider.execute(JUnit4Provider.java:365) ~[surefire-junit4-2.22.2.jar:2.22.2]
	at org.apache.maven.surefire.junit4.JUnit4Provider.executeWithRerun(JUnit4Provider.java:273) ~[surefire-junit4-2.22.2.jar:2.22.2]
	at org.apache.maven.surefire.junit4.JUnit4Provider.executeTestSet(JUnit4Provider.java:238) ~[surefire-junit4-2.22.2.jar:2.22.2]
	at org.apache.maven.surefire.junit4.JUnit4Provider.invoke(JUnit4Provider.java:159) ~[surefire-junit4-2.22.2.jar:2.22.2]
	at org.apache.maven.surefire.booter.ForkedBooter.invokeProviderInSameClassLoader(ForkedBooter.java:384) ~[surefire-booter-2.22.2.jar:2.22.2]
	at org.apache.maven.surefire.booter.ForkedBooter.runSuitesInProcess(ForkedBooter.java:345) ~[surefire-booter-2.22.2.jar:2.22.2]
	at org.apache.maven.surefire.booter.ForkedBooter.execute(ForkedBooter.java:126) ~[surefire-booter-2.22.2.jar:2.22.2]
	at org.apache.maven.surefire.booter.ForkedBooter.main(ForkedBooter.java:418) ~[surefire-booter-2.22.2.jar:2.22.2]
Caused by: org.springframework.beans.factory.BeanCreationException: Error creating bean with name 'dataSource': Post-processing of FactoryBean's singleton object failed; nested exception is org.springframework.beans.factory.BeanCreationException: Error creating bean with name 'org.springframework.boot.autoconfigure.jdbc.DataSourceInitializerInvoker': Invocation of init method failed; nested exception is org.springframework.jdbc.datasource.init.ScriptStatementFailedException: Failed to execute SQL script statement #4 of URL [file:/C:/Users/naude/Desktop/IT%20Dev/Project1/AccountSystemRepository/target/test-classes/schema.sql]: CREATE TABLE VITRSA_SANDBOX.DEMO_ACCOUNT_TX ( TX_ID BIGINT NOT NULL, ACCOUNT_TYPE_ID BIGINT NOT NULL, MEMBER_ID BIGINT NOT NULL, AMOUNT BIGINT NOT NULL, TX_DATE DATE NOT NULL, PRIMARY KEY (TX_ID) CONSTRAINT FK_ACCOUNT_TYPE_ID FOREIGN KEY (ACCOUNT_TYPE_ID) REFERENCES VITRSA_SANDBOX.DEMO_ACCOUNT_TYPE (ACCOUNT_TYPE_ID) ); nested exception is org.h2.jdbc.JdbcSQLSyntaxErrorException: Syntax error in SQL statement "CREATE TABLE VITRSA_SANDBOX.DEMO_ACCOUNT_TX ( TX_ID BIGINT NOT NULL, ACCOUNT_TYPE_ID BIGINT NOT NULL, MEMBER_ID BIGINT NOT NULL, AMOUNT BIGINT NOT NULL, TX_DATE DATE NOT NULL, PRIMARY KEY (TX_ID) CONSTRAINT[*] FK_ACCOUNT_TYPE_ID FOREIGN KEY (ACCOUNT_TYPE_ID) REFERENCES VITRSA_SANDBOX.DEMO_ACCOUNT_TYPE (ACCOUNT_TYPE_ID) )"; expected "INDEX, ,, )"; SQL statement:
CREATE TABLE VITRSA_SANDBOX.DEMO_ACCOUNT_TX ( TX_ID BIGINT NOT NULL, ACCOUNT_TYPE_ID BIGINT NOT NULL, MEMBER_ID BIGINT NOT NULL, AMOUNT BIGINT NOT NULL, TX_DATE DATE NOT NULL, PRIMARY KEY (TX_ID) CONSTRAINT FK_ACCOUNT_TYPE_ID FOREIGN KEY (ACCOUNT_TYPE_ID) REFERENCES VITRSA_SANDBOX.DEMO_ACCOUNT_TYPE (ACCOUNT_TYPE_ID) ) [42001-199]
	at org.springframework.beans.factory.support.FactoryBeanRegistrySupport.getObjectFromFactoryBean(FactoryBeanRegistrySupport.java:119) ~[spring-beans-5.1.8.RELEASE.jar:5.1.8.RELEASE]
	at org.springframework.beans.factory.support.AbstractBeanFactory.getObjectForBeanInstance(AbstractBeanFactory.java:1674) ~[spring-beans-5.1.8.RELEASE.jar:5.1.8.RELEASE]
	at org.springframework.beans.factory.support.AbstractAutowireCapableBeanFactory.getObjectForBeanInstance(AbstractAutowireCapableBeanFactory.java:1249) ~[spring-beans-5.1.8.RELEASE.jar:5.1.8.RELEASE]
	at org.springframework.beans.factory.support.AbstractBeanFactory.doGetBean(AbstractBeanFactory.java:330) ~[spring-beans-5.1.8.RELEASE.jar:5.1.8.RELEASE]
	at org.springframework.beans.factory.support.AbstractBeanFactory.getBean(AbstractBeanFactory.java:199) ~[spring-beans-5.1.8.RELEASE.jar:5.1.8.RELEASE]
	at org.springframework.beans.factory.config.DependencyDescriptor.resolveCandidate(DependencyDescriptor.java:277) ~[spring-beans-5.1.8.RELEASE.jar:5.1.8.RELEASE]
	at org.springframework.beans.factory.support.DefaultListableBeanFactory.doResolveDependency(DefaultListableBeanFactory.java:1251) ~[spring-beans-5.1.8.RELEASE.jar:5.1.8.RELEASE]
	at org.springframework.beans.factory.support.DefaultListableBeanFactory.resolveDependency(DefaultListableBeanFactory.java:1171) ~[spring-beans-5.1.8.RELEASE.jar:5.1.8.RELEASE]
	at org.springframework.beans.factory.support.ConstructorResolver.resolveAutowiredArgument(ConstructorResolver.java:857) ~[spring-beans-5.1.8.RELEASE.jar:5.1.8.RELEASE]
	at org.springframework.beans.factory.support.ConstructorResolver.createArgumentArray(ConstructorResolver.java:760) ~[spring-beans-5.1.8.RELEASE.jar:5.1.8.RELEASE]
	... 54 common frames omitted
Caused by: org.springframework.beans.factory.BeanCreationException: Error creating bean with name 'org.springframework.boot.autoconfigure.jdbc.DataSourceInitializerInvoker': Invocation of init method failed; nested exception is org.springframework.jdbc.datasource.init.ScriptStatementFailedException: Failed to execute SQL script statement #4 of URL [file:/C:/Users/naude/Desktop/IT%20Dev/Project1/AccountSystemRepository/target/test-classes/schema.sql]: CREATE TABLE VITRSA_SANDBOX.DEMO_ACCOUNT_TX ( TX_ID BIGINT NOT NULL, ACCOUNT_TYPE_ID BIGINT NOT NULL, MEMBER_ID BIGINT NOT NULL, AMOUNT BIGINT NOT NULL, TX_DATE DATE NOT NULL, PRIMARY KEY (TX_ID) CONSTRAINT FK_ACCOUNT_TYPE_ID FOREIGN KEY (ACCOUNT_TYPE_ID) REFERENCES VITRSA_SANDBOX.DEMO_ACCOUNT_TYPE (ACCOUNT_TYPE_ID) ); nested exception is org.h2.jdbc.JdbcSQLSyntaxErrorException: Syntax error in SQL statement "CREATE TABLE VITRSA_SANDBOX.DEMO_ACCOUNT_TX ( TX_ID BIGINT NOT NULL, ACCOUNT_TYPE_ID BIGINT NOT NULL, MEMBER_ID BIGINT NOT NULL, AMOUNT BIGINT NOT NULL, TX_DATE DATE NOT NULL, PRIMARY KEY (TX_ID) CONSTRAINT[*] FK_ACCOUNT_TYPE_ID FOREIGN KEY (ACCOUNT_TYPE_ID) REFERENCES VITRSA_SANDBOX.DEMO_ACCOUNT_TYPE (ACCOUNT_TYPE_ID) )"; expected "INDEX, ,, )"; SQL statement:
CREATE TABLE VITRSA_SANDBOX.DEMO_ACCOUNT_TX ( TX_ID BIGINT NOT NULL, ACCOUNT_TYPE_ID BIGINT NOT NULL, MEMBER_ID BIGINT NOT NULL, AMOUNT BIGINT NOT NULL, TX_DATE DATE NOT NULL, PRIMARY KEY (TX_ID) CONSTRAINT FK_ACCOUNT_TYPE_ID FOREIGN KEY (ACCOUNT_TYPE_ID) REFERENCES VITRSA_SANDBOX.DEMO_ACCOUNT_TYPE (ACCOUNT_TYPE_ID) ) [42001-199]
	at org.springframework.beans.factory.support.AbstractAutowireCapableBeanFactory.initializeBean(AbstractAutowireCapableBeanFactory.java:1778) ~[spring-beans-5.1.8.RELEASE.jar:5.1.8.RELEASE]
	at org.springframework.beans.factory.support.AbstractAutowireCapableBeanFactory.doCreateBean(AbstractAutowireCapableBeanFactory.java:593) ~[spring-beans-5.1.8.RELEASE.jar:5.1.8.RELEASE]
	at org.springframework.beans.factory.support.AbstractAutowireCapableBeanFactory.createBean(AbstractAutowireCapableBeanFactory.java:515) ~[spring-beans-5.1.8.RELEASE.jar:5.1.8.RELEASE]
	at org.springframework.beans.factory.support.AbstractBeanFactory.lambda$doGetBean$0(AbstractBeanFactory.java:320) ~[spring-beans-5.1.8.RELEASE.jar:5.1.8.RELEASE]
	at org.springframework.beans.factory.support.DefaultSingletonBeanRegistry.getSingleton(DefaultSingletonBeanRegistry.java:222) ~[spring-beans-5.1.8.RELEASE.jar:5.1.8.RELEASE]
	at org.springframework.beans.factory.support.AbstractBeanFactory.doGetBean(AbstractBeanFactory.java:318) ~[spring-beans-5.1.8.RELEASE.jar:5.1.8.RELEASE]
	at org.springframework.beans.factory.support.AbstractBeanFactory.getBean(AbstractBeanFactory.java:224) ~[spring-beans-5.1.8.RELEASE.jar:5.1.8.RELEASE]
	at org.springframework.beans.factory.support.DefaultListableBeanFactory.resolveNamedBean(DefaultListableBeanFactory.java:1119) ~[spring-beans-5.1.8.RELEASE.jar:5.1.8.RELEASE]
	at org.springframework.beans.factory.support.DefaultListableBeanFactory.resolveBean(DefaultListableBeanFactory.java:411) ~[spring-beans-5.1.8.RELEASE.jar:5.1.8.RELEASE]
	at org.springframework.beans.factory.support.DefaultListableBeanFactory.getBean(DefaultListableBeanFactory.java:344) ~[spring-beans-5.1.8.RELEASE.jar:5.1.8.RELEASE]
	at org.springframework.beans.factory.support.DefaultListableBeanFactory.getBean(DefaultListableBeanFactory.java:337) ~[spring-beans-5.1.8.RELEASE.jar:5.1.8.RELEASE]
	at org.springframework.boot.autoconfigure.jdbc.DataSourceInitializerPostProcessor.postProcessAfterInitialization(DataSourceInitializerPostProcessor.java:53) ~[spring-boot-autoconfigure-2.1.6.RELEASE.jar:2.1.6.RELEASE]
	at org.springframework.beans.factory.support.AbstractAutowireCapableBeanFactory.applyBeanPostProcessorsAfterInitialization(AbstractAutowireCapableBeanFactory.java:429) ~[spring-beans-5.1.8.RELEASE.jar:5.1.8.RELEASE]
	at org.springframework.beans.factory.support.AbstractAutowireCapableBeanFactory.postProcessObjectFromFactoryBean(AbstractAutowireCapableBeanFactory.java:1921) ~[spring-beans-5.1.8.RELEASE.jar:5.1.8.RELEASE]
	at org.springframework.beans.factory.support.FactoryBeanRegistrySupport.getObjectFromFactoryBean(FactoryBeanRegistrySupport.java:116) ~[spring-beans-5.1.8.RELEASE.jar:5.1.8.RELEASE]
	... 63 common frames omitted
Caused by: org.springframework.jdbc.datasource.init.ScriptStatementFailedException: Failed to execute SQL script statement #4 of URL [file:/C:/Users/naude/Desktop/IT%20Dev/Project1/AccountSystemRepository/target/test-classes/schema.sql]: CREATE TABLE VITRSA_SANDBOX.DEMO_ACCOUNT_TX ( TX_ID BIGINT NOT NULL, ACCOUNT_TYPE_ID BIGINT NOT NULL, MEMBER_ID BIGINT NOT NULL, AMOUNT BIGINT NOT NULL, TX_DATE DATE NOT NULL, PRIMARY KEY (TX_ID) CONSTRAINT FK_ACCOUNT_TYPE_ID FOREIGN KEY (ACCOUNT_TYPE_ID) REFERENCES VITRSA_SANDBOX.DEMO_ACCOUNT_TYPE (ACCOUNT_TYPE_ID) ); nested exception is org.h2.jdbc.JdbcSQLSyntaxErrorException: Syntax error in SQL statement "CREATE TABLE VITRSA_SANDBOX.DEMO_ACCOUNT_TX ( TX_ID BIGINT NOT NULL, ACCOUNT_TYPE_ID BIGINT NOT NULL, MEMBER_ID BIGINT NOT NULL, AMOUNT BIGINT NOT NULL, TX_DATE DATE NOT NULL, PRIMARY KEY (TX_ID) CONSTRAINT[*] FK_ACCOUNT_TYPE_ID FOREIGN KEY (ACCOUNT_TYPE_ID) REFERENCES VITRSA_SANDBOX.DEMO_ACCOUNT_TYPE (ACCOUNT_TYPE_ID) )"; expected "INDEX, ,, )"; SQL statement:
CREATE TABLE VITRSA_SANDBOX.DEMO_ACCOUNT_TX ( TX_ID BIGINT NOT NULL, ACCOUNT_TYPE_ID BIGINT NOT NULL, MEMBER_ID BIGINT NOT NULL, AMOUNT BIGINT NOT NULL, TX_DATE DATE NOT NULL, PRIMARY KEY (TX_ID) CONSTRAINT FK_ACCOUNT_TYPE_ID FOREIGN KEY (ACCOUNT_TYPE_ID) REFERENCES VITRSA_SANDBOX.DEMO_ACCOUNT_TYPE (ACCOUNT_TYPE_ID) ) [42001-199]
	at org.springframework.jdbc.datasource.init.ScriptUtils.executeSqlScript(ScriptUtils.java:509) ~[spring-jdbc-5.1.8.RELEASE.jar:5.1.8.RELEASE]
	at org.springframework.jdbc.datasource.init.ResourceDatabasePopulator.populate(ResourceDatabasePopulator.java:238) ~[spring-jdbc-5.1.8.RELEASE.jar:5.1.8.RELEASE]
	at org.springframework.jdbc.datasource.init.DatabasePopulatorUtils.execute(DatabasePopulatorUtils.java:48) ~[spring-jdbc-5.1.8.RELEASE.jar:5.1.8.RELEASE]
	at org.springframework.boot.autoconfigure.jdbc.DataSourceInitializer.runScripts(DataSourceInitializer.java:202) ~[spring-boot-autoconfigure-2.1.6.RELEASE.jar:2.1.6.RELEASE]
	at org.springframework.boot.autoconfigure.jdbc.DataSourceInitializer.createSchema(DataSourceInitializer.java:101) ~[spring-boot-autoconfigure-2.1.6.RELEASE.jar:2.1.6.RELEASE]
	at org.springframework.boot.autoconfigure.jdbc.DataSourceInitializerInvoker.afterPropertiesSet(DataSourceInitializerInvoker.java:62) ~[spring-boot-autoconfigure-2.1.6.RELEASE.jar:2.1.6.RELEASE]
	at org.springframework.beans.factory.support.AbstractAutowireCapableBeanFactory.invokeInitMethods(AbstractAutowireCapableBeanFactory.java:1837) ~[spring-beans-5.1.8.RELEASE.jar:5.1.8.RELEASE]
	at org.springframework.beans.factory.support.AbstractAutowireCapableBeanFactory.initializeBean(AbstractAutowireCapableBeanFactory.java:1774) ~[spring-beans-5.1.8.RELEASE.jar:5.1.8.RELEASE]
	... 77 common frames omitted
Caused by: org.h2.jdbc.JdbcSQLSyntaxErrorException: Syntax error in SQL statement "CREATE TABLE VITRSA_SANDBOX.DEMO_ACCOUNT_TX ( TX_ID BIGINT NOT NULL, ACCOUNT_TYPE_ID BIGINT NOT NULL, MEMBER_ID BIGINT NOT NULL, AMOUNT BIGINT NOT NULL, TX_DATE DATE NOT NULL, PRIMARY KEY (TX_ID) CONSTRAINT[*] FK_ACCOUNT_TYPE_ID FOREIGN KEY (ACCOUNT_TYPE_ID) REFERENCES VITRSA_SANDBOX.DEMO_ACCOUNT_TYPE (ACCOUNT_TYPE_ID) )"; expected "INDEX, ,, )"; SQL statement:
CREATE TABLE VITRSA_SANDBOX.DEMO_ACCOUNT_TX ( TX_ID BIGINT NOT NULL, ACCOUNT_TYPE_ID BIGINT NOT NULL, MEMBER_ID BIGINT NOT NULL, AMOUNT BIGINT NOT NULL, TX_DATE DATE NOT NULL, PRIMARY KEY (TX_ID) CONSTRAINT FK_ACCOUNT_TYPE_ID FOREIGN KEY (ACCOUNT_TYPE_ID) REFERENCES VITRSA_SANDBOX.DEMO_ACCOUNT_TYPE (ACCOUNT_TYPE_ID) ) [42001-199]
	at org.h2.message.DbException.getJdbcSQLException(DbException.java:451) ~[h2-1.4.199.jar:1.4.199]
	at org.h2.message.DbException.getJdbcSQLException(DbException.java:427) ~[h2-1.4.199.jar:1.4.199]
	at org.h2.message.DbException.getSyntaxError(DbException.java:243) ~[h2-1.4.199.jar:1.4.199]
	at org.h2.command.Parser.getSyntaxError(Parser.java:991) ~[h2-1.4.199.jar:1.4.199]
	at org.h2.command.Parser.read(Parser.java:4549) ~[h2-1.4.199.jar:1.4.199]
	at org.h2.command.Parser.readIfMore(Parser.java:1391) ~[h2-1.4.199.jar:1.4.199]
	at org.h2.command.Parser.parseCreateTable(Parser.java:7833) ~[h2-1.4.199.jar:1.4.199]
	at org.h2.command.Parser.parseCreate(Parser.java:5818) ~[h2-1.4.199.jar:1.4.199]
	at org.h2.command.Parser.parsePrepared(Parser.java:846) ~[h2-1.4.199.jar:1.4.199]
	at org.h2.command.Parser.parse(Parser.java:788) ~[h2-1.4.199.jar:1.4.199]
	at org.h2.command.Parser.parse(Parser.java:764) ~[h2-1.4.199.jar:1.4.199]
	at org.h2.command.Parser.prepareCommand(Parser.java:683) ~[h2-1.4.199.jar:1.4.199]
	at org.h2.engine.Session.prepareLocal(Session.java:627) ~[h2-1.4.199.jar:1.4.199]
	at org.h2.engine.Session.prepareCommand(Session.java:565) ~[h2-1.4.199.jar:1.4.199]
	at org.h2.jdbc.JdbcConnection.prepareCommand(JdbcConnection.java:1292) ~[h2-1.4.199.jar:1.4.199]
	at org.h2.jdbc.JdbcStatement.executeInternal(JdbcStatement.java:217) ~[h2-1.4.199.jar:1.4.199]
	at org.h2.jdbc.JdbcStatement.execute(JdbcStatement.java:205) ~[h2-1.4.199.jar:1.4.199]
	at org.springframework.jdbc.datasource.init.ScriptUtils.executeSqlScript(ScriptUtils.java:488) ~[spring-jdbc-5.1.8.RELEASE.jar:5.1.8.RELEASE]
	... 84 common frames omitted

2021-09-22 15:33:24.400 ERROR 5696 --- [           main] o.s.test.context.TestContextManager      : Caught exception while allowing TestExecutionListener [org.springframework.boot.test.autoconfigure.SpringBootDependencyInjectionTestExecutionListener@4e50c791] to prepare test instance [za.ac.nwu.ac.repo.persistence.AccountTypeRepositoryTest@4e424582]

java.lang.IllegalStateException: Failed to load ApplicationContext
	at org.springframework.test.context.cache.DefaultCacheAwareContextLoaderDelegate.loadContext(DefaultCacheAwareContextLoaderDelegate.java:125) ~[spring-test-5.1.8.RELEASE.jar:5.1.8.RELEASE]
	at org.springframework.test.context.support.DefaultTestContext.getApplicationContext(DefaultTestContext.java:108) ~[spring-test-5.1.8.RELEASE.jar:5.1.8.RELEASE]
	at org.springframework.test.context.support.DependencyInjectionTestExecutionListener.injectDependencies(DependencyInjectionTestExecutionListener.java:118) ~[spring-test-5.1.8.RELEASE.jar:5.1.8.RELEASE]
	at org.springframework.test.context.support.DependencyInjectionTestExecutionListener.prepareTestInstance(DependencyInjectionTestExecutionListener.java:83) ~[spring-test-5.1.8.RELEASE.jar:5.1.8.RELEASE]
	at org.springframework.boot.test.autoconfigure.SpringBootDependencyInjectionTestExecutionListener.prepareTestInstance(SpringBootDependencyInjectionTestExecutionListener.java:43) ~[spring-boot-test-autoconfigure-2.1.6.RELEASE.jar:2.1.6.RELEASE]
	at org.springframework.test.context.TestContextManager.prepareTestInstance(TestContextManager.java:246) ~[spring-test-5.1.8.RELEASE.jar:5.1.8.RELEASE]
	at org.springframework.test.context.junit4.SpringJUnit4ClassRunner.createTest(SpringJUnit4ClassRunner.java:227) ~[spring-test-5.1.8.RELEASE.jar:5.1.8.RELEASE]
	at org.springframework.test.context.junit4.SpringJUnit4ClassRunner$1.runReflectiveCall(SpringJUnit4ClassRunner.java:289) ~[spring-test-5.1.8.RELEASE.jar:5.1.8.RELEASE]
	at org.junit.internal.runners.model.ReflectiveCallable.run(ReflectiveCallable.java:12) ~[junit-4.12.jar:4.12]
	at org.springframework.test.context.junit4.SpringJUnit4ClassRunner.methodBlock(SpringJUnit4ClassRunner.java:291) ~[spring-test-5.1.8.RELEASE.jar:5.1.8.RELEASE]
	at org.springframework.test.context.junit4.SpringJUnit4ClassRunner.runChild(SpringJUnit4ClassRunner.java:246) ~[spring-test-5.1.8.RELEASE.jar:5.1.8.RELEASE]
	at org.springframework.test.context.junit4.SpringJUnit4ClassRunner.runChild(SpringJUnit4ClassRunner.java:97) ~[spring-test-5.1.8.RELEASE.jar:5.1.8.RELEASE]
	at org.junit.runners.ParentRunner$3.run(ParentRunner.java:290) ~[junit-4.12.jar:4.12]
	at org.junit.runners.ParentRunner$1.schedule(ParentRunner.java:71) ~[junit-4.12.jar:4.12]
	at org.junit.runners.ParentRunner.runChildren(ParentRunner.java:288) ~[junit-4.12.jar:4.12]
	at org.junit.runners.ParentRunner.access$000(ParentRunner.java:58) ~[junit-4.12.jar:4.12]
	at org.junit.runners.ParentRunner$2.evaluate(ParentRunner.java:268) ~[junit-4.12.jar:4.12]
	at org.springframework.test.context.junit4.statements.RunBeforeTestClassCallbacks.evaluate(RunBeforeTestClassCallbacks.java:61) ~[spring-test-5.1.8.RELEASE.jar:5.1.8.RELEASE]
	at org.springframework.test.context.junit4.statements.RunAfterTestClassCallbacks.evaluate(RunAfterTestClassCallbacks.java:70) ~[spring-test-5.1.8.RELEASE.jar:5.1.8.RELEASE]
	at org.junit.runners.ParentRunner.run(ParentRunner.java:363) ~[junit-4.12.jar:4.12]
	at org.springframework.test.context.junit4.SpringJUnit4ClassRunner.run(SpringJUnit4ClassRunner.java:190) ~[spring-test-5.1.8.RELEASE.jar:5.1.8.RELEASE]
	at org.apache.maven.surefire.junit4.JUnit4Provider.execute(JUnit4Provider.java:365) ~[surefire-junit4-2.22.2.jar:2.22.2]
	at org.apache.maven.surefire.junit4.JUnit4Provider.executeWithRerun(JUnit4Provider.java:273) ~[surefire-junit4-2.22.2.jar:2.22.2]
	at org.apache.maven.surefire.junit4.JUnit4Provider.executeTestSet(JUnit4Provider.java:238) ~[surefire-junit4-2.22.2.jar:2.22.2]
	at org.apache.maven.surefire.junit4.JUnit4Provider.invoke(JUnit4Provider.java:159) ~[surefire-junit4-2.22.2.jar:2.22.2]
	at org.apache.maven.surefire.booter.ForkedBooter.invokeProviderInSameClassLoader(ForkedBooter.java:384) ~[surefire-booter-2.22.2.jar:2.22.2]
	at org.apache.maven.surefire.booter.ForkedBooter.runSuitesInProcess(ForkedBooter.java:345) ~[surefire-booter-2.22.2.jar:2.22.2]
	at org.apache.maven.surefire.booter.ForkedBooter.execute(ForkedBooter.java:126) ~[surefire-booter-2.22.2.jar:2.22.2]
	at org.apache.maven.surefire.booter.ForkedBooter.main(ForkedBooter.java:418) ~[surefire-booter-2.22.2.jar:2.22.2]
Caused by: org.springframework.beans.factory.UnsatisfiedDependencyException: Error creating bean with name 'org.springframework.boot.autoconfigure.orm.jpa.HibernateJpaConfiguration': Unsatisfied dependency expressed through constructor parameter 0; nested exception is org.springframework.beans.factory.BeanCreationException: Error creating bean with name 'dataSource': Post-processing of FactoryBean's singleton object failed; nested exception is org.springframework.beans.factory.BeanCreationException: Error creating bean with name 'org.springframework.boot.autoconfigure.jdbc.DataSourceInitializerInvoker': Invocation of init method failed; nested exception is org.springframework.jdbc.datasource.init.ScriptStatementFailedException: Failed to execute SQL script statement #4 of URL [file:/C:/Users/naude/Desktop/IT%20Dev/Project1/AccountSystemRepository/target/test-classes/schema.sql]: CREATE TABLE VITRSA_SANDBOX.DEMO_ACCOUNT_TX ( TX_ID BIGINT NOT NULL, ACCOUNT_TYPE_ID BIGINT NOT NULL, MEMBER_ID BIGINT NOT NULL, AMOUNT BIGINT NOT NULL, TX_DATE DATE NOT NULL, PRIMARY KEY (TX_ID) CONSTRAINT FK_ACCOUNT_TYPE_ID FOREIGN KEY (ACCOUNT_TYPE_ID) REFERENCES VITRSA_SANDBOX.DEMO_ACCOUNT_TYPE (ACCOUNT_TYPE_ID) ); nested exception is org.h2.jdbc.JdbcSQLSyntaxErrorException: Syntax error in SQL statement "CREATE TABLE VITRSA_SANDBOX.DEMO_ACCOUNT_TX ( TX_ID BIGINT NOT NULL, ACCOUNT_TYPE_ID BIGINT NOT NULL, MEMBER_ID BIGINT NOT NULL, AMOUNT BIGINT NOT NULL, TX_DATE DATE NOT NULL, PRIMARY KEY (TX_ID) CONSTRAINT[*] FK_ACCOUNT_TYPE_ID FOREIGN KEY (ACCOUNT_TYPE_ID) REFERENCES VITRSA_SANDBOX.DEMO_ACCOUNT_TYPE (ACCOUNT_TYPE_ID) )"; expected "INDEX, ,, )"; SQL statement:
CREATE TABLE VITRSA_SANDBOX.DEMO_ACCOUNT_TX ( TX_ID BIGINT NOT NULL, ACCOUNT_TYPE_ID BIGINT NOT NULL, MEMBER_ID BIGINT NOT NULL, AMOUNT BIGINT NOT NULL, TX_DATE DATE NOT NULL, PRIMARY KEY (TX_ID) CONSTRAINT FK_ACCOUNT_TYPE_ID FOREIGN KEY (ACCOUNT_TYPE_ID) REFERENCES VITRSA_SANDBOX.DEMO_ACCOUNT_TYPE (ACCOUNT_TYPE_ID) ) [42001-199]
	at org.springframework.beans.factory.support.ConstructorResolver.createArgumentArray(ConstructorResolver.java:769) ~[spring-beans-5.1.8.RELEASE.jar:5.1.8.RELEASE]
	at org.springframework.beans.factory.support.ConstructorResolver.autowireConstructor(ConstructorResolver.java:218) ~[spring-beans-5.1.8.RELEASE.jar:5.1.8.RELEASE]
	at org.springframework.beans.factory.support.AbstractAutowireCapableBeanFactory.autowireConstructor(AbstractAutowireCapableBeanFactory.java:1341) ~[spring-beans-5.1.8.RELEASE.jar:5.1.8.RELEASE]
	at org.springframework.beans.factory.support.AbstractAutowireCapableBeanFactory.createBeanInstance(AbstractAutowireCapableBeanFactory.java:1187) ~[spring-beans-5.1.8.RELEASE.jar:5.1.8.RELEASE]
	at org.springframework.beans.factory.support.AbstractAutowireCapableBeanFactory.doCreateBean(AbstractAutowireCapableBeanFactory.java:555) ~[spring-beans-5.1.8.RELEASE.jar:5.1.8.RELEASE]
	at org.springframework.beans.factory.support.AbstractAutowireCapableBeanFactory.createBean(AbstractAutowireCapableBeanFactory.java:515) ~[spring-beans-5.1.8.RELEASE.jar:5.1.8.RELEASE]
	at org.springframework.beans.factory.support.AbstractBeanFactory.lambda$doGetBean$0(AbstractBeanFactory.java:320) ~[spring-beans-5.1.8.RELEASE.jar:5.1.8.RELEASE]
	at org.springframework.beans.factory.support.DefaultSingletonBeanRegistry.getSingleton(DefaultSingletonBeanRegistry.java:222) ~[spring-beans-5.1.8.RELEASE.jar:5.1.8.RELEASE]
	at org.springframework.beans.factory.support.AbstractBeanFactory.doGetBean(AbstractBeanFactory.java:318) ~[spring-beans-5.1.8.RELEASE.jar:5.1.8.RELEASE]
	at org.springframework.beans.factory.support.AbstractBeanFactory.getBean(AbstractBeanFactory.java:199) ~[spring-beans-5.1.8.RELEASE.jar:5.1.8.RELEASE]
	at org.springframework.beans.factory.support.ConstructorResolver.instantiateUsingFactoryMethod(ConstructorResolver.java:392) ~[spring-beans-5.1.8.RELEASE.jar:5.1.8.RELEASE]
	at org.springframework.beans.factory.support.AbstractAutowireCapableBeanFactory.instantiateUsingFactoryMethod(AbstractAutowireCapableBeanFactory.java:1321) ~[spring-beans-5.1.8.RELEASE.jar:5.1.8.RELEASE]
	at org.springframework.beans.factory.support.AbstractAutowireCapableBeanFactory.createBeanInstance(AbstractAutowireCapableBeanFactory.java:1160) ~[spring-beans-5.1.8.RELEASE.jar:5.1.8.RELEASE]
	at org.springframework.beans.factory.support.AbstractAutowireCapableBeanFactory.doCreateBean(AbstractAutowireCapableBeanFactory.java:555) ~[spring-beans-5.1.8.RELEASE.jar:5.1.8.RELEASE]
	at org.springframework.beans.factory.support.AbstractAutowireCapableBeanFactory.createBean(AbstractAutowireCapableBeanFactory.java:515) ~[spring-beans-5.1.8.RELEASE.jar:5.1.8.RELEASE]
	at org.springframework.beans.factory.support.AbstractBeanFactory.lambda$doGetBean$0(AbstractBeanFactory.java:320) ~[spring-beans-5.1.8.RELEASE.jar:5.1.8.RELEASE]
	at org.springframework.beans.factory.support.DefaultSingletonBeanRegistry.getSingleton(DefaultSingletonBeanRegistry.java:222) ~[spring-beans-5.1.8.RELEASE.jar:5.1.8.RELEASE]
	at org.springframework.beans.factory.support.AbstractBeanFactory.doGetBean(AbstractBeanFactory.java:318) ~[spring-beans-5.1.8.RELEASE.jar:5.1.8.RELEASE]
	at org.springframework.beans.factory.support.AbstractBeanFactory.getBean(AbstractBeanFactory.java:199) ~[spring-beans-5.1.8.RELEASE.jar:5.1.8.RELEASE]
	at org.springframework.context.support.AbstractApplicationContext.getBean(AbstractApplicationContext.java:1105) ~[spring-context-5.1.8.RELEASE.jar:5.1.8.RELEASE]
	at org.springframework.context.support.AbstractApplicationContext.finishBeanFactoryInitialization(AbstractApplicationContext.java:867) ~[spring-context-5.1.8.RELEASE.jar:5.1.8.RELEASE]
	at org.springframework.context.support.AbstractApplicationContext.refresh(AbstractApplicationContext.java:549) ~[spring-context-5.1.8.RELEASE.jar:5.1.8.RELEASE]
	at org.springframework.boot.SpringApplication.refresh(SpringApplication.java:742) ~[spring-boot-2.1.6.RELEASE.jar:2.1.6.RELEASE]
	at org.springframework.boot.SpringApplication.refreshContext(SpringApplication.java:389) ~[spring-boot-2.1.6.RELEASE.jar:2.1.6.RELEASE]
	at org.springframework.boot.SpringApplication.run(SpringApplication.java:311) ~[spring-boot-2.1.6.RELEASE.jar:2.1.6.RELEASE]
	at org.springframework.boot.test.context.SpringBootContextLoader.loadContext(SpringBootContextLoader.java:119) ~[spring-boot-test-2.1.6.RELEASE.jar:2.1.6.RELEASE]
	at org.springframework.test.context.cache.DefaultCacheAwareContextLoaderDelegate.loadContextInternal(DefaultCacheAwareContextLoaderDelegate.java:99) ~[spring-test-5.1.8.RELEASE.jar:5.1.8.RELEASE]
	at org.springframework.test.context.cache.DefaultCacheAwareContextLoaderDelegate.loadContext(DefaultCacheAwareContextLoaderDelegate.java:117) ~[spring-test-5.1.8.RELEASE.jar:5.1.8.RELEASE]
	... 28 common frames omitted
Caused by: org.springframework.beans.factory.BeanCreationException: Error creating bean with name 'dataSource': Post-processing of FactoryBean's singleton object failed; nested exception is org.springframework.beans.factory.BeanCreationException: Error creating bean with name 'org.springframework.boot.autoconfigure.jdbc.DataSourceInitializerInvoker': Invocation of init method failed; nested exception is org.springframework.jdbc.datasource.init.ScriptStatementFailedException: Failed to execute SQL script statement #4 of URL [file:/C:/Users/naude/Desktop/IT%20Dev/Project1/AccountSystemRepository/target/test-classes/schema.sql]: CREATE TABLE VITRSA_SANDBOX.DEMO_ACCOUNT_TX ( TX_ID BIGINT NOT NULL, ACCOUNT_TYPE_ID BIGINT NOT NULL, MEMBER_ID BIGINT NOT NULL, AMOUNT BIGINT NOT NULL, TX_DATE DATE NOT NULL, PRIMARY KEY (TX_ID) CONSTRAINT FK_ACCOUNT_TYPE_ID FOREIGN KEY (ACCOUNT_TYPE_ID) REFERENCES VITRSA_SANDBOX.DEMO_ACCOUNT_TYPE (ACCOUNT_TYPE_ID) ); nested exception is org.h2.jdbc.JdbcSQLSyntaxErrorException: Syntax error in SQL statement "CREATE TABLE VITRSA_SANDBOX.DEMO_ACCOUNT_TX ( TX_ID BIGINT NOT NULL, ACCOUNT_TYPE_ID BIGINT NOT NULL, MEMBER_ID BIGINT NOT NULL, AMOUNT BIGINT NOT NULL, TX_DATE DATE NOT NULL, PRIMARY KEY (TX_ID) CONSTRAINT[*] FK_ACCOUNT_TYPE_ID FOREIGN KEY (ACCOUNT_TYPE_ID) REFERENCES VITRSA_SANDBOX.DEMO_ACCOUNT_TYPE (ACCOUNT_TYPE_ID) )"; expected "INDEX, ,, )"; SQL statement:
CREATE TABLE VITRSA_SANDBOX.DEMO_ACCOUNT_TX ( TX_ID BIGINT NOT NULL, ACCOUNT_TYPE_ID BIGINT NOT NULL, MEMBER_ID BIGINT NOT NULL, AMOUNT BIGINT NOT NULL, TX_DATE DATE NOT NULL, PRIMARY KEY (TX_ID) CONSTRAINT FK_ACCOUNT_TYPE_ID FOREIGN KEY (ACCOUNT_TYPE_ID) REFERENCES VITRSA_SANDBOX.DEMO_ACCOUNT_TYPE (ACCOUNT_TYPE_ID) ) [42001-199]
	at org.springframework.beans.factory.support.FactoryBeanRegistrySupport.getObjectFromFactoryBean(FactoryBeanRegistrySupport.java:119) ~[spring-beans-5.1.8.RELEASE.jar:5.1.8.RELEASE]
	at org.springframework.beans.factory.support.AbstractBeanFactory.getObjectForBeanInstance(AbstractBeanFactory.java:1674) ~[spring-beans-5.1.8.RELEASE.jar:5.1.8.RELEASE]
	at org.springframework.beans.factory.support.AbstractAutowireCapableBeanFactory.getObjectForBeanInstance(AbstractAutowireCapableBeanFactory.java:1249) ~[spring-beans-5.1.8.RELEASE.jar:5.1.8.RELEASE]
	at org.springframework.beans.factory.support.AbstractBeanFactory.doGetBean(AbstractBeanFactory.java:330) ~[spring-beans-5.1.8.RELEASE.jar:5.1.8.RELEASE]
	at org.springframework.beans.factory.support.AbstractBeanFactory.getBean(AbstractBeanFactory.java:199) ~[spring-beans-5.1.8.RELEASE.jar:5.1.8.RELEASE]
	at org.springframework.beans.factory.config.DependencyDescriptor.resolveCandidate(DependencyDescriptor.java:277) ~[spring-beans-5.1.8.RELEASE.jar:5.1.8.RELEASE]
	at org.springframework.beans.factory.support.DefaultListableBeanFactory.doResolveDependency(DefaultListableBeanFactory.java:1251) ~[spring-beans-5.1.8.RELEASE.jar:5.1.8.RELEASE]
	at org.springframework.beans.factory.support.DefaultListableBeanFactory.resolveDependency(DefaultListableBeanFactory.java:1171) ~[spring-beans-5.1.8.RELEASE.jar:5.1.8.RELEASE]
	at org.springframework.beans.factory.support.ConstructorResolver.resolveAutowiredArgument(ConstructorResolver.java:857) ~[spring-beans-5.1.8.RELEASE.jar:5.1.8.RELEASE]
	at org.springframework.beans.factory.support.ConstructorResolver.createArgumentArray(ConstructorResolver.java:760) ~[spring-beans-5.1.8.RELEASE.jar:5.1.8.RELEASE]
	... 55 common frames omitted
Caused by: org.springframework.beans.factory.BeanCreationException: Error creating bean with name 'org.springframework.boot.autoconfigure.jdbc.DataSourceInitializerInvoker': Invocation of init method failed; nested exception is org.springframework.jdbc.datasource.init.ScriptStatementFailedException: Failed to execute SQL script statement #4 of URL [file:/C:/Users/naude/Desktop/IT%20Dev/Project1/AccountSystemRepository/target/test-classes/schema.sql]: CREATE TABLE VITRSA_SANDBOX.DEMO_ACCOUNT_TX ( TX_ID BIGINT NOT NULL, ACCOUNT_TYPE_ID BIGINT NOT NULL, MEMBER_ID BIGINT NOT NULL, AMOUNT BIGINT NOT NULL, TX_DATE DATE NOT NULL, PRIMARY KEY (TX_ID) CONSTRAINT FK_ACCOUNT_TYPE_ID FOREIGN KEY (ACCOUNT_TYPE_ID) REFERENCES VITRSA_SANDBOX.DEMO_ACCOUNT_TYPE (ACCOUNT_TYPE_ID) ); nested exception is org.h2.jdbc.JdbcSQLSyntaxErrorException: Syntax error in SQL statement "CREATE TABLE VITRSA_SANDBOX.DEMO_ACCOUNT_TX ( TX_ID BIGINT NOT NULL, ACCOUNT_TYPE_ID BIGINT NOT NULL, MEMBER_ID BIGINT NOT NULL, AMOUNT BIGINT NOT NULL, TX_DATE DATE NOT NULL, PRIMARY KEY (TX_ID) CONSTRAINT[*] FK_ACCOUNT_TYPE_ID FOREIGN KEY (ACCOUNT_TYPE_ID) REFERENCES VITRSA_SANDBOX.DEMO_ACCOUNT_TYPE (ACCOUNT_TYPE_ID) )"; expected "INDEX, ,, )"; SQL statement:
CREATE TABLE VITRSA_SANDBOX.DEMO_ACCOUNT_TX ( TX_ID BIGINT NOT NULL, ACCOUNT_TYPE_ID BIGINT NOT NULL, MEMBER_ID BIGINT NOT NULL, AMOUNT BIGINT NOT NULL, TX_DATE DATE NOT NULL, PRIMARY KEY (TX_ID) CONSTRAINT FK_ACCOUNT_TYPE_ID FOREIGN KEY (ACCOUNT_TYPE_ID) REFERENCES VITRSA_SANDBOX.DEMO_ACCOUNT_TYPE (ACCOUNT_TYPE_ID) ) [42001-199]
	at org.springframework.beans.factory.support.AbstractAutowireCapableBeanFactory.initializeBean(AbstractAutowireCapableBeanFactory.java:1778) ~[spring-beans-5.1.8.RELEASE.jar:5.1.8.RELEASE]
	at org.springframework.beans.factory.support.AbstractAutowireCapableBeanFactory.doCreateBean(AbstractAutowireCapableBeanFactory.java:593) ~[spring-beans-5.1.8.RELEASE.jar:5.1.8.RELEASE]
	at org.springframework.beans.factory.support.AbstractAutowireCapableBeanFactory.createBean(AbstractAutowireCapableBeanFactory.java:515) ~[spring-beans-5.1.8.RELEASE.jar:5.1.8.RELEASE]
	at org.springframework.beans.factory.support.AbstractBeanFactory.lambda$doGetBean$0(AbstractBeanFactory.java:320) ~[spring-beans-5.1.8.RELEASE.jar:5.1.8.RELEASE]
	at org.springframework.beans.factory.support.DefaultSingletonBeanRegistry.getSingleton(DefaultSingletonBeanRegistry.java:222) ~[spring-beans-5.1.8.RELEASE.jar:5.1.8.RELEASE]
	at org.springframework.beans.factory.support.AbstractBeanFactory.doGetBean(AbstractBeanFactory.java:318) ~[spring-beans-5.1.8.RELEASE.jar:5.1.8.RELEASE]
	at org.springframework.beans.factory.support.AbstractBeanFactory.getBean(AbstractBeanFactory.java:224) ~[spring-beans-5.1.8.RELEASE.jar:5.1.8.RELEASE]
	at org.springframework.beans.factory.support.DefaultListableBeanFactory.resolveNamedBean(DefaultListableBeanFactory.java:1119) ~[spring-beans-5.1.8.RELEASE.jar:5.1.8.RELEASE]
	at org.springframework.beans.factory.support.DefaultListableBeanFactory.resolveBean(DefaultListableBeanFactory.java:411) ~[spring-beans-5.1.8.RELEASE.jar:5.1.8.RELEASE]
	at org.springframework.beans.factory.support.DefaultListableBeanFactory.getBean(DefaultListableBeanFactory.java:344) ~[spring-beans-5.1.8.RELEASE.jar:5.1.8.RELEASE]
	at org.springframework.beans.factory.support.DefaultListableBeanFactory.getBean(DefaultListableBeanFactory.java:337) ~[spring-beans-5.1.8.RELEASE.jar:5.1.8.RELEASE]
	at org.springframework.boot.autoconfigure.jdbc.DataSourceInitializerPostProcessor.postProcessAfterInitialization(DataSourceInitializerPostProcessor.java:53) ~[spring-boot-autoconfigure-2.1.6.RELEASE.jar:2.1.6.RELEASE]
	at org.springframework.beans.factory.support.AbstractAutowireCapableBeanFactory.applyBeanPostProcessorsAfterInitialization(AbstractAutowireCapableBeanFactory.java:429) ~[spring-beans-5.1.8.RELEASE.jar:5.1.8.RELEASE]
	at org.springframework.beans.factory.support.AbstractAutowireCapableBeanFactory.postProcessObjectFromFactoryBean(AbstractAutowireCapableBeanFactory.java:1921) ~[spring-beans-5.1.8.RELEASE.jar:5.1.8.RELEASE]
	at org.springframework.beans.factory.support.FactoryBeanRegistrySupport.getObjectFromFactoryBean(FactoryBeanRegistrySupport.java:116) ~[spring-beans-5.1.8.RELEASE.jar:5.1.8.RELEASE]
	... 64 common frames omitted
Caused by: org.springframework.jdbc.datasource.init.ScriptStatementFailedException: Failed to execute SQL script statement #4 of URL [file:/C:/Users/naude/Desktop/IT%20Dev/Project1/AccountSystemRepository/target/test-classes/schema.sql]: CREATE TABLE VITRSA_SANDBOX.DEMO_ACCOUNT_TX ( TX_ID BIGINT NOT NULL, ACCOUNT_TYPE_ID BIGINT NOT NULL, MEMBER_ID BIGINT NOT NULL, AMOUNT BIGINT NOT NULL, TX_DATE DATE NOT NULL, PRIMARY KEY (TX_ID) CONSTRAINT FK_ACCOUNT_TYPE_ID FOREIGN KEY (ACCOUNT_TYPE_ID) REFERENCES VITRSA_SANDBOX.DEMO_ACCOUNT_TYPE (ACCOUNT_TYPE_ID) ); nested exception is org.h2.jdbc.JdbcSQLSyntaxErrorException: Syntax error in SQL statement "CREATE TABLE VITRSA_SANDBOX.DEMO_ACCOUNT_TX ( TX_ID BIGINT NOT NULL, ACCOUNT_TYPE_ID BIGINT NOT NULL, MEMBER_ID BIGINT NOT NULL, AMOUNT BIGINT NOT NULL, TX_DATE DATE NOT NULL, PRIMARY KEY (TX_ID) CONSTRAINT[*] FK_ACCOUNT_TYPE_ID FOREIGN KEY (ACCOUNT_TYPE_ID) REFERENCES VITRSA_SANDBOX.DEMO_ACCOUNT_TYPE (ACCOUNT_TYPE_ID) )"; expected "INDEX, ,, )"; SQL statement:
CREATE TABLE VITRSA_SANDBOX.DEMO_ACCOUNT_TX ( TX_ID BIGINT NOT NULL, ACCOUNT_TYPE_ID BIGINT NOT NULL, MEMBER_ID BIGINT NOT NULL, AMOUNT BIGINT NOT NULL, TX_DATE DATE NOT NULL, PRIMARY KEY (TX_ID) CONSTRAINT FK_ACCOUNT_TYPE_ID FOREIGN KEY (ACCOUNT_TYPE_ID) REFERENCES VITRSA_SANDBOX.DEMO_ACCOUNT_TYPE (ACCOUNT_TYPE_ID) ) [42001-199]
	at org.springframework.jdbc.datasource.init.ScriptUtils.executeSqlScript(ScriptUtils.java:509) ~[spring-jdbc-5.1.8.RELEASE.jar:5.1.8.RELEASE]
	at org.springframework.jdbc.datasource.init.ResourceDatabasePopulator.populate(ResourceDatabasePopulator.java:238) ~[spring-jdbc-5.1.8.RELEASE.jar:5.1.8.RELEASE]
	at org.springframework.jdbc.datasource.init.DatabasePopulatorUtils.execute(DatabasePopulatorUtils.java:48) ~[spring-jdbc-5.1.8.RELEASE.jar:5.1.8.RELEASE]
	at org.springframework.boot.autoconfigure.jdbc.DataSourceInitializer.runScripts(DataSourceInitializer.java:202) ~[spring-boot-autoconfigure-2.1.6.RELEASE.jar:2.1.6.RELEASE]
	at org.springframework.boot.autoconfigure.jdbc.DataSourceInitializer.createSchema(DataSourceInitializer.java:101) ~[spring-boot-autoconfigure-2.1.6.RELEASE.jar:2.1.6.RELEASE]
	at org.springframework.boot.autoconfigure.jdbc.DataSourceInitializerInvoker.afterPropertiesSet(DataSourceInitializerInvoker.java:62) ~[spring-boot-autoconfigure-2.1.6.RELEASE.jar:2.1.6.RELEASE]
	at org.springframework.beans.factory.support.AbstractAutowireCapableBeanFactory.invokeInitMethods(AbstractAutowireCapableBeanFactory.java:1837) ~[spring-beans-5.1.8.RELEASE.jar:5.1.8.RELEASE]
	at org.springframework.beans.factory.support.AbstractAutowireCapableBeanFactory.initializeBean(AbstractAutowireCapableBeanFactory.java:1774) ~[spring-beans-5.1.8.RELEASE.jar:5.1.8.RELEASE]
	... 78 common frames omitted
Caused by: org.h2.jdbc.JdbcSQLSyntaxErrorException: Syntax error in SQL statement "CREATE TABLE VITRSA_SANDBOX.DEMO_ACCOUNT_TX ( TX_ID BIGINT NOT NULL, ACCOUNT_TYPE_ID BIGINT NOT NULL, MEMBER_ID BIGINT NOT NULL, AMOUNT BIGINT NOT NULL, TX_DATE DATE NOT NULL, PRIMARY KEY (TX_ID) CONSTRAINT[*] FK_ACCOUNT_TYPE_ID FOREIGN KEY (ACCOUNT_TYPE_ID) REFERENCES VITRSA_SANDBOX.DEMO_ACCOUNT_TYPE (ACCOUNT_TYPE_ID) )"; expected "INDEX, ,, )"; SQL statement:
CREATE TABLE VITRSA_SANDBOX.DEMO_ACCOUNT_TX ( TX_ID BIGINT NOT NULL, ACCOUNT_TYPE_ID BIGINT NOT NULL, MEMBER_ID BIGINT NOT NULL, AMOUNT BIGINT NOT NULL, TX_DATE DATE NOT NULL, PRIMARY KEY (TX_ID) CONSTRAINT FK_ACCOUNT_TYPE_ID FOREIGN KEY (ACCOUNT_TYPE_ID) REFERENCES VITRSA_SANDBOX.DEMO_ACCOUNT_TYPE (ACCOUNT_TYPE_ID) ) [42001-199]
	at org.h2.message.DbException.getJdbcSQLException(DbException.java:451) ~[h2-1.4.199.jar:1.4.199]
	at org.h2.message.DbException.getJdbcSQLException(DbException.java:427) ~[h2-1.4.199.jar:1.4.199]
	at org.h2.message.DbException.getSyntaxError(DbException.java:243) ~[h2-1.4.199.jar:1.4.199]
	at org.h2.command.Parser.getSyntaxError(Parser.java:991) ~[h2-1.4.199.jar:1.4.199]
	at org.h2.command.Parser.read(Parser.java:4549) ~[h2-1.4.199.jar:1.4.199]
	at org.h2.command.Parser.readIfMore(Parser.java:1391) ~[h2-1.4.199.jar:1.4.199]
	at org.h2.command.Parser.parseCreateTable(Parser.java:7833) ~[h2-1.4.199.jar:1.4.199]
	at org.h2.command.Parser.parseCreate(Parser.java:5818) ~[h2-1.4.199.jar:1.4.199]
	at org.h2.command.Parser.parsePrepared(Parser.java:846) ~[h2-1.4.199.jar:1.4.199]
	at org.h2.command.Parser.parse(Parser.java:788) ~[h2-1.4.199.jar:1.4.199]
	at org.h2.command.Parser.parse(Parser.java:764) ~[h2-1.4.199.jar:1.4.199]
	at org.h2.command.Parser.prepareCommand(Parser.java:683) ~[h2-1.4.199.jar:1.4.199]
	at org.h2.engine.Session.prepareLocal(Session.java:627) ~[h2-1.4.199.jar:1.4.199]
	at org.h2.engine.Session.prepareCommand(Session.java:565) ~[h2-1.4.199.jar:1.4.199]
	at org.h2.jdbc.JdbcConnection.prepareCommand(JdbcConnection.java:1292) ~[h2-1.4.199.jar:1.4.199]
	at org.h2.jdbc.JdbcStatement.executeInternal(JdbcStatement.java:217) ~[h2-1.4.199.jar:1.4.199]
	at org.h2.jdbc.JdbcStatement.execute(JdbcStatement.java:205) ~[h2-1.4.199.jar:1.4.199]
	at org.springframework.jdbc.datasource.init.ScriptUtils.executeSqlScript(ScriptUtils.java:488) ~[spring-jdbc-5.1.8.RELEASE.jar:5.1.8.RELEASE]
	... 85 common frames omitted

]]></system-out>
  </testcase>
  <testcase name="getAccountTypeByMnemonicMiles" classname="za.ac.nwu.ac.repo.persistence.AccountTypeRepositoryTest" time="0">
    <error message="Failed to load ApplicationContext" type="java.lang.IllegalStateException">java.lang.IllegalStateException: Failed to load ApplicationContext
Caused by: org.springframework.beans.factory.UnsatisfiedDependencyException: 
Error creating bean with name 'org.springframework.boot.autoconfigure.orm.jpa.HibernateJpaConfiguration': Unsatisfied dependency expressed through constructor parameter 0; nested exception is org.springframework.beans.factory.BeanCreationException: Error creating bean with name 'dataSource': Post-processing of FactoryBean's singleton object failed; nested exception is org.springframework.beans.factory.BeanCreationException: Error creating bean with name 'org.springframework.boot.autoconfigure.jdbc.DataSourceInitializerInvoker': Invocation of init method failed; nested exception is org.springframework.jdbc.datasource.init.ScriptStatementFailedException: Failed to execute SQL script statement #4 of URL [file:/C:/Users/naude/Desktop/IT%20Dev/Project1/AccountSystemRepository/target/test-classes/schema.sql]: CREATE TABLE VITRSA_SANDBOX.DEMO_ACCOUNT_TX ( TX_ID BIGINT NOT NULL, ACCOUNT_TYPE_ID BIGINT NOT NULL, MEMBER_ID BIGINT NOT NULL, AMOUNT BIGINT NOT NULL, TX_DATE DATE NOT NULL, PRIMARY KEY (TX_ID) CONSTRAINT FK_ACCOUNT_TYPE_ID FOREIGN KEY (ACCOUNT_TYPE_ID) REFERENCES VITRSA_SANDBOX.DEMO_ACCOUNT_TYPE (ACCOUNT_TYPE_ID) ); nested exception is org.h2.jdbc.JdbcSQLSyntaxErrorException: Syntax error in SQL statement "CREATE TABLE VITRSA_SANDBOX.DEMO_ACCOUNT_TX ( TX_ID BIGINT NOT NULL, ACCOUNT_TYPE_ID BIGINT NOT NULL, MEMBER_ID BIGINT NOT NULL, AMOUNT BIGINT NOT NULL, TX_DATE DATE NOT NULL, PRIMARY KEY (TX_ID) CONSTRAINT[*] FK_ACCOUNT_TYPE_ID FOREIGN KEY (ACCOUNT_TYPE_ID) REFERENCES VITRSA_SANDBOX.DEMO_ACCOUNT_TYPE (ACCOUNT_TYPE_ID) )"; expected "INDEX, ,, )"; SQL statement:
CREATE TABLE VITRSA_SANDBOX.DEMO_ACCOUNT_TX ( TX_ID BIGINT NOT NULL, ACCOUNT_TYPE_ID BIGINT NOT NULL, MEMBER_ID BIGINT NOT NULL, AMOUNT BIGINT NOT NULL, TX_DATE DATE NOT NULL, PRIMARY KEY (TX_ID) CONSTRAINT FK_ACCOUNT_TYPE_ID FOREIGN KEY (ACCOUNT_TYPE_ID) REFERENCES VITRSA_SANDBOX.DEMO_ACCOUNT_TYPE (ACCOUNT_TYPE_ID) ) [42001-199]
Caused by: org.springframework.beans.factory.BeanCreationException: 
Error creating bean with name 'dataSource': Post-processing of FactoryBean's singleton object failed; nested exception is org.springframework.beans.factory.BeanCreationException: Error creating bean with name 'org.springframework.boot.autoconfigure.jdbc.DataSourceInitializerInvoker': Invocation of init method failed; nested exception is org.springframework.jdbc.datasource.init.ScriptStatementFailedException: Failed to execute SQL script statement #4 of URL [file:/C:/Users/naude/Desktop/IT%20Dev/Project1/AccountSystemRepository/target/test-classes/schema.sql]: CREATE TABLE VITRSA_SANDBOX.DEMO_ACCOUNT_TX ( TX_ID BIGINT NOT NULL, ACCOUNT_TYPE_ID BIGINT NOT NULL, MEMBER_ID BIGINT NOT NULL, AMOUNT BIGINT NOT NULL, TX_DATE DATE NOT NULL, PRIMARY KEY (TX_ID) CONSTRAINT FK_ACCOUNT_TYPE_ID FOREIGN KEY (ACCOUNT_TYPE_ID) REFERENCES VITRSA_SANDBOX.DEMO_ACCOUNT_TYPE (ACCOUNT_TYPE_ID) ); nested exception is org.h2.jdbc.JdbcSQLSyntaxErrorException: Syntax error in SQL statement "CREATE TABLE VITRSA_SANDBOX.DEMO_ACCOUNT_TX ( TX_ID BIGINT NOT NULL, ACCOUNT_TYPE_ID BIGINT NOT NULL, MEMBER_ID BIGINT NOT NULL, AMOUNT BIGINT NOT NULL, TX_DATE DATE NOT NULL, PRIMARY KEY (TX_ID) CONSTRAINT[*] FK_ACCOUNT_TYPE_ID FOREIGN KEY (ACCOUNT_TYPE_ID) REFERENCES VITRSA_SANDBOX.DEMO_ACCOUNT_TYPE (ACCOUNT_TYPE_ID) )"; expected "INDEX, ,, )"; SQL statement:
CREATE TABLE VITRSA_SANDBOX.DEMO_ACCOUNT_TX ( TX_ID BIGINT NOT NULL, ACCOUNT_TYPE_ID BIGINT NOT NULL, MEMBER_ID BIGINT NOT NULL, AMOUNT BIGINT NOT NULL, TX_DATE DATE NOT NULL, PRIMARY KEY (TX_ID) CONSTRAINT FK_ACCOUNT_TYPE_ID FOREIGN KEY (ACCOUNT_TYPE_ID) REFERENCES VITRSA_SANDBOX.DEMO_ACCOUNT_TYPE (ACCOUNT_TYPE_ID) ) [42001-199]
Caused by: org.springframework.beans.factory.BeanCreationException: 
Error creating bean with name 'org.springframework.boot.autoconfigure.jdbc.DataSourceInitializerInvoker': Invocation of init method failed; nested exception is org.springframework.jdbc.datasource.init.ScriptStatementFailedException: Failed to execute SQL script statement #4 of URL [file:/C:/Users/naude/Desktop/IT%20Dev/Project1/AccountSystemRepository/target/test-classes/schema.sql]: CREATE TABLE VITRSA_SANDBOX.DEMO_ACCOUNT_TX ( TX_ID BIGINT NOT NULL, ACCOUNT_TYPE_ID BIGINT NOT NULL, MEMBER_ID BIGINT NOT NULL, AMOUNT BIGINT NOT NULL, TX_DATE DATE NOT NULL, PRIMARY KEY (TX_ID) CONSTRAINT FK_ACCOUNT_TYPE_ID FOREIGN KEY (ACCOUNT_TYPE_ID) REFERENCES VITRSA_SANDBOX.DEMO_ACCOUNT_TYPE (ACCOUNT_TYPE_ID) ); nested exception is org.h2.jdbc.JdbcSQLSyntaxErrorException: Syntax error in SQL statement "CREATE TABLE VITRSA_SANDBOX.DEMO_ACCOUNT_TX ( TX_ID BIGINT NOT NULL, ACCOUNT_TYPE_ID BIGINT NOT NULL, MEMBER_ID BIGINT NOT NULL, AMOUNT BIGINT NOT NULL, TX_DATE DATE NOT NULL, PRIMARY KEY (TX_ID) CONSTRAINT[*] FK_ACCOUNT_TYPE_ID FOREIGN KEY (ACCOUNT_TYPE_ID) REFERENCES VITRSA_SANDBOX.DEMO_ACCOUNT_TYPE (ACCOUNT_TYPE_ID) )"; expected "INDEX, ,, )"; SQL statement:
CREATE TABLE VITRSA_SANDBOX.DEMO_ACCOUNT_TX ( TX_ID BIGINT NOT NULL, ACCOUNT_TYPE_ID BIGINT NOT NULL, MEMBER_ID BIGINT NOT NULL, AMOUNT BIGINT NOT NULL, TX_DATE DATE NOT NULL, PRIMARY KEY (TX_ID) CONSTRAINT FK_ACCOUNT_TYPE_ID FOREIGN KEY (ACCOUNT_TYPE_ID) REFERENCES VITRSA_SANDBOX.DEMO_ACCOUNT_TYPE (ACCOUNT_TYPE_ID) ) [42001-199]
Caused by: org.springframework.jdbc.datasource.init.ScriptStatementFailedException: 
Failed to execute SQL script statement #4 of URL [file:/C:/Users/naude/Desktop/IT%20Dev/Project1/AccountSystemRepository/target/test-classes/schema.sql]: CREATE TABLE VITRSA_SANDBOX.DEMO_ACCOUNT_TX ( TX_ID BIGINT NOT NULL, ACCOUNT_TYPE_ID BIGINT NOT NULL, MEMBER_ID BIGINT NOT NULL, AMOUNT BIGINT NOT NULL, TX_DATE DATE NOT NULL, PRIMARY KEY (TX_ID) CONSTRAINT FK_ACCOUNT_TYPE_ID FOREIGN KEY (ACCOUNT_TYPE_ID) REFERENCES VITRSA_SANDBOX.DEMO_ACCOUNT_TYPE (ACCOUNT_TYPE_ID) ); nested exception is org.h2.jdbc.JdbcSQLSyntaxErrorException: Syntax error in SQL statement "CREATE TABLE VITRSA_SANDBOX.DEMO_ACCOUNT_TX ( TX_ID BIGINT NOT NULL, ACCOUNT_TYPE_ID BIGINT NOT NULL, MEMBER_ID BIGINT NOT NULL, AMOUNT BIGINT NOT NULL, TX_DATE DATE NOT NULL, PRIMARY KEY (TX_ID) CONSTRAINT[*] FK_ACCOUNT_TYPE_ID FOREIGN KEY (ACCOUNT_TYPE_ID) REFERENCES VITRSA_SANDBOX.DEMO_ACCOUNT_TYPE (ACCOUNT_TYPE_ID) )"; expected "INDEX, ,, )"; SQL statement:
CREATE TABLE VITRSA_SANDBOX.DEMO_ACCOUNT_TX ( TX_ID BIGINT NOT NULL, ACCOUNT_TYPE_ID BIGINT NOT NULL, MEMBER_ID BIGINT NOT NULL, AMOUNT BIGINT NOT NULL, TX_DATE DATE NOT NULL, PRIMARY KEY (TX_ID) CONSTRAINT FK_ACCOUNT_TYPE_ID FOREIGN KEY (ACCOUNT_TYPE_ID) REFERENCES VITRSA_SANDBOX.DEMO_ACCOUNT_TYPE (ACCOUNT_TYPE_ID) ) [42001-199]
Caused by: org.h2.jdbc.JdbcSQLSyntaxErrorException: 
Syntax error in SQL statement "CREATE TABLE VITRSA_SANDBOX.DEMO_ACCOUNT_TX ( TX_ID BIGINT NOT NULL, ACCOUNT_TYPE_ID BIGINT NOT NULL, MEMBER_ID BIGINT NOT NULL, AMOUNT BIGINT NOT NULL, TX_DATE DATE NOT NULL, PRIMARY KEY (TX_ID) CONSTRAINT[*] FK_ACCOUNT_TYPE_ID FOREIGN KEY (ACCOUNT_TYPE_ID) REFERENCES VITRSA_SANDBOX.DEMO_ACCOUNT_TYPE (ACCOUNT_TYPE_ID) )"; expected "INDEX, ,, )"; SQL statement:
CREATE TABLE VITRSA_SANDBOX.DEMO_ACCOUNT_TX ( TX_ID BIGINT NOT NULL, ACCOUNT_TYPE_ID BIGINT NOT NULL, MEMBER_ID BIGINT NOT NULL, AMOUNT BIGINT NOT NULL, TX_DATE DATE NOT NULL, PRIMARY KEY (TX_ID) CONSTRAINT FK_ACCOUNT_TYPE_ID FOREIGN KEY (ACCOUNT_TYPE_ID) REFERENCES VITRSA_SANDBOX.DEMO_ACCOUNT_TYPE (ACCOUNT_TYPE_ID) ) [42001-199]
</error>
    <system-out><![CDATA[
  .   ____          _            __ _ _
 /\\ / ___'_ __ _ _(_)_ __  __ _ \ \ \ \
( ( )\___ | '_ | '_| | '_ \/ _` | \ \ \ \
 \\/  ___)| |_)| | | | | || (_| |  ) ) ) )
  '  |____| .__|_| |_|_| |_\__, | / / / /
 =========|_|==============|___/=/_/_/_/
 :: Spring Boot ::        (v2.1.6.RELEASE)

2021-09-22 15:33:24.442  INFO 5696 --- [           main] z.a.n.a.r.p.AccountTypeRepositoryTest    : Starting AccountTypeRepositoryTest on DESKTOP-074OGOO with PID 5696 (started by naude in C:\Users\naude\Desktop\IT Dev\Project1\AccountSystemRepository)
2021-09-22 15:33:24.443  INFO 5696 --- [           main] z.a.n.a.r.p.AccountTypeRepositoryTest    : No active profile set, falling back to default profiles: default
2021-09-22 15:33:24.577  INFO 5696 --- [           main] .s.d.r.c.RepositoryConfigurationDelegate : Bootstrapping Spring Data repositories in DEFAULT mode.
2021-09-22 15:33:24.613  INFO 5696 --- [           main] .s.d.r.c.RepositoryConfigurationDelegate : Finished Spring Data repository scanning in 36ms. Found 1 repository interfaces.
2021-09-22 15:33:24.638  INFO 5696 --- [           main] beddedDataSourceBeanFactoryPostProcessor : Replacing 'dataSource' DataSource bean with embedded version
2021-09-22 15:33:24.681  INFO 5696 --- [           main] o.s.j.d.e.EmbeddedDatabaseFactory        : Starting embedded database: url='jdbc:h2:mem:b07df5d6-95cc-477c-a808-4fe523271579;DB_CLOSE_DELAY=-1;DB_CLOSE_ON_EXIT=false', username='sa'
2021-09-22 15:33:24.740  WARN 5696 --- [           main] s.c.a.AnnotationConfigApplicationContext : Exception encountered during context initialization - cancelling refresh attempt: org.springframework.beans.factory.UnsatisfiedDependencyException: Error creating bean with name 'org.springframework.boot.autoconfigure.orm.jpa.HibernateJpaConfiguration': Unsatisfied dependency expressed through constructor parameter 0; nested exception is org.springframework.beans.factory.BeanCreationException: Error creating bean with name 'dataSource': Post-processing of FactoryBean's singleton object failed; nested exception is org.springframework.beans.factory.BeanCreationException: Error creating bean with name 'org.springframework.boot.autoconfigure.jdbc.DataSourceInitializerInvoker': Invocation of init method failed; nested exception is org.springframework.jdbc.datasource.init.ScriptStatementFailedException: Failed to execute SQL script statement #4 of URL [file:/C:/Users/naude/Desktop/IT%20Dev/Project1/AccountSystemRepository/target/test-classes/schema.sql]: CREATE TABLE VITRSA_SANDBOX.DEMO_ACCOUNT_TX ( TX_ID BIGINT NOT NULL, ACCOUNT_TYPE_ID BIGINT NOT NULL, MEMBER_ID BIGINT NOT NULL, AMOUNT BIGINT NOT NULL, TX_DATE DATE NOT NULL, PRIMARY KEY (TX_ID) CONSTRAINT FK_ACCOUNT_TYPE_ID FOREIGN KEY (ACCOUNT_TYPE_ID) REFERENCES VITRSA_SANDBOX.DEMO_ACCOUNT_TYPE (ACCOUNT_TYPE_ID) ); nested exception is org.h2.jdbc.JdbcSQLSyntaxErrorException: Syntax error in SQL statement "CREATE TABLE VITRSA_SANDBOX.DEMO_ACCOUNT_TX ( TX_ID BIGINT NOT NULL, ACCOUNT_TYPE_ID BIGINT NOT NULL, MEMBER_ID BIGINT NOT NULL, AMOUNT BIGINT NOT NULL, TX_DATE DATE NOT NULL, PRIMARY KEY (TX_ID) CONSTRAINT[*] FK_ACCOUNT_TYPE_ID FOREIGN KEY (ACCOUNT_TYPE_ID) REFERENCES VITRSA_SANDBOX.DEMO_ACCOUNT_TYPE (ACCOUNT_TYPE_ID) )"; expected "INDEX, ,, )"; SQL statement:
CREATE TABLE VITRSA_SANDBOX.DEMO_ACCOUNT_TX ( TX_ID BIGINT NOT NULL, ACCOUNT_TYPE_ID BIGINT NOT NULL, MEMBER_ID BIGINT NOT NULL, AMOUNT BIGINT NOT NULL, TX_DATE DATE NOT NULL, PRIMARY KEY (TX_ID) CONSTRAINT FK_ACCOUNT_TYPE_ID FOREIGN KEY (ACCOUNT_TYPE_ID) REFERENCES VITRSA_SANDBOX.DEMO_ACCOUNT_TYPE (ACCOUNT_TYPE_ID) ) [42001-199]
2021-09-22 15:33:24.742  INFO 5696 --- [           main] ConditionEvaluationReportLoggingListener : 

Error starting ApplicationContext. To display the conditions report re-run your application with 'debug' enabled.
2021-09-22 15:33:24.744 ERROR 5696 --- [           main] o.s.boot.SpringApplication               : Application run failed

org.springframework.beans.factory.UnsatisfiedDependencyException: Error creating bean with name 'org.springframework.boot.autoconfigure.orm.jpa.HibernateJpaConfiguration': Unsatisfied dependency expressed through constructor parameter 0; nested exception is org.springframework.beans.factory.BeanCreationException: Error creating bean with name 'dataSource': Post-processing of FactoryBean's singleton object failed; nested exception is org.springframework.beans.factory.BeanCreationException: Error creating bean with name 'org.springframework.boot.autoconfigure.jdbc.DataSourceInitializerInvoker': Invocation of init method failed; nested exception is org.springframework.jdbc.datasource.init.ScriptStatementFailedException: Failed to execute SQL script statement #4 of URL [file:/C:/Users/naude/Desktop/IT%20Dev/Project1/AccountSystemRepository/target/test-classes/schema.sql]: CREATE TABLE VITRSA_SANDBOX.DEMO_ACCOUNT_TX ( TX_ID BIGINT NOT NULL, ACCOUNT_TYPE_ID BIGINT NOT NULL, MEMBER_ID BIGINT NOT NULL, AMOUNT BIGINT NOT NULL, TX_DATE DATE NOT NULL, PRIMARY KEY (TX_ID) CONSTRAINT FK_ACCOUNT_TYPE_ID FOREIGN KEY (ACCOUNT_TYPE_ID) REFERENCES VITRSA_SANDBOX.DEMO_ACCOUNT_TYPE (ACCOUNT_TYPE_ID) ); nested exception is org.h2.jdbc.JdbcSQLSyntaxErrorException: Syntax error in SQL statement "CREATE TABLE VITRSA_SANDBOX.DEMO_ACCOUNT_TX ( TX_ID BIGINT NOT NULL, ACCOUNT_TYPE_ID BIGINT NOT NULL, MEMBER_ID BIGINT NOT NULL, AMOUNT BIGINT NOT NULL, TX_DATE DATE NOT NULL, PRIMARY KEY (TX_ID) CONSTRAINT[*] FK_ACCOUNT_TYPE_ID FOREIGN KEY (ACCOUNT_TYPE_ID) REFERENCES VITRSA_SANDBOX.DEMO_ACCOUNT_TYPE (ACCOUNT_TYPE_ID) )"; expected "INDEX, ,, )"; SQL statement:
CREATE TABLE VITRSA_SANDBOX.DEMO_ACCOUNT_TX ( TX_ID BIGINT NOT NULL, ACCOUNT_TYPE_ID BIGINT NOT NULL, MEMBER_ID BIGINT NOT NULL, AMOUNT BIGINT NOT NULL, TX_DATE DATE NOT NULL, PRIMARY KEY (TX_ID) CONSTRAINT FK_ACCOUNT_TYPE_ID FOREIGN KEY (ACCOUNT_TYPE_ID) REFERENCES VITRSA_SANDBOX.DEMO_ACCOUNT_TYPE (ACCOUNT_TYPE_ID) ) [42001-199]
	at org.springframework.beans.factory.support.ConstructorResolver.createArgumentArray(ConstructorResolver.java:769) ~[spring-beans-5.1.8.RELEASE.jar:5.1.8.RELEASE]
	at org.springframework.beans.factory.support.ConstructorResolver.autowireConstructor(ConstructorResolver.java:218) ~[spring-beans-5.1.8.RELEASE.jar:5.1.8.RELEASE]
	at org.springframework.beans.factory.support.AbstractAutowireCapableBeanFactory.autowireConstructor(AbstractAutowireCapableBeanFactory.java:1341) ~[spring-beans-5.1.8.RELEASE.jar:5.1.8.RELEASE]
	at org.springframework.beans.factory.support.AbstractAutowireCapableBeanFactory.createBeanInstance(AbstractAutowireCapableBeanFactory.java:1187) ~[spring-beans-5.1.8.RELEASE.jar:5.1.8.RELEASE]
	at org.springframework.beans.factory.support.AbstractAutowireCapableBeanFactory.doCreateBean(AbstractAutowireCapableBeanFactory.java:555) ~[spring-beans-5.1.8.RELEASE.jar:5.1.8.RELEASE]
	at org.springframework.beans.factory.support.AbstractAutowireCapableBeanFactory.createBean(AbstractAutowireCapableBeanFactory.java:515) ~[spring-beans-5.1.8.RELEASE.jar:5.1.8.RELEASE]
	at org.springframework.beans.factory.support.AbstractBeanFactory.lambda$doGetBean$0(AbstractBeanFactory.java:320) ~[spring-beans-5.1.8.RELEASE.jar:5.1.8.RELEASE]
	at org.springframework.beans.factory.support.DefaultSingletonBeanRegistry.getSingleton(DefaultSingletonBeanRegistry.java:222) ~[spring-beans-5.1.8.RELEASE.jar:5.1.8.RELEASE]
	at org.springframework.beans.factory.support.AbstractBeanFactory.doGetBean(AbstractBeanFactory.java:318) ~[spring-beans-5.1.8.RELEASE.jar:5.1.8.RELEASE]
	at org.springframework.beans.factory.support.AbstractBeanFactory.getBean(AbstractBeanFactory.java:199) ~[spring-beans-5.1.8.RELEASE.jar:5.1.8.RELEASE]
	at org.springframework.beans.factory.support.ConstructorResolver.instantiateUsingFactoryMethod(ConstructorResolver.java:392) ~[spring-beans-5.1.8.RELEASE.jar:5.1.8.RELEASE]
	at org.springframework.beans.factory.support.AbstractAutowireCapableBeanFactory.instantiateUsingFactoryMethod(AbstractAutowireCapableBeanFactory.java:1321) ~[spring-beans-5.1.8.RELEASE.jar:5.1.8.RELEASE]
	at org.springframework.beans.factory.support.AbstractAutowireCapableBeanFactory.createBeanInstance(AbstractAutowireCapableBeanFactory.java:1160) ~[spring-beans-5.1.8.RELEASE.jar:5.1.8.RELEASE]
	at org.springframework.beans.factory.support.AbstractAutowireCapableBeanFactory.doCreateBean(AbstractAutowireCapableBeanFactory.java:555) ~[spring-beans-5.1.8.RELEASE.jar:5.1.8.RELEASE]
	at org.springframework.beans.factory.support.AbstractAutowireCapableBeanFactory.createBean(AbstractAutowireCapableBeanFactory.java:515) ~[spring-beans-5.1.8.RELEASE.jar:5.1.8.RELEASE]
	at org.springframework.beans.factory.support.AbstractBeanFactory.lambda$doGetBean$0(AbstractBeanFactory.java:320) ~[spring-beans-5.1.8.RELEASE.jar:5.1.8.RELEASE]
	at org.springframework.beans.factory.support.DefaultSingletonBeanRegistry.getSingleton(DefaultSingletonBeanRegistry.java:222) ~[spring-beans-5.1.8.RELEASE.jar:5.1.8.RELEASE]
	at org.springframework.beans.factory.support.AbstractBeanFactory.doGetBean(AbstractBeanFactory.java:318) ~[spring-beans-5.1.8.RELEASE.jar:5.1.8.RELEASE]
	at org.springframework.beans.factory.support.AbstractBeanFactory.getBean(AbstractBeanFactory.java:199) ~[spring-beans-5.1.8.RELEASE.jar:5.1.8.RELEASE]
	at org.springframework.context.support.AbstractApplicationContext.getBean(AbstractApplicationContext.java:1105) ~[spring-context-5.1.8.RELEASE.jar:5.1.8.RELEASE]
	at org.springframework.context.support.AbstractApplicationContext.finishBeanFactoryInitialization(AbstractApplicationContext.java:867) ~[spring-context-5.1.8.RELEASE.jar:5.1.8.RELEASE]
	at org.springframework.context.support.AbstractApplicationContext.refresh(AbstractApplicationContext.java:549) ~[spring-context-5.1.8.RELEASE.jar:5.1.8.RELEASE]
	at org.springframework.boot.SpringApplication.refresh(SpringApplication.java:742) ~[spring-boot-2.1.6.RELEASE.jar:2.1.6.RELEASE]
	at org.springframework.boot.SpringApplication.refreshContext(SpringApplication.java:389) ~[spring-boot-2.1.6.RELEASE.jar:2.1.6.RELEASE]
	at org.springframework.boot.SpringApplication.run(SpringApplication.java:311) ~[spring-boot-2.1.6.RELEASE.jar:2.1.6.RELEASE]
	at org.springframework.boot.test.context.SpringBootContextLoader.loadContext(SpringBootContextLoader.java:119) ~[spring-boot-test-2.1.6.RELEASE.jar:2.1.6.RELEASE]
	at org.springframework.test.context.cache.DefaultCacheAwareContextLoaderDelegate.loadContextInternal(DefaultCacheAwareContextLoaderDelegate.java:99) ~[spring-test-5.1.8.RELEASE.jar:5.1.8.RELEASE]
	at org.springframework.test.context.cache.DefaultCacheAwareContextLoaderDelegate.loadContext(DefaultCacheAwareContextLoaderDelegate.java:117) ~[spring-test-5.1.8.RELEASE.jar:5.1.8.RELEASE]
	at org.springframework.test.context.support.DefaultTestContext.getApplicationContext(DefaultTestContext.java:108) ~[spring-test-5.1.8.RELEASE.jar:5.1.8.RELEASE]
	at org.springframework.test.context.support.DependencyInjectionTestExecutionListener.injectDependencies(DependencyInjectionTestExecutionListener.java:118) ~[spring-test-5.1.8.RELEASE.jar:5.1.8.RELEASE]
	at org.springframework.test.context.support.DependencyInjectionTestExecutionListener.prepareTestInstance(DependencyInjectionTestExecutionListener.java:83) ~[spring-test-5.1.8.RELEASE.jar:5.1.8.RELEASE]
	at org.springframework.boot.test.autoconfigure.SpringBootDependencyInjectionTestExecutionListener.prepareTestInstance(SpringBootDependencyInjectionTestExecutionListener.java:43) ~[spring-boot-test-autoconfigure-2.1.6.RELEASE.jar:2.1.6.RELEASE]
	at org.springframework.test.context.TestContextManager.prepareTestInstance(TestContextManager.java:246) ~[spring-test-5.1.8.RELEASE.jar:5.1.8.RELEASE]
	at org.springframework.test.context.junit4.SpringJUnit4ClassRunner.createTest(SpringJUnit4ClassRunner.java:227) ~[spring-test-5.1.8.RELEASE.jar:5.1.8.RELEASE]
	at org.springframework.test.context.junit4.SpringJUnit4ClassRunner$1.runReflectiveCall(SpringJUnit4ClassRunner.java:289) ~[spring-test-5.1.8.RELEASE.jar:5.1.8.RELEASE]
	at org.junit.internal.runners.model.ReflectiveCallable.run(ReflectiveCallable.java:12) ~[junit-4.12.jar:4.12]
	at org.springframework.test.context.junit4.SpringJUnit4ClassRunner.methodBlock(SpringJUnit4ClassRunner.java:291) ~[spring-test-5.1.8.RELEASE.jar:5.1.8.RELEASE]
	at org.springframework.test.context.junit4.SpringJUnit4ClassRunner.runChild(SpringJUnit4ClassRunner.java:246) ~[spring-test-5.1.8.RELEASE.jar:5.1.8.RELEASE]
	at org.springframework.test.context.junit4.SpringJUnit4ClassRunner.runChild(SpringJUnit4ClassRunner.java:97) ~[spring-test-5.1.8.RELEASE.jar:5.1.8.RELEASE]
	at org.junit.runners.ParentRunner$3.run(ParentRunner.java:290) ~[junit-4.12.jar:4.12]
	at org.junit.runners.ParentRunner$1.schedule(ParentRunner.java:71) ~[junit-4.12.jar:4.12]
	at org.junit.runners.ParentRunner.runChildren(ParentRunner.java:288) ~[junit-4.12.jar:4.12]
	at org.junit.runners.ParentRunner.access$000(ParentRunner.java:58) ~[junit-4.12.jar:4.12]
	at org.junit.runners.ParentRunner$2.evaluate(ParentRunner.java:268) ~[junit-4.12.jar:4.12]
	at org.springframework.test.context.junit4.statements.RunBeforeTestClassCallbacks.evaluate(RunBeforeTestClassCallbacks.java:61) ~[spring-test-5.1.8.RELEASE.jar:5.1.8.RELEASE]
	at org.springframework.test.context.junit4.statements.RunAfterTestClassCallbacks.evaluate(RunAfterTestClassCallbacks.java:70) ~[spring-test-5.1.8.RELEASE.jar:5.1.8.RELEASE]
	at org.junit.runners.ParentRunner.run(ParentRunner.java:363) ~[junit-4.12.jar:4.12]
	at org.springframework.test.context.junit4.SpringJUnit4ClassRunner.run(SpringJUnit4ClassRunner.java:190) ~[spring-test-5.1.8.RELEASE.jar:5.1.8.RELEASE]
	at org.apache.maven.surefire.junit4.JUnit4Provider.execute(JUnit4Provider.java:365) ~[surefire-junit4-2.22.2.jar:2.22.2]
	at org.apache.maven.surefire.junit4.JUnit4Provider.executeWithRerun(JUnit4Provider.java:273) ~[surefire-junit4-2.22.2.jar:2.22.2]
	at org.apache.maven.surefire.junit4.JUnit4Provider.executeTestSet(JUnit4Provider.java:238) ~[surefire-junit4-2.22.2.jar:2.22.2]
	at org.apache.maven.surefire.junit4.JUnit4Provider.invoke(JUnit4Provider.java:159) ~[surefire-junit4-2.22.2.jar:2.22.2]
	at org.apache.maven.surefire.booter.ForkedBooter.invokeProviderInSameClassLoader(ForkedBooter.java:384) ~[surefire-booter-2.22.2.jar:2.22.2]
	at org.apache.maven.surefire.booter.ForkedBooter.runSuitesInProcess(ForkedBooter.java:345) ~[surefire-booter-2.22.2.jar:2.22.2]
	at org.apache.maven.surefire.booter.ForkedBooter.execute(ForkedBooter.java:126) ~[surefire-booter-2.22.2.jar:2.22.2]
	at org.apache.maven.surefire.booter.ForkedBooter.main(ForkedBooter.java:418) ~[surefire-booter-2.22.2.jar:2.22.2]
Caused by: org.springframework.beans.factory.BeanCreationException: Error creating bean with name 'dataSource': Post-processing of FactoryBean's singleton object failed; nested exception is org.springframework.beans.factory.BeanCreationException: Error creating bean with name 'org.springframework.boot.autoconfigure.jdbc.DataSourceInitializerInvoker': Invocation of init method failed; nested exception is org.springframework.jdbc.datasource.init.ScriptStatementFailedException: Failed to execute SQL script statement #4 of URL [file:/C:/Users/naude/Desktop/IT%20Dev/Project1/AccountSystemRepository/target/test-classes/schema.sql]: CREATE TABLE VITRSA_SANDBOX.DEMO_ACCOUNT_TX ( TX_ID BIGINT NOT NULL, ACCOUNT_TYPE_ID BIGINT NOT NULL, MEMBER_ID BIGINT NOT NULL, AMOUNT BIGINT NOT NULL, TX_DATE DATE NOT NULL, PRIMARY KEY (TX_ID) CONSTRAINT FK_ACCOUNT_TYPE_ID FOREIGN KEY (ACCOUNT_TYPE_ID) REFERENCES VITRSA_SANDBOX.DEMO_ACCOUNT_TYPE (ACCOUNT_TYPE_ID) ); nested exception is org.h2.jdbc.JdbcSQLSyntaxErrorException: Syntax error in SQL statement "CREATE TABLE VITRSA_SANDBOX.DEMO_ACCOUNT_TX ( TX_ID BIGINT NOT NULL, ACCOUNT_TYPE_ID BIGINT NOT NULL, MEMBER_ID BIGINT NOT NULL, AMOUNT BIGINT NOT NULL, TX_DATE DATE NOT NULL, PRIMARY KEY (TX_ID) CONSTRAINT[*] FK_ACCOUNT_TYPE_ID FOREIGN KEY (ACCOUNT_TYPE_ID) REFERENCES VITRSA_SANDBOX.DEMO_ACCOUNT_TYPE (ACCOUNT_TYPE_ID) )"; expected "INDEX, ,, )"; SQL statement:
CREATE TABLE VITRSA_SANDBOX.DEMO_ACCOUNT_TX ( TX_ID BIGINT NOT NULL, ACCOUNT_TYPE_ID BIGINT NOT NULL, MEMBER_ID BIGINT NOT NULL, AMOUNT BIGINT NOT NULL, TX_DATE DATE NOT NULL, PRIMARY KEY (TX_ID) CONSTRAINT FK_ACCOUNT_TYPE_ID FOREIGN KEY (ACCOUNT_TYPE_ID) REFERENCES VITRSA_SANDBOX.DEMO_ACCOUNT_TYPE (ACCOUNT_TYPE_ID) ) [42001-199]
	at org.springframework.beans.factory.support.FactoryBeanRegistrySupport.getObjectFromFactoryBean(FactoryBeanRegistrySupport.java:119) ~[spring-beans-5.1.8.RELEASE.jar:5.1.8.RELEASE]
	at org.springframework.beans.factory.support.AbstractBeanFactory.getObjectForBeanInstance(AbstractBeanFactory.java:1674) ~[spring-beans-5.1.8.RELEASE.jar:5.1.8.RELEASE]
	at org.springframework.beans.factory.support.AbstractAutowireCapableBeanFactory.getObjectForBeanInstance(AbstractAutowireCapableBeanFactory.java:1249) ~[spring-beans-5.1.8.RELEASE.jar:5.1.8.RELEASE]
	at org.springframework.beans.factory.support.AbstractBeanFactory.doGetBean(AbstractBeanFactory.java:330) ~[spring-beans-5.1.8.RELEASE.jar:5.1.8.RELEASE]
	at org.springframework.beans.factory.support.AbstractBeanFactory.getBean(AbstractBeanFactory.java:199) ~[spring-beans-5.1.8.RELEASE.jar:5.1.8.RELEASE]
	at org.springframework.beans.factory.config.DependencyDescriptor.resolveCandidate(DependencyDescriptor.java:277) ~[spring-beans-5.1.8.RELEASE.jar:5.1.8.RELEASE]
	at org.springframework.beans.factory.support.DefaultListableBeanFactory.doResolveDependency(DefaultListableBeanFactory.java:1251) ~[spring-beans-5.1.8.RELEASE.jar:5.1.8.RELEASE]
	at org.springframework.beans.factory.support.DefaultListableBeanFactory.resolveDependency(DefaultListableBeanFactory.java:1171) ~[spring-beans-5.1.8.RELEASE.jar:5.1.8.RELEASE]
	at org.springframework.beans.factory.support.ConstructorResolver.resolveAutowiredArgument(ConstructorResolver.java:857) ~[spring-beans-5.1.8.RELEASE.jar:5.1.8.RELEASE]
	at org.springframework.beans.factory.support.ConstructorResolver.createArgumentArray(ConstructorResolver.java:760) ~[spring-beans-5.1.8.RELEASE.jar:5.1.8.RELEASE]
	... 55 common frames omitted
Caused by: org.springframework.beans.factory.BeanCreationException: Error creating bean with name 'org.springframework.boot.autoconfigure.jdbc.DataSourceInitializerInvoker': Invocation of init method failed; nested exception is org.springframework.jdbc.datasource.init.ScriptStatementFailedException: Failed to execute SQL script statement #4 of URL [file:/C:/Users/naude/Desktop/IT%20Dev/Project1/AccountSystemRepository/target/test-classes/schema.sql]: CREATE TABLE VITRSA_SANDBOX.DEMO_ACCOUNT_TX ( TX_ID BIGINT NOT NULL, ACCOUNT_TYPE_ID BIGINT NOT NULL, MEMBER_ID BIGINT NOT NULL, AMOUNT BIGINT NOT NULL, TX_DATE DATE NOT NULL, PRIMARY KEY (TX_ID) CONSTRAINT FK_ACCOUNT_TYPE_ID FOREIGN KEY (ACCOUNT_TYPE_ID) REFERENCES VITRSA_SANDBOX.DEMO_ACCOUNT_TYPE (ACCOUNT_TYPE_ID) ); nested exception is org.h2.jdbc.JdbcSQLSyntaxErrorException: Syntax error in SQL statement "CREATE TABLE VITRSA_SANDBOX.DEMO_ACCOUNT_TX ( TX_ID BIGINT NOT NULL, ACCOUNT_TYPE_ID BIGINT NOT NULL, MEMBER_ID BIGINT NOT NULL, AMOUNT BIGINT NOT NULL, TX_DATE DATE NOT NULL, PRIMARY KEY (TX_ID) CONSTRAINT[*] FK_ACCOUNT_TYPE_ID FOREIGN KEY (ACCOUNT_TYPE_ID) REFERENCES VITRSA_SANDBOX.DEMO_ACCOUNT_TYPE (ACCOUNT_TYPE_ID) )"; expected "INDEX, ,, )"; SQL statement:
CREATE TABLE VITRSA_SANDBOX.DEMO_ACCOUNT_TX ( TX_ID BIGINT NOT NULL, ACCOUNT_TYPE_ID BIGINT NOT NULL, MEMBER_ID BIGINT NOT NULL, AMOUNT BIGINT NOT NULL, TX_DATE DATE NOT NULL, PRIMARY KEY (TX_ID) CONSTRAINT FK_ACCOUNT_TYPE_ID FOREIGN KEY (ACCOUNT_TYPE_ID) REFERENCES VITRSA_SANDBOX.DEMO_ACCOUNT_TYPE (ACCOUNT_TYPE_ID) ) [42001-199]
	at org.springframework.beans.factory.support.AbstractAutowireCapableBeanFactory.initializeBean(AbstractAutowireCapableBeanFactory.java:1778) ~[spring-beans-5.1.8.RELEASE.jar:5.1.8.RELEASE]
	at org.springframework.beans.factory.support.AbstractAutowireCapableBeanFactory.doCreateBean(AbstractAutowireCapableBeanFactory.java:593) ~[spring-beans-5.1.8.RELEASE.jar:5.1.8.RELEASE]
	at org.springframework.beans.factory.support.AbstractAutowireCapableBeanFactory.createBean(AbstractAutowireCapableBeanFactory.java:515) ~[spring-beans-5.1.8.RELEASE.jar:5.1.8.RELEASE]
	at org.springframework.beans.factory.support.AbstractBeanFactory.lambda$doGetBean$0(AbstractBeanFactory.java:320) ~[spring-beans-5.1.8.RELEASE.jar:5.1.8.RELEASE]
	at org.springframework.beans.factory.support.DefaultSingletonBeanRegistry.getSingleton(DefaultSingletonBeanRegistry.java:222) ~[spring-beans-5.1.8.RELEASE.jar:5.1.8.RELEASE]
	at org.springframework.beans.factory.support.AbstractBeanFactory.doGetBean(AbstractBeanFactory.java:318) ~[spring-beans-5.1.8.RELEASE.jar:5.1.8.RELEASE]
	at org.springframework.beans.factory.support.AbstractBeanFactory.getBean(AbstractBeanFactory.java:224) ~[spring-beans-5.1.8.RELEASE.jar:5.1.8.RELEASE]
	at org.springframework.beans.factory.support.DefaultListableBeanFactory.resolveNamedBean(DefaultListableBeanFactory.java:1119) ~[spring-beans-5.1.8.RELEASE.jar:5.1.8.RELEASE]
	at org.springframework.beans.factory.support.DefaultListableBeanFactory.resolveBean(DefaultListableBeanFactory.java:411) ~[spring-beans-5.1.8.RELEASE.jar:5.1.8.RELEASE]
	at org.springframework.beans.factory.support.DefaultListableBeanFactory.getBean(DefaultListableBeanFactory.java:344) ~[spring-beans-5.1.8.RELEASE.jar:5.1.8.RELEASE]
	at org.springframework.beans.factory.support.DefaultListableBeanFactory.getBean(DefaultListableBeanFactory.java:337) ~[spring-beans-5.1.8.RELEASE.jar:5.1.8.RELEASE]
	at org.springframework.boot.autoconfigure.jdbc.DataSourceInitializerPostProcessor.postProcessAfterInitialization(DataSourceInitializerPostProcessor.java:53) ~[spring-boot-autoconfigure-2.1.6.RELEASE.jar:2.1.6.RELEASE]
	at org.springframework.beans.factory.support.AbstractAutowireCapableBeanFactory.applyBeanPostProcessorsAfterInitialization(AbstractAutowireCapableBeanFactory.java:429) ~[spring-beans-5.1.8.RELEASE.jar:5.1.8.RELEASE]
	at org.springframework.beans.factory.support.AbstractAutowireCapableBeanFactory.postProcessObjectFromFactoryBean(AbstractAutowireCapableBeanFactory.java:1921) ~[spring-beans-5.1.8.RELEASE.jar:5.1.8.RELEASE]
	at org.springframework.beans.factory.support.FactoryBeanRegistrySupport.getObjectFromFactoryBean(FactoryBeanRegistrySupport.java:116) ~[spring-beans-5.1.8.RELEASE.jar:5.1.8.RELEASE]
	... 64 common frames omitted
Caused by: org.springframework.jdbc.datasource.init.ScriptStatementFailedException: Failed to execute SQL script statement #4 of URL [file:/C:/Users/naude/Desktop/IT%20Dev/Project1/AccountSystemRepository/target/test-classes/schema.sql]: CREATE TABLE VITRSA_SANDBOX.DEMO_ACCOUNT_TX ( TX_ID BIGINT NOT NULL, ACCOUNT_TYPE_ID BIGINT NOT NULL, MEMBER_ID BIGINT NOT NULL, AMOUNT BIGINT NOT NULL, TX_DATE DATE NOT NULL, PRIMARY KEY (TX_ID) CONSTRAINT FK_ACCOUNT_TYPE_ID FOREIGN KEY (ACCOUNT_TYPE_ID) REFERENCES VITRSA_SANDBOX.DEMO_ACCOUNT_TYPE (ACCOUNT_TYPE_ID) ); nested exception is org.h2.jdbc.JdbcSQLSyntaxErrorException: Syntax error in SQL statement "CREATE TABLE VITRSA_SANDBOX.DEMO_ACCOUNT_TX ( TX_ID BIGINT NOT NULL, ACCOUNT_TYPE_ID BIGINT NOT NULL, MEMBER_ID BIGINT NOT NULL, AMOUNT BIGINT NOT NULL, TX_DATE DATE NOT NULL, PRIMARY KEY (TX_ID) CONSTRAINT[*] FK_ACCOUNT_TYPE_ID FOREIGN KEY (ACCOUNT_TYPE_ID) REFERENCES VITRSA_SANDBOX.DEMO_ACCOUNT_TYPE (ACCOUNT_TYPE_ID) )"; expected "INDEX, ,, )"; SQL statement:
CREATE TABLE VITRSA_SANDBOX.DEMO_ACCOUNT_TX ( TX_ID BIGINT NOT NULL, ACCOUNT_TYPE_ID BIGINT NOT NULL, MEMBER_ID BIGINT NOT NULL, AMOUNT BIGINT NOT NULL, TX_DATE DATE NOT NULL, PRIMARY KEY (TX_ID) CONSTRAINT FK_ACCOUNT_TYPE_ID FOREIGN KEY (ACCOUNT_TYPE_ID) REFERENCES VITRSA_SANDBOX.DEMO_ACCOUNT_TYPE (ACCOUNT_TYPE_ID) ) [42001-199]
	at org.springframework.jdbc.datasource.init.ScriptUtils.executeSqlScript(ScriptUtils.java:509) ~[spring-jdbc-5.1.8.RELEASE.jar:5.1.8.RELEASE]
	at org.springframework.jdbc.datasource.init.ResourceDatabasePopulator.populate(ResourceDatabasePopulator.java:238) ~[spring-jdbc-5.1.8.RELEASE.jar:5.1.8.RELEASE]
	at org.springframework.jdbc.datasource.init.DatabasePopulatorUtils.execute(DatabasePopulatorUtils.java:48) ~[spring-jdbc-5.1.8.RELEASE.jar:5.1.8.RELEASE]
	at org.springframework.boot.autoconfigure.jdbc.DataSourceInitializer.runScripts(DataSourceInitializer.java:202) ~[spring-boot-autoconfigure-2.1.6.RELEASE.jar:2.1.6.RELEASE]
	at org.springframework.boot.autoconfigure.jdbc.DataSourceInitializer.createSchema(DataSourceInitializer.java:101) ~[spring-boot-autoconfigure-2.1.6.RELEASE.jar:2.1.6.RELEASE]
	at org.springframework.boot.autoconfigure.jdbc.DataSourceInitializerInvoker.afterPropertiesSet(DataSourceInitializerInvoker.java:62) ~[spring-boot-autoconfigure-2.1.6.RELEASE.jar:2.1.6.RELEASE]
	at org.springframework.beans.factory.support.AbstractAutowireCapableBeanFactory.invokeInitMethods(AbstractAutowireCapableBeanFactory.java:1837) ~[spring-beans-5.1.8.RELEASE.jar:5.1.8.RELEASE]
	at org.springframework.beans.factory.support.AbstractAutowireCapableBeanFactory.initializeBean(AbstractAutowireCapableBeanFactory.java:1774) ~[spring-beans-5.1.8.RELEASE.jar:5.1.8.RELEASE]
	... 78 common frames omitted
Caused by: org.h2.jdbc.JdbcSQLSyntaxErrorException: Syntax error in SQL statement "CREATE TABLE VITRSA_SANDBOX.DEMO_ACCOUNT_TX ( TX_ID BIGINT NOT NULL, ACCOUNT_TYPE_ID BIGINT NOT NULL, MEMBER_ID BIGINT NOT NULL, AMOUNT BIGINT NOT NULL, TX_DATE DATE NOT NULL, PRIMARY KEY (TX_ID) CONSTRAINT[*] FK_ACCOUNT_TYPE_ID FOREIGN KEY (ACCOUNT_TYPE_ID) REFERENCES VITRSA_SANDBOX.DEMO_ACCOUNT_TYPE (ACCOUNT_TYPE_ID) )"; expected "INDEX, ,, )"; SQL statement:
CREATE TABLE VITRSA_SANDBOX.DEMO_ACCOUNT_TX ( TX_ID BIGINT NOT NULL, ACCOUNT_TYPE_ID BIGINT NOT NULL, MEMBER_ID BIGINT NOT NULL, AMOUNT BIGINT NOT NULL, TX_DATE DATE NOT NULL, PRIMARY KEY (TX_ID) CONSTRAINT FK_ACCOUNT_TYPE_ID FOREIGN KEY (ACCOUNT_TYPE_ID) REFERENCES VITRSA_SANDBOX.DEMO_ACCOUNT_TYPE (ACCOUNT_TYPE_ID) ) [42001-199]
	at org.h2.message.DbException.getJdbcSQLException(DbException.java:451) ~[h2-1.4.199.jar:1.4.199]
	at org.h2.message.DbException.getJdbcSQLException(DbException.java:427) ~[h2-1.4.199.jar:1.4.199]
	at org.h2.message.DbException.getSyntaxError(DbException.java:243) ~[h2-1.4.199.jar:1.4.199]
	at org.h2.command.Parser.getSyntaxError(Parser.java:991) ~[h2-1.4.199.jar:1.4.199]
	at org.h2.command.Parser.read(Parser.java:4549) ~[h2-1.4.199.jar:1.4.199]
	at org.h2.command.Parser.readIfMore(Parser.java:1391) ~[h2-1.4.199.jar:1.4.199]
	at org.h2.command.Parser.parseCreateTable(Parser.java:7833) ~[h2-1.4.199.jar:1.4.199]
	at org.h2.command.Parser.parseCreate(Parser.java:5818) ~[h2-1.4.199.jar:1.4.199]
	at org.h2.command.Parser.parsePrepared(Parser.java:846) ~[h2-1.4.199.jar:1.4.199]
	at org.h2.command.Parser.parse(Parser.java:788) ~[h2-1.4.199.jar:1.4.199]
	at org.h2.command.Parser.parse(Parser.java:764) ~[h2-1.4.199.jar:1.4.199]
	at org.h2.command.Parser.prepareCommand(Parser.java:683) ~[h2-1.4.199.jar:1.4.199]
	at org.h2.engine.Session.prepareLocal(Session.java:627) ~[h2-1.4.199.jar:1.4.199]
	at org.h2.engine.Session.prepareCommand(Session.java:565) ~[h2-1.4.199.jar:1.4.199]
	at org.h2.jdbc.JdbcConnection.prepareCommand(JdbcConnection.java:1292) ~[h2-1.4.199.jar:1.4.199]
	at org.h2.jdbc.JdbcStatement.executeInternal(JdbcStatement.java:217) ~[h2-1.4.199.jar:1.4.199]
	at org.h2.jdbc.JdbcStatement.execute(JdbcStatement.java:205) ~[h2-1.4.199.jar:1.4.199]
	at org.springframework.jdbc.datasource.init.ScriptUtils.executeSqlScript(ScriptUtils.java:488) ~[spring-jdbc-5.1.8.RELEASE.jar:5.1.8.RELEASE]
	... 85 common frames omitted


  .   ____          _            __ _ _
 /\\ / ___'_ __ _ _(_)_ __  __ _ \ \ \ \
( ( )\___ | '_ | '_| | '_ \/ _` | \ \ \ \
 \\/  ___)| |_)| | | | | || (_| |  ) ) ) )
  '  |____| .__|_| |_|_| |_\__, | / / / /
 =========|_|==============|___/=/_/_/_/
 :: Spring Boot ::        (v2.1.6.RELEASE)

2021-09-22 15:33:24.775  INFO 5696 --- [           main] z.a.n.a.r.p.AccountTypeRepositoryTest    : Starting AccountTypeRepositoryTest on DESKTOP-074OGOO with PID 5696 (started by naude in C:\Users\naude\Desktop\IT Dev\Project1\AccountSystemRepository)
2021-09-22 15:33:24.776  INFO 5696 --- [           main] z.a.n.a.r.p.AccountTypeRepositoryTest    : No active profile set, falling back to default profiles: default
2021-09-22 15:33:25.038  INFO 5696 --- [           main] .s.d.r.c.RepositoryConfigurationDelegate : Bootstrapping Spring Data repositories in DEFAULT mode.
2021-09-22 15:33:25.055  INFO 5696 --- [           main] .s.d.r.c.RepositoryConfigurationDelegate : Finished Spring Data repository scanning in 17ms. Found 1 repository interfaces.
2021-09-22 15:33:25.069  INFO 5696 --- [           main] beddedDataSourceBeanFactoryPostProcessor : Replacing 'dataSource' DataSource bean with embedded version
2021-09-22 15:33:25.149  INFO 5696 --- [           main] o.s.j.d.e.EmbeddedDatabaseFactory        : Starting embedded database: url='jdbc:h2:mem:1e2a1f0b-919a-4002-957a-4c4e677dbf3d;DB_CLOSE_DELAY=-1;DB_CLOSE_ON_EXIT=false', username='sa'
2021-09-22 15:33:25.394  WARN 5696 --- [           main] s.c.a.AnnotationConfigApplicationContext : Exception encountered during context initialization - cancelling refresh attempt: org.springframework.beans.factory.UnsatisfiedDependencyException: Error creating bean with name 'org.springframework.boot.autoconfigure.orm.jpa.HibernateJpaConfiguration': Unsatisfied dependency expressed through constructor parameter 0; nested exception is org.springframework.beans.factory.BeanCreationException: Error creating bean with name 'dataSource': Post-processing of FactoryBean's singleton object failed; nested exception is org.springframework.beans.factory.BeanCreationException: Error creating bean with name 'org.springframework.boot.autoconfigure.jdbc.DataSourceInitializerInvoker': Invocation of init method failed; nested exception is org.springframework.jdbc.datasource.init.ScriptStatementFailedException: Failed to execute SQL script statement #4 of URL [file:/C:/Users/naude/Desktop/IT%20Dev/Project1/AccountSystemRepository/target/test-classes/schema.sql]: CREATE TABLE VITRSA_SANDBOX.DEMO_ACCOUNT_TX ( TX_ID BIGINT NOT NULL, ACCOUNT_TYPE_ID BIGINT NOT NULL, MEMBER_ID BIGINT NOT NULL, AMOUNT BIGINT NOT NULL, TX_DATE DATE NOT NULL, PRIMARY KEY (TX_ID) CONSTRAINT FK_ACCOUNT_TYPE_ID FOREIGN KEY (ACCOUNT_TYPE_ID) REFERENCES VITRSA_SANDBOX.DEMO_ACCOUNT_TYPE (ACCOUNT_TYPE_ID) ); nested exception is org.h2.jdbc.JdbcSQLSyntaxErrorException: Syntax error in SQL statement "CREATE TABLE VITRSA_SANDBOX.DEMO_ACCOUNT_TX ( TX_ID BIGINT NOT NULL, ACCOUNT_TYPE_ID BIGINT NOT NULL, MEMBER_ID BIGINT NOT NULL, AMOUNT BIGINT NOT NULL, TX_DATE DATE NOT NULL, PRIMARY KEY (TX_ID) CONSTRAINT[*] FK_ACCOUNT_TYPE_ID FOREIGN KEY (ACCOUNT_TYPE_ID) REFERENCES VITRSA_SANDBOX.DEMO_ACCOUNT_TYPE (ACCOUNT_TYPE_ID) )"; expected "INDEX, ,, )"; SQL statement:
CREATE TABLE VITRSA_SANDBOX.DEMO_ACCOUNT_TX ( TX_ID BIGINT NOT NULL, ACCOUNT_TYPE_ID BIGINT NOT NULL, MEMBER_ID BIGINT NOT NULL, AMOUNT BIGINT NOT NULL, TX_DATE DATE NOT NULL, PRIMARY KEY (TX_ID) CONSTRAINT FK_ACCOUNT_TYPE_ID FOREIGN KEY (ACCOUNT_TYPE_ID) REFERENCES VITRSA_SANDBOX.DEMO_ACCOUNT_TYPE (ACCOUNT_TYPE_ID) ) [42001-199]
2021-09-22 15:33:25.397  INFO 5696 --- [           main] ConditionEvaluationReportLoggingListener : 

Error starting ApplicationContext. To display the conditions report re-run your application with 'debug' enabled.
2021-09-22 15:33:25.400 ERROR 5696 --- [           main] o.s.boot.SpringApplication               : Application run failed

org.springframework.beans.factory.UnsatisfiedDependencyException: Error creating bean with name 'org.springframework.boot.autoconfigure.orm.jpa.HibernateJpaConfiguration': Unsatisfied dependency expressed through constructor parameter 0; nested exception is org.springframework.beans.factory.BeanCreationException: Error creating bean with name 'dataSource': Post-processing of FactoryBean's singleton object failed; nested exception is org.springframework.beans.factory.BeanCreationException: Error creating bean with name 'org.springframework.boot.autoconfigure.jdbc.DataSourceInitializerInvoker': Invocation of init method failed; nested exception is org.springframework.jdbc.datasource.init.ScriptStatementFailedException: Failed to execute SQL script statement #4 of URL [file:/C:/Users/naude/Desktop/IT%20Dev/Project1/AccountSystemRepository/target/test-classes/schema.sql]: CREATE TABLE VITRSA_SANDBOX.DEMO_ACCOUNT_TX ( TX_ID BIGINT NOT NULL, ACCOUNT_TYPE_ID BIGINT NOT NULL, MEMBER_ID BIGINT NOT NULL, AMOUNT BIGINT NOT NULL, TX_DATE DATE NOT NULL, PRIMARY KEY (TX_ID) CONSTRAINT FK_ACCOUNT_TYPE_ID FOREIGN KEY (ACCOUNT_TYPE_ID) REFERENCES VITRSA_SANDBOX.DEMO_ACCOUNT_TYPE (ACCOUNT_TYPE_ID) ); nested exception is org.h2.jdbc.JdbcSQLSyntaxErrorException: Syntax error in SQL statement "CREATE TABLE VITRSA_SANDBOX.DEMO_ACCOUNT_TX ( TX_ID BIGINT NOT NULL, ACCOUNT_TYPE_ID BIGINT NOT NULL, MEMBER_ID BIGINT NOT NULL, AMOUNT BIGINT NOT NULL, TX_DATE DATE NOT NULL, PRIMARY KEY (TX_ID) CONSTRAINT[*] FK_ACCOUNT_TYPE_ID FOREIGN KEY (ACCOUNT_TYPE_ID) REFERENCES VITRSA_SANDBOX.DEMO_ACCOUNT_TYPE (ACCOUNT_TYPE_ID) )"; expected "INDEX, ,, )"; SQL statement:
CREATE TABLE VITRSA_SANDBOX.DEMO_ACCOUNT_TX ( TX_ID BIGINT NOT NULL, ACCOUNT_TYPE_ID BIGINT NOT NULL, MEMBER_ID BIGINT NOT NULL, AMOUNT BIGINT NOT NULL, TX_DATE DATE NOT NULL, PRIMARY KEY (TX_ID) CONSTRAINT FK_ACCOUNT_TYPE_ID FOREIGN KEY (ACCOUNT_TYPE_ID) REFERENCES VITRSA_SANDBOX.DEMO_ACCOUNT_TYPE (ACCOUNT_TYPE_ID) ) [42001-199]
	at org.springframework.beans.factory.support.ConstructorResolver.createArgumentArray(ConstructorResolver.java:769) ~[spring-beans-5.1.8.RELEASE.jar:5.1.8.RELEASE]
	at org.springframework.beans.factory.support.ConstructorResolver.autowireConstructor(ConstructorResolver.java:218) ~[spring-beans-5.1.8.RELEASE.jar:5.1.8.RELEASE]
	at org.springframework.beans.factory.support.AbstractAutowireCapableBeanFactory.autowireConstructor(AbstractAutowireCapableBeanFactory.java:1341) ~[spring-beans-5.1.8.RELEASE.jar:5.1.8.RELEASE]
	at org.springframework.beans.factory.support.AbstractAutowireCapableBeanFactory.createBeanInstance(AbstractAutowireCapableBeanFactory.java:1187) ~[spring-beans-5.1.8.RELEASE.jar:5.1.8.RELEASE]
	at org.springframework.beans.factory.support.AbstractAutowireCapableBeanFactory.doCreateBean(AbstractAutowireCapableBeanFactory.java:555) ~[spring-beans-5.1.8.RELEASE.jar:5.1.8.RELEASE]
	at org.springframework.beans.factory.support.AbstractAutowireCapableBeanFactory.createBean(AbstractAutowireCapableBeanFactory.java:515) ~[spring-beans-5.1.8.RELEASE.jar:5.1.8.RELEASE]
	at org.springframework.beans.factory.support.AbstractBeanFactory.lambda$doGetBean$0(AbstractBeanFactory.java:320) ~[spring-beans-5.1.8.RELEASE.jar:5.1.8.RELEASE]
	at org.springframework.beans.factory.support.DefaultSingletonBeanRegistry.getSingleton(DefaultSingletonBeanRegistry.java:222) ~[spring-beans-5.1.8.RELEASE.jar:5.1.8.RELEASE]
	at org.springframework.beans.factory.support.AbstractBeanFactory.doGetBean(AbstractBeanFactory.java:318) ~[spring-beans-5.1.8.RELEASE.jar:5.1.8.RELEASE]
	at org.springframework.beans.factory.support.AbstractBeanFactory.getBean(AbstractBeanFactory.java:199) ~[spring-beans-5.1.8.RELEASE.jar:5.1.8.RELEASE]
	at org.springframework.beans.factory.support.ConstructorResolver.instantiateUsingFactoryMethod(ConstructorResolver.java:392) ~[spring-beans-5.1.8.RELEASE.jar:5.1.8.RELEASE]
	at org.springframework.beans.factory.support.AbstractAutowireCapableBeanFactory.instantiateUsingFactoryMethod(AbstractAutowireCapableBeanFactory.java:1321) ~[spring-beans-5.1.8.RELEASE.jar:5.1.8.RELEASE]
	at org.springframework.beans.factory.support.AbstractAutowireCapableBeanFactory.createBeanInstance(AbstractAutowireCapableBeanFactory.java:1160) ~[spring-beans-5.1.8.RELEASE.jar:5.1.8.RELEASE]
	at org.springframework.beans.factory.support.AbstractAutowireCapableBeanFactory.doCreateBean(AbstractAutowireCapableBeanFactory.java:555) ~[spring-beans-5.1.8.RELEASE.jar:5.1.8.RELEASE]
	at org.springframework.beans.factory.support.AbstractAutowireCapableBeanFactory.createBean(AbstractAutowireCapableBeanFactory.java:515) ~[spring-beans-5.1.8.RELEASE.jar:5.1.8.RELEASE]
	at org.springframework.beans.factory.support.AbstractBeanFactory.lambda$doGetBean$0(AbstractBeanFactory.java:320) ~[spring-beans-5.1.8.RELEASE.jar:5.1.8.RELEASE]
	at org.springframework.beans.factory.support.DefaultSingletonBeanRegistry.getSingleton(DefaultSingletonBeanRegistry.java:222) ~[spring-beans-5.1.8.RELEASE.jar:5.1.8.RELEASE]
	at org.springframework.beans.factory.support.AbstractBeanFactory.doGetBean(AbstractBeanFactory.java:318) ~[spring-beans-5.1.8.RELEASE.jar:5.1.8.RELEASE]
	at org.springframework.beans.factory.support.AbstractBeanFactory.getBean(AbstractBeanFactory.java:199) ~[spring-beans-5.1.8.RELEASE.jar:5.1.8.RELEASE]
	at org.springframework.context.support.AbstractApplicationContext.getBean(AbstractApplicationContext.java:1105) ~[spring-context-5.1.8.RELEASE.jar:5.1.8.RELEASE]
	at org.springframework.context.support.AbstractApplicationContext.finishBeanFactoryInitialization(AbstractApplicationContext.java:867) ~[spring-context-5.1.8.RELEASE.jar:5.1.8.RELEASE]
	at org.springframework.context.support.AbstractApplicationContext.refresh(AbstractApplicationContext.java:549) ~[spring-context-5.1.8.RELEASE.jar:5.1.8.RELEASE]
	at org.springframework.boot.SpringApplication.refresh(SpringApplication.java:742) ~[spring-boot-2.1.6.RELEASE.jar:2.1.6.RELEASE]
	at org.springframework.boot.SpringApplication.refreshContext(SpringApplication.java:389) ~[spring-boot-2.1.6.RELEASE.jar:2.1.6.RELEASE]
	at org.springframework.boot.SpringApplication.run(SpringApplication.java:311) ~[spring-boot-2.1.6.RELEASE.jar:2.1.6.RELEASE]
	at org.springframework.boot.test.context.SpringBootContextLoader.loadContext(SpringBootContextLoader.java:119) ~[spring-boot-test-2.1.6.RELEASE.jar:2.1.6.RELEASE]
	at org.springframework.test.context.cache.DefaultCacheAwareContextLoaderDelegate.loadContextInternal(DefaultCacheAwareContextLoaderDelegate.java:99) ~[spring-test-5.1.8.RELEASE.jar:5.1.8.RELEASE]
	at org.springframework.test.context.cache.DefaultCacheAwareContextLoaderDelegate.loadContext(DefaultCacheAwareContextLoaderDelegate.java:117) ~[spring-test-5.1.8.RELEASE.jar:5.1.8.RELEASE]
	at org.springframework.test.context.support.DefaultTestContext.getApplicationContext(DefaultTestContext.java:108) ~[spring-test-5.1.8.RELEASE.jar:5.1.8.RELEASE]
	at org.springframework.boot.test.autoconfigure.SpringBootDependencyInjectionTestExecutionListener.outputConditionEvaluationReport(SpringBootDependencyInjectionTestExecutionListener.java:53) ~[spring-boot-test-autoconfigure-2.1.6.RELEASE.jar:2.1.6.RELEASE]
	at org.springframework.boot.test.autoconfigure.SpringBootDependencyInjectionTestExecutionListener.prepareTestInstance(SpringBootDependencyInjectionTestExecutionListener.java:46) ~[spring-boot-test-autoconfigure-2.1.6.RELEASE.jar:2.1.6.RELEASE]
	at org.springframework.test.context.TestContextManager.prepareTestInstance(TestContextManager.java:246) ~[spring-test-5.1.8.RELEASE.jar:5.1.8.RELEASE]
	at org.springframework.test.context.junit4.SpringJUnit4ClassRunner.createTest(SpringJUnit4ClassRunner.java:227) ~[spring-test-5.1.8.RELEASE.jar:5.1.8.RELEASE]
	at org.springframework.test.context.junit4.SpringJUnit4ClassRunner$1.runReflectiveCall(SpringJUnit4ClassRunner.java:289) ~[spring-test-5.1.8.RELEASE.jar:5.1.8.RELEASE]
	at org.junit.internal.runners.model.ReflectiveCallable.run(ReflectiveCallable.java:12) ~[junit-4.12.jar:4.12]
	at org.springframework.test.context.junit4.SpringJUnit4ClassRunner.methodBlock(SpringJUnit4ClassRunner.java:291) ~[spring-test-5.1.8.RELEASE.jar:5.1.8.RELEASE]
	at org.springframework.test.context.junit4.SpringJUnit4ClassRunner.runChild(SpringJUnit4ClassRunner.java:246) ~[spring-test-5.1.8.RELEASE.jar:5.1.8.RELEASE]
	at org.springframework.test.context.junit4.SpringJUnit4ClassRunner.runChild(SpringJUnit4ClassRunner.java:97) ~[spring-test-5.1.8.RELEASE.jar:5.1.8.RELEASE]
	at org.junit.runners.ParentRunner$3.run(ParentRunner.java:290) ~[junit-4.12.jar:4.12]
	at org.junit.runners.ParentRunner$1.schedule(ParentRunner.java:71) ~[junit-4.12.jar:4.12]
	at org.junit.runners.ParentRunner.runChildren(ParentRunner.java:288) ~[junit-4.12.jar:4.12]
	at org.junit.runners.ParentRunner.access$000(ParentRunner.java:58) ~[junit-4.12.jar:4.12]
	at org.junit.runners.ParentRunner$2.evaluate(ParentRunner.java:268) ~[junit-4.12.jar:4.12]
	at org.springframework.test.context.junit4.statements.RunBeforeTestClassCallbacks.evaluate(RunBeforeTestClassCallbacks.java:61) ~[spring-test-5.1.8.RELEASE.jar:5.1.8.RELEASE]
	at org.springframework.test.context.junit4.statements.RunAfterTestClassCallbacks.evaluate(RunAfterTestClassCallbacks.java:70) ~[spring-test-5.1.8.RELEASE.jar:5.1.8.RELEASE]
	at org.junit.runners.ParentRunner.run(ParentRunner.java:363) ~[junit-4.12.jar:4.12]
	at org.springframework.test.context.junit4.SpringJUnit4ClassRunner.run(SpringJUnit4ClassRunner.java:190) ~[spring-test-5.1.8.RELEASE.jar:5.1.8.RELEASE]
	at org.apache.maven.surefire.junit4.JUnit4Provider.execute(JUnit4Provider.java:365) ~[surefire-junit4-2.22.2.jar:2.22.2]
	at org.apache.maven.surefire.junit4.JUnit4Provider.executeWithRerun(JUnit4Provider.java:273) ~[surefire-junit4-2.22.2.jar:2.22.2]
	at org.apache.maven.surefire.junit4.JUnit4Provider.executeTestSet(JUnit4Provider.java:238) ~[surefire-junit4-2.22.2.jar:2.22.2]
	at org.apache.maven.surefire.junit4.JUnit4Provider.invoke(JUnit4Provider.java:159) ~[surefire-junit4-2.22.2.jar:2.22.2]
	at org.apache.maven.surefire.booter.ForkedBooter.invokeProviderInSameClassLoader(ForkedBooter.java:384) ~[surefire-booter-2.22.2.jar:2.22.2]
	at org.apache.maven.surefire.booter.ForkedBooter.runSuitesInProcess(ForkedBooter.java:345) ~[surefire-booter-2.22.2.jar:2.22.2]
	at org.apache.maven.surefire.booter.ForkedBooter.execute(ForkedBooter.java:126) ~[surefire-booter-2.22.2.jar:2.22.2]
	at org.apache.maven.surefire.booter.ForkedBooter.main(ForkedBooter.java:418) ~[surefire-booter-2.22.2.jar:2.22.2]
Caused by: org.springframework.beans.factory.BeanCreationException: Error creating bean with name 'dataSource': Post-processing of FactoryBean's singleton object failed; nested exception is org.springframework.beans.factory.BeanCreationException: Error creating bean with name 'org.springframework.boot.autoconfigure.jdbc.DataSourceInitializerInvoker': Invocation of init method failed; nested exception is org.springframework.jdbc.datasource.init.ScriptStatementFailedException: Failed to execute SQL script statement #4 of URL [file:/C:/Users/naude/Desktop/IT%20Dev/Project1/AccountSystemRepository/target/test-classes/schema.sql]: CREATE TABLE VITRSA_SANDBOX.DEMO_ACCOUNT_TX ( TX_ID BIGINT NOT NULL, ACCOUNT_TYPE_ID BIGINT NOT NULL, MEMBER_ID BIGINT NOT NULL, AMOUNT BIGINT NOT NULL, TX_DATE DATE NOT NULL, PRIMARY KEY (TX_ID) CONSTRAINT FK_ACCOUNT_TYPE_ID FOREIGN KEY (ACCOUNT_TYPE_ID) REFERENCES VITRSA_SANDBOX.DEMO_ACCOUNT_TYPE (ACCOUNT_TYPE_ID) ); nested exception is org.h2.jdbc.JdbcSQLSyntaxErrorException: Syntax error in SQL statement "CREATE TABLE VITRSA_SANDBOX.DEMO_ACCOUNT_TX ( TX_ID BIGINT NOT NULL, ACCOUNT_TYPE_ID BIGINT NOT NULL, MEMBER_ID BIGINT NOT NULL, AMOUNT BIGINT NOT NULL, TX_DATE DATE NOT NULL, PRIMARY KEY (TX_ID) CONSTRAINT[*] FK_ACCOUNT_TYPE_ID FOREIGN KEY (ACCOUNT_TYPE_ID) REFERENCES VITRSA_SANDBOX.DEMO_ACCOUNT_TYPE (ACCOUNT_TYPE_ID) )"; expected "INDEX, ,, )"; SQL statement:
CREATE TABLE VITRSA_SANDBOX.DEMO_ACCOUNT_TX ( TX_ID BIGINT NOT NULL, ACCOUNT_TYPE_ID BIGINT NOT NULL, MEMBER_ID BIGINT NOT NULL, AMOUNT BIGINT NOT NULL, TX_DATE DATE NOT NULL, PRIMARY KEY (TX_ID) CONSTRAINT FK_ACCOUNT_TYPE_ID FOREIGN KEY (ACCOUNT_TYPE_ID) REFERENCES VITRSA_SANDBOX.DEMO_ACCOUNT_TYPE (ACCOUNT_TYPE_ID) ) [42001-199]
	at org.springframework.beans.factory.support.FactoryBeanRegistrySupport.getObjectFromFactoryBean(FactoryBeanRegistrySupport.java:119) ~[spring-beans-5.1.8.RELEASE.jar:5.1.8.RELEASE]
	at org.springframework.beans.factory.support.AbstractBeanFactory.getObjectForBeanInstance(AbstractBeanFactory.java:1674) ~[spring-beans-5.1.8.RELEASE.jar:5.1.8.RELEASE]
	at org.springframework.beans.factory.support.AbstractAutowireCapableBeanFactory.getObjectForBeanInstance(AbstractAutowireCapableBeanFactory.java:1249) ~[spring-beans-5.1.8.RELEASE.jar:5.1.8.RELEASE]
	at org.springframework.beans.factory.support.AbstractBeanFactory.doGetBean(AbstractBeanFactory.java:330) ~[spring-beans-5.1.8.RELEASE.jar:5.1.8.RELEASE]
	at org.springframework.beans.factory.support.AbstractBeanFactory.getBean(AbstractBeanFactory.java:199) ~[spring-beans-5.1.8.RELEASE.jar:5.1.8.RELEASE]
	at org.springframework.beans.factory.config.DependencyDescriptor.resolveCandidate(DependencyDescriptor.java:277) ~[spring-beans-5.1.8.RELEASE.jar:5.1.8.RELEASE]
	at org.springframework.beans.factory.support.DefaultListableBeanFactory.doResolveDependency(DefaultListableBeanFactory.java:1251) ~[spring-beans-5.1.8.RELEASE.jar:5.1.8.RELEASE]
	at org.springframework.beans.factory.support.DefaultListableBeanFactory.resolveDependency(DefaultListableBeanFactory.java:1171) ~[spring-beans-5.1.8.RELEASE.jar:5.1.8.RELEASE]
	at org.springframework.beans.factory.support.ConstructorResolver.resolveAutowiredArgument(ConstructorResolver.java:857) ~[spring-beans-5.1.8.RELEASE.jar:5.1.8.RELEASE]
	at org.springframework.beans.factory.support.ConstructorResolver.createArgumentArray(ConstructorResolver.java:760) ~[spring-beans-5.1.8.RELEASE.jar:5.1.8.RELEASE]
	... 54 common frames omitted
Caused by: org.springframework.beans.factory.BeanCreationException: Error creating bean with name 'org.springframework.boot.autoconfigure.jdbc.DataSourceInitializerInvoker': Invocation of init method failed; nested exception is org.springframework.jdbc.datasource.init.ScriptStatementFailedException: Failed to execute SQL script statement #4 of URL [file:/C:/Users/naude/Desktop/IT%20Dev/Project1/AccountSystemRepository/target/test-classes/schema.sql]: CREATE TABLE VITRSA_SANDBOX.DEMO_ACCOUNT_TX ( TX_ID BIGINT NOT NULL, ACCOUNT_TYPE_ID BIGINT NOT NULL, MEMBER_ID BIGINT NOT NULL, AMOUNT BIGINT NOT NULL, TX_DATE DATE NOT NULL, PRIMARY KEY (TX_ID) CONSTRAINT FK_ACCOUNT_TYPE_ID FOREIGN KEY (ACCOUNT_TYPE_ID) REFERENCES VITRSA_SANDBOX.DEMO_ACCOUNT_TYPE (ACCOUNT_TYPE_ID) ); nested exception is org.h2.jdbc.JdbcSQLSyntaxErrorException: Syntax error in SQL statement "CREATE TABLE VITRSA_SANDBOX.DEMO_ACCOUNT_TX ( TX_ID BIGINT NOT NULL, ACCOUNT_TYPE_ID BIGINT NOT NULL, MEMBER_ID BIGINT NOT NULL, AMOUNT BIGINT NOT NULL, TX_DATE DATE NOT NULL, PRIMARY KEY (TX_ID) CONSTRAINT[*] FK_ACCOUNT_TYPE_ID FOREIGN KEY (ACCOUNT_TYPE_ID) REFERENCES VITRSA_SANDBOX.DEMO_ACCOUNT_TYPE (ACCOUNT_TYPE_ID) )"; expected "INDEX, ,, )"; SQL statement:
CREATE TABLE VITRSA_SANDBOX.DEMO_ACCOUNT_TX ( TX_ID BIGINT NOT NULL, ACCOUNT_TYPE_ID BIGINT NOT NULL, MEMBER_ID BIGINT NOT NULL, AMOUNT BIGINT NOT NULL, TX_DATE DATE NOT NULL, PRIMARY KEY (TX_ID) CONSTRAINT FK_ACCOUNT_TYPE_ID FOREIGN KEY (ACCOUNT_TYPE_ID) REFERENCES VITRSA_SANDBOX.DEMO_ACCOUNT_TYPE (ACCOUNT_TYPE_ID) ) [42001-199]
	at org.springframework.beans.factory.support.AbstractAutowireCapableBeanFactory.initializeBean(AbstractAutowireCapableBeanFactory.java:1778) ~[spring-beans-5.1.8.RELEASE.jar:5.1.8.RELEASE]
	at org.springframework.beans.factory.support.AbstractAutowireCapableBeanFactory.doCreateBean(AbstractAutowireCapableBeanFactory.java:593) ~[spring-beans-5.1.8.RELEASE.jar:5.1.8.RELEASE]
	at org.springframework.beans.factory.support.AbstractAutowireCapableBeanFactory.createBean(AbstractAutowireCapableBeanFactory.java:515) ~[spring-beans-5.1.8.RELEASE.jar:5.1.8.RELEASE]
	at org.springframework.beans.factory.support.AbstractBeanFactory.lambda$doGetBean$0(AbstractBeanFactory.java:320) ~[spring-beans-5.1.8.RELEASE.jar:5.1.8.RELEASE]
	at org.springframework.beans.factory.support.DefaultSingletonBeanRegistry.getSingleton(DefaultSingletonBeanRegistry.java:222) ~[spring-beans-5.1.8.RELEASE.jar:5.1.8.RELEASE]
	at org.springframework.beans.factory.support.AbstractBeanFactory.doGetBean(AbstractBeanFactory.java:318) ~[spring-beans-5.1.8.RELEASE.jar:5.1.8.RELEASE]
	at org.springframework.beans.factory.support.AbstractBeanFactory.getBean(AbstractBeanFactory.java:224) ~[spring-beans-5.1.8.RELEASE.jar:5.1.8.RELEASE]
	at org.springframework.beans.factory.support.DefaultListableBeanFactory.resolveNamedBean(DefaultListableBeanFactory.java:1119) ~[spring-beans-5.1.8.RELEASE.jar:5.1.8.RELEASE]
	at org.springframework.beans.factory.support.DefaultListableBeanFactory.resolveBean(DefaultListableBeanFactory.java:411) ~[spring-beans-5.1.8.RELEASE.jar:5.1.8.RELEASE]
	at org.springframework.beans.factory.support.DefaultListableBeanFactory.getBean(DefaultListableBeanFactory.java:344) ~[spring-beans-5.1.8.RELEASE.jar:5.1.8.RELEASE]
	at org.springframework.beans.factory.support.DefaultListableBeanFactory.getBean(DefaultListableBeanFactory.java:337) ~[spring-beans-5.1.8.RELEASE.jar:5.1.8.RELEASE]
	at org.springframework.boot.autoconfigure.jdbc.DataSourceInitializerPostProcessor.postProcessAfterInitialization(DataSourceInitializerPostProcessor.java:53) ~[spring-boot-autoconfigure-2.1.6.RELEASE.jar:2.1.6.RELEASE]
	at org.springframework.beans.factory.support.AbstractAutowireCapableBeanFactory.applyBeanPostProcessorsAfterInitialization(AbstractAutowireCapableBeanFactory.java:429) ~[spring-beans-5.1.8.RELEASE.jar:5.1.8.RELEASE]
	at org.springframework.beans.factory.support.AbstractAutowireCapableBeanFactory.postProcessObjectFromFactoryBean(AbstractAutowireCapableBeanFactory.java:1921) ~[spring-beans-5.1.8.RELEASE.jar:5.1.8.RELEASE]
	at org.springframework.beans.factory.support.FactoryBeanRegistrySupport.getObjectFromFactoryBean(FactoryBeanRegistrySupport.java:116) ~[spring-beans-5.1.8.RELEASE.jar:5.1.8.RELEASE]
	... 63 common frames omitted
Caused by: org.springframework.jdbc.datasource.init.ScriptStatementFailedException: Failed to execute SQL script statement #4 of URL [file:/C:/Users/naude/Desktop/IT%20Dev/Project1/AccountSystemRepository/target/test-classes/schema.sql]: CREATE TABLE VITRSA_SANDBOX.DEMO_ACCOUNT_TX ( TX_ID BIGINT NOT NULL, ACCOUNT_TYPE_ID BIGINT NOT NULL, MEMBER_ID BIGINT NOT NULL, AMOUNT BIGINT NOT NULL, TX_DATE DATE NOT NULL, PRIMARY KEY (TX_ID) CONSTRAINT FK_ACCOUNT_TYPE_ID FOREIGN KEY (ACCOUNT_TYPE_ID) REFERENCES VITRSA_SANDBOX.DEMO_ACCOUNT_TYPE (ACCOUNT_TYPE_ID) ); nested exception is org.h2.jdbc.JdbcSQLSyntaxErrorException: Syntax error in SQL statement "CREATE TABLE VITRSA_SANDBOX.DEMO_ACCOUNT_TX ( TX_ID BIGINT NOT NULL, ACCOUNT_TYPE_ID BIGINT NOT NULL, MEMBER_ID BIGINT NOT NULL, AMOUNT BIGINT NOT NULL, TX_DATE DATE NOT NULL, PRIMARY KEY (TX_ID) CONSTRAINT[*] FK_ACCOUNT_TYPE_ID FOREIGN KEY (ACCOUNT_TYPE_ID) REFERENCES VITRSA_SANDBOX.DEMO_ACCOUNT_TYPE (ACCOUNT_TYPE_ID) )"; expected "INDEX, ,, )"; SQL statement:
CREATE TABLE VITRSA_SANDBOX.DEMO_ACCOUNT_TX ( TX_ID BIGINT NOT NULL, ACCOUNT_TYPE_ID BIGINT NOT NULL, MEMBER_ID BIGINT NOT NULL, AMOUNT BIGINT NOT NULL, TX_DATE DATE NOT NULL, PRIMARY KEY (TX_ID) CONSTRAINT FK_ACCOUNT_TYPE_ID FOREIGN KEY (ACCOUNT_TYPE_ID) REFERENCES VITRSA_SANDBOX.DEMO_ACCOUNT_TYPE (ACCOUNT_TYPE_ID) ) [42001-199]
	at org.springframework.jdbc.datasource.init.ScriptUtils.executeSqlScript(ScriptUtils.java:509) ~[spring-jdbc-5.1.8.RELEASE.jar:5.1.8.RELEASE]
	at org.springframework.jdbc.datasource.init.ResourceDatabasePopulator.populate(ResourceDatabasePopulator.java:238) ~[spring-jdbc-5.1.8.RELEASE.jar:5.1.8.RELEASE]
	at org.springframework.jdbc.datasource.init.DatabasePopulatorUtils.execute(DatabasePopulatorUtils.java:48) ~[spring-jdbc-5.1.8.RELEASE.jar:5.1.8.RELEASE]
	at org.springframework.boot.autoconfigure.jdbc.DataSourceInitializer.runScripts(DataSourceInitializer.java:202) ~[spring-boot-autoconfigure-2.1.6.RELEASE.jar:2.1.6.RELEASE]
	at org.springframework.boot.autoconfigure.jdbc.DataSourceInitializer.createSchema(DataSourceInitializer.java:101) ~[spring-boot-autoconfigure-2.1.6.RELEASE.jar:2.1.6.RELEASE]
	at org.springframework.boot.autoconfigure.jdbc.DataSourceInitializerInvoker.afterPropertiesSet(DataSourceInitializerInvoker.java:62) ~[spring-boot-autoconfigure-2.1.6.RELEASE.jar:2.1.6.RELEASE]
	at org.springframework.beans.factory.support.AbstractAutowireCapableBeanFactory.invokeInitMethods(AbstractAutowireCapableBeanFactory.java:1837) ~[spring-beans-5.1.8.RELEASE.jar:5.1.8.RELEASE]
	at org.springframework.beans.factory.support.AbstractAutowireCapableBeanFactory.initializeBean(AbstractAutowireCapableBeanFactory.java:1774) ~[spring-beans-5.1.8.RELEASE.jar:5.1.8.RELEASE]
	... 77 common frames omitted
Caused by: org.h2.jdbc.JdbcSQLSyntaxErrorException: Syntax error in SQL statement "CREATE TABLE VITRSA_SANDBOX.DEMO_ACCOUNT_TX ( TX_ID BIGINT NOT NULL, ACCOUNT_TYPE_ID BIGINT NOT NULL, MEMBER_ID BIGINT NOT NULL, AMOUNT BIGINT NOT NULL, TX_DATE DATE NOT NULL, PRIMARY KEY (TX_ID) CONSTRAINT[*] FK_ACCOUNT_TYPE_ID FOREIGN KEY (ACCOUNT_TYPE_ID) REFERENCES VITRSA_SANDBOX.DEMO_ACCOUNT_TYPE (ACCOUNT_TYPE_ID) )"; expected "INDEX, ,, )"; SQL statement:
CREATE TABLE VITRSA_SANDBOX.DEMO_ACCOUNT_TX ( TX_ID BIGINT NOT NULL, ACCOUNT_TYPE_ID BIGINT NOT NULL, MEMBER_ID BIGINT NOT NULL, AMOUNT BIGINT NOT NULL, TX_DATE DATE NOT NULL, PRIMARY KEY (TX_ID) CONSTRAINT FK_ACCOUNT_TYPE_ID FOREIGN KEY (ACCOUNT_TYPE_ID) REFERENCES VITRSA_SANDBOX.DEMO_ACCOUNT_TYPE (ACCOUNT_TYPE_ID) ) [42001-199]
	at org.h2.message.DbException.getJdbcSQLException(DbException.java:451) ~[h2-1.4.199.jar:1.4.199]
	at org.h2.message.DbException.getJdbcSQLException(DbException.java:427) ~[h2-1.4.199.jar:1.4.199]
	at org.h2.message.DbException.getSyntaxError(DbException.java:243) ~[h2-1.4.199.jar:1.4.199]
	at org.h2.command.Parser.getSyntaxError(Parser.java:991) ~[h2-1.4.199.jar:1.4.199]
	at org.h2.command.Parser.read(Parser.java:4549) ~[h2-1.4.199.jar:1.4.199]
	at org.h2.command.Parser.readIfMore(Parser.java:1391) ~[h2-1.4.199.jar:1.4.199]
	at org.h2.command.Parser.parseCreateTable(Parser.java:7833) ~[h2-1.4.199.jar:1.4.199]
	at org.h2.command.Parser.parseCreate(Parser.java:5818) ~[h2-1.4.199.jar:1.4.199]
	at org.h2.command.Parser.parsePrepared(Parser.java:846) ~[h2-1.4.199.jar:1.4.199]
	at org.h2.command.Parser.parse(Parser.java:788) ~[h2-1.4.199.jar:1.4.199]
	at org.h2.command.Parser.parse(Parser.java:764) ~[h2-1.4.199.jar:1.4.199]
	at org.h2.command.Parser.prepareCommand(Parser.java:683) ~[h2-1.4.199.jar:1.4.199]
	at org.h2.engine.Session.prepareLocal(Session.java:627) ~[h2-1.4.199.jar:1.4.199]
	at org.h2.engine.Session.prepareCommand(Session.java:565) ~[h2-1.4.199.jar:1.4.199]
	at org.h2.jdbc.JdbcConnection.prepareCommand(JdbcConnection.java:1292) ~[h2-1.4.199.jar:1.4.199]
	at org.h2.jdbc.JdbcStatement.executeInternal(JdbcStatement.java:217) ~[h2-1.4.199.jar:1.4.199]
	at org.h2.jdbc.JdbcStatement.execute(JdbcStatement.java:205) ~[h2-1.4.199.jar:1.4.199]
	at org.springframework.jdbc.datasource.init.ScriptUtils.executeSqlScript(ScriptUtils.java:488) ~[spring-jdbc-5.1.8.RELEASE.jar:5.1.8.RELEASE]
	... 84 common frames omitted

2021-09-22 15:33:25.406 ERROR 5696 --- [           main] o.s.test.context.TestContextManager      : Caught exception while allowing TestExecutionListener [org.springframework.boot.test.autoconfigure.SpringBootDependencyInjectionTestExecutionListener@4e50c791] to prepare test instance [za.ac.nwu.ac.repo.persistence.AccountTypeRepositoryTest@11f23038]

java.lang.IllegalStateException: Failed to load ApplicationContext
	at org.springframework.test.context.cache.DefaultCacheAwareContextLoaderDelegate.loadContext(DefaultCacheAwareContextLoaderDelegate.java:125) ~[spring-test-5.1.8.RELEASE.jar:5.1.8.RELEASE]
	at org.springframework.test.context.support.DefaultTestContext.getApplicationContext(DefaultTestContext.java:108) ~[spring-test-5.1.8.RELEASE.jar:5.1.8.RELEASE]
	at org.springframework.test.context.support.DependencyInjectionTestExecutionListener.injectDependencies(DependencyInjectionTestExecutionListener.java:118) ~[spring-test-5.1.8.RELEASE.jar:5.1.8.RELEASE]
	at org.springframework.test.context.support.DependencyInjectionTestExecutionListener.prepareTestInstance(DependencyInjectionTestExecutionListener.java:83) ~[spring-test-5.1.8.RELEASE.jar:5.1.8.RELEASE]
	at org.springframework.boot.test.autoconfigure.SpringBootDependencyInjectionTestExecutionListener.prepareTestInstance(SpringBootDependencyInjectionTestExecutionListener.java:43) ~[spring-boot-test-autoconfigure-2.1.6.RELEASE.jar:2.1.6.RELEASE]
	at org.springframework.test.context.TestContextManager.prepareTestInstance(TestContextManager.java:246) ~[spring-test-5.1.8.RELEASE.jar:5.1.8.RELEASE]
	at org.springframework.test.context.junit4.SpringJUnit4ClassRunner.createTest(SpringJUnit4ClassRunner.java:227) ~[spring-test-5.1.8.RELEASE.jar:5.1.8.RELEASE]
	at org.springframework.test.context.junit4.SpringJUnit4ClassRunner$1.runReflectiveCall(SpringJUnit4ClassRunner.java:289) ~[spring-test-5.1.8.RELEASE.jar:5.1.8.RELEASE]
	at org.junit.internal.runners.model.ReflectiveCallable.run(ReflectiveCallable.java:12) ~[junit-4.12.jar:4.12]
	at org.springframework.test.context.junit4.SpringJUnit4ClassRunner.methodBlock(SpringJUnit4ClassRunner.java:291) ~[spring-test-5.1.8.RELEASE.jar:5.1.8.RELEASE]
	at org.springframework.test.context.junit4.SpringJUnit4ClassRunner.runChild(SpringJUnit4ClassRunner.java:246) ~[spring-test-5.1.8.RELEASE.jar:5.1.8.RELEASE]
	at org.springframework.test.context.junit4.SpringJUnit4ClassRunner.runChild(SpringJUnit4ClassRunner.java:97) ~[spring-test-5.1.8.RELEASE.jar:5.1.8.RELEASE]
	at org.junit.runners.ParentRunner$3.run(ParentRunner.java:290) ~[junit-4.12.jar:4.12]
	at org.junit.runners.ParentRunner$1.schedule(ParentRunner.java:71) ~[junit-4.12.jar:4.12]
	at org.junit.runners.ParentRunner.runChildren(ParentRunner.java:288) ~[junit-4.12.jar:4.12]
	at org.junit.runners.ParentRunner.access$000(ParentRunner.java:58) ~[junit-4.12.jar:4.12]
	at org.junit.runners.ParentRunner$2.evaluate(ParentRunner.java:268) ~[junit-4.12.jar:4.12]
	at org.springframework.test.context.junit4.statements.RunBeforeTestClassCallbacks.evaluate(RunBeforeTestClassCallbacks.java:61) ~[spring-test-5.1.8.RELEASE.jar:5.1.8.RELEASE]
	at org.springframework.test.context.junit4.statements.RunAfterTestClassCallbacks.evaluate(RunAfterTestClassCallbacks.java:70) ~[spring-test-5.1.8.RELEASE.jar:5.1.8.RELEASE]
	at org.junit.runners.ParentRunner.run(ParentRunner.java:363) ~[junit-4.12.jar:4.12]
	at org.springframework.test.context.junit4.SpringJUnit4ClassRunner.run(SpringJUnit4ClassRunner.java:190) ~[spring-test-5.1.8.RELEASE.jar:5.1.8.RELEASE]
	at org.apache.maven.surefire.junit4.JUnit4Provider.execute(JUnit4Provider.java:365) ~[surefire-junit4-2.22.2.jar:2.22.2]
	at org.apache.maven.surefire.junit4.JUnit4Provider.executeWithRerun(JUnit4Provider.java:273) ~[surefire-junit4-2.22.2.jar:2.22.2]
	at org.apache.maven.surefire.junit4.JUnit4Provider.executeTestSet(JUnit4Provider.java:238) ~[surefire-junit4-2.22.2.jar:2.22.2]
	at org.apache.maven.surefire.junit4.JUnit4Provider.invoke(JUnit4Provider.java:159) ~[surefire-junit4-2.22.2.jar:2.22.2]
	at org.apache.maven.surefire.booter.ForkedBooter.invokeProviderInSameClassLoader(ForkedBooter.java:384) ~[surefire-booter-2.22.2.jar:2.22.2]
	at org.apache.maven.surefire.booter.ForkedBooter.runSuitesInProcess(ForkedBooter.java:345) ~[surefire-booter-2.22.2.jar:2.22.2]
	at org.apache.maven.surefire.booter.ForkedBooter.execute(ForkedBooter.java:126) ~[surefire-booter-2.22.2.jar:2.22.2]
	at org.apache.maven.surefire.booter.ForkedBooter.main(ForkedBooter.java:418) ~[surefire-booter-2.22.2.jar:2.22.2]
Caused by: org.springframework.beans.factory.UnsatisfiedDependencyException: Error creating bean with name 'org.springframework.boot.autoconfigure.orm.jpa.HibernateJpaConfiguration': Unsatisfied dependency expressed through constructor parameter 0; nested exception is org.springframework.beans.factory.BeanCreationException: Error creating bean with name 'dataSource': Post-processing of FactoryBean's singleton object failed; nested exception is org.springframework.beans.factory.BeanCreationException: Error creating bean with name 'org.springframework.boot.autoconfigure.jdbc.DataSourceInitializerInvoker': Invocation of init method failed; nested exception is org.springframework.jdbc.datasource.init.ScriptStatementFailedException: Failed to execute SQL script statement #4 of URL [file:/C:/Users/naude/Desktop/IT%20Dev/Project1/AccountSystemRepository/target/test-classes/schema.sql]: CREATE TABLE VITRSA_SANDBOX.DEMO_ACCOUNT_TX ( TX_ID BIGINT NOT NULL, ACCOUNT_TYPE_ID BIGINT NOT NULL, MEMBER_ID BIGINT NOT NULL, AMOUNT BIGINT NOT NULL, TX_DATE DATE NOT NULL, PRIMARY KEY (TX_ID) CONSTRAINT FK_ACCOUNT_TYPE_ID FOREIGN KEY (ACCOUNT_TYPE_ID) REFERENCES VITRSA_SANDBOX.DEMO_ACCOUNT_TYPE (ACCOUNT_TYPE_ID) ); nested exception is org.h2.jdbc.JdbcSQLSyntaxErrorException: Syntax error in SQL statement "CREATE TABLE VITRSA_SANDBOX.DEMO_ACCOUNT_TX ( TX_ID BIGINT NOT NULL, ACCOUNT_TYPE_ID BIGINT NOT NULL, MEMBER_ID BIGINT NOT NULL, AMOUNT BIGINT NOT NULL, TX_DATE DATE NOT NULL, PRIMARY KEY (TX_ID) CONSTRAINT[*] FK_ACCOUNT_TYPE_ID FOREIGN KEY (ACCOUNT_TYPE_ID) REFERENCES VITRSA_SANDBOX.DEMO_ACCOUNT_TYPE (ACCOUNT_TYPE_ID) )"; expected "INDEX, ,, )"; SQL statement:
CREATE TABLE VITRSA_SANDBOX.DEMO_ACCOUNT_TX ( TX_ID BIGINT NOT NULL, ACCOUNT_TYPE_ID BIGINT NOT NULL, MEMBER_ID BIGINT NOT NULL, AMOUNT BIGINT NOT NULL, TX_DATE DATE NOT NULL, PRIMARY KEY (TX_ID) CONSTRAINT FK_ACCOUNT_TYPE_ID FOREIGN KEY (ACCOUNT_TYPE_ID) REFERENCES VITRSA_SANDBOX.DEMO_ACCOUNT_TYPE (ACCOUNT_TYPE_ID) ) [42001-199]
	at org.springframework.beans.factory.support.ConstructorResolver.createArgumentArray(ConstructorResolver.java:769) ~[spring-beans-5.1.8.RELEASE.jar:5.1.8.RELEASE]
	at org.springframework.beans.factory.support.ConstructorResolver.autowireConstructor(ConstructorResolver.java:218) ~[spring-beans-5.1.8.RELEASE.jar:5.1.8.RELEASE]
	at org.springframework.beans.factory.support.AbstractAutowireCapableBeanFactory.autowireConstructor(AbstractAutowireCapableBeanFactory.java:1341) ~[spring-beans-5.1.8.RELEASE.jar:5.1.8.RELEASE]
	at org.springframework.beans.factory.support.AbstractAutowireCapableBeanFactory.createBeanInstance(AbstractAutowireCapableBeanFactory.java:1187) ~[spring-beans-5.1.8.RELEASE.jar:5.1.8.RELEASE]
	at org.springframework.beans.factory.support.AbstractAutowireCapableBeanFactory.doCreateBean(AbstractAutowireCapableBeanFactory.java:555) ~[spring-beans-5.1.8.RELEASE.jar:5.1.8.RELEASE]
	at org.springframework.beans.factory.support.AbstractAutowireCapableBeanFactory.createBean(AbstractAutowireCapableBeanFactory.java:515) ~[spring-beans-5.1.8.RELEASE.jar:5.1.8.RELEASE]
	at org.springframework.beans.factory.support.AbstractBeanFactory.lambda$doGetBean$0(AbstractBeanFactory.java:320) ~[spring-beans-5.1.8.RELEASE.jar:5.1.8.RELEASE]
	at org.springframework.beans.factory.support.DefaultSingletonBeanRegistry.getSingleton(DefaultSingletonBeanRegistry.java:222) ~[spring-beans-5.1.8.RELEASE.jar:5.1.8.RELEASE]
	at org.springframework.beans.factory.support.AbstractBeanFactory.doGetBean(AbstractBeanFactory.java:318) ~[spring-beans-5.1.8.RELEASE.jar:5.1.8.RELEASE]
	at org.springframework.beans.factory.support.AbstractBeanFactory.getBean(AbstractBeanFactory.java:199) ~[spring-beans-5.1.8.RELEASE.jar:5.1.8.RELEASE]
	at org.springframework.beans.factory.support.ConstructorResolver.instantiateUsingFactoryMethod(ConstructorResolver.java:392) ~[spring-beans-5.1.8.RELEASE.jar:5.1.8.RELEASE]
	at org.springframework.beans.factory.support.AbstractAutowireCapableBeanFactory.instantiateUsingFactoryMethod(AbstractAutowireCapableBeanFactory.java:1321) ~[spring-beans-5.1.8.RELEASE.jar:5.1.8.RELEASE]
	at org.springframework.beans.factory.support.AbstractAutowireCapableBeanFactory.createBeanInstance(AbstractAutowireCapableBeanFactory.java:1160) ~[spring-beans-5.1.8.RELEASE.jar:5.1.8.RELEASE]
	at org.springframework.beans.factory.support.AbstractAutowireCapableBeanFactory.doCreateBean(AbstractAutowireCapableBeanFactory.java:555) ~[spring-beans-5.1.8.RELEASE.jar:5.1.8.RELEASE]
	at org.springframework.beans.factory.support.AbstractAutowireCapableBeanFactory.createBean(AbstractAutowireCapableBeanFactory.java:515) ~[spring-beans-5.1.8.RELEASE.jar:5.1.8.RELEASE]
	at org.springframework.beans.factory.support.AbstractBeanFactory.lambda$doGetBean$0(AbstractBeanFactory.java:320) ~[spring-beans-5.1.8.RELEASE.jar:5.1.8.RELEASE]
	at org.springframework.beans.factory.support.DefaultSingletonBeanRegistry.getSingleton(DefaultSingletonBeanRegistry.java:222) ~[spring-beans-5.1.8.RELEASE.jar:5.1.8.RELEASE]
	at org.springframework.beans.factory.support.AbstractBeanFactory.doGetBean(AbstractBeanFactory.java:318) ~[spring-beans-5.1.8.RELEASE.jar:5.1.8.RELEASE]
	at org.springframework.beans.factory.support.AbstractBeanFactory.getBean(AbstractBeanFactory.java:199) ~[spring-beans-5.1.8.RELEASE.jar:5.1.8.RELEASE]
	at org.springframework.context.support.AbstractApplicationContext.getBean(AbstractApplicationContext.java:1105) ~[spring-context-5.1.8.RELEASE.jar:5.1.8.RELEASE]
	at org.springframework.context.support.AbstractApplicationContext.finishBeanFactoryInitialization(AbstractApplicationContext.java:867) ~[spring-context-5.1.8.RELEASE.jar:5.1.8.RELEASE]
	at org.springframework.context.support.AbstractApplicationContext.refresh(AbstractApplicationContext.java:549) ~[spring-context-5.1.8.RELEASE.jar:5.1.8.RELEASE]
	at org.springframework.boot.SpringApplication.refresh(SpringApplication.java:742) ~[spring-boot-2.1.6.RELEASE.jar:2.1.6.RELEASE]
	at org.springframework.boot.SpringApplication.refreshContext(SpringApplication.java:389) ~[spring-boot-2.1.6.RELEASE.jar:2.1.6.RELEASE]
	at org.springframework.boot.SpringApplication.run(SpringApplication.java:311) ~[spring-boot-2.1.6.RELEASE.jar:2.1.6.RELEASE]
	at org.springframework.boot.test.context.SpringBootContextLoader.loadContext(SpringBootContextLoader.java:119) ~[spring-boot-test-2.1.6.RELEASE.jar:2.1.6.RELEASE]
	at org.springframework.test.context.cache.DefaultCacheAwareContextLoaderDelegate.loadContextInternal(DefaultCacheAwareContextLoaderDelegate.java:99) ~[spring-test-5.1.8.RELEASE.jar:5.1.8.RELEASE]
	at org.springframework.test.context.cache.DefaultCacheAwareContextLoaderDelegate.loadContext(DefaultCacheAwareContextLoaderDelegate.java:117) ~[spring-test-5.1.8.RELEASE.jar:5.1.8.RELEASE]
	... 28 common frames omitted
Caused by: org.springframework.beans.factory.BeanCreationException: Error creating bean with name 'dataSource': Post-processing of FactoryBean's singleton object failed; nested exception is org.springframework.beans.factory.BeanCreationException: Error creating bean with name 'org.springframework.boot.autoconfigure.jdbc.DataSourceInitializerInvoker': Invocation of init method failed; nested exception is org.springframework.jdbc.datasource.init.ScriptStatementFailedException: Failed to execute SQL script statement #4 of URL [file:/C:/Users/naude/Desktop/IT%20Dev/Project1/AccountSystemRepository/target/test-classes/schema.sql]: CREATE TABLE VITRSA_SANDBOX.DEMO_ACCOUNT_TX ( TX_ID BIGINT NOT NULL, ACCOUNT_TYPE_ID BIGINT NOT NULL, MEMBER_ID BIGINT NOT NULL, AMOUNT BIGINT NOT NULL, TX_DATE DATE NOT NULL, PRIMARY KEY (TX_ID) CONSTRAINT FK_ACCOUNT_TYPE_ID FOREIGN KEY (ACCOUNT_TYPE_ID) REFERENCES VITRSA_SANDBOX.DEMO_ACCOUNT_TYPE (ACCOUNT_TYPE_ID) ); nested exception is org.h2.jdbc.JdbcSQLSyntaxErrorException: Syntax error in SQL statement "CREATE TABLE VITRSA_SANDBOX.DEMO_ACCOUNT_TX ( TX_ID BIGINT NOT NULL, ACCOUNT_TYPE_ID BIGINT NOT NULL, MEMBER_ID BIGINT NOT NULL, AMOUNT BIGINT NOT NULL, TX_DATE DATE NOT NULL, PRIMARY KEY (TX_ID) CONSTRAINT[*] FK_ACCOUNT_TYPE_ID FOREIGN KEY (ACCOUNT_TYPE_ID) REFERENCES VITRSA_SANDBOX.DEMO_ACCOUNT_TYPE (ACCOUNT_TYPE_ID) )"; expected "INDEX, ,, )"; SQL statement:
CREATE TABLE VITRSA_SANDBOX.DEMO_ACCOUNT_TX ( TX_ID BIGINT NOT NULL, ACCOUNT_TYPE_ID BIGINT NOT NULL, MEMBER_ID BIGINT NOT NULL, AMOUNT BIGINT NOT NULL, TX_DATE DATE NOT NULL, PRIMARY KEY (TX_ID) CONSTRAINT FK_ACCOUNT_TYPE_ID FOREIGN KEY (ACCOUNT_TYPE_ID) REFERENCES VITRSA_SANDBOX.DEMO_ACCOUNT_TYPE (ACCOUNT_TYPE_ID) ) [42001-199]
	at org.springframework.beans.factory.support.FactoryBeanRegistrySupport.getObjectFromFactoryBean(FactoryBeanRegistrySupport.java:119) ~[spring-beans-5.1.8.RELEASE.jar:5.1.8.RELEASE]
	at org.springframework.beans.factory.support.AbstractBeanFactory.getObjectForBeanInstance(AbstractBeanFactory.java:1674) ~[spring-beans-5.1.8.RELEASE.jar:5.1.8.RELEASE]
	at org.springframework.beans.factory.support.AbstractAutowireCapableBeanFactory.getObjectForBeanInstance(AbstractAutowireCapableBeanFactory.java:1249) ~[spring-beans-5.1.8.RELEASE.jar:5.1.8.RELEASE]
	at org.springframework.beans.factory.support.AbstractBeanFactory.doGetBean(AbstractBeanFactory.java:330) ~[spring-beans-5.1.8.RELEASE.jar:5.1.8.RELEASE]
	at org.springframework.beans.factory.support.AbstractBeanFactory.getBean(AbstractBeanFactory.java:199) ~[spring-beans-5.1.8.RELEASE.jar:5.1.8.RELEASE]
	at org.springframework.beans.factory.config.DependencyDescriptor.resolveCandidate(DependencyDescriptor.java:277) ~[spring-beans-5.1.8.RELEASE.jar:5.1.8.RELEASE]
	at org.springframework.beans.factory.support.DefaultListableBeanFactory.doResolveDependency(DefaultListableBeanFactory.java:1251) ~[spring-beans-5.1.8.RELEASE.jar:5.1.8.RELEASE]
	at org.springframework.beans.factory.support.DefaultListableBeanFactory.resolveDependency(DefaultListableBeanFactory.java:1171) ~[spring-beans-5.1.8.RELEASE.jar:5.1.8.RELEASE]
	at org.springframework.beans.factory.support.ConstructorResolver.resolveAutowiredArgument(ConstructorResolver.java:857) ~[spring-beans-5.1.8.RELEASE.jar:5.1.8.RELEASE]
	at org.springframework.beans.factory.support.ConstructorResolver.createArgumentArray(ConstructorResolver.java:760) ~[spring-beans-5.1.8.RELEASE.jar:5.1.8.RELEASE]
	... 55 common frames omitted
Caused by: org.springframework.beans.factory.BeanCreationException: Error creating bean with name 'org.springframework.boot.autoconfigure.jdbc.DataSourceInitializerInvoker': Invocation of init method failed; nested exception is org.springframework.jdbc.datasource.init.ScriptStatementFailedException: Failed to execute SQL script statement #4 of URL [file:/C:/Users/naude/Desktop/IT%20Dev/Project1/AccountSystemRepository/target/test-classes/schema.sql]: CREATE TABLE VITRSA_SANDBOX.DEMO_ACCOUNT_TX ( TX_ID BIGINT NOT NULL, ACCOUNT_TYPE_ID BIGINT NOT NULL, MEMBER_ID BIGINT NOT NULL, AMOUNT BIGINT NOT NULL, TX_DATE DATE NOT NULL, PRIMARY KEY (TX_ID) CONSTRAINT FK_ACCOUNT_TYPE_ID FOREIGN KEY (ACCOUNT_TYPE_ID) REFERENCES VITRSA_SANDBOX.DEMO_ACCOUNT_TYPE (ACCOUNT_TYPE_ID) ); nested exception is org.h2.jdbc.JdbcSQLSyntaxErrorException: Syntax error in SQL statement "CREATE TABLE VITRSA_SANDBOX.DEMO_ACCOUNT_TX ( TX_ID BIGINT NOT NULL, ACCOUNT_TYPE_ID BIGINT NOT NULL, MEMBER_ID BIGINT NOT NULL, AMOUNT BIGINT NOT NULL, TX_DATE DATE NOT NULL, PRIMARY KEY (TX_ID) CONSTRAINT[*] FK_ACCOUNT_TYPE_ID FOREIGN KEY (ACCOUNT_TYPE_ID) REFERENCES VITRSA_SANDBOX.DEMO_ACCOUNT_TYPE (ACCOUNT_TYPE_ID) )"; expected "INDEX, ,, )"; SQL statement:
CREATE TABLE VITRSA_SANDBOX.DEMO_ACCOUNT_TX ( TX_ID BIGINT NOT NULL, ACCOUNT_TYPE_ID BIGINT NOT NULL, MEMBER_ID BIGINT NOT NULL, AMOUNT BIGINT NOT NULL, TX_DATE DATE NOT NULL, PRIMARY KEY (TX_ID) CONSTRAINT FK_ACCOUNT_TYPE_ID FOREIGN KEY (ACCOUNT_TYPE_ID) REFERENCES VITRSA_SANDBOX.DEMO_ACCOUNT_TYPE (ACCOUNT_TYPE_ID) ) [42001-199]
	at org.springframework.beans.factory.support.AbstractAutowireCapableBeanFactory.initializeBean(AbstractAutowireCapableBeanFactory.java:1778) ~[spring-beans-5.1.8.RELEASE.jar:5.1.8.RELEASE]
	at org.springframework.beans.factory.support.AbstractAutowireCapableBeanFactory.doCreateBean(AbstractAutowireCapableBeanFactory.java:593) ~[spring-beans-5.1.8.RELEASE.jar:5.1.8.RELEASE]
	at org.springframework.beans.factory.support.AbstractAutowireCapableBeanFactory.createBean(AbstractAutowireCapableBeanFactory.java:515) ~[spring-beans-5.1.8.RELEASE.jar:5.1.8.RELEASE]
	at org.springframework.beans.factory.support.AbstractBeanFactory.lambda$doGetBean$0(AbstractBeanFactory.java:320) ~[spring-beans-5.1.8.RELEASE.jar:5.1.8.RELEASE]
	at org.springframework.beans.factory.support.DefaultSingletonBeanRegistry.getSingleton(DefaultSingletonBeanRegistry.java:222) ~[spring-beans-5.1.8.RELEASE.jar:5.1.8.RELEASE]
	at org.springframework.beans.factory.support.AbstractBeanFactory.doGetBean(AbstractBeanFactory.java:318) ~[spring-beans-5.1.8.RELEASE.jar:5.1.8.RELEASE]
	at org.springframework.beans.factory.support.AbstractBeanFactory.getBean(AbstractBeanFactory.java:224) ~[spring-beans-5.1.8.RELEASE.jar:5.1.8.RELEASE]
	at org.springframework.beans.factory.support.DefaultListableBeanFactory.resolveNamedBean(DefaultListableBeanFactory.java:1119) ~[spring-beans-5.1.8.RELEASE.jar:5.1.8.RELEASE]
	at org.springframework.beans.factory.support.DefaultListableBeanFactory.resolveBean(DefaultListableBeanFactory.java:411) ~[spring-beans-5.1.8.RELEASE.jar:5.1.8.RELEASE]
	at org.springframework.beans.factory.support.DefaultListableBeanFactory.getBean(DefaultListableBeanFactory.java:344) ~[spring-beans-5.1.8.RELEASE.jar:5.1.8.RELEASE]
	at org.springframework.beans.factory.support.DefaultListableBeanFactory.getBean(DefaultListableBeanFactory.java:337) ~[spring-beans-5.1.8.RELEASE.jar:5.1.8.RELEASE]
	at org.springframework.boot.autoconfigure.jdbc.DataSourceInitializerPostProcessor.postProcessAfterInitialization(DataSourceInitializerPostProcessor.java:53) ~[spring-boot-autoconfigure-2.1.6.RELEASE.jar:2.1.6.RELEASE]
	at org.springframework.beans.factory.support.AbstractAutowireCapableBeanFactory.applyBeanPostProcessorsAfterInitialization(AbstractAutowireCapableBeanFactory.java:429) ~[spring-beans-5.1.8.RELEASE.jar:5.1.8.RELEASE]
	at org.springframework.beans.factory.support.AbstractAutowireCapableBeanFactory.postProcessObjectFromFactoryBean(AbstractAutowireCapableBeanFactory.java:1921) ~[spring-beans-5.1.8.RELEASE.jar:5.1.8.RELEASE]
	at org.springframework.beans.factory.support.FactoryBeanRegistrySupport.getObjectFromFactoryBean(FactoryBeanRegistrySupport.java:116) ~[spring-beans-5.1.8.RELEASE.jar:5.1.8.RELEASE]
	... 64 common frames omitted
Caused by: org.springframework.jdbc.datasource.init.ScriptStatementFailedException: Failed to execute SQL script statement #4 of URL [file:/C:/Users/naude/Desktop/IT%20Dev/Project1/AccountSystemRepository/target/test-classes/schema.sql]: CREATE TABLE VITRSA_SANDBOX.DEMO_ACCOUNT_TX ( TX_ID BIGINT NOT NULL, ACCOUNT_TYPE_ID BIGINT NOT NULL, MEMBER_ID BIGINT NOT NULL, AMOUNT BIGINT NOT NULL, TX_DATE DATE NOT NULL, PRIMARY KEY (TX_ID) CONSTRAINT FK_ACCOUNT_TYPE_ID FOREIGN KEY (ACCOUNT_TYPE_ID) REFERENCES VITRSA_SANDBOX.DEMO_ACCOUNT_TYPE (ACCOUNT_TYPE_ID) ); nested exception is org.h2.jdbc.JdbcSQLSyntaxErrorException: Syntax error in SQL statement "CREATE TABLE VITRSA_SANDBOX.DEMO_ACCOUNT_TX ( TX_ID BIGINT NOT NULL, ACCOUNT_TYPE_ID BIGINT NOT NULL, MEMBER_ID BIGINT NOT NULL, AMOUNT BIGINT NOT NULL, TX_DATE DATE NOT NULL, PRIMARY KEY (TX_ID) CONSTRAINT[*] FK_ACCOUNT_TYPE_ID FOREIGN KEY (ACCOUNT_TYPE_ID) REFERENCES VITRSA_SANDBOX.DEMO_ACCOUNT_TYPE (ACCOUNT_TYPE_ID) )"; expected "INDEX, ,, )"; SQL statement:
CREATE TABLE VITRSA_SANDBOX.DEMO_ACCOUNT_TX ( TX_ID BIGINT NOT NULL, ACCOUNT_TYPE_ID BIGINT NOT NULL, MEMBER_ID BIGINT NOT NULL, AMOUNT BIGINT NOT NULL, TX_DATE DATE NOT NULL, PRIMARY KEY (TX_ID) CONSTRAINT FK_ACCOUNT_TYPE_ID FOREIGN KEY (ACCOUNT_TYPE_ID) REFERENCES VITRSA_SANDBOX.DEMO_ACCOUNT_TYPE (ACCOUNT_TYPE_ID) ) [42001-199]
	at org.springframework.jdbc.datasource.init.ScriptUtils.executeSqlScript(ScriptUtils.java:509) ~[spring-jdbc-5.1.8.RELEASE.jar:5.1.8.RELEASE]
	at org.springframework.jdbc.datasource.init.ResourceDatabasePopulator.populate(ResourceDatabasePopulator.java:238) ~[spring-jdbc-5.1.8.RELEASE.jar:5.1.8.RELEASE]
	at org.springframework.jdbc.datasource.init.DatabasePopulatorUtils.execute(DatabasePopulatorUtils.java:48) ~[spring-jdbc-5.1.8.RELEASE.jar:5.1.8.RELEASE]
	at org.springframework.boot.autoconfigure.jdbc.DataSourceInitializer.runScripts(DataSourceInitializer.java:202) ~[spring-boot-autoconfigure-2.1.6.RELEASE.jar:2.1.6.RELEASE]
	at org.springframework.boot.autoconfigure.jdbc.DataSourceInitializer.createSchema(DataSourceInitializer.java:101) ~[spring-boot-autoconfigure-2.1.6.RELEASE.jar:2.1.6.RELEASE]
	at org.springframework.boot.autoconfigure.jdbc.DataSourceInitializerInvoker.afterPropertiesSet(DataSourceInitializerInvoker.java:62) ~[spring-boot-autoconfigure-2.1.6.RELEASE.jar:2.1.6.RELEASE]
	at org.springframework.beans.factory.support.AbstractAutowireCapableBeanFactory.invokeInitMethods(AbstractAutowireCapableBeanFactory.java:1837) ~[spring-beans-5.1.8.RELEASE.jar:5.1.8.RELEASE]
	at org.springframework.beans.factory.support.AbstractAutowireCapableBeanFactory.initializeBean(AbstractAutowireCapableBeanFactory.java:1774) ~[spring-beans-5.1.8.RELEASE.jar:5.1.8.RELEASE]
	... 78 common frames omitted
Caused by: org.h2.jdbc.JdbcSQLSyntaxErrorException: Syntax error in SQL statement "CREATE TABLE VITRSA_SANDBOX.DEMO_ACCOUNT_TX ( TX_ID BIGINT NOT NULL, ACCOUNT_TYPE_ID BIGINT NOT NULL, MEMBER_ID BIGINT NOT NULL, AMOUNT BIGINT NOT NULL, TX_DATE DATE NOT NULL, PRIMARY KEY (TX_ID) CONSTRAINT[*] FK_ACCOUNT_TYPE_ID FOREIGN KEY (ACCOUNT_TYPE_ID) REFERENCES VITRSA_SANDBOX.DEMO_ACCOUNT_TYPE (ACCOUNT_TYPE_ID) )"; expected "INDEX, ,, )"; SQL statement:
CREATE TABLE VITRSA_SANDBOX.DEMO_ACCOUNT_TX ( TX_ID BIGINT NOT NULL, ACCOUNT_TYPE_ID BIGINT NOT NULL, MEMBER_ID BIGINT NOT NULL, AMOUNT BIGINT NOT NULL, TX_DATE DATE NOT NULL, PRIMARY KEY (TX_ID) CONSTRAINT FK_ACCOUNT_TYPE_ID FOREIGN KEY (ACCOUNT_TYPE_ID) REFERENCES VITRSA_SANDBOX.DEMO_ACCOUNT_TYPE (ACCOUNT_TYPE_ID) ) [42001-199]
	at org.h2.message.DbException.getJdbcSQLException(DbException.java:451) ~[h2-1.4.199.jar:1.4.199]
	at org.h2.message.DbException.getJdbcSQLException(DbException.java:427) ~[h2-1.4.199.jar:1.4.199]
	at org.h2.message.DbException.getSyntaxError(DbException.java:243) ~[h2-1.4.199.jar:1.4.199]
	at org.h2.command.Parser.getSyntaxError(Parser.java:991) ~[h2-1.4.199.jar:1.4.199]
	at org.h2.command.Parser.read(Parser.java:4549) ~[h2-1.4.199.jar:1.4.199]
	at org.h2.command.Parser.readIfMore(Parser.java:1391) ~[h2-1.4.199.jar:1.4.199]
	at org.h2.command.Parser.parseCreateTable(Parser.java:7833) ~[h2-1.4.199.jar:1.4.199]
	at org.h2.command.Parser.parseCreate(Parser.java:5818) ~[h2-1.4.199.jar:1.4.199]
	at org.h2.command.Parser.parsePrepared(Parser.java:846) ~[h2-1.4.199.jar:1.4.199]
	at org.h2.command.Parser.parse(Parser.java:788) ~[h2-1.4.199.jar:1.4.199]
	at org.h2.command.Parser.parse(Parser.java:764) ~[h2-1.4.199.jar:1.4.199]
	at org.h2.command.Parser.prepareCommand(Parser.java:683) ~[h2-1.4.199.jar:1.4.199]
	at org.h2.engine.Session.prepareLocal(Session.java:627) ~[h2-1.4.199.jar:1.4.199]
	at org.h2.engine.Session.prepareCommand(Session.java:565) ~[h2-1.4.199.jar:1.4.199]
	at org.h2.jdbc.JdbcConnection.prepareCommand(JdbcConnection.java:1292) ~[h2-1.4.199.jar:1.4.199]
	at org.h2.jdbc.JdbcStatement.executeInternal(JdbcStatement.java:217) ~[h2-1.4.199.jar:1.4.199]
	at org.h2.jdbc.JdbcStatement.execute(JdbcStatement.java:205) ~[h2-1.4.199.jar:1.4.199]
	at org.springframework.jdbc.datasource.init.ScriptUtils.executeSqlScript(ScriptUtils.java:488) ~[spring-jdbc-5.1.8.RELEASE.jar:5.1.8.RELEASE]
	... 85 common frames omitted

]]></system-out>
  </testcase>
  <testcase name="getAccountTypeDtoByMnemonicMiles" classname="za.ac.nwu.ac.repo.persistence.AccountTypeRepositoryTest" time="0">
    <error message="Failed to load ApplicationContext" type="java.lang.IllegalStateException">java.lang.IllegalStateException: Failed to load ApplicationContext
Caused by: org.springframework.beans.factory.UnsatisfiedDependencyException: 
Error creating bean with name 'org.springframework.boot.autoconfigure.orm.jpa.HibernateJpaConfiguration': Unsatisfied dependency expressed through constructor parameter 0; nested exception is org.springframework.beans.factory.BeanCreationException: Error creating bean with name 'dataSource': Post-processing of FactoryBean's singleton object failed; nested exception is org.springframework.beans.factory.BeanCreationException: Error creating bean with name 'org.springframework.boot.autoconfigure.jdbc.DataSourceInitializerInvoker': Invocation of init method failed; nested exception is org.springframework.jdbc.datasource.init.ScriptStatementFailedException: Failed to execute SQL script statement #4 of URL [file:/C:/Users/naude/Desktop/IT%20Dev/Project1/AccountSystemRepository/target/test-classes/schema.sql]: CREATE TABLE VITRSA_SANDBOX.DEMO_ACCOUNT_TX ( TX_ID BIGINT NOT NULL, ACCOUNT_TYPE_ID BIGINT NOT NULL, MEMBER_ID BIGINT NOT NULL, AMOUNT BIGINT NOT NULL, TX_DATE DATE NOT NULL, PRIMARY KEY (TX_ID) CONSTRAINT FK_ACCOUNT_TYPE_ID FOREIGN KEY (ACCOUNT_TYPE_ID) REFERENCES VITRSA_SANDBOX.DEMO_ACCOUNT_TYPE (ACCOUNT_TYPE_ID) ); nested exception is org.h2.jdbc.JdbcSQLSyntaxErrorException: Syntax error in SQL statement "CREATE TABLE VITRSA_SANDBOX.DEMO_ACCOUNT_TX ( TX_ID BIGINT NOT NULL, ACCOUNT_TYPE_ID BIGINT NOT NULL, MEMBER_ID BIGINT NOT NULL, AMOUNT BIGINT NOT NULL, TX_DATE DATE NOT NULL, PRIMARY KEY (TX_ID) CONSTRAINT[*] FK_ACCOUNT_TYPE_ID FOREIGN KEY (ACCOUNT_TYPE_ID) REFERENCES VITRSA_SANDBOX.DEMO_ACCOUNT_TYPE (ACCOUNT_TYPE_ID) )"; expected "INDEX, ,, )"; SQL statement:
CREATE TABLE VITRSA_SANDBOX.DEMO_ACCOUNT_TX ( TX_ID BIGINT NOT NULL, ACCOUNT_TYPE_ID BIGINT NOT NULL, MEMBER_ID BIGINT NOT NULL, AMOUNT BIGINT NOT NULL, TX_DATE DATE NOT NULL, PRIMARY KEY (TX_ID) CONSTRAINT FK_ACCOUNT_TYPE_ID FOREIGN KEY (ACCOUNT_TYPE_ID) REFERENCES VITRSA_SANDBOX.DEMO_ACCOUNT_TYPE (ACCOUNT_TYPE_ID) ) [42001-199]
Caused by: org.springframework.beans.factory.BeanCreationException: 
Error creating bean with name 'dataSource': Post-processing of FactoryBean's singleton object failed; nested exception is org.springframework.beans.factory.BeanCreationException: Error creating bean with name 'org.springframework.boot.autoconfigure.jdbc.DataSourceInitializerInvoker': Invocation of init method failed; nested exception is org.springframework.jdbc.datasource.init.ScriptStatementFailedException: Failed to execute SQL script statement #4 of URL [file:/C:/Users/naude/Desktop/IT%20Dev/Project1/AccountSystemRepository/target/test-classes/schema.sql]: CREATE TABLE VITRSA_SANDBOX.DEMO_ACCOUNT_TX ( TX_ID BIGINT NOT NULL, ACCOUNT_TYPE_ID BIGINT NOT NULL, MEMBER_ID BIGINT NOT NULL, AMOUNT BIGINT NOT NULL, TX_DATE DATE NOT NULL, PRIMARY KEY (TX_ID) CONSTRAINT FK_ACCOUNT_TYPE_ID FOREIGN KEY (ACCOUNT_TYPE_ID) REFERENCES VITRSA_SANDBOX.DEMO_ACCOUNT_TYPE (ACCOUNT_TYPE_ID) ); nested exception is org.h2.jdbc.JdbcSQLSyntaxErrorException: Syntax error in SQL statement "CREATE TABLE VITRSA_SANDBOX.DEMO_ACCOUNT_TX ( TX_ID BIGINT NOT NULL, ACCOUNT_TYPE_ID BIGINT NOT NULL, MEMBER_ID BIGINT NOT NULL, AMOUNT BIGINT NOT NULL, TX_DATE DATE NOT NULL, PRIMARY KEY (TX_ID) CONSTRAINT[*] FK_ACCOUNT_TYPE_ID FOREIGN KEY (ACCOUNT_TYPE_ID) REFERENCES VITRSA_SANDBOX.DEMO_ACCOUNT_TYPE (ACCOUNT_TYPE_ID) )"; expected "INDEX, ,, )"; SQL statement:
CREATE TABLE VITRSA_SANDBOX.DEMO_ACCOUNT_TX ( TX_ID BIGINT NOT NULL, ACCOUNT_TYPE_ID BIGINT NOT NULL, MEMBER_ID BIGINT NOT NULL, AMOUNT BIGINT NOT NULL, TX_DATE DATE NOT NULL, PRIMARY KEY (TX_ID) CONSTRAINT FK_ACCOUNT_TYPE_ID FOREIGN KEY (ACCOUNT_TYPE_ID) REFERENCES VITRSA_SANDBOX.DEMO_ACCOUNT_TYPE (ACCOUNT_TYPE_ID) ) [42001-199]
Caused by: org.springframework.beans.factory.BeanCreationException: 
Error creating bean with name 'org.springframework.boot.autoconfigure.jdbc.DataSourceInitializerInvoker': Invocation of init method failed; nested exception is org.springframework.jdbc.datasource.init.ScriptStatementFailedException: Failed to execute SQL script statement #4 of URL [file:/C:/Users/naude/Desktop/IT%20Dev/Project1/AccountSystemRepository/target/test-classes/schema.sql]: CREATE TABLE VITRSA_SANDBOX.DEMO_ACCOUNT_TX ( TX_ID BIGINT NOT NULL, ACCOUNT_TYPE_ID BIGINT NOT NULL, MEMBER_ID BIGINT NOT NULL, AMOUNT BIGINT NOT NULL, TX_DATE DATE NOT NULL, PRIMARY KEY (TX_ID) CONSTRAINT FK_ACCOUNT_TYPE_ID FOREIGN KEY (ACCOUNT_TYPE_ID) REFERENCES VITRSA_SANDBOX.DEMO_ACCOUNT_TYPE (ACCOUNT_TYPE_ID) ); nested exception is org.h2.jdbc.JdbcSQLSyntaxErrorException: Syntax error in SQL statement "CREATE TABLE VITRSA_SANDBOX.DEMO_ACCOUNT_TX ( TX_ID BIGINT NOT NULL, ACCOUNT_TYPE_ID BIGINT NOT NULL, MEMBER_ID BIGINT NOT NULL, AMOUNT BIGINT NOT NULL, TX_DATE DATE NOT NULL, PRIMARY KEY (TX_ID) CONSTRAINT[*] FK_ACCOUNT_TYPE_ID FOREIGN KEY (ACCOUNT_TYPE_ID) REFERENCES VITRSA_SANDBOX.DEMO_ACCOUNT_TYPE (ACCOUNT_TYPE_ID) )"; expected "INDEX, ,, )"; SQL statement:
CREATE TABLE VITRSA_SANDBOX.DEMO_ACCOUNT_TX ( TX_ID BIGINT NOT NULL, ACCOUNT_TYPE_ID BIGINT NOT NULL, MEMBER_ID BIGINT NOT NULL, AMOUNT BIGINT NOT NULL, TX_DATE DATE NOT NULL, PRIMARY KEY (TX_ID) CONSTRAINT FK_ACCOUNT_TYPE_ID FOREIGN KEY (ACCOUNT_TYPE_ID) REFERENCES VITRSA_SANDBOX.DEMO_ACCOUNT_TYPE (ACCOUNT_TYPE_ID) ) [42001-199]
Caused by: org.springframework.jdbc.datasource.init.ScriptStatementFailedException: 
Failed to execute SQL script statement #4 of URL [file:/C:/Users/naude/Desktop/IT%20Dev/Project1/AccountSystemRepository/target/test-classes/schema.sql]: CREATE TABLE VITRSA_SANDBOX.DEMO_ACCOUNT_TX ( TX_ID BIGINT NOT NULL, ACCOUNT_TYPE_ID BIGINT NOT NULL, MEMBER_ID BIGINT NOT NULL, AMOUNT BIGINT NOT NULL, TX_DATE DATE NOT NULL, PRIMARY KEY (TX_ID) CONSTRAINT FK_ACCOUNT_TYPE_ID FOREIGN KEY (ACCOUNT_TYPE_ID) REFERENCES VITRSA_SANDBOX.DEMO_ACCOUNT_TYPE (ACCOUNT_TYPE_ID) ); nested exception is org.h2.jdbc.JdbcSQLSyntaxErrorException: Syntax error in SQL statement "CREATE TABLE VITRSA_SANDBOX.DEMO_ACCOUNT_TX ( TX_ID BIGINT NOT NULL, ACCOUNT_TYPE_ID BIGINT NOT NULL, MEMBER_ID BIGINT NOT NULL, AMOUNT BIGINT NOT NULL, TX_DATE DATE NOT NULL, PRIMARY KEY (TX_ID) CONSTRAINT[*] FK_ACCOUNT_TYPE_ID FOREIGN KEY (ACCOUNT_TYPE_ID) REFERENCES VITRSA_SANDBOX.DEMO_ACCOUNT_TYPE (ACCOUNT_TYPE_ID) )"; expected "INDEX, ,, )"; SQL statement:
CREATE TABLE VITRSA_SANDBOX.DEMO_ACCOUNT_TX ( TX_ID BIGINT NOT NULL, ACCOUNT_TYPE_ID BIGINT NOT NULL, MEMBER_ID BIGINT NOT NULL, AMOUNT BIGINT NOT NULL, TX_DATE DATE NOT NULL, PRIMARY KEY (TX_ID) CONSTRAINT FK_ACCOUNT_TYPE_ID FOREIGN KEY (ACCOUNT_TYPE_ID) REFERENCES VITRSA_SANDBOX.DEMO_ACCOUNT_TYPE (ACCOUNT_TYPE_ID) ) [42001-199]
Caused by: org.h2.jdbc.JdbcSQLSyntaxErrorException: 
Syntax error in SQL statement "CREATE TABLE VITRSA_SANDBOX.DEMO_ACCOUNT_TX ( TX_ID BIGINT NOT NULL, ACCOUNT_TYPE_ID BIGINT NOT NULL, MEMBER_ID BIGINT NOT NULL, AMOUNT BIGINT NOT NULL, TX_DATE DATE NOT NULL, PRIMARY KEY (TX_ID) CONSTRAINT[*] FK_ACCOUNT_TYPE_ID FOREIGN KEY (ACCOUNT_TYPE_ID) REFERENCES VITRSA_SANDBOX.DEMO_ACCOUNT_TYPE (ACCOUNT_TYPE_ID) )"; expected "INDEX, ,, )"; SQL statement:
CREATE TABLE VITRSA_SANDBOX.DEMO_ACCOUNT_TX ( TX_ID BIGINT NOT NULL, ACCOUNT_TYPE_ID BIGINT NOT NULL, MEMBER_ID BIGINT NOT NULL, AMOUNT BIGINT NOT NULL, TX_DATE DATE NOT NULL, PRIMARY KEY (TX_ID) CONSTRAINT FK_ACCOUNT_TYPE_ID FOREIGN KEY (ACCOUNT_TYPE_ID) REFERENCES VITRSA_SANDBOX.DEMO_ACCOUNT_TYPE (ACCOUNT_TYPE_ID) ) [42001-199]
</error>
    <system-out><![CDATA[
  .   ____          _            __ _ _
 /\\ / ___'_ __ _ _(_)_ __  __ _ \ \ \ \
( ( )\___ | '_ | '_| | '_ \/ _` | \ \ \ \
 \\/  ___)| |_)| | | | | || (_| |  ) ) ) )
  '  |____| .__|_| |_|_| |_\__, | / / / /
 =========|_|==============|___/=/_/_/_/
 :: Spring Boot ::        (v2.1.6.RELEASE)

2021-09-22 15:33:25.511  INFO 5696 --- [           main] z.a.n.a.r.p.AccountTypeRepositoryTest    : Starting AccountTypeRepositoryTest on DESKTOP-074OGOO with PID 5696 (started by naude in C:\Users\naude\Desktop\IT Dev\Project1\AccountSystemRepository)
2021-09-22 15:33:25.512  INFO 5696 --- [           main] z.a.n.a.r.p.AccountTypeRepositoryTest    : No active profile set, falling back to default profiles: default
2021-09-22 15:33:25.730  INFO 5696 --- [           main] .s.d.r.c.RepositoryConfigurationDelegate : Bootstrapping Spring Data repositories in DEFAULT mode.
2021-09-22 15:33:25.784  INFO 5696 --- [           main] .s.d.r.c.RepositoryConfigurationDelegate : Finished Spring Data repository scanning in 54ms. Found 1 repository interfaces.
2021-09-22 15:33:25.840  INFO 5696 --- [           main] beddedDataSourceBeanFactoryPostProcessor : Replacing 'dataSource' DataSource bean with embedded version
2021-09-22 15:33:25.905  INFO 5696 --- [           main] o.s.j.d.e.EmbeddedDatabaseFactory        : Starting embedded database: url='jdbc:h2:mem:60330940-3edc-49cf-973e-68cf63649c75;DB_CLOSE_DELAY=-1;DB_CLOSE_ON_EXIT=false', username='sa'
2021-09-22 15:33:25.962  WARN 5696 --- [           main] s.c.a.AnnotationConfigApplicationContext : Exception encountered during context initialization - cancelling refresh attempt: org.springframework.beans.factory.UnsatisfiedDependencyException: Error creating bean with name 'org.springframework.boot.autoconfigure.orm.jpa.HibernateJpaConfiguration': Unsatisfied dependency expressed through constructor parameter 0; nested exception is org.springframework.beans.factory.BeanCreationException: Error creating bean with name 'dataSource': Post-processing of FactoryBean's singleton object failed; nested exception is org.springframework.beans.factory.BeanCreationException: Error creating bean with name 'org.springframework.boot.autoconfigure.jdbc.DataSourceInitializerInvoker': Invocation of init method failed; nested exception is org.springframework.jdbc.datasource.init.ScriptStatementFailedException: Failed to execute SQL script statement #4 of URL [file:/C:/Users/naude/Desktop/IT%20Dev/Project1/AccountSystemRepository/target/test-classes/schema.sql]: CREATE TABLE VITRSA_SANDBOX.DEMO_ACCOUNT_TX ( TX_ID BIGINT NOT NULL, ACCOUNT_TYPE_ID BIGINT NOT NULL, MEMBER_ID BIGINT NOT NULL, AMOUNT BIGINT NOT NULL, TX_DATE DATE NOT NULL, PRIMARY KEY (TX_ID) CONSTRAINT FK_ACCOUNT_TYPE_ID FOREIGN KEY (ACCOUNT_TYPE_ID) REFERENCES VITRSA_SANDBOX.DEMO_ACCOUNT_TYPE (ACCOUNT_TYPE_ID) ); nested exception is org.h2.jdbc.JdbcSQLSyntaxErrorException: Syntax error in SQL statement "CREATE TABLE VITRSA_SANDBOX.DEMO_ACCOUNT_TX ( TX_ID BIGINT NOT NULL, ACCOUNT_TYPE_ID BIGINT NOT NULL, MEMBER_ID BIGINT NOT NULL, AMOUNT BIGINT NOT NULL, TX_DATE DATE NOT NULL, PRIMARY KEY (TX_ID) CONSTRAINT[*] FK_ACCOUNT_TYPE_ID FOREIGN KEY (ACCOUNT_TYPE_ID) REFERENCES VITRSA_SANDBOX.DEMO_ACCOUNT_TYPE (ACCOUNT_TYPE_ID) )"; expected "INDEX, ,, )"; SQL statement:
CREATE TABLE VITRSA_SANDBOX.DEMO_ACCOUNT_TX ( TX_ID BIGINT NOT NULL, ACCOUNT_TYPE_ID BIGINT NOT NULL, MEMBER_ID BIGINT NOT NULL, AMOUNT BIGINT NOT NULL, TX_DATE DATE NOT NULL, PRIMARY KEY (TX_ID) CONSTRAINT FK_ACCOUNT_TYPE_ID FOREIGN KEY (ACCOUNT_TYPE_ID) REFERENCES VITRSA_SANDBOX.DEMO_ACCOUNT_TYPE (ACCOUNT_TYPE_ID) ) [42001-199]
2021-09-22 15:33:25.963  INFO 5696 --- [           main] ConditionEvaluationReportLoggingListener : 

Error starting ApplicationContext. To display the conditions report re-run your application with 'debug' enabled.
2021-09-22 15:33:25.994 ERROR 5696 --- [           main] o.s.boot.SpringApplication               : Application run failed

org.springframework.beans.factory.UnsatisfiedDependencyException: Error creating bean with name 'org.springframework.boot.autoconfigure.orm.jpa.HibernateJpaConfiguration': Unsatisfied dependency expressed through constructor parameter 0; nested exception is org.springframework.beans.factory.BeanCreationException: Error creating bean with name 'dataSource': Post-processing of FactoryBean's singleton object failed; nested exception is org.springframework.beans.factory.BeanCreationException: Error creating bean with name 'org.springframework.boot.autoconfigure.jdbc.DataSourceInitializerInvoker': Invocation of init method failed; nested exception is org.springframework.jdbc.datasource.init.ScriptStatementFailedException: Failed to execute SQL script statement #4 of URL [file:/C:/Users/naude/Desktop/IT%20Dev/Project1/AccountSystemRepository/target/test-classes/schema.sql]: CREATE TABLE VITRSA_SANDBOX.DEMO_ACCOUNT_TX ( TX_ID BIGINT NOT NULL, ACCOUNT_TYPE_ID BIGINT NOT NULL, MEMBER_ID BIGINT NOT NULL, AMOUNT BIGINT NOT NULL, TX_DATE DATE NOT NULL, PRIMARY KEY (TX_ID) CONSTRAINT FK_ACCOUNT_TYPE_ID FOREIGN KEY (ACCOUNT_TYPE_ID) REFERENCES VITRSA_SANDBOX.DEMO_ACCOUNT_TYPE (ACCOUNT_TYPE_ID) ); nested exception is org.h2.jdbc.JdbcSQLSyntaxErrorException: Syntax error in SQL statement "CREATE TABLE VITRSA_SANDBOX.DEMO_ACCOUNT_TX ( TX_ID BIGINT NOT NULL, ACCOUNT_TYPE_ID BIGINT NOT NULL, MEMBER_ID BIGINT NOT NULL, AMOUNT BIGINT NOT NULL, TX_DATE DATE NOT NULL, PRIMARY KEY (TX_ID) CONSTRAINT[*] FK_ACCOUNT_TYPE_ID FOREIGN KEY (ACCOUNT_TYPE_ID) REFERENCES VITRSA_SANDBOX.DEMO_ACCOUNT_TYPE (ACCOUNT_TYPE_ID) )"; expected "INDEX, ,, )"; SQL statement:
CREATE TABLE VITRSA_SANDBOX.DEMO_ACCOUNT_TX ( TX_ID BIGINT NOT NULL, ACCOUNT_TYPE_ID BIGINT NOT NULL, MEMBER_ID BIGINT NOT NULL, AMOUNT BIGINT NOT NULL, TX_DATE DATE NOT NULL, PRIMARY KEY (TX_ID) CONSTRAINT FK_ACCOUNT_TYPE_ID FOREIGN KEY (ACCOUNT_TYPE_ID) REFERENCES VITRSA_SANDBOX.DEMO_ACCOUNT_TYPE (ACCOUNT_TYPE_ID) ) [42001-199]
	at org.springframework.beans.factory.support.ConstructorResolver.createArgumentArray(ConstructorResolver.java:769) ~[spring-beans-5.1.8.RELEASE.jar:5.1.8.RELEASE]
	at org.springframework.beans.factory.support.ConstructorResolver.autowireConstructor(ConstructorResolver.java:218) ~[spring-beans-5.1.8.RELEASE.jar:5.1.8.RELEASE]
	at org.springframework.beans.factory.support.AbstractAutowireCapableBeanFactory.autowireConstructor(AbstractAutowireCapableBeanFactory.java:1341) ~[spring-beans-5.1.8.RELEASE.jar:5.1.8.RELEASE]
	at org.springframework.beans.factory.support.AbstractAutowireCapableBeanFactory.createBeanInstance(AbstractAutowireCapableBeanFactory.java:1187) ~[spring-beans-5.1.8.RELEASE.jar:5.1.8.RELEASE]
	at org.springframework.beans.factory.support.AbstractAutowireCapableBeanFactory.doCreateBean(AbstractAutowireCapableBeanFactory.java:555) ~[spring-beans-5.1.8.RELEASE.jar:5.1.8.RELEASE]
	at org.springframework.beans.factory.support.AbstractAutowireCapableBeanFactory.createBean(AbstractAutowireCapableBeanFactory.java:515) ~[spring-beans-5.1.8.RELEASE.jar:5.1.8.RELEASE]
	at org.springframework.beans.factory.support.AbstractBeanFactory.lambda$doGetBean$0(AbstractBeanFactory.java:320) ~[spring-beans-5.1.8.RELEASE.jar:5.1.8.RELEASE]
	at org.springframework.beans.factory.support.DefaultSingletonBeanRegistry.getSingleton(DefaultSingletonBeanRegistry.java:222) ~[spring-beans-5.1.8.RELEASE.jar:5.1.8.RELEASE]
	at org.springframework.beans.factory.support.AbstractBeanFactory.doGetBean(AbstractBeanFactory.java:318) ~[spring-beans-5.1.8.RELEASE.jar:5.1.8.RELEASE]
	at org.springframework.beans.factory.support.AbstractBeanFactory.getBean(AbstractBeanFactory.java:199) ~[spring-beans-5.1.8.RELEASE.jar:5.1.8.RELEASE]
	at org.springframework.beans.factory.support.ConstructorResolver.instantiateUsingFactoryMethod(ConstructorResolver.java:392) ~[spring-beans-5.1.8.RELEASE.jar:5.1.8.RELEASE]
	at org.springframework.beans.factory.support.AbstractAutowireCapableBeanFactory.instantiateUsingFactoryMethod(AbstractAutowireCapableBeanFactory.java:1321) ~[spring-beans-5.1.8.RELEASE.jar:5.1.8.RELEASE]
	at org.springframework.beans.factory.support.AbstractAutowireCapableBeanFactory.createBeanInstance(AbstractAutowireCapableBeanFactory.java:1160) ~[spring-beans-5.1.8.RELEASE.jar:5.1.8.RELEASE]
	at org.springframework.beans.factory.support.AbstractAutowireCapableBeanFactory.doCreateBean(AbstractAutowireCapableBeanFactory.java:555) ~[spring-beans-5.1.8.RELEASE.jar:5.1.8.RELEASE]
	at org.springframework.beans.factory.support.AbstractAutowireCapableBeanFactory.createBean(AbstractAutowireCapableBeanFactory.java:515) ~[spring-beans-5.1.8.RELEASE.jar:5.1.8.RELEASE]
	at org.springframework.beans.factory.support.AbstractBeanFactory.lambda$doGetBean$0(AbstractBeanFactory.java:320) ~[spring-beans-5.1.8.RELEASE.jar:5.1.8.RELEASE]
	at org.springframework.beans.factory.support.DefaultSingletonBeanRegistry.getSingleton(DefaultSingletonBeanRegistry.java:222) ~[spring-beans-5.1.8.RELEASE.jar:5.1.8.RELEASE]
	at org.springframework.beans.factory.support.AbstractBeanFactory.doGetBean(AbstractBeanFactory.java:318) ~[spring-beans-5.1.8.RELEASE.jar:5.1.8.RELEASE]
	at org.springframework.beans.factory.support.AbstractBeanFactory.getBean(AbstractBeanFactory.java:199) ~[spring-beans-5.1.8.RELEASE.jar:5.1.8.RELEASE]
	at org.springframework.context.support.AbstractApplicationContext.getBean(AbstractApplicationContext.java:1105) ~[spring-context-5.1.8.RELEASE.jar:5.1.8.RELEASE]
	at org.springframework.context.support.AbstractApplicationContext.finishBeanFactoryInitialization(AbstractApplicationContext.java:867) ~[spring-context-5.1.8.RELEASE.jar:5.1.8.RELEASE]
	at org.springframework.context.support.AbstractApplicationContext.refresh(AbstractApplicationContext.java:549) ~[spring-context-5.1.8.RELEASE.jar:5.1.8.RELEASE]
	at org.springframework.boot.SpringApplication.refresh(SpringApplication.java:742) ~[spring-boot-2.1.6.RELEASE.jar:2.1.6.RELEASE]
	at org.springframework.boot.SpringApplication.refreshContext(SpringApplication.java:389) ~[spring-boot-2.1.6.RELEASE.jar:2.1.6.RELEASE]
	at org.springframework.boot.SpringApplication.run(SpringApplication.java:311) ~[spring-boot-2.1.6.RELEASE.jar:2.1.6.RELEASE]
	at org.springframework.boot.test.context.SpringBootContextLoader.loadContext(SpringBootContextLoader.java:119) ~[spring-boot-test-2.1.6.RELEASE.jar:2.1.6.RELEASE]
	at org.springframework.test.context.cache.DefaultCacheAwareContextLoaderDelegate.loadContextInternal(DefaultCacheAwareContextLoaderDelegate.java:99) ~[spring-test-5.1.8.RELEASE.jar:5.1.8.RELEASE]
	at org.springframework.test.context.cache.DefaultCacheAwareContextLoaderDelegate.loadContext(DefaultCacheAwareContextLoaderDelegate.java:117) ~[spring-test-5.1.8.RELEASE.jar:5.1.8.RELEASE]
	at org.springframework.test.context.support.DefaultTestContext.getApplicationContext(DefaultTestContext.java:108) ~[spring-test-5.1.8.RELEASE.jar:5.1.8.RELEASE]
	at org.springframework.test.context.support.DependencyInjectionTestExecutionListener.injectDependencies(DependencyInjectionTestExecutionListener.java:118) ~[spring-test-5.1.8.RELEASE.jar:5.1.8.RELEASE]
	at org.springframework.test.context.support.DependencyInjectionTestExecutionListener.prepareTestInstance(DependencyInjectionTestExecutionListener.java:83) ~[spring-test-5.1.8.RELEASE.jar:5.1.8.RELEASE]
	at org.springframework.boot.test.autoconfigure.SpringBootDependencyInjectionTestExecutionListener.prepareTestInstance(SpringBootDependencyInjectionTestExecutionListener.java:43) ~[spring-boot-test-autoconfigure-2.1.6.RELEASE.jar:2.1.6.RELEASE]
	at org.springframework.test.context.TestContextManager.prepareTestInstance(TestContextManager.java:246) ~[spring-test-5.1.8.RELEASE.jar:5.1.8.RELEASE]
	at org.springframework.test.context.junit4.SpringJUnit4ClassRunner.createTest(SpringJUnit4ClassRunner.java:227) ~[spring-test-5.1.8.RELEASE.jar:5.1.8.RELEASE]
	at org.springframework.test.context.junit4.SpringJUnit4ClassRunner$1.runReflectiveCall(SpringJUnit4ClassRunner.java:289) ~[spring-test-5.1.8.RELEASE.jar:5.1.8.RELEASE]
	at org.junit.internal.runners.model.ReflectiveCallable.run(ReflectiveCallable.java:12) ~[junit-4.12.jar:4.12]
	at org.springframework.test.context.junit4.SpringJUnit4ClassRunner.methodBlock(SpringJUnit4ClassRunner.java:291) ~[spring-test-5.1.8.RELEASE.jar:5.1.8.RELEASE]
	at org.springframework.test.context.junit4.SpringJUnit4ClassRunner.runChild(SpringJUnit4ClassRunner.java:246) ~[spring-test-5.1.8.RELEASE.jar:5.1.8.RELEASE]
	at org.springframework.test.context.junit4.SpringJUnit4ClassRunner.runChild(SpringJUnit4ClassRunner.java:97) ~[spring-test-5.1.8.RELEASE.jar:5.1.8.RELEASE]
	at org.junit.runners.ParentRunner$3.run(ParentRunner.java:290) ~[junit-4.12.jar:4.12]
	at org.junit.runners.ParentRunner$1.schedule(ParentRunner.java:71) ~[junit-4.12.jar:4.12]
	at org.junit.runners.ParentRunner.runChildren(ParentRunner.java:288) ~[junit-4.12.jar:4.12]
	at org.junit.runners.ParentRunner.access$000(ParentRunner.java:58) ~[junit-4.12.jar:4.12]
	at org.junit.runners.ParentRunner$2.evaluate(ParentRunner.java:268) ~[junit-4.12.jar:4.12]
	at org.springframework.test.context.junit4.statements.RunBeforeTestClassCallbacks.evaluate(RunBeforeTestClassCallbacks.java:61) ~[spring-test-5.1.8.RELEASE.jar:5.1.8.RELEASE]
	at org.springframework.test.context.junit4.statements.RunAfterTestClassCallbacks.evaluate(RunAfterTestClassCallbacks.java:70) ~[spring-test-5.1.8.RELEASE.jar:5.1.8.RELEASE]
	at org.junit.runners.ParentRunner.run(ParentRunner.java:363) ~[junit-4.12.jar:4.12]
	at org.springframework.test.context.junit4.SpringJUnit4ClassRunner.run(SpringJUnit4ClassRunner.java:190) ~[spring-test-5.1.8.RELEASE.jar:5.1.8.RELEASE]
	at org.apache.maven.surefire.junit4.JUnit4Provider.execute(JUnit4Provider.java:365) ~[surefire-junit4-2.22.2.jar:2.22.2]
	at org.apache.maven.surefire.junit4.JUnit4Provider.executeWithRerun(JUnit4Provider.java:273) ~[surefire-junit4-2.22.2.jar:2.22.2]
	at org.apache.maven.surefire.junit4.JUnit4Provider.executeTestSet(JUnit4Provider.java:238) ~[surefire-junit4-2.22.2.jar:2.22.2]
	at org.apache.maven.surefire.junit4.JUnit4Provider.invoke(JUnit4Provider.java:159) ~[surefire-junit4-2.22.2.jar:2.22.2]
	at org.apache.maven.surefire.booter.ForkedBooter.invokeProviderInSameClassLoader(ForkedBooter.java:384) ~[surefire-booter-2.22.2.jar:2.22.2]
	at org.apache.maven.surefire.booter.ForkedBooter.runSuitesInProcess(ForkedBooter.java:345) ~[surefire-booter-2.22.2.jar:2.22.2]
	at org.apache.maven.surefire.booter.ForkedBooter.execute(ForkedBooter.java:126) ~[surefire-booter-2.22.2.jar:2.22.2]
	at org.apache.maven.surefire.booter.ForkedBooter.main(ForkedBooter.java:418) ~[surefire-booter-2.22.2.jar:2.22.2]
Caused by: org.springframework.beans.factory.BeanCreationException: Error creating bean with name 'dataSource': Post-processing of FactoryBean's singleton object failed; nested exception is org.springframework.beans.factory.BeanCreationException: Error creating bean with name 'org.springframework.boot.autoconfigure.jdbc.DataSourceInitializerInvoker': Invocation of init method failed; nested exception is org.springframework.jdbc.datasource.init.ScriptStatementFailedException: Failed to execute SQL script statement #4 of URL [file:/C:/Users/naude/Desktop/IT%20Dev/Project1/AccountSystemRepository/target/test-classes/schema.sql]: CREATE TABLE VITRSA_SANDBOX.DEMO_ACCOUNT_TX ( TX_ID BIGINT NOT NULL, ACCOUNT_TYPE_ID BIGINT NOT NULL, MEMBER_ID BIGINT NOT NULL, AMOUNT BIGINT NOT NULL, TX_DATE DATE NOT NULL, PRIMARY KEY (TX_ID) CONSTRAINT FK_ACCOUNT_TYPE_ID FOREIGN KEY (ACCOUNT_TYPE_ID) REFERENCES VITRSA_SANDBOX.DEMO_ACCOUNT_TYPE (ACCOUNT_TYPE_ID) ); nested exception is org.h2.jdbc.JdbcSQLSyntaxErrorException: Syntax error in SQL statement "CREATE TABLE VITRSA_SANDBOX.DEMO_ACCOUNT_TX ( TX_ID BIGINT NOT NULL, ACCOUNT_TYPE_ID BIGINT NOT NULL, MEMBER_ID BIGINT NOT NULL, AMOUNT BIGINT NOT NULL, TX_DATE DATE NOT NULL, PRIMARY KEY (TX_ID) CONSTRAINT[*] FK_ACCOUNT_TYPE_ID FOREIGN KEY (ACCOUNT_TYPE_ID) REFERENCES VITRSA_SANDBOX.DEMO_ACCOUNT_TYPE (ACCOUNT_TYPE_ID) )"; expected "INDEX, ,, )"; SQL statement:
CREATE TABLE VITRSA_SANDBOX.DEMO_ACCOUNT_TX ( TX_ID BIGINT NOT NULL, ACCOUNT_TYPE_ID BIGINT NOT NULL, MEMBER_ID BIGINT NOT NULL, AMOUNT BIGINT NOT NULL, TX_DATE DATE NOT NULL, PRIMARY KEY (TX_ID) CONSTRAINT FK_ACCOUNT_TYPE_ID FOREIGN KEY (ACCOUNT_TYPE_ID) REFERENCES VITRSA_SANDBOX.DEMO_ACCOUNT_TYPE (ACCOUNT_TYPE_ID) ) [42001-199]
	at org.springframework.beans.factory.support.FactoryBeanRegistrySupport.getObjectFromFactoryBean(FactoryBeanRegistrySupport.java:119) ~[spring-beans-5.1.8.RELEASE.jar:5.1.8.RELEASE]
	at org.springframework.beans.factory.support.AbstractBeanFactory.getObjectForBeanInstance(AbstractBeanFactory.java:1674) ~[spring-beans-5.1.8.RELEASE.jar:5.1.8.RELEASE]
	at org.springframework.beans.factory.support.AbstractAutowireCapableBeanFactory.getObjectForBeanInstance(AbstractAutowireCapableBeanFactory.java:1249) ~[spring-beans-5.1.8.RELEASE.jar:5.1.8.RELEASE]
	at org.springframework.beans.factory.support.AbstractBeanFactory.doGetBean(AbstractBeanFactory.java:330) ~[spring-beans-5.1.8.RELEASE.jar:5.1.8.RELEASE]
	at org.springframework.beans.factory.support.AbstractBeanFactory.getBean(AbstractBeanFactory.java:199) ~[spring-beans-5.1.8.RELEASE.jar:5.1.8.RELEASE]
	at org.springframework.beans.factory.config.DependencyDescriptor.resolveCandidate(DependencyDescriptor.java:277) ~[spring-beans-5.1.8.RELEASE.jar:5.1.8.RELEASE]
	at org.springframework.beans.factory.support.DefaultListableBeanFactory.doResolveDependency(DefaultListableBeanFactory.java:1251) ~[spring-beans-5.1.8.RELEASE.jar:5.1.8.RELEASE]
	at org.springframework.beans.factory.support.DefaultListableBeanFactory.resolveDependency(DefaultListableBeanFactory.java:1171) ~[spring-beans-5.1.8.RELEASE.jar:5.1.8.RELEASE]
	at org.springframework.beans.factory.support.ConstructorResolver.resolveAutowiredArgument(ConstructorResolver.java:857) ~[spring-beans-5.1.8.RELEASE.jar:5.1.8.RELEASE]
	at org.springframework.beans.factory.support.ConstructorResolver.createArgumentArray(ConstructorResolver.java:760) ~[spring-beans-5.1.8.RELEASE.jar:5.1.8.RELEASE]
	... 55 common frames omitted
Caused by: org.springframework.beans.factory.BeanCreationException: Error creating bean with name 'org.springframework.boot.autoconfigure.jdbc.DataSourceInitializerInvoker': Invocation of init method failed; nested exception is org.springframework.jdbc.datasource.init.ScriptStatementFailedException: Failed to execute SQL script statement #4 of URL [file:/C:/Users/naude/Desktop/IT%20Dev/Project1/AccountSystemRepository/target/test-classes/schema.sql]: CREATE TABLE VITRSA_SANDBOX.DEMO_ACCOUNT_TX ( TX_ID BIGINT NOT NULL, ACCOUNT_TYPE_ID BIGINT NOT NULL, MEMBER_ID BIGINT NOT NULL, AMOUNT BIGINT NOT NULL, TX_DATE DATE NOT NULL, PRIMARY KEY (TX_ID) CONSTRAINT FK_ACCOUNT_TYPE_ID FOREIGN KEY (ACCOUNT_TYPE_ID) REFERENCES VITRSA_SANDBOX.DEMO_ACCOUNT_TYPE (ACCOUNT_TYPE_ID) ); nested exception is org.h2.jdbc.JdbcSQLSyntaxErrorException: Syntax error in SQL statement "CREATE TABLE VITRSA_SANDBOX.DEMO_ACCOUNT_TX ( TX_ID BIGINT NOT NULL, ACCOUNT_TYPE_ID BIGINT NOT NULL, MEMBER_ID BIGINT NOT NULL, AMOUNT BIGINT NOT NULL, TX_DATE DATE NOT NULL, PRIMARY KEY (TX_ID) CONSTRAINT[*] FK_ACCOUNT_TYPE_ID FOREIGN KEY (ACCOUNT_TYPE_ID) REFERENCES VITRSA_SANDBOX.DEMO_ACCOUNT_TYPE (ACCOUNT_TYPE_ID) )"; expected "INDEX, ,, )"; SQL statement:
CREATE TABLE VITRSA_SANDBOX.DEMO_ACCOUNT_TX ( TX_ID BIGINT NOT NULL, ACCOUNT_TYPE_ID BIGINT NOT NULL, MEMBER_ID BIGINT NOT NULL, AMOUNT BIGINT NOT NULL, TX_DATE DATE NOT NULL, PRIMARY KEY (TX_ID) CONSTRAINT FK_ACCOUNT_TYPE_ID FOREIGN KEY (ACCOUNT_TYPE_ID) REFERENCES VITRSA_SANDBOX.DEMO_ACCOUNT_TYPE (ACCOUNT_TYPE_ID) ) [42001-199]
	at org.springframework.beans.factory.support.AbstractAutowireCapableBeanFactory.initializeBean(AbstractAutowireCapableBeanFactory.java:1778) ~[spring-beans-5.1.8.RELEASE.jar:5.1.8.RELEASE]
	at org.springframework.beans.factory.support.AbstractAutowireCapableBeanFactory.doCreateBean(AbstractAutowireCapableBeanFactory.java:593) ~[spring-beans-5.1.8.RELEASE.jar:5.1.8.RELEASE]
	at org.springframework.beans.factory.support.AbstractAutowireCapableBeanFactory.createBean(AbstractAutowireCapableBeanFactory.java:515) ~[spring-beans-5.1.8.RELEASE.jar:5.1.8.RELEASE]
	at org.springframework.beans.factory.support.AbstractBeanFactory.lambda$doGetBean$0(AbstractBeanFactory.java:320) ~[spring-beans-5.1.8.RELEASE.jar:5.1.8.RELEASE]
	at org.springframework.beans.factory.support.DefaultSingletonBeanRegistry.getSingleton(DefaultSingletonBeanRegistry.java:222) ~[spring-beans-5.1.8.RELEASE.jar:5.1.8.RELEASE]
	at org.springframework.beans.factory.support.AbstractBeanFactory.doGetBean(AbstractBeanFactory.java:318) ~[spring-beans-5.1.8.RELEASE.jar:5.1.8.RELEASE]
	at org.springframework.beans.factory.support.AbstractBeanFactory.getBean(AbstractBeanFactory.java:224) ~[spring-beans-5.1.8.RELEASE.jar:5.1.8.RELEASE]
	at org.springframework.beans.factory.support.DefaultListableBeanFactory.resolveNamedBean(DefaultListableBeanFactory.java:1119) ~[spring-beans-5.1.8.RELEASE.jar:5.1.8.RELEASE]
	at org.springframework.beans.factory.support.DefaultListableBeanFactory.resolveBean(DefaultListableBeanFactory.java:411) ~[spring-beans-5.1.8.RELEASE.jar:5.1.8.RELEASE]
	at org.springframework.beans.factory.support.DefaultListableBeanFactory.getBean(DefaultListableBeanFactory.java:344) ~[spring-beans-5.1.8.RELEASE.jar:5.1.8.RELEASE]
	at org.springframework.beans.factory.support.DefaultListableBeanFactory.getBean(DefaultListableBeanFactory.java:337) ~[spring-beans-5.1.8.RELEASE.jar:5.1.8.RELEASE]
	at org.springframework.boot.autoconfigure.jdbc.DataSourceInitializerPostProcessor.postProcessAfterInitialization(DataSourceInitializerPostProcessor.java:53) ~[spring-boot-autoconfigure-2.1.6.RELEASE.jar:2.1.6.RELEASE]
	at org.springframework.beans.factory.support.AbstractAutowireCapableBeanFactory.applyBeanPostProcessorsAfterInitialization(AbstractAutowireCapableBeanFactory.java:429) ~[spring-beans-5.1.8.RELEASE.jar:5.1.8.RELEASE]
	at org.springframework.beans.factory.support.AbstractAutowireCapableBeanFactory.postProcessObjectFromFactoryBean(AbstractAutowireCapableBeanFactory.java:1921) ~[spring-beans-5.1.8.RELEASE.jar:5.1.8.RELEASE]
	at org.springframework.beans.factory.support.FactoryBeanRegistrySupport.getObjectFromFactoryBean(FactoryBeanRegistrySupport.java:116) ~[spring-beans-5.1.8.RELEASE.jar:5.1.8.RELEASE]
	... 64 common frames omitted
Caused by: org.springframework.jdbc.datasource.init.ScriptStatementFailedException: Failed to execute SQL script statement #4 of URL [file:/C:/Users/naude/Desktop/IT%20Dev/Project1/AccountSystemRepository/target/test-classes/schema.sql]: CREATE TABLE VITRSA_SANDBOX.DEMO_ACCOUNT_TX ( TX_ID BIGINT NOT NULL, ACCOUNT_TYPE_ID BIGINT NOT NULL, MEMBER_ID BIGINT NOT NULL, AMOUNT BIGINT NOT NULL, TX_DATE DATE NOT NULL, PRIMARY KEY (TX_ID) CONSTRAINT FK_ACCOUNT_TYPE_ID FOREIGN KEY (ACCOUNT_TYPE_ID) REFERENCES VITRSA_SANDBOX.DEMO_ACCOUNT_TYPE (ACCOUNT_TYPE_ID) ); nested exception is org.h2.jdbc.JdbcSQLSyntaxErrorException: Syntax error in SQL statement "CREATE TABLE VITRSA_SANDBOX.DEMO_ACCOUNT_TX ( TX_ID BIGINT NOT NULL, ACCOUNT_TYPE_ID BIGINT NOT NULL, MEMBER_ID BIGINT NOT NULL, AMOUNT BIGINT NOT NULL, TX_DATE DATE NOT NULL, PRIMARY KEY (TX_ID) CONSTRAINT[*] FK_ACCOUNT_TYPE_ID FOREIGN KEY (ACCOUNT_TYPE_ID) REFERENCES VITRSA_SANDBOX.DEMO_ACCOUNT_TYPE (ACCOUNT_TYPE_ID) )"; expected "INDEX, ,, )"; SQL statement:
CREATE TABLE VITRSA_SANDBOX.DEMO_ACCOUNT_TX ( TX_ID BIGINT NOT NULL, ACCOUNT_TYPE_ID BIGINT NOT NULL, MEMBER_ID BIGINT NOT NULL, AMOUNT BIGINT NOT NULL, TX_DATE DATE NOT NULL, PRIMARY KEY (TX_ID) CONSTRAINT FK_ACCOUNT_TYPE_ID FOREIGN KEY (ACCOUNT_TYPE_ID) REFERENCES VITRSA_SANDBOX.DEMO_ACCOUNT_TYPE (ACCOUNT_TYPE_ID) ) [42001-199]
	at org.springframework.jdbc.datasource.init.ScriptUtils.executeSqlScript(ScriptUtils.java:509) ~[spring-jdbc-5.1.8.RELEASE.jar:5.1.8.RELEASE]
	at org.springframework.jdbc.datasource.init.ResourceDatabasePopulator.populate(ResourceDatabasePopulator.java:238) ~[spring-jdbc-5.1.8.RELEASE.jar:5.1.8.RELEASE]
	at org.springframework.jdbc.datasource.init.DatabasePopulatorUtils.execute(DatabasePopulatorUtils.java:48) ~[spring-jdbc-5.1.8.RELEASE.jar:5.1.8.RELEASE]
	at org.springframework.boot.autoconfigure.jdbc.DataSourceInitializer.runScripts(DataSourceInitializer.java:202) ~[spring-boot-autoconfigure-2.1.6.RELEASE.jar:2.1.6.RELEASE]
	at org.springframework.boot.autoconfigure.jdbc.DataSourceInitializer.createSchema(DataSourceInitializer.java:101) ~[spring-boot-autoconfigure-2.1.6.RELEASE.jar:2.1.6.RELEASE]
	at org.springframework.boot.autoconfigure.jdbc.DataSourceInitializerInvoker.afterPropertiesSet(DataSourceInitializerInvoker.java:62) ~[spring-boot-autoconfigure-2.1.6.RELEASE.jar:2.1.6.RELEASE]
	at org.springframework.beans.factory.support.AbstractAutowireCapableBeanFactory.invokeInitMethods(AbstractAutowireCapableBeanFactory.java:1837) ~[spring-beans-5.1.8.RELEASE.jar:5.1.8.RELEASE]
	at org.springframework.beans.factory.support.AbstractAutowireCapableBeanFactory.initializeBean(AbstractAutowireCapableBeanFactory.java:1774) ~[spring-beans-5.1.8.RELEASE.jar:5.1.8.RELEASE]
	... 78 common frames omitted
Caused by: org.h2.jdbc.JdbcSQLSyntaxErrorException: Syntax error in SQL statement "CREATE TABLE VITRSA_SANDBOX.DEMO_ACCOUNT_TX ( TX_ID BIGINT NOT NULL, ACCOUNT_TYPE_ID BIGINT NOT NULL, MEMBER_ID BIGINT NOT NULL, AMOUNT BIGINT NOT NULL, TX_DATE DATE NOT NULL, PRIMARY KEY (TX_ID) CONSTRAINT[*] FK_ACCOUNT_TYPE_ID FOREIGN KEY (ACCOUNT_TYPE_ID) REFERENCES VITRSA_SANDBOX.DEMO_ACCOUNT_TYPE (ACCOUNT_TYPE_ID) )"; expected "INDEX, ,, )"; SQL statement:
CREATE TABLE VITRSA_SANDBOX.DEMO_ACCOUNT_TX ( TX_ID BIGINT NOT NULL, ACCOUNT_TYPE_ID BIGINT NOT NULL, MEMBER_ID BIGINT NOT NULL, AMOUNT BIGINT NOT NULL, TX_DATE DATE NOT NULL, PRIMARY KEY (TX_ID) CONSTRAINT FK_ACCOUNT_TYPE_ID FOREIGN KEY (ACCOUNT_TYPE_ID) REFERENCES VITRSA_SANDBOX.DEMO_ACCOUNT_TYPE (ACCOUNT_TYPE_ID) ) [42001-199]
	at org.h2.message.DbException.getJdbcSQLException(DbException.java:451) ~[h2-1.4.199.jar:1.4.199]
	at org.h2.message.DbException.getJdbcSQLException(DbException.java:427) ~[h2-1.4.199.jar:1.4.199]
	at org.h2.message.DbException.getSyntaxError(DbException.java:243) ~[h2-1.4.199.jar:1.4.199]
	at org.h2.command.Parser.getSyntaxError(Parser.java:991) ~[h2-1.4.199.jar:1.4.199]
	at org.h2.command.Parser.read(Parser.java:4549) ~[h2-1.4.199.jar:1.4.199]
	at org.h2.command.Parser.readIfMore(Parser.java:1391) ~[h2-1.4.199.jar:1.4.199]
	at org.h2.command.Parser.parseCreateTable(Parser.java:7833) ~[h2-1.4.199.jar:1.4.199]
	at org.h2.command.Parser.parseCreate(Parser.java:5818) ~[h2-1.4.199.jar:1.4.199]
	at org.h2.command.Parser.parsePrepared(Parser.java:846) ~[h2-1.4.199.jar:1.4.199]
	at org.h2.command.Parser.parse(Parser.java:788) ~[h2-1.4.199.jar:1.4.199]
	at org.h2.command.Parser.parse(Parser.java:764) ~[h2-1.4.199.jar:1.4.199]
	at org.h2.command.Parser.prepareCommand(Parser.java:683) ~[h2-1.4.199.jar:1.4.199]
	at org.h2.engine.Session.prepareLocal(Session.java:627) ~[h2-1.4.199.jar:1.4.199]
	at org.h2.engine.Session.prepareCommand(Session.java:565) ~[h2-1.4.199.jar:1.4.199]
	at org.h2.jdbc.JdbcConnection.prepareCommand(JdbcConnection.java:1292) ~[h2-1.4.199.jar:1.4.199]
	at org.h2.jdbc.JdbcStatement.executeInternal(JdbcStatement.java:217) ~[h2-1.4.199.jar:1.4.199]
	at org.h2.jdbc.JdbcStatement.execute(JdbcStatement.java:205) ~[h2-1.4.199.jar:1.4.199]
	at org.springframework.jdbc.datasource.init.ScriptUtils.executeSqlScript(ScriptUtils.java:488) ~[spring-jdbc-5.1.8.RELEASE.jar:5.1.8.RELEASE]
	... 85 common frames omitted


  .   ____          _            __ _ _
 /\\ / ___'_ __ _ _(_)_ __  __ _ \ \ \ \
( ( )\___ | '_ | '_| | '_ \/ _` | \ \ \ \
 \\/  ___)| |_)| | | | | || (_| |  ) ) ) )
  '  |____| .__|_| |_|_| |_\__, | / / / /
 =========|_|==============|___/=/_/_/_/
 :: Spring Boot ::        (v2.1.6.RELEASE)

2021-09-22 15:33:26.075  INFO 5696 --- [           main] z.a.n.a.r.p.AccountTypeRepositoryTest    : Starting AccountTypeRepositoryTest on DESKTOP-074OGOO with PID 5696 (started by naude in C:\Users\naude\Desktop\IT Dev\Project1\AccountSystemRepository)
2021-09-22 15:33:26.077  INFO 5696 --- [           main] z.a.n.a.r.p.AccountTypeRepositoryTest    : No active profile set, falling back to default profiles: default
2021-09-22 15:33:26.336  INFO 5696 --- [           main] .s.d.r.c.RepositoryConfigurationDelegate : Bootstrapping Spring Data repositories in DEFAULT mode.
2021-09-22 15:33:26.349  INFO 5696 --- [           main] .s.d.r.c.RepositoryConfigurationDelegate : Finished Spring Data repository scanning in 13ms. Found 1 repository interfaces.
2021-09-22 15:33:26.400  INFO 5696 --- [           main] beddedDataSourceBeanFactoryPostProcessor : Replacing 'dataSource' DataSource bean with embedded version
2021-09-22 15:33:26.445  INFO 5696 --- [           main] o.s.j.d.e.EmbeddedDatabaseFactory        : Starting embedded database: url='jdbc:h2:mem:577f839a-77ff-4982-acc3-7ee4f8896d3f;DB_CLOSE_DELAY=-1;DB_CLOSE_ON_EXIT=false', username='sa'
2021-09-22 15:33:26.518  WARN 5696 --- [           main] s.c.a.AnnotationConfigApplicationContext : Exception encountered during context initialization - cancelling refresh attempt: org.springframework.beans.factory.UnsatisfiedDependencyException: Error creating bean with name 'org.springframework.boot.autoconfigure.orm.jpa.HibernateJpaConfiguration': Unsatisfied dependency expressed through constructor parameter 0; nested exception is org.springframework.beans.factory.BeanCreationException: Error creating bean with name 'dataSource': Post-processing of FactoryBean's singleton object failed; nested exception is org.springframework.beans.factory.BeanCreationException: Error creating bean with name 'org.springframework.boot.autoconfigure.jdbc.DataSourceInitializerInvoker': Invocation of init method failed; nested exception is org.springframework.jdbc.datasource.init.ScriptStatementFailedException: Failed to execute SQL script statement #4 of URL [file:/C:/Users/naude/Desktop/IT%20Dev/Project1/AccountSystemRepository/target/test-classes/schema.sql]: CREATE TABLE VITRSA_SANDBOX.DEMO_ACCOUNT_TX ( TX_ID BIGINT NOT NULL, ACCOUNT_TYPE_ID BIGINT NOT NULL, MEMBER_ID BIGINT NOT NULL, AMOUNT BIGINT NOT NULL, TX_DATE DATE NOT NULL, PRIMARY KEY (TX_ID) CONSTRAINT FK_ACCOUNT_TYPE_ID FOREIGN KEY (ACCOUNT_TYPE_ID) REFERENCES VITRSA_SANDBOX.DEMO_ACCOUNT_TYPE (ACCOUNT_TYPE_ID) ); nested exception is org.h2.jdbc.JdbcSQLSyntaxErrorException: Syntax error in SQL statement "CREATE TABLE VITRSA_SANDBOX.DEMO_ACCOUNT_TX ( TX_ID BIGINT NOT NULL, ACCOUNT_TYPE_ID BIGINT NOT NULL, MEMBER_ID BIGINT NOT NULL, AMOUNT BIGINT NOT NULL, TX_DATE DATE NOT NULL, PRIMARY KEY (TX_ID) CONSTRAINT[*] FK_ACCOUNT_TYPE_ID FOREIGN KEY (ACCOUNT_TYPE_ID) REFERENCES VITRSA_SANDBOX.DEMO_ACCOUNT_TYPE (ACCOUNT_TYPE_ID) )"; expected "INDEX, ,, )"; SQL statement:
CREATE TABLE VITRSA_SANDBOX.DEMO_ACCOUNT_TX ( TX_ID BIGINT NOT NULL, ACCOUNT_TYPE_ID BIGINT NOT NULL, MEMBER_ID BIGINT NOT NULL, AMOUNT BIGINT NOT NULL, TX_DATE DATE NOT NULL, PRIMARY KEY (TX_ID) CONSTRAINT FK_ACCOUNT_TYPE_ID FOREIGN KEY (ACCOUNT_TYPE_ID) REFERENCES VITRSA_SANDBOX.DEMO_ACCOUNT_TYPE (ACCOUNT_TYPE_ID) ) [42001-199]
2021-09-22 15:33:26.519  INFO 5696 --- [           main] ConditionEvaluationReportLoggingListener : 

Error starting ApplicationContext. To display the conditions report re-run your application with 'debug' enabled.
2021-09-22 15:33:26.521 ERROR 5696 --- [           main] o.s.boot.SpringApplication               : Application run failed

org.springframework.beans.factory.UnsatisfiedDependencyException: Error creating bean with name 'org.springframework.boot.autoconfigure.orm.jpa.HibernateJpaConfiguration': Unsatisfied dependency expressed through constructor parameter 0; nested exception is org.springframework.beans.factory.BeanCreationException: Error creating bean with name 'dataSource': Post-processing of FactoryBean's singleton object failed; nested exception is org.springframework.beans.factory.BeanCreationException: Error creating bean with name 'org.springframework.boot.autoconfigure.jdbc.DataSourceInitializerInvoker': Invocation of init method failed; nested exception is org.springframework.jdbc.datasource.init.ScriptStatementFailedException: Failed to execute SQL script statement #4 of URL [file:/C:/Users/naude/Desktop/IT%20Dev/Project1/AccountSystemRepository/target/test-classes/schema.sql]: CREATE TABLE VITRSA_SANDBOX.DEMO_ACCOUNT_TX ( TX_ID BIGINT NOT NULL, ACCOUNT_TYPE_ID BIGINT NOT NULL, MEMBER_ID BIGINT NOT NULL, AMOUNT BIGINT NOT NULL, TX_DATE DATE NOT NULL, PRIMARY KEY (TX_ID) CONSTRAINT FK_ACCOUNT_TYPE_ID FOREIGN KEY (ACCOUNT_TYPE_ID) REFERENCES VITRSA_SANDBOX.DEMO_ACCOUNT_TYPE (ACCOUNT_TYPE_ID) ); nested exception is org.h2.jdbc.JdbcSQLSyntaxErrorException: Syntax error in SQL statement "CREATE TABLE VITRSA_SANDBOX.DEMO_ACCOUNT_TX ( TX_ID BIGINT NOT NULL, ACCOUNT_TYPE_ID BIGINT NOT NULL, MEMBER_ID BIGINT NOT NULL, AMOUNT BIGINT NOT NULL, TX_DATE DATE NOT NULL, PRIMARY KEY (TX_ID) CONSTRAINT[*] FK_ACCOUNT_TYPE_ID FOREIGN KEY (ACCOUNT_TYPE_ID) REFERENCES VITRSA_SANDBOX.DEMO_ACCOUNT_TYPE (ACCOUNT_TYPE_ID) )"; expected "INDEX, ,, )"; SQL statement:
CREATE TABLE VITRSA_SANDBOX.DEMO_ACCOUNT_TX ( TX_ID BIGINT NOT NULL, ACCOUNT_TYPE_ID BIGINT NOT NULL, MEMBER_ID BIGINT NOT NULL, AMOUNT BIGINT NOT NULL, TX_DATE DATE NOT NULL, PRIMARY KEY (TX_ID) CONSTRAINT FK_ACCOUNT_TYPE_ID FOREIGN KEY (ACCOUNT_TYPE_ID) REFERENCES VITRSA_SANDBOX.DEMO_ACCOUNT_TYPE (ACCOUNT_TYPE_ID) ) [42001-199]
	at org.springframework.beans.factory.support.ConstructorResolver.createArgumentArray(ConstructorResolver.java:769) ~[spring-beans-5.1.8.RELEASE.jar:5.1.8.RELEASE]
	at org.springframework.beans.factory.support.ConstructorResolver.autowireConstructor(ConstructorResolver.java:218) ~[spring-beans-5.1.8.RELEASE.jar:5.1.8.RELEASE]
	at org.springframework.beans.factory.support.AbstractAutowireCapableBeanFactory.autowireConstructor(AbstractAutowireCapableBeanFactory.java:1341) ~[spring-beans-5.1.8.RELEASE.jar:5.1.8.RELEASE]
	at org.springframework.beans.factory.support.AbstractAutowireCapableBeanFactory.createBeanInstance(AbstractAutowireCapableBeanFactory.java:1187) ~[spring-beans-5.1.8.RELEASE.jar:5.1.8.RELEASE]
	at org.springframework.beans.factory.support.AbstractAutowireCapableBeanFactory.doCreateBean(AbstractAutowireCapableBeanFactory.java:555) ~[spring-beans-5.1.8.RELEASE.jar:5.1.8.RELEASE]
	at org.springframework.beans.factory.support.AbstractAutowireCapableBeanFactory.createBean(AbstractAutowireCapableBeanFactory.java:515) ~[spring-beans-5.1.8.RELEASE.jar:5.1.8.RELEASE]
	at org.springframework.beans.factory.support.AbstractBeanFactory.lambda$doGetBean$0(AbstractBeanFactory.java:320) ~[spring-beans-5.1.8.RELEASE.jar:5.1.8.RELEASE]
	at org.springframework.beans.factory.support.DefaultSingletonBeanRegistry.getSingleton(DefaultSingletonBeanRegistry.java:222) ~[spring-beans-5.1.8.RELEASE.jar:5.1.8.RELEASE]
	at org.springframework.beans.factory.support.AbstractBeanFactory.doGetBean(AbstractBeanFactory.java:318) ~[spring-beans-5.1.8.RELEASE.jar:5.1.8.RELEASE]
	at org.springframework.beans.factory.support.AbstractBeanFactory.getBean(AbstractBeanFactory.java:199) ~[spring-beans-5.1.8.RELEASE.jar:5.1.8.RELEASE]
	at org.springframework.beans.factory.support.ConstructorResolver.instantiateUsingFactoryMethod(ConstructorResolver.java:392) ~[spring-beans-5.1.8.RELEASE.jar:5.1.8.RELEASE]
	at org.springframework.beans.factory.support.AbstractAutowireCapableBeanFactory.instantiateUsingFactoryMethod(AbstractAutowireCapableBeanFactory.java:1321) ~[spring-beans-5.1.8.RELEASE.jar:5.1.8.RELEASE]
	at org.springframework.beans.factory.support.AbstractAutowireCapableBeanFactory.createBeanInstance(AbstractAutowireCapableBeanFactory.java:1160) ~[spring-beans-5.1.8.RELEASE.jar:5.1.8.RELEASE]
	at org.springframework.beans.factory.support.AbstractAutowireCapableBeanFactory.doCreateBean(AbstractAutowireCapableBeanFactory.java:555) ~[spring-beans-5.1.8.RELEASE.jar:5.1.8.RELEASE]
	at org.springframework.beans.factory.support.AbstractAutowireCapableBeanFactory.createBean(AbstractAutowireCapableBeanFactory.java:515) ~[spring-beans-5.1.8.RELEASE.jar:5.1.8.RELEASE]
	at org.springframework.beans.factory.support.AbstractBeanFactory.lambda$doGetBean$0(AbstractBeanFactory.java:320) ~[spring-beans-5.1.8.RELEASE.jar:5.1.8.RELEASE]
	at org.springframework.beans.factory.support.DefaultSingletonBeanRegistry.getSingleton(DefaultSingletonBeanRegistry.java:222) ~[spring-beans-5.1.8.RELEASE.jar:5.1.8.RELEASE]
	at org.springframework.beans.factory.support.AbstractBeanFactory.doGetBean(AbstractBeanFactory.java:318) ~[spring-beans-5.1.8.RELEASE.jar:5.1.8.RELEASE]
	at org.springframework.beans.factory.support.AbstractBeanFactory.getBean(AbstractBeanFactory.java:199) ~[spring-beans-5.1.8.RELEASE.jar:5.1.8.RELEASE]
	at org.springframework.context.support.AbstractApplicationContext.getBean(AbstractApplicationContext.java:1105) ~[spring-context-5.1.8.RELEASE.jar:5.1.8.RELEASE]
	at org.springframework.context.support.AbstractApplicationContext.finishBeanFactoryInitialization(AbstractApplicationContext.java:867) ~[spring-context-5.1.8.RELEASE.jar:5.1.8.RELEASE]
	at org.springframework.context.support.AbstractApplicationContext.refresh(AbstractApplicationContext.java:549) ~[spring-context-5.1.8.RELEASE.jar:5.1.8.RELEASE]
	at org.springframework.boot.SpringApplication.refresh(SpringApplication.java:742) ~[spring-boot-2.1.6.RELEASE.jar:2.1.6.RELEASE]
	at org.springframework.boot.SpringApplication.refreshContext(SpringApplication.java:389) ~[spring-boot-2.1.6.RELEASE.jar:2.1.6.RELEASE]
	at org.springframework.boot.SpringApplication.run(SpringApplication.java:311) ~[spring-boot-2.1.6.RELEASE.jar:2.1.6.RELEASE]
	at org.springframework.boot.test.context.SpringBootContextLoader.loadContext(SpringBootContextLoader.java:119) ~[spring-boot-test-2.1.6.RELEASE.jar:2.1.6.RELEASE]
	at org.springframework.test.context.cache.DefaultCacheAwareContextLoaderDelegate.loadContextInternal(DefaultCacheAwareContextLoaderDelegate.java:99) ~[spring-test-5.1.8.RELEASE.jar:5.1.8.RELEASE]
	at org.springframework.test.context.cache.DefaultCacheAwareContextLoaderDelegate.loadContext(DefaultCacheAwareContextLoaderDelegate.java:117) ~[spring-test-5.1.8.RELEASE.jar:5.1.8.RELEASE]
	at org.springframework.test.context.support.DefaultTestContext.getApplicationContext(DefaultTestContext.java:108) ~[spring-test-5.1.8.RELEASE.jar:5.1.8.RELEASE]
	at org.springframework.boot.test.autoconfigure.SpringBootDependencyInjectionTestExecutionListener.outputConditionEvaluationReport(SpringBootDependencyInjectionTestExecutionListener.java:53) ~[spring-boot-test-autoconfigure-2.1.6.RELEASE.jar:2.1.6.RELEASE]
	at org.springframework.boot.test.autoconfigure.SpringBootDependencyInjectionTestExecutionListener.prepareTestInstance(SpringBootDependencyInjectionTestExecutionListener.java:46) ~[spring-boot-test-autoconfigure-2.1.6.RELEASE.jar:2.1.6.RELEASE]
	at org.springframework.test.context.TestContextManager.prepareTestInstance(TestContextManager.java:246) ~[spring-test-5.1.8.RELEASE.jar:5.1.8.RELEASE]
	at org.springframework.test.context.junit4.SpringJUnit4ClassRunner.createTest(SpringJUnit4ClassRunner.java:227) ~[spring-test-5.1.8.RELEASE.jar:5.1.8.RELEASE]
	at org.springframework.test.context.junit4.SpringJUnit4ClassRunner$1.runReflectiveCall(SpringJUnit4ClassRunner.java:289) ~[spring-test-5.1.8.RELEASE.jar:5.1.8.RELEASE]
	at org.junit.internal.runners.model.ReflectiveCallable.run(ReflectiveCallable.java:12) ~[junit-4.12.jar:4.12]
	at org.springframework.test.context.junit4.SpringJUnit4ClassRunner.methodBlock(SpringJUnit4ClassRunner.java:291) ~[spring-test-5.1.8.RELEASE.jar:5.1.8.RELEASE]
	at org.springframework.test.context.junit4.SpringJUnit4ClassRunner.runChild(SpringJUnit4ClassRunner.java:246) ~[spring-test-5.1.8.RELEASE.jar:5.1.8.RELEASE]
	at org.springframework.test.context.junit4.SpringJUnit4ClassRunner.runChild(SpringJUnit4ClassRunner.java:97) ~[spring-test-5.1.8.RELEASE.jar:5.1.8.RELEASE]
	at org.junit.runners.ParentRunner$3.run(ParentRunner.java:290) ~[junit-4.12.jar:4.12]
	at org.junit.runners.ParentRunner$1.schedule(ParentRunner.java:71) ~[junit-4.12.jar:4.12]
	at org.junit.runners.ParentRunner.runChildren(ParentRunner.java:288) ~[junit-4.12.jar:4.12]
	at org.junit.runners.ParentRunner.access$000(ParentRunner.java:58) ~[junit-4.12.jar:4.12]
	at org.junit.runners.ParentRunner$2.evaluate(ParentRunner.java:268) ~[junit-4.12.jar:4.12]
	at org.springframework.test.context.junit4.statements.RunBeforeTestClassCallbacks.evaluate(RunBeforeTestClassCallbacks.java:61) ~[spring-test-5.1.8.RELEASE.jar:5.1.8.RELEASE]
	at org.springframework.test.context.junit4.statements.RunAfterTestClassCallbacks.evaluate(RunAfterTestClassCallbacks.java:70) ~[spring-test-5.1.8.RELEASE.jar:5.1.8.RELEASE]
	at org.junit.runners.ParentRunner.run(ParentRunner.java:363) ~[junit-4.12.jar:4.12]
	at org.springframework.test.context.junit4.SpringJUnit4ClassRunner.run(SpringJUnit4ClassRunner.java:190) ~[spring-test-5.1.8.RELEASE.jar:5.1.8.RELEASE]
	at org.apache.maven.surefire.junit4.JUnit4Provider.execute(JUnit4Provider.java:365) ~[surefire-junit4-2.22.2.jar:2.22.2]
	at org.apache.maven.surefire.junit4.JUnit4Provider.executeWithRerun(JUnit4Provider.java:273) ~[surefire-junit4-2.22.2.jar:2.22.2]
	at org.apache.maven.surefire.junit4.JUnit4Provider.executeTestSet(JUnit4Provider.java:238) ~[surefire-junit4-2.22.2.jar:2.22.2]
	at org.apache.maven.surefire.junit4.JUnit4Provider.invoke(JUnit4Provider.java:159) ~[surefire-junit4-2.22.2.jar:2.22.2]
	at org.apache.maven.surefire.booter.ForkedBooter.invokeProviderInSameClassLoader(ForkedBooter.java:384) ~[surefire-booter-2.22.2.jar:2.22.2]
	at org.apache.maven.surefire.booter.ForkedBooter.runSuitesInProcess(ForkedBooter.java:345) ~[surefire-booter-2.22.2.jar:2.22.2]
	at org.apache.maven.surefire.booter.ForkedBooter.execute(ForkedBooter.java:126) ~[surefire-booter-2.22.2.jar:2.22.2]
	at org.apache.maven.surefire.booter.ForkedBooter.main(ForkedBooter.java:418) ~[surefire-booter-2.22.2.jar:2.22.2]
Caused by: org.springframework.beans.factory.BeanCreationException: Error creating bean with name 'dataSource': Post-processing of FactoryBean's singleton object failed; nested exception is org.springframework.beans.factory.BeanCreationException: Error creating bean with name 'org.springframework.boot.autoconfigure.jdbc.DataSourceInitializerInvoker': Invocation of init method failed; nested exception is org.springframework.jdbc.datasource.init.ScriptStatementFailedException: Failed to execute SQL script statement #4 of URL [file:/C:/Users/naude/Desktop/IT%20Dev/Project1/AccountSystemRepository/target/test-classes/schema.sql]: CREATE TABLE VITRSA_SANDBOX.DEMO_ACCOUNT_TX ( TX_ID BIGINT NOT NULL, ACCOUNT_TYPE_ID BIGINT NOT NULL, MEMBER_ID BIGINT NOT NULL, AMOUNT BIGINT NOT NULL, TX_DATE DATE NOT NULL, PRIMARY KEY (TX_ID) CONSTRAINT FK_ACCOUNT_TYPE_ID FOREIGN KEY (ACCOUNT_TYPE_ID) REFERENCES VITRSA_SANDBOX.DEMO_ACCOUNT_TYPE (ACCOUNT_TYPE_ID) ); nested exception is org.h2.jdbc.JdbcSQLSyntaxErrorException: Syntax error in SQL statement "CREATE TABLE VITRSA_SANDBOX.DEMO_ACCOUNT_TX ( TX_ID BIGINT NOT NULL, ACCOUNT_TYPE_ID BIGINT NOT NULL, MEMBER_ID BIGINT NOT NULL, AMOUNT BIGINT NOT NULL, TX_DATE DATE NOT NULL, PRIMARY KEY (TX_ID) CONSTRAINT[*] FK_ACCOUNT_TYPE_ID FOREIGN KEY (ACCOUNT_TYPE_ID) REFERENCES VITRSA_SANDBOX.DEMO_ACCOUNT_TYPE (ACCOUNT_TYPE_ID) )"; expected "INDEX, ,, )"; SQL statement:
CREATE TABLE VITRSA_SANDBOX.DEMO_ACCOUNT_TX ( TX_ID BIGINT NOT NULL, ACCOUNT_TYPE_ID BIGINT NOT NULL, MEMBER_ID BIGINT NOT NULL, AMOUNT BIGINT NOT NULL, TX_DATE DATE NOT NULL, PRIMARY KEY (TX_ID) CONSTRAINT FK_ACCOUNT_TYPE_ID FOREIGN KEY (ACCOUNT_TYPE_ID) REFERENCES VITRSA_SANDBOX.DEMO_ACCOUNT_TYPE (ACCOUNT_TYPE_ID) ) [42001-199]
	at org.springframework.beans.factory.support.FactoryBeanRegistrySupport.getObjectFromFactoryBean(FactoryBeanRegistrySupport.java:119) ~[spring-beans-5.1.8.RELEASE.jar:5.1.8.RELEASE]
	at org.springframework.beans.factory.support.AbstractBeanFactory.getObjectForBeanInstance(AbstractBeanFactory.java:1674) ~[spring-beans-5.1.8.RELEASE.jar:5.1.8.RELEASE]
	at org.springframework.beans.factory.support.AbstractAutowireCapableBeanFactory.getObjectForBeanInstance(AbstractAutowireCapableBeanFactory.java:1249) ~[spring-beans-5.1.8.RELEASE.jar:5.1.8.RELEASE]
	at org.springframework.beans.factory.support.AbstractBeanFactory.doGetBean(AbstractBeanFactory.java:330) ~[spring-beans-5.1.8.RELEASE.jar:5.1.8.RELEASE]
	at org.springframework.beans.factory.support.AbstractBeanFactory.getBean(AbstractBeanFactory.java:199) ~[spring-beans-5.1.8.RELEASE.jar:5.1.8.RELEASE]
	at org.springframework.beans.factory.config.DependencyDescriptor.resolveCandidate(DependencyDescriptor.java:277) ~[spring-beans-5.1.8.RELEASE.jar:5.1.8.RELEASE]
	at org.springframework.beans.factory.support.DefaultListableBeanFactory.doResolveDependency(DefaultListableBeanFactory.java:1251) ~[spring-beans-5.1.8.RELEASE.jar:5.1.8.RELEASE]
	at org.springframework.beans.factory.support.DefaultListableBeanFactory.resolveDependency(DefaultListableBeanFactory.java:1171) ~[spring-beans-5.1.8.RELEASE.jar:5.1.8.RELEASE]
	at org.springframework.beans.factory.support.ConstructorResolver.resolveAutowiredArgument(ConstructorResolver.java:857) ~[spring-beans-5.1.8.RELEASE.jar:5.1.8.RELEASE]
	at org.springframework.beans.factory.support.ConstructorResolver.createArgumentArray(ConstructorResolver.java:760) ~[spring-beans-5.1.8.RELEASE.jar:5.1.8.RELEASE]
	... 54 common frames omitted
Caused by: org.springframework.beans.factory.BeanCreationException: Error creating bean with name 'org.springframework.boot.autoconfigure.jdbc.DataSourceInitializerInvoker': Invocation of init method failed; nested exception is org.springframework.jdbc.datasource.init.ScriptStatementFailedException: Failed to execute SQL script statement #4 of URL [file:/C:/Users/naude/Desktop/IT%20Dev/Project1/AccountSystemRepository/target/test-classes/schema.sql]: CREATE TABLE VITRSA_SANDBOX.DEMO_ACCOUNT_TX ( TX_ID BIGINT NOT NULL, ACCOUNT_TYPE_ID BIGINT NOT NULL, MEMBER_ID BIGINT NOT NULL, AMOUNT BIGINT NOT NULL, TX_DATE DATE NOT NULL, PRIMARY KEY (TX_ID) CONSTRAINT FK_ACCOUNT_TYPE_ID FOREIGN KEY (ACCOUNT_TYPE_ID) REFERENCES VITRSA_SANDBOX.DEMO_ACCOUNT_TYPE (ACCOUNT_TYPE_ID) ); nested exception is org.h2.jdbc.JdbcSQLSyntaxErrorException: Syntax error in SQL statement "CREATE TABLE VITRSA_SANDBOX.DEMO_ACCOUNT_TX ( TX_ID BIGINT NOT NULL, ACCOUNT_TYPE_ID BIGINT NOT NULL, MEMBER_ID BIGINT NOT NULL, AMOUNT BIGINT NOT NULL, TX_DATE DATE NOT NULL, PRIMARY KEY (TX_ID) CONSTRAINT[*] FK_ACCOUNT_TYPE_ID FOREIGN KEY (ACCOUNT_TYPE_ID) REFERENCES VITRSA_SANDBOX.DEMO_ACCOUNT_TYPE (ACCOUNT_TYPE_ID) )"; expected "INDEX, ,, )"; SQL statement:
CREATE TABLE VITRSA_SANDBOX.DEMO_ACCOUNT_TX ( TX_ID BIGINT NOT NULL, ACCOUNT_TYPE_ID BIGINT NOT NULL, MEMBER_ID BIGINT NOT NULL, AMOUNT BIGINT NOT NULL, TX_DATE DATE NOT NULL, PRIMARY KEY (TX_ID) CONSTRAINT FK_ACCOUNT_TYPE_ID FOREIGN KEY (ACCOUNT_TYPE_ID) REFERENCES VITRSA_SANDBOX.DEMO_ACCOUNT_TYPE (ACCOUNT_TYPE_ID) ) [42001-199]
	at org.springframework.beans.factory.support.AbstractAutowireCapableBeanFactory.initializeBean(AbstractAutowireCapableBeanFactory.java:1778) ~[spring-beans-5.1.8.RELEASE.jar:5.1.8.RELEASE]
	at org.springframework.beans.factory.support.AbstractAutowireCapableBeanFactory.doCreateBean(AbstractAutowireCapableBeanFactory.java:593) ~[spring-beans-5.1.8.RELEASE.jar:5.1.8.RELEASE]
	at org.springframework.beans.factory.support.AbstractAutowireCapableBeanFactory.createBean(AbstractAutowireCapableBeanFactory.java:515) ~[spring-beans-5.1.8.RELEASE.jar:5.1.8.RELEASE]
	at org.springframework.beans.factory.support.AbstractBeanFactory.lambda$doGetBean$0(AbstractBeanFactory.java:320) ~[spring-beans-5.1.8.RELEASE.jar:5.1.8.RELEASE]
	at org.springframework.beans.factory.support.DefaultSingletonBeanRegistry.getSingleton(DefaultSingletonBeanRegistry.java:222) ~[spring-beans-5.1.8.RELEASE.jar:5.1.8.RELEASE]
	at org.springframework.beans.factory.support.AbstractBeanFactory.doGetBean(AbstractBeanFactory.java:318) ~[spring-beans-5.1.8.RELEASE.jar:5.1.8.RELEASE]
	at org.springframework.beans.factory.support.AbstractBeanFactory.getBean(AbstractBeanFactory.java:224) ~[spring-beans-5.1.8.RELEASE.jar:5.1.8.RELEASE]
	at org.springframework.beans.factory.support.DefaultListableBeanFactory.resolveNamedBean(DefaultListableBeanFactory.java:1119) ~[spring-beans-5.1.8.RELEASE.jar:5.1.8.RELEASE]
	at org.springframework.beans.factory.support.DefaultListableBeanFactory.resolveBean(DefaultListableBeanFactory.java:411) ~[spring-beans-5.1.8.RELEASE.jar:5.1.8.RELEASE]
	at org.springframework.beans.factory.support.DefaultListableBeanFactory.getBean(DefaultListableBeanFactory.java:344) ~[spring-beans-5.1.8.RELEASE.jar:5.1.8.RELEASE]
	at org.springframework.beans.factory.support.DefaultListableBeanFactory.getBean(DefaultListableBeanFactory.java:337) ~[spring-beans-5.1.8.RELEASE.jar:5.1.8.RELEASE]
	at org.springframework.boot.autoconfigure.jdbc.DataSourceInitializerPostProcessor.postProcessAfterInitialization(DataSourceInitializerPostProcessor.java:53) ~[spring-boot-autoconfigure-2.1.6.RELEASE.jar:2.1.6.RELEASE]
	at org.springframework.beans.factory.support.AbstractAutowireCapableBeanFactory.applyBeanPostProcessorsAfterInitialization(AbstractAutowireCapableBeanFactory.java:429) ~[spring-beans-5.1.8.RELEASE.jar:5.1.8.RELEASE]
	at org.springframework.beans.factory.support.AbstractAutowireCapableBeanFactory.postProcessObjectFromFactoryBean(AbstractAutowireCapableBeanFactory.java:1921) ~[spring-beans-5.1.8.RELEASE.jar:5.1.8.RELEASE]
	at org.springframework.beans.factory.support.FactoryBeanRegistrySupport.getObjectFromFactoryBean(FactoryBeanRegistrySupport.java:116) ~[spring-beans-5.1.8.RELEASE.jar:5.1.8.RELEASE]
	... 63 common frames omitted
Caused by: org.springframework.jdbc.datasource.init.ScriptStatementFailedException: Failed to execute SQL script statement #4 of URL [file:/C:/Users/naude/Desktop/IT%20Dev/Project1/AccountSystemRepository/target/test-classes/schema.sql]: CREATE TABLE VITRSA_SANDBOX.DEMO_ACCOUNT_TX ( TX_ID BIGINT NOT NULL, ACCOUNT_TYPE_ID BIGINT NOT NULL, MEMBER_ID BIGINT NOT NULL, AMOUNT BIGINT NOT NULL, TX_DATE DATE NOT NULL, PRIMARY KEY (TX_ID) CONSTRAINT FK_ACCOUNT_TYPE_ID FOREIGN KEY (ACCOUNT_TYPE_ID) REFERENCES VITRSA_SANDBOX.DEMO_ACCOUNT_TYPE (ACCOUNT_TYPE_ID) ); nested exception is org.h2.jdbc.JdbcSQLSyntaxErrorException: Syntax error in SQL statement "CREATE TABLE VITRSA_SANDBOX.DEMO_ACCOUNT_TX ( TX_ID BIGINT NOT NULL, ACCOUNT_TYPE_ID BIGINT NOT NULL, MEMBER_ID BIGINT NOT NULL, AMOUNT BIGINT NOT NULL, TX_DATE DATE NOT NULL, PRIMARY KEY (TX_ID) CONSTRAINT[*] FK_ACCOUNT_TYPE_ID FOREIGN KEY (ACCOUNT_TYPE_ID) REFERENCES VITRSA_SANDBOX.DEMO_ACCOUNT_TYPE (ACCOUNT_TYPE_ID) )"; expected "INDEX, ,, )"; SQL statement:
CREATE TABLE VITRSA_SANDBOX.DEMO_ACCOUNT_TX ( TX_ID BIGINT NOT NULL, ACCOUNT_TYPE_ID BIGINT NOT NULL, MEMBER_ID BIGINT NOT NULL, AMOUNT BIGINT NOT NULL, TX_DATE DATE NOT NULL, PRIMARY KEY (TX_ID) CONSTRAINT FK_ACCOUNT_TYPE_ID FOREIGN KEY (ACCOUNT_TYPE_ID) REFERENCES VITRSA_SANDBOX.DEMO_ACCOUNT_TYPE (ACCOUNT_TYPE_ID) ) [42001-199]
	at org.springframework.jdbc.datasource.init.ScriptUtils.executeSqlScript(ScriptUtils.java:509) ~[spring-jdbc-5.1.8.RELEASE.jar:5.1.8.RELEASE]
	at org.springframework.jdbc.datasource.init.ResourceDatabasePopulator.populate(ResourceDatabasePopulator.java:238) ~[spring-jdbc-5.1.8.RELEASE.jar:5.1.8.RELEASE]
	at org.springframework.jdbc.datasource.init.DatabasePopulatorUtils.execute(DatabasePopulatorUtils.java:48) ~[spring-jdbc-5.1.8.RELEASE.jar:5.1.8.RELEASE]
	at org.springframework.boot.autoconfigure.jdbc.DataSourceInitializer.runScripts(DataSourceInitializer.java:202) ~[spring-boot-autoconfigure-2.1.6.RELEASE.jar:2.1.6.RELEASE]
	at org.springframework.boot.autoconfigure.jdbc.DataSourceInitializer.createSchema(DataSourceInitializer.java:101) ~[spring-boot-autoconfigure-2.1.6.RELEASE.jar:2.1.6.RELEASE]
	at org.springframework.boot.autoconfigure.jdbc.DataSourceInitializerInvoker.afterPropertiesSet(DataSourceInitializerInvoker.java:62) ~[spring-boot-autoconfigure-2.1.6.RELEASE.jar:2.1.6.RELEASE]
	at org.springframework.beans.factory.support.AbstractAutowireCapableBeanFactory.invokeInitMethods(AbstractAutowireCapableBeanFactory.java:1837) ~[spring-beans-5.1.8.RELEASE.jar:5.1.8.RELEASE]
	at org.springframework.beans.factory.support.AbstractAutowireCapableBeanFactory.initializeBean(AbstractAutowireCapableBeanFactory.java:1774) ~[spring-beans-5.1.8.RELEASE.jar:5.1.8.RELEASE]
	... 77 common frames omitted
Caused by: org.h2.jdbc.JdbcSQLSyntaxErrorException: Syntax error in SQL statement "CREATE TABLE VITRSA_SANDBOX.DEMO_ACCOUNT_TX ( TX_ID BIGINT NOT NULL, ACCOUNT_TYPE_ID BIGINT NOT NULL, MEMBER_ID BIGINT NOT NULL, AMOUNT BIGINT NOT NULL, TX_DATE DATE NOT NULL, PRIMARY KEY (TX_ID) CONSTRAINT[*] FK_ACCOUNT_TYPE_ID FOREIGN KEY (ACCOUNT_TYPE_ID) REFERENCES VITRSA_SANDBOX.DEMO_ACCOUNT_TYPE (ACCOUNT_TYPE_ID) )"; expected "INDEX, ,, )"; SQL statement:
CREATE TABLE VITRSA_SANDBOX.DEMO_ACCOUNT_TX ( TX_ID BIGINT NOT NULL, ACCOUNT_TYPE_ID BIGINT NOT NULL, MEMBER_ID BIGINT NOT NULL, AMOUNT BIGINT NOT NULL, TX_DATE DATE NOT NULL, PRIMARY KEY (TX_ID) CONSTRAINT FK_ACCOUNT_TYPE_ID FOREIGN KEY (ACCOUNT_TYPE_ID) REFERENCES VITRSA_SANDBOX.DEMO_ACCOUNT_TYPE (ACCOUNT_TYPE_ID) ) [42001-199]
	at org.h2.message.DbException.getJdbcSQLException(DbException.java:451) ~[h2-1.4.199.jar:1.4.199]
	at org.h2.message.DbException.getJdbcSQLException(DbException.java:427) ~[h2-1.4.199.jar:1.4.199]
	at org.h2.message.DbException.getSyntaxError(DbException.java:243) ~[h2-1.4.199.jar:1.4.199]
	at org.h2.command.Parser.getSyntaxError(Parser.java:991) ~[h2-1.4.199.jar:1.4.199]
	at org.h2.command.Parser.read(Parser.java:4549) ~[h2-1.4.199.jar:1.4.199]
	at org.h2.command.Parser.readIfMore(Parser.java:1391) ~[h2-1.4.199.jar:1.4.199]
	at org.h2.command.Parser.parseCreateTable(Parser.java:7833) ~[h2-1.4.199.jar:1.4.199]
	at org.h2.command.Parser.parseCreate(Parser.java:5818) ~[h2-1.4.199.jar:1.4.199]
	at org.h2.command.Parser.parsePrepared(Parser.java:846) ~[h2-1.4.199.jar:1.4.199]
	at org.h2.command.Parser.parse(Parser.java:788) ~[h2-1.4.199.jar:1.4.199]
	at org.h2.command.Parser.parse(Parser.java:764) ~[h2-1.4.199.jar:1.4.199]
	at org.h2.command.Parser.prepareCommand(Parser.java:683) ~[h2-1.4.199.jar:1.4.199]
	at org.h2.engine.Session.prepareLocal(Session.java:627) ~[h2-1.4.199.jar:1.4.199]
	at org.h2.engine.Session.prepareCommand(Session.java:565) ~[h2-1.4.199.jar:1.4.199]
	at org.h2.jdbc.JdbcConnection.prepareCommand(JdbcConnection.java:1292) ~[h2-1.4.199.jar:1.4.199]
	at org.h2.jdbc.JdbcStatement.executeInternal(JdbcStatement.java:217) ~[h2-1.4.199.jar:1.4.199]
	at org.h2.jdbc.JdbcStatement.execute(JdbcStatement.java:205) ~[h2-1.4.199.jar:1.4.199]
	at org.springframework.jdbc.datasource.init.ScriptUtils.executeSqlScript(ScriptUtils.java:488) ~[spring-jdbc-5.1.8.RELEASE.jar:5.1.8.RELEASE]
	... 84 common frames omitted

2021-09-22 15:33:26.523 ERROR 5696 --- [           main] o.s.test.context.TestContextManager      : Caught exception while allowing TestExecutionListener [org.springframework.boot.test.autoconfigure.SpringBootDependencyInjectionTestExecutionListener@4e50c791] to prepare test instance [za.ac.nwu.ac.repo.persistence.AccountTypeRepositoryTest@60807fd9]

java.lang.IllegalStateException: Failed to load ApplicationContext
	at org.springframework.test.context.cache.DefaultCacheAwareContextLoaderDelegate.loadContext(DefaultCacheAwareContextLoaderDelegate.java:125) ~[spring-test-5.1.8.RELEASE.jar:5.1.8.RELEASE]
	at org.springframework.test.context.support.DefaultTestContext.getApplicationContext(DefaultTestContext.java:108) ~[spring-test-5.1.8.RELEASE.jar:5.1.8.RELEASE]
	at org.springframework.test.context.support.DependencyInjectionTestExecutionListener.injectDependencies(DependencyInjectionTestExecutionListener.java:118) ~[spring-test-5.1.8.RELEASE.jar:5.1.8.RELEASE]
	at org.springframework.test.context.support.DependencyInjectionTestExecutionListener.prepareTestInstance(DependencyInjectionTestExecutionListener.java:83) ~[spring-test-5.1.8.RELEASE.jar:5.1.8.RELEASE]
	at org.springframework.boot.test.autoconfigure.SpringBootDependencyInjectionTestExecutionListener.prepareTestInstance(SpringBootDependencyInjectionTestExecutionListener.java:43) ~[spring-boot-test-autoconfigure-2.1.6.RELEASE.jar:2.1.6.RELEASE]
	at org.springframework.test.context.TestContextManager.prepareTestInstance(TestContextManager.java:246) ~[spring-test-5.1.8.RELEASE.jar:5.1.8.RELEASE]
	at org.springframework.test.context.junit4.SpringJUnit4ClassRunner.createTest(SpringJUnit4ClassRunner.java:227) ~[spring-test-5.1.8.RELEASE.jar:5.1.8.RELEASE]
	at org.springframework.test.context.junit4.SpringJUnit4ClassRunner$1.runReflectiveCall(SpringJUnit4ClassRunner.java:289) ~[spring-test-5.1.8.RELEASE.jar:5.1.8.RELEASE]
	at org.junit.internal.runners.model.ReflectiveCallable.run(ReflectiveCallable.java:12) ~[junit-4.12.jar:4.12]
	at org.springframework.test.context.junit4.SpringJUnit4ClassRunner.methodBlock(SpringJUnit4ClassRunner.java:291) ~[spring-test-5.1.8.RELEASE.jar:5.1.8.RELEASE]
	at org.springframework.test.context.junit4.SpringJUnit4ClassRunner.runChild(SpringJUnit4ClassRunner.java:246) ~[spring-test-5.1.8.RELEASE.jar:5.1.8.RELEASE]
	at org.springframework.test.context.junit4.SpringJUnit4ClassRunner.runChild(SpringJUnit4ClassRunner.java:97) ~[spring-test-5.1.8.RELEASE.jar:5.1.8.RELEASE]
	at org.junit.runners.ParentRunner$3.run(ParentRunner.java:290) ~[junit-4.12.jar:4.12]
	at org.junit.runners.ParentRunner$1.schedule(ParentRunner.java:71) ~[junit-4.12.jar:4.12]
	at org.junit.runners.ParentRunner.runChildren(ParentRunner.java:288) ~[junit-4.12.jar:4.12]
	at org.junit.runners.ParentRunner.access$000(ParentRunner.java:58) ~[junit-4.12.jar:4.12]
	at org.junit.runners.ParentRunner$2.evaluate(ParentRunner.java:268) ~[junit-4.12.jar:4.12]
	at org.springframework.test.context.junit4.statements.RunBeforeTestClassCallbacks.evaluate(RunBeforeTestClassCallbacks.java:61) ~[spring-test-5.1.8.RELEASE.jar:5.1.8.RELEASE]
	at org.springframework.test.context.junit4.statements.RunAfterTestClassCallbacks.evaluate(RunAfterTestClassCallbacks.java:70) ~[spring-test-5.1.8.RELEASE.jar:5.1.8.RELEASE]
	at org.junit.runners.ParentRunner.run(ParentRunner.java:363) ~[junit-4.12.jar:4.12]
	at org.springframework.test.context.junit4.SpringJUnit4ClassRunner.run(SpringJUnit4ClassRunner.java:190) ~[spring-test-5.1.8.RELEASE.jar:5.1.8.RELEASE]
	at org.apache.maven.surefire.junit4.JUnit4Provider.execute(JUnit4Provider.java:365) ~[surefire-junit4-2.22.2.jar:2.22.2]
	at org.apache.maven.surefire.junit4.JUnit4Provider.executeWithRerun(JUnit4Provider.java:273) ~[surefire-junit4-2.22.2.jar:2.22.2]
	at org.apache.maven.surefire.junit4.JUnit4Provider.executeTestSet(JUnit4Provider.java:238) ~[surefire-junit4-2.22.2.jar:2.22.2]
	at org.apache.maven.surefire.junit4.JUnit4Provider.invoke(JUnit4Provider.java:159) ~[surefire-junit4-2.22.2.jar:2.22.2]
	at org.apache.maven.surefire.booter.ForkedBooter.invokeProviderInSameClassLoader(ForkedBooter.java:384) ~[surefire-booter-2.22.2.jar:2.22.2]
	at org.apache.maven.surefire.booter.ForkedBooter.runSuitesInProcess(ForkedBooter.java:345) ~[surefire-booter-2.22.2.jar:2.22.2]
	at org.apache.maven.surefire.booter.ForkedBooter.execute(ForkedBooter.java:126) ~[surefire-booter-2.22.2.jar:2.22.2]
	at org.apache.maven.surefire.booter.ForkedBooter.main(ForkedBooter.java:418) ~[surefire-booter-2.22.2.jar:2.22.2]
Caused by: org.springframework.beans.factory.UnsatisfiedDependencyException: Error creating bean with name 'org.springframework.boot.autoconfigure.orm.jpa.HibernateJpaConfiguration': Unsatisfied dependency expressed through constructor parameter 0; nested exception is org.springframework.beans.factory.BeanCreationException: Error creating bean with name 'dataSource': Post-processing of FactoryBean's singleton object failed; nested exception is org.springframework.beans.factory.BeanCreationException: Error creating bean with name 'org.springframework.boot.autoconfigure.jdbc.DataSourceInitializerInvoker': Invocation of init method failed; nested exception is org.springframework.jdbc.datasource.init.ScriptStatementFailedException: Failed to execute SQL script statement #4 of URL [file:/C:/Users/naude/Desktop/IT%20Dev/Project1/AccountSystemRepository/target/test-classes/schema.sql]: CREATE TABLE VITRSA_SANDBOX.DEMO_ACCOUNT_TX ( TX_ID BIGINT NOT NULL, ACCOUNT_TYPE_ID BIGINT NOT NULL, MEMBER_ID BIGINT NOT NULL, AMOUNT BIGINT NOT NULL, TX_DATE DATE NOT NULL, PRIMARY KEY (TX_ID) CONSTRAINT FK_ACCOUNT_TYPE_ID FOREIGN KEY (ACCOUNT_TYPE_ID) REFERENCES VITRSA_SANDBOX.DEMO_ACCOUNT_TYPE (ACCOUNT_TYPE_ID) ); nested exception is org.h2.jdbc.JdbcSQLSyntaxErrorException: Syntax error in SQL statement "CREATE TABLE VITRSA_SANDBOX.DEMO_ACCOUNT_TX ( TX_ID BIGINT NOT NULL, ACCOUNT_TYPE_ID BIGINT NOT NULL, MEMBER_ID BIGINT NOT NULL, AMOUNT BIGINT NOT NULL, TX_DATE DATE NOT NULL, PRIMARY KEY (TX_ID) CONSTRAINT[*] FK_ACCOUNT_TYPE_ID FOREIGN KEY (ACCOUNT_TYPE_ID) REFERENCES VITRSA_SANDBOX.DEMO_ACCOUNT_TYPE (ACCOUNT_TYPE_ID) )"; expected "INDEX, ,, )"; SQL statement:
CREATE TABLE VITRSA_SANDBOX.DEMO_ACCOUNT_TX ( TX_ID BIGINT NOT NULL, ACCOUNT_TYPE_ID BIGINT NOT NULL, MEMBER_ID BIGINT NOT NULL, AMOUNT BIGINT NOT NULL, TX_DATE DATE NOT NULL, PRIMARY KEY (TX_ID) CONSTRAINT FK_ACCOUNT_TYPE_ID FOREIGN KEY (ACCOUNT_TYPE_ID) REFERENCES VITRSA_SANDBOX.DEMO_ACCOUNT_TYPE (ACCOUNT_TYPE_ID) ) [42001-199]
	at org.springframework.beans.factory.support.ConstructorResolver.createArgumentArray(ConstructorResolver.java:769) ~[spring-beans-5.1.8.RELEASE.jar:5.1.8.RELEASE]
	at org.springframework.beans.factory.support.ConstructorResolver.autowireConstructor(ConstructorResolver.java:218) ~[spring-beans-5.1.8.RELEASE.jar:5.1.8.RELEASE]
	at org.springframework.beans.factory.support.AbstractAutowireCapableBeanFactory.autowireConstructor(AbstractAutowireCapableBeanFactory.java:1341) ~[spring-beans-5.1.8.RELEASE.jar:5.1.8.RELEASE]
	at org.springframework.beans.factory.support.AbstractAutowireCapableBeanFactory.createBeanInstance(AbstractAutowireCapableBeanFactory.java:1187) ~[spring-beans-5.1.8.RELEASE.jar:5.1.8.RELEASE]
	at org.springframework.beans.factory.support.AbstractAutowireCapableBeanFactory.doCreateBean(AbstractAutowireCapableBeanFactory.java:555) ~[spring-beans-5.1.8.RELEASE.jar:5.1.8.RELEASE]
	at org.springframework.beans.factory.support.AbstractAutowireCapableBeanFactory.createBean(AbstractAutowireCapableBeanFactory.java:515) ~[spring-beans-5.1.8.RELEASE.jar:5.1.8.RELEASE]
	at org.springframework.beans.factory.support.AbstractBeanFactory.lambda$doGetBean$0(AbstractBeanFactory.java:320) ~[spring-beans-5.1.8.RELEASE.jar:5.1.8.RELEASE]
	at org.springframework.beans.factory.support.DefaultSingletonBeanRegistry.getSingleton(DefaultSingletonBeanRegistry.java:222) ~[spring-beans-5.1.8.RELEASE.jar:5.1.8.RELEASE]
	at org.springframework.beans.factory.support.AbstractBeanFactory.doGetBean(AbstractBeanFactory.java:318) ~[spring-beans-5.1.8.RELEASE.jar:5.1.8.RELEASE]
	at org.springframework.beans.factory.support.AbstractBeanFactory.getBean(AbstractBeanFactory.java:199) ~[spring-beans-5.1.8.RELEASE.jar:5.1.8.RELEASE]
	at org.springframework.beans.factory.support.ConstructorResolver.instantiateUsingFactoryMethod(ConstructorResolver.java:392) ~[spring-beans-5.1.8.RELEASE.jar:5.1.8.RELEASE]
	at org.springframework.beans.factory.support.AbstractAutowireCapableBeanFactory.instantiateUsingFactoryMethod(AbstractAutowireCapableBeanFactory.java:1321) ~[spring-beans-5.1.8.RELEASE.jar:5.1.8.RELEASE]
	at org.springframework.beans.factory.support.AbstractAutowireCapableBeanFactory.createBeanInstance(AbstractAutowireCapableBeanFactory.java:1160) ~[spring-beans-5.1.8.RELEASE.jar:5.1.8.RELEASE]
	at org.springframework.beans.factory.support.AbstractAutowireCapableBeanFactory.doCreateBean(AbstractAutowireCapableBeanFactory.java:555) ~[spring-beans-5.1.8.RELEASE.jar:5.1.8.RELEASE]
	at org.springframework.beans.factory.support.AbstractAutowireCapableBeanFactory.createBean(AbstractAutowireCapableBeanFactory.java:515) ~[spring-beans-5.1.8.RELEASE.jar:5.1.8.RELEASE]
	at org.springframework.beans.factory.support.AbstractBeanFactory.lambda$doGetBean$0(AbstractBeanFactory.java:320) ~[spring-beans-5.1.8.RELEASE.jar:5.1.8.RELEASE]
	at org.springframework.beans.factory.support.DefaultSingletonBeanRegistry.getSingleton(DefaultSingletonBeanRegistry.java:222) ~[spring-beans-5.1.8.RELEASE.jar:5.1.8.RELEASE]
	at org.springframework.beans.factory.support.AbstractBeanFactory.doGetBean(AbstractBeanFactory.java:318) ~[spring-beans-5.1.8.RELEASE.jar:5.1.8.RELEASE]
	at org.springframework.beans.factory.support.AbstractBeanFactory.getBean(AbstractBeanFactory.java:199) ~[spring-beans-5.1.8.RELEASE.jar:5.1.8.RELEASE]
	at org.springframework.context.support.AbstractApplicationContext.getBean(AbstractApplicationContext.java:1105) ~[spring-context-5.1.8.RELEASE.jar:5.1.8.RELEASE]
	at org.springframework.context.support.AbstractApplicationContext.finishBeanFactoryInitialization(AbstractApplicationContext.java:867) ~[spring-context-5.1.8.RELEASE.jar:5.1.8.RELEASE]
	at org.springframework.context.support.AbstractApplicationContext.refresh(AbstractApplicationContext.java:549) ~[spring-context-5.1.8.RELEASE.jar:5.1.8.RELEASE]
	at org.springframework.boot.SpringApplication.refresh(SpringApplication.java:742) ~[spring-boot-2.1.6.RELEASE.jar:2.1.6.RELEASE]
	at org.springframework.boot.SpringApplication.refreshContext(SpringApplication.java:389) ~[spring-boot-2.1.6.RELEASE.jar:2.1.6.RELEASE]
	at org.springframework.boot.SpringApplication.run(SpringApplication.java:311) ~[spring-boot-2.1.6.RELEASE.jar:2.1.6.RELEASE]
	at org.springframework.boot.test.context.SpringBootContextLoader.loadContext(SpringBootContextLoader.java:119) ~[spring-boot-test-2.1.6.RELEASE.jar:2.1.6.RELEASE]
	at org.springframework.test.context.cache.DefaultCacheAwareContextLoaderDelegate.loadContextInternal(DefaultCacheAwareContextLoaderDelegate.java:99) ~[spring-test-5.1.8.RELEASE.jar:5.1.8.RELEASE]
	at org.springframework.test.context.cache.DefaultCacheAwareContextLoaderDelegate.loadContext(DefaultCacheAwareContextLoaderDelegate.java:117) ~[spring-test-5.1.8.RELEASE.jar:5.1.8.RELEASE]
	... 28 common frames omitted
Caused by: org.springframework.beans.factory.BeanCreationException: Error creating bean with name 'dataSource': Post-processing of FactoryBean's singleton object failed; nested exception is org.springframework.beans.factory.BeanCreationException: Error creating bean with name 'org.springframework.boot.autoconfigure.jdbc.DataSourceInitializerInvoker': Invocation of init method failed; nested exception is org.springframework.jdbc.datasource.init.ScriptStatementFailedException: Failed to execute SQL script statement #4 of URL [file:/C:/Users/naude/Desktop/IT%20Dev/Project1/AccountSystemRepository/target/test-classes/schema.sql]: CREATE TABLE VITRSA_SANDBOX.DEMO_ACCOUNT_TX ( TX_ID BIGINT NOT NULL, ACCOUNT_TYPE_ID BIGINT NOT NULL, MEMBER_ID BIGINT NOT NULL, AMOUNT BIGINT NOT NULL, TX_DATE DATE NOT NULL, PRIMARY KEY (TX_ID) CONSTRAINT FK_ACCOUNT_TYPE_ID FOREIGN KEY (ACCOUNT_TYPE_ID) REFERENCES VITRSA_SANDBOX.DEMO_ACCOUNT_TYPE (ACCOUNT_TYPE_ID) ); nested exception is org.h2.jdbc.JdbcSQLSyntaxErrorException: Syntax error in SQL statement "CREATE TABLE VITRSA_SANDBOX.DEMO_ACCOUNT_TX ( TX_ID BIGINT NOT NULL, ACCOUNT_TYPE_ID BIGINT NOT NULL, MEMBER_ID BIGINT NOT NULL, AMOUNT BIGINT NOT NULL, TX_DATE DATE NOT NULL, PRIMARY KEY (TX_ID) CONSTRAINT[*] FK_ACCOUNT_TYPE_ID FOREIGN KEY (ACCOUNT_TYPE_ID) REFERENCES VITRSA_SANDBOX.DEMO_ACCOUNT_TYPE (ACCOUNT_TYPE_ID) )"; expected "INDEX, ,, )"; SQL statement:
CREATE TABLE VITRSA_SANDBOX.DEMO_ACCOUNT_TX ( TX_ID BIGINT NOT NULL, ACCOUNT_TYPE_ID BIGINT NOT NULL, MEMBER_ID BIGINT NOT NULL, AMOUNT BIGINT NOT NULL, TX_DATE DATE NOT NULL, PRIMARY KEY (TX_ID) CONSTRAINT FK_ACCOUNT_TYPE_ID FOREIGN KEY (ACCOUNT_TYPE_ID) REFERENCES VITRSA_SANDBOX.DEMO_ACCOUNT_TYPE (ACCOUNT_TYPE_ID) ) [42001-199]
	at org.springframework.beans.factory.support.FactoryBeanRegistrySupport.getObjectFromFactoryBean(FactoryBeanRegistrySupport.java:119) ~[spring-beans-5.1.8.RELEASE.jar:5.1.8.RELEASE]
	at org.springframework.beans.factory.support.AbstractBeanFactory.getObjectForBeanInstance(AbstractBeanFactory.java:1674) ~[spring-beans-5.1.8.RELEASE.jar:5.1.8.RELEASE]
	at org.springframework.beans.factory.support.AbstractAutowireCapableBeanFactory.getObjectForBeanInstance(AbstractAutowireCapableBeanFactory.java:1249) ~[spring-beans-5.1.8.RELEASE.jar:5.1.8.RELEASE]
	at org.springframework.beans.factory.support.AbstractBeanFactory.doGetBean(AbstractBeanFactory.java:330) ~[spring-beans-5.1.8.RELEASE.jar:5.1.8.RELEASE]
	at org.springframework.beans.factory.support.AbstractBeanFactory.getBean(AbstractBeanFactory.java:199) ~[spring-beans-5.1.8.RELEASE.jar:5.1.8.RELEASE]
	at org.springframework.beans.factory.config.DependencyDescriptor.resolveCandidate(DependencyDescriptor.java:277) ~[spring-beans-5.1.8.RELEASE.jar:5.1.8.RELEASE]
	at org.springframework.beans.factory.support.DefaultListableBeanFactory.doResolveDependency(DefaultListableBeanFactory.java:1251) ~[spring-beans-5.1.8.RELEASE.jar:5.1.8.RELEASE]
	at org.springframework.beans.factory.support.DefaultListableBeanFactory.resolveDependency(DefaultListableBeanFactory.java:1171) ~[spring-beans-5.1.8.RELEASE.jar:5.1.8.RELEASE]
	at org.springframework.beans.factory.support.ConstructorResolver.resolveAutowiredArgument(ConstructorResolver.java:857) ~[spring-beans-5.1.8.RELEASE.jar:5.1.8.RELEASE]
	at org.springframework.beans.factory.support.ConstructorResolver.createArgumentArray(ConstructorResolver.java:760) ~[spring-beans-5.1.8.RELEASE.jar:5.1.8.RELEASE]
	... 55 common frames omitted
Caused by: org.springframework.beans.factory.BeanCreationException: Error creating bean with name 'org.springframework.boot.autoconfigure.jdbc.DataSourceInitializerInvoker': Invocation of init method failed; nested exception is org.springframework.jdbc.datasource.init.ScriptStatementFailedException: Failed to execute SQL script statement #4 of URL [file:/C:/Users/naude/Desktop/IT%20Dev/Project1/AccountSystemRepository/target/test-classes/schema.sql]: CREATE TABLE VITRSA_SANDBOX.DEMO_ACCOUNT_TX ( TX_ID BIGINT NOT NULL, ACCOUNT_TYPE_ID BIGINT NOT NULL, MEMBER_ID BIGINT NOT NULL, AMOUNT BIGINT NOT NULL, TX_DATE DATE NOT NULL, PRIMARY KEY (TX_ID) CONSTRAINT FK_ACCOUNT_TYPE_ID FOREIGN KEY (ACCOUNT_TYPE_ID) REFERENCES VITRSA_SANDBOX.DEMO_ACCOUNT_TYPE (ACCOUNT_TYPE_ID) ); nested exception is org.h2.jdbc.JdbcSQLSyntaxErrorException: Syntax error in SQL statement "CREATE TABLE VITRSA_SANDBOX.DEMO_ACCOUNT_TX ( TX_ID BIGINT NOT NULL, ACCOUNT_TYPE_ID BIGINT NOT NULL, MEMBER_ID BIGINT NOT NULL, AMOUNT BIGINT NOT NULL, TX_DATE DATE NOT NULL, PRIMARY KEY (TX_ID) CONSTRAINT[*] FK_ACCOUNT_TYPE_ID FOREIGN KEY (ACCOUNT_TYPE_ID) REFERENCES VITRSA_SANDBOX.DEMO_ACCOUNT_TYPE (ACCOUNT_TYPE_ID) )"; expected "INDEX, ,, )"; SQL statement:
CREATE TABLE VITRSA_SANDBOX.DEMO_ACCOUNT_TX ( TX_ID BIGINT NOT NULL, ACCOUNT_TYPE_ID BIGINT NOT NULL, MEMBER_ID BIGINT NOT NULL, AMOUNT BIGINT NOT NULL, TX_DATE DATE NOT NULL, PRIMARY KEY (TX_ID) CONSTRAINT FK_ACCOUNT_TYPE_ID FOREIGN KEY (ACCOUNT_TYPE_ID) REFERENCES VITRSA_SANDBOX.DEMO_ACCOUNT_TYPE (ACCOUNT_TYPE_ID) ) [42001-199]
	at org.springframework.beans.factory.support.AbstractAutowireCapableBeanFactory.initializeBean(AbstractAutowireCapableBeanFactory.java:1778) ~[spring-beans-5.1.8.RELEASE.jar:5.1.8.RELEASE]
	at org.springframework.beans.factory.support.AbstractAutowireCapableBeanFactory.doCreateBean(AbstractAutowireCapableBeanFactory.java:593) ~[spring-beans-5.1.8.RELEASE.jar:5.1.8.RELEASE]
	at org.springframework.beans.factory.support.AbstractAutowireCapableBeanFactory.createBean(AbstractAutowireCapableBeanFactory.java:515) ~[spring-beans-5.1.8.RELEASE.jar:5.1.8.RELEASE]
	at org.springframework.beans.factory.support.AbstractBeanFactory.lambda$doGetBean$0(AbstractBeanFactory.java:320) ~[spring-beans-5.1.8.RELEASE.jar:5.1.8.RELEASE]
	at org.springframework.beans.factory.support.DefaultSingletonBeanRegistry.getSingleton(DefaultSingletonBeanRegistry.java:222) ~[spring-beans-5.1.8.RELEASE.jar:5.1.8.RELEASE]
	at org.springframework.beans.factory.support.AbstractBeanFactory.doGetBean(AbstractBeanFactory.java:318) ~[spring-beans-5.1.8.RELEASE.jar:5.1.8.RELEASE]
	at org.springframework.beans.factory.support.AbstractBeanFactory.getBean(AbstractBeanFactory.java:224) ~[spring-beans-5.1.8.RELEASE.jar:5.1.8.RELEASE]
	at org.springframework.beans.factory.support.DefaultListableBeanFactory.resolveNamedBean(DefaultListableBeanFactory.java:1119) ~[spring-beans-5.1.8.RELEASE.jar:5.1.8.RELEASE]
	at org.springframework.beans.factory.support.DefaultListableBeanFactory.resolveBean(DefaultListableBeanFactory.java:411) ~[spring-beans-5.1.8.RELEASE.jar:5.1.8.RELEASE]
	at org.springframework.beans.factory.support.DefaultListableBeanFactory.getBean(DefaultListableBeanFactory.java:344) ~[spring-beans-5.1.8.RELEASE.jar:5.1.8.RELEASE]
	at org.springframework.beans.factory.support.DefaultListableBeanFactory.getBean(DefaultListableBeanFactory.java:337) ~[spring-beans-5.1.8.RELEASE.jar:5.1.8.RELEASE]
	at org.springframework.boot.autoconfigure.jdbc.DataSourceInitializerPostProcessor.postProcessAfterInitialization(DataSourceInitializerPostProcessor.java:53) ~[spring-boot-autoconfigure-2.1.6.RELEASE.jar:2.1.6.RELEASE]
	at org.springframework.beans.factory.support.AbstractAutowireCapableBeanFactory.applyBeanPostProcessorsAfterInitialization(AbstractAutowireCapableBeanFactory.java:429) ~[spring-beans-5.1.8.RELEASE.jar:5.1.8.RELEASE]
	at org.springframework.beans.factory.support.AbstractAutowireCapableBeanFactory.postProcessObjectFromFactoryBean(AbstractAutowireCapableBeanFactory.java:1921) ~[spring-beans-5.1.8.RELEASE.jar:5.1.8.RELEASE]
	at org.springframework.beans.factory.support.FactoryBeanRegistrySupport.getObjectFromFactoryBean(FactoryBeanRegistrySupport.java:116) ~[spring-beans-5.1.8.RELEASE.jar:5.1.8.RELEASE]
	... 64 common frames omitted
Caused by: org.springframework.jdbc.datasource.init.ScriptStatementFailedException: Failed to execute SQL script statement #4 of URL [file:/C:/Users/naude/Desktop/IT%20Dev/Project1/AccountSystemRepository/target/test-classes/schema.sql]: CREATE TABLE VITRSA_SANDBOX.DEMO_ACCOUNT_TX ( TX_ID BIGINT NOT NULL, ACCOUNT_TYPE_ID BIGINT NOT NULL, MEMBER_ID BIGINT NOT NULL, AMOUNT BIGINT NOT NULL, TX_DATE DATE NOT NULL, PRIMARY KEY (TX_ID) CONSTRAINT FK_ACCOUNT_TYPE_ID FOREIGN KEY (ACCOUNT_TYPE_ID) REFERENCES VITRSA_SANDBOX.DEMO_ACCOUNT_TYPE (ACCOUNT_TYPE_ID) ); nested exception is org.h2.jdbc.JdbcSQLSyntaxErrorException: Syntax error in SQL statement "CREATE TABLE VITRSA_SANDBOX.DEMO_ACCOUNT_TX ( TX_ID BIGINT NOT NULL, ACCOUNT_TYPE_ID BIGINT NOT NULL, MEMBER_ID BIGINT NOT NULL, AMOUNT BIGINT NOT NULL, TX_DATE DATE NOT NULL, PRIMARY KEY (TX_ID) CONSTRAINT[*] FK_ACCOUNT_TYPE_ID FOREIGN KEY (ACCOUNT_TYPE_ID) REFERENCES VITRSA_SANDBOX.DEMO_ACCOUNT_TYPE (ACCOUNT_TYPE_ID) )"; expected "INDEX, ,, )"; SQL statement:
CREATE TABLE VITRSA_SANDBOX.DEMO_ACCOUNT_TX ( TX_ID BIGINT NOT NULL, ACCOUNT_TYPE_ID BIGINT NOT NULL, MEMBER_ID BIGINT NOT NULL, AMOUNT BIGINT NOT NULL, TX_DATE DATE NOT NULL, PRIMARY KEY (TX_ID) CONSTRAINT FK_ACCOUNT_TYPE_ID FOREIGN KEY (ACCOUNT_TYPE_ID) REFERENCES VITRSA_SANDBOX.DEMO_ACCOUNT_TYPE (ACCOUNT_TYPE_ID) ) [42001-199]
	at org.springframework.jdbc.datasource.init.ScriptUtils.executeSqlScript(ScriptUtils.java:509) ~[spring-jdbc-5.1.8.RELEASE.jar:5.1.8.RELEASE]
	at org.springframework.jdbc.datasource.init.ResourceDatabasePopulator.populate(ResourceDatabasePopulator.java:238) ~[spring-jdbc-5.1.8.RELEASE.jar:5.1.8.RELEASE]
	at org.springframework.jdbc.datasource.init.DatabasePopulatorUtils.execute(DatabasePopulatorUtils.java:48) ~[spring-jdbc-5.1.8.RELEASE.jar:5.1.8.RELEASE]
	at org.springframework.boot.autoconfigure.jdbc.DataSourceInitializer.runScripts(DataSourceInitializer.java:202) ~[spring-boot-autoconfigure-2.1.6.RELEASE.jar:2.1.6.RELEASE]
	at org.springframework.boot.autoconfigure.jdbc.DataSourceInitializer.createSchema(DataSourceInitializer.java:101) ~[spring-boot-autoconfigure-2.1.6.RELEASE.jar:2.1.6.RELEASE]
	at org.springframework.boot.autoconfigure.jdbc.DataSourceInitializerInvoker.afterPropertiesSet(DataSourceInitializerInvoker.java:62) ~[spring-boot-autoconfigure-2.1.6.RELEASE.jar:2.1.6.RELEASE]
	at org.springframework.beans.factory.support.AbstractAutowireCapableBeanFactory.invokeInitMethods(AbstractAutowireCapableBeanFactory.java:1837) ~[spring-beans-5.1.8.RELEASE.jar:5.1.8.RELEASE]
	at org.springframework.beans.factory.support.AbstractAutowireCapableBeanFactory.initializeBean(AbstractAutowireCapableBeanFactory.java:1774) ~[spring-beans-5.1.8.RELEASE.jar:5.1.8.RELEASE]
	... 78 common frames omitted
Caused by: org.h2.jdbc.JdbcSQLSyntaxErrorException: Syntax error in SQL statement "CREATE TABLE VITRSA_SANDBOX.DEMO_ACCOUNT_TX ( TX_ID BIGINT NOT NULL, ACCOUNT_TYPE_ID BIGINT NOT NULL, MEMBER_ID BIGINT NOT NULL, AMOUNT BIGINT NOT NULL, TX_DATE DATE NOT NULL, PRIMARY KEY (TX_ID) CONSTRAINT[*] FK_ACCOUNT_TYPE_ID FOREIGN KEY (ACCOUNT_TYPE_ID) REFERENCES VITRSA_SANDBOX.DEMO_ACCOUNT_TYPE (ACCOUNT_TYPE_ID) )"; expected "INDEX, ,, )"; SQL statement:
CREATE TABLE VITRSA_SANDBOX.DEMO_ACCOUNT_TX ( TX_ID BIGINT NOT NULL, ACCOUNT_TYPE_ID BIGINT NOT NULL, MEMBER_ID BIGINT NOT NULL, AMOUNT BIGINT NOT NULL, TX_DATE DATE NOT NULL, PRIMARY KEY (TX_ID) CONSTRAINT FK_ACCOUNT_TYPE_ID FOREIGN KEY (ACCOUNT_TYPE_ID) REFERENCES VITRSA_SANDBOX.DEMO_ACCOUNT_TYPE (ACCOUNT_TYPE_ID) ) [42001-199]
	at org.h2.message.DbException.getJdbcSQLException(DbException.java:451) ~[h2-1.4.199.jar:1.4.199]
	at org.h2.message.DbException.getJdbcSQLException(DbException.java:427) ~[h2-1.4.199.jar:1.4.199]
	at org.h2.message.DbException.getSyntaxError(DbException.java:243) ~[h2-1.4.199.jar:1.4.199]
	at org.h2.command.Parser.getSyntaxError(Parser.java:991) ~[h2-1.4.199.jar:1.4.199]
	at org.h2.command.Parser.read(Parser.java:4549) ~[h2-1.4.199.jar:1.4.199]
	at org.h2.command.Parser.readIfMore(Parser.java:1391) ~[h2-1.4.199.jar:1.4.199]
	at org.h2.command.Parser.parseCreateTable(Parser.java:7833) ~[h2-1.4.199.jar:1.4.199]
	at org.h2.command.Parser.parseCreate(Parser.java:5818) ~[h2-1.4.199.jar:1.4.199]
	at org.h2.command.Parser.parsePrepared(Parser.java:846) ~[h2-1.4.199.jar:1.4.199]
	at org.h2.command.Parser.parse(Parser.java:788) ~[h2-1.4.199.jar:1.4.199]
	at org.h2.command.Parser.parse(Parser.java:764) ~[h2-1.4.199.jar:1.4.199]
	at org.h2.command.Parser.prepareCommand(Parser.java:683) ~[h2-1.4.199.jar:1.4.199]
	at org.h2.engine.Session.prepareLocal(Session.java:627) ~[h2-1.4.199.jar:1.4.199]
	at org.h2.engine.Session.prepareCommand(Session.java:565) ~[h2-1.4.199.jar:1.4.199]
	at org.h2.jdbc.JdbcConnection.prepareCommand(JdbcConnection.java:1292) ~[h2-1.4.199.jar:1.4.199]
	at org.h2.jdbc.JdbcStatement.executeInternal(JdbcStatement.java:217) ~[h2-1.4.199.jar:1.4.199]
	at org.h2.jdbc.JdbcStatement.execute(JdbcStatement.java:205) ~[h2-1.4.199.jar:1.4.199]
	at org.springframework.jdbc.datasource.init.ScriptUtils.executeSqlScript(ScriptUtils.java:488) ~[spring-jdbc-5.1.8.RELEASE.jar:5.1.8.RELEASE]
	... 85 common frames omitted

]]></system-out>
  </testcase>
  <testcase name="getAccountTypeByMnemonicNativeQuery" classname="za.ac.nwu.ac.repo.persistence.AccountTypeRepositoryTest" time="0.001">
    <error message="Failed to load ApplicationContext" type="java.lang.IllegalStateException">java.lang.IllegalStateException: Failed to load ApplicationContext
Caused by: org.springframework.beans.factory.UnsatisfiedDependencyException: 
Error creating bean with name 'org.springframework.boot.autoconfigure.orm.jpa.HibernateJpaConfiguration': Unsatisfied dependency expressed through constructor parameter 0; nested exception is org.springframework.beans.factory.BeanCreationException: Error creating bean with name 'dataSource': Post-processing of FactoryBean's singleton object failed; nested exception is org.springframework.beans.factory.BeanCreationException: Error creating bean with name 'org.springframework.boot.autoconfigure.jdbc.DataSourceInitializerInvoker': Invocation of init method failed; nested exception is org.springframework.jdbc.datasource.init.ScriptStatementFailedException: Failed to execute SQL script statement #4 of URL [file:/C:/Users/naude/Desktop/IT%20Dev/Project1/AccountSystemRepository/target/test-classes/schema.sql]: CREATE TABLE VITRSA_SANDBOX.DEMO_ACCOUNT_TX ( TX_ID BIGINT NOT NULL, ACCOUNT_TYPE_ID BIGINT NOT NULL, MEMBER_ID BIGINT NOT NULL, AMOUNT BIGINT NOT NULL, TX_DATE DATE NOT NULL, PRIMARY KEY (TX_ID) CONSTRAINT FK_ACCOUNT_TYPE_ID FOREIGN KEY (ACCOUNT_TYPE_ID) REFERENCES VITRSA_SANDBOX.DEMO_ACCOUNT_TYPE (ACCOUNT_TYPE_ID) ); nested exception is org.h2.jdbc.JdbcSQLSyntaxErrorException: Syntax error in SQL statement "CREATE TABLE VITRSA_SANDBOX.DEMO_ACCOUNT_TX ( TX_ID BIGINT NOT NULL, ACCOUNT_TYPE_ID BIGINT NOT NULL, MEMBER_ID BIGINT NOT NULL, AMOUNT BIGINT NOT NULL, TX_DATE DATE NOT NULL, PRIMARY KEY (TX_ID) CONSTRAINT[*] FK_ACCOUNT_TYPE_ID FOREIGN KEY (ACCOUNT_TYPE_ID) REFERENCES VITRSA_SANDBOX.DEMO_ACCOUNT_TYPE (ACCOUNT_TYPE_ID) )"; expected "INDEX, ,, )"; SQL statement:
CREATE TABLE VITRSA_SANDBOX.DEMO_ACCOUNT_TX ( TX_ID BIGINT NOT NULL, ACCOUNT_TYPE_ID BIGINT NOT NULL, MEMBER_ID BIGINT NOT NULL, AMOUNT BIGINT NOT NULL, TX_DATE DATE NOT NULL, PRIMARY KEY (TX_ID) CONSTRAINT FK_ACCOUNT_TYPE_ID FOREIGN KEY (ACCOUNT_TYPE_ID) REFERENCES VITRSA_SANDBOX.DEMO_ACCOUNT_TYPE (ACCOUNT_TYPE_ID) ) [42001-199]
Caused by: org.springframework.beans.factory.BeanCreationException: 
Error creating bean with name 'dataSource': Post-processing of FactoryBean's singleton object failed; nested exception is org.springframework.beans.factory.BeanCreationException: Error creating bean with name 'org.springframework.boot.autoconfigure.jdbc.DataSourceInitializerInvoker': Invocation of init method failed; nested exception is org.springframework.jdbc.datasource.init.ScriptStatementFailedException: Failed to execute SQL script statement #4 of URL [file:/C:/Users/naude/Desktop/IT%20Dev/Project1/AccountSystemRepository/target/test-classes/schema.sql]: CREATE TABLE VITRSA_SANDBOX.DEMO_ACCOUNT_TX ( TX_ID BIGINT NOT NULL, ACCOUNT_TYPE_ID BIGINT NOT NULL, MEMBER_ID BIGINT NOT NULL, AMOUNT BIGINT NOT NULL, TX_DATE DATE NOT NULL, PRIMARY KEY (TX_ID) CONSTRAINT FK_ACCOUNT_TYPE_ID FOREIGN KEY (ACCOUNT_TYPE_ID) REFERENCES VITRSA_SANDBOX.DEMO_ACCOUNT_TYPE (ACCOUNT_TYPE_ID) ); nested exception is org.h2.jdbc.JdbcSQLSyntaxErrorException: Syntax error in SQL statement "CREATE TABLE VITRSA_SANDBOX.DEMO_ACCOUNT_TX ( TX_ID BIGINT NOT NULL, ACCOUNT_TYPE_ID BIGINT NOT NULL, MEMBER_ID BIGINT NOT NULL, AMOUNT BIGINT NOT NULL, TX_DATE DATE NOT NULL, PRIMARY KEY (TX_ID) CONSTRAINT[*] FK_ACCOUNT_TYPE_ID FOREIGN KEY (ACCOUNT_TYPE_ID) REFERENCES VITRSA_SANDBOX.DEMO_ACCOUNT_TYPE (ACCOUNT_TYPE_ID) )"; expected "INDEX, ,, )"; SQL statement:
CREATE TABLE VITRSA_SANDBOX.DEMO_ACCOUNT_TX ( TX_ID BIGINT NOT NULL, ACCOUNT_TYPE_ID BIGINT NOT NULL, MEMBER_ID BIGINT NOT NULL, AMOUNT BIGINT NOT NULL, TX_DATE DATE NOT NULL, PRIMARY KEY (TX_ID) CONSTRAINT FK_ACCOUNT_TYPE_ID FOREIGN KEY (ACCOUNT_TYPE_ID) REFERENCES VITRSA_SANDBOX.DEMO_ACCOUNT_TYPE (ACCOUNT_TYPE_ID) ) [42001-199]
Caused by: org.springframework.beans.factory.BeanCreationException: 
Error creating bean with name 'org.springframework.boot.autoconfigure.jdbc.DataSourceInitializerInvoker': Invocation of init method failed; nested exception is org.springframework.jdbc.datasource.init.ScriptStatementFailedException: Failed to execute SQL script statement #4 of URL [file:/C:/Users/naude/Desktop/IT%20Dev/Project1/AccountSystemRepository/target/test-classes/schema.sql]: CREATE TABLE VITRSA_SANDBOX.DEMO_ACCOUNT_TX ( TX_ID BIGINT NOT NULL, ACCOUNT_TYPE_ID BIGINT NOT NULL, MEMBER_ID BIGINT NOT NULL, AMOUNT BIGINT NOT NULL, TX_DATE DATE NOT NULL, PRIMARY KEY (TX_ID) CONSTRAINT FK_ACCOUNT_TYPE_ID FOREIGN KEY (ACCOUNT_TYPE_ID) REFERENCES VITRSA_SANDBOX.DEMO_ACCOUNT_TYPE (ACCOUNT_TYPE_ID) ); nested exception is org.h2.jdbc.JdbcSQLSyntaxErrorException: Syntax error in SQL statement "CREATE TABLE VITRSA_SANDBOX.DEMO_ACCOUNT_TX ( TX_ID BIGINT NOT NULL, ACCOUNT_TYPE_ID BIGINT NOT NULL, MEMBER_ID BIGINT NOT NULL, AMOUNT BIGINT NOT NULL, TX_DATE DATE NOT NULL, PRIMARY KEY (TX_ID) CONSTRAINT[*] FK_ACCOUNT_TYPE_ID FOREIGN KEY (ACCOUNT_TYPE_ID) REFERENCES VITRSA_SANDBOX.DEMO_ACCOUNT_TYPE (ACCOUNT_TYPE_ID) )"; expected "INDEX, ,, )"; SQL statement:
CREATE TABLE VITRSA_SANDBOX.DEMO_ACCOUNT_TX ( TX_ID BIGINT NOT NULL, ACCOUNT_TYPE_ID BIGINT NOT NULL, MEMBER_ID BIGINT NOT NULL, AMOUNT BIGINT NOT NULL, TX_DATE DATE NOT NULL, PRIMARY KEY (TX_ID) CONSTRAINT FK_ACCOUNT_TYPE_ID FOREIGN KEY (ACCOUNT_TYPE_ID) REFERENCES VITRSA_SANDBOX.DEMO_ACCOUNT_TYPE (ACCOUNT_TYPE_ID) ) [42001-199]
Caused by: org.springframework.jdbc.datasource.init.ScriptStatementFailedException: 
Failed to execute SQL script statement #4 of URL [file:/C:/Users/naude/Desktop/IT%20Dev/Project1/AccountSystemRepository/target/test-classes/schema.sql]: CREATE TABLE VITRSA_SANDBOX.DEMO_ACCOUNT_TX ( TX_ID BIGINT NOT NULL, ACCOUNT_TYPE_ID BIGINT NOT NULL, MEMBER_ID BIGINT NOT NULL, AMOUNT BIGINT NOT NULL, TX_DATE DATE NOT NULL, PRIMARY KEY (TX_ID) CONSTRAINT FK_ACCOUNT_TYPE_ID FOREIGN KEY (ACCOUNT_TYPE_ID) REFERENCES VITRSA_SANDBOX.DEMO_ACCOUNT_TYPE (ACCOUNT_TYPE_ID) ); nested exception is org.h2.jdbc.JdbcSQLSyntaxErrorException: Syntax error in SQL statement "CREATE TABLE VITRSA_SANDBOX.DEMO_ACCOUNT_TX ( TX_ID BIGINT NOT NULL, ACCOUNT_TYPE_ID BIGINT NOT NULL, MEMBER_ID BIGINT NOT NULL, AMOUNT BIGINT NOT NULL, TX_DATE DATE NOT NULL, PRIMARY KEY (TX_ID) CONSTRAINT[*] FK_ACCOUNT_TYPE_ID FOREIGN KEY (ACCOUNT_TYPE_ID) REFERENCES VITRSA_SANDBOX.DEMO_ACCOUNT_TYPE (ACCOUNT_TYPE_ID) )"; expected "INDEX, ,, )"; SQL statement:
CREATE TABLE VITRSA_SANDBOX.DEMO_ACCOUNT_TX ( TX_ID BIGINT NOT NULL, ACCOUNT_TYPE_ID BIGINT NOT NULL, MEMBER_ID BIGINT NOT NULL, AMOUNT BIGINT NOT NULL, TX_DATE DATE NOT NULL, PRIMARY KEY (TX_ID) CONSTRAINT FK_ACCOUNT_TYPE_ID FOREIGN KEY (ACCOUNT_TYPE_ID) REFERENCES VITRSA_SANDBOX.DEMO_ACCOUNT_TYPE (ACCOUNT_TYPE_ID) ) [42001-199]
Caused by: org.h2.jdbc.JdbcSQLSyntaxErrorException: 
Syntax error in SQL statement "CREATE TABLE VITRSA_SANDBOX.DEMO_ACCOUNT_TX ( TX_ID BIGINT NOT NULL, ACCOUNT_TYPE_ID BIGINT NOT NULL, MEMBER_ID BIGINT NOT NULL, AMOUNT BIGINT NOT NULL, TX_DATE DATE NOT NULL, PRIMARY KEY (TX_ID) CONSTRAINT[*] FK_ACCOUNT_TYPE_ID FOREIGN KEY (ACCOUNT_TYPE_ID) REFERENCES VITRSA_SANDBOX.DEMO_ACCOUNT_TYPE (ACCOUNT_TYPE_ID) )"; expected "INDEX, ,, )"; SQL statement:
CREATE TABLE VITRSA_SANDBOX.DEMO_ACCOUNT_TX ( TX_ID BIGINT NOT NULL, ACCOUNT_TYPE_ID BIGINT NOT NULL, MEMBER_ID BIGINT NOT NULL, AMOUNT BIGINT NOT NULL, TX_DATE DATE NOT NULL, PRIMARY KEY (TX_ID) CONSTRAINT FK_ACCOUNT_TYPE_ID FOREIGN KEY (ACCOUNT_TYPE_ID) REFERENCES VITRSA_SANDBOX.DEMO_ACCOUNT_TYPE (ACCOUNT_TYPE_ID) ) [42001-199]
</error>
    <system-out><![CDATA[
  .   ____          _            __ _ _
 /\\ / ___'_ __ _ _(_)_ __  __ _ \ \ \ \
( ( )\___ | '_ | '_| | '_ \/ _` | \ \ \ \
 \\/  ___)| |_)| | | | | || (_| |  ) ) ) )
  '  |____| .__|_| |_|_| |_\__, | / / / /
 =========|_|==============|___/=/_/_/_/
 :: Spring Boot ::        (v2.1.6.RELEASE)

2021-09-22 15:33:26.570  INFO 5696 --- [           main] z.a.n.a.r.p.AccountTypeRepositoryTest    : Starting AccountTypeRepositoryTest on DESKTOP-074OGOO with PID 5696 (started by naude in C:\Users\naude\Desktop\IT Dev\Project1\AccountSystemRepository)
2021-09-22 15:33:26.573  INFO 5696 --- [           main] z.a.n.a.r.p.AccountTypeRepositoryTest    : No active profile set, falling back to default profiles: default
2021-09-22 15:33:26.888  INFO 5696 --- [           main] .s.d.r.c.RepositoryConfigurationDelegate : Bootstrapping Spring Data repositories in DEFAULT mode.
2021-09-22 15:33:26.911  INFO 5696 --- [           main] .s.d.r.c.RepositoryConfigurationDelegate : Finished Spring Data repository scanning in 22ms. Found 1 repository interfaces.
2021-09-22 15:33:26.938  INFO 5696 --- [           main] beddedDataSourceBeanFactoryPostProcessor : Replacing 'dataSource' DataSource bean with embedded version
2021-09-22 15:33:27.007  INFO 5696 --- [           main] o.s.j.d.e.EmbeddedDatabaseFactory        : Starting embedded database: url='jdbc:h2:mem:16a34b86-3aa2-41e7-b7e9-1bddbe228e6f;DB_CLOSE_DELAY=-1;DB_CLOSE_ON_EXIT=false', username='sa'
2021-09-22 15:33:27.099  WARN 5696 --- [           main] s.c.a.AnnotationConfigApplicationContext : Exception encountered during context initialization - cancelling refresh attempt: org.springframework.beans.factory.UnsatisfiedDependencyException: Error creating bean with name 'org.springframework.boot.autoconfigure.orm.jpa.HibernateJpaConfiguration': Unsatisfied dependency expressed through constructor parameter 0; nested exception is org.springframework.beans.factory.BeanCreationException: Error creating bean with name 'dataSource': Post-processing of FactoryBean's singleton object failed; nested exception is org.springframework.beans.factory.BeanCreationException: Error creating bean with name 'org.springframework.boot.autoconfigure.jdbc.DataSourceInitializerInvoker': Invocation of init method failed; nested exception is org.springframework.jdbc.datasource.init.ScriptStatementFailedException: Failed to execute SQL script statement #4 of URL [file:/C:/Users/naude/Desktop/IT%20Dev/Project1/AccountSystemRepository/target/test-classes/schema.sql]: CREATE TABLE VITRSA_SANDBOX.DEMO_ACCOUNT_TX ( TX_ID BIGINT NOT NULL, ACCOUNT_TYPE_ID BIGINT NOT NULL, MEMBER_ID BIGINT NOT NULL, AMOUNT BIGINT NOT NULL, TX_DATE DATE NOT NULL, PRIMARY KEY (TX_ID) CONSTRAINT FK_ACCOUNT_TYPE_ID FOREIGN KEY (ACCOUNT_TYPE_ID) REFERENCES VITRSA_SANDBOX.DEMO_ACCOUNT_TYPE (ACCOUNT_TYPE_ID) ); nested exception is org.h2.jdbc.JdbcSQLSyntaxErrorException: Syntax error in SQL statement "CREATE TABLE VITRSA_SANDBOX.DEMO_ACCOUNT_TX ( TX_ID BIGINT NOT NULL, ACCOUNT_TYPE_ID BIGINT NOT NULL, MEMBER_ID BIGINT NOT NULL, AMOUNT BIGINT NOT NULL, TX_DATE DATE NOT NULL, PRIMARY KEY (TX_ID) CONSTRAINT[*] FK_ACCOUNT_TYPE_ID FOREIGN KEY (ACCOUNT_TYPE_ID) REFERENCES VITRSA_SANDBOX.DEMO_ACCOUNT_TYPE (ACCOUNT_TYPE_ID) )"; expected "INDEX, ,, )"; SQL statement:
CREATE TABLE VITRSA_SANDBOX.DEMO_ACCOUNT_TX ( TX_ID BIGINT NOT NULL, ACCOUNT_TYPE_ID BIGINT NOT NULL, MEMBER_ID BIGINT NOT NULL, AMOUNT BIGINT NOT NULL, TX_DATE DATE NOT NULL, PRIMARY KEY (TX_ID) CONSTRAINT FK_ACCOUNT_TYPE_ID FOREIGN KEY (ACCOUNT_TYPE_ID) REFERENCES VITRSA_SANDBOX.DEMO_ACCOUNT_TYPE (ACCOUNT_TYPE_ID) ) [42001-199]
2021-09-22 15:33:27.101  INFO 5696 --- [           main] ConditionEvaluationReportLoggingListener : 

Error starting ApplicationContext. To display the conditions report re-run your application with 'debug' enabled.
2021-09-22 15:33:27.103 ERROR 5696 --- [           main] o.s.boot.SpringApplication               : Application run failed

org.springframework.beans.factory.UnsatisfiedDependencyException: Error creating bean with name 'org.springframework.boot.autoconfigure.orm.jpa.HibernateJpaConfiguration': Unsatisfied dependency expressed through constructor parameter 0; nested exception is org.springframework.beans.factory.BeanCreationException: Error creating bean with name 'dataSource': Post-processing of FactoryBean's singleton object failed; nested exception is org.springframework.beans.factory.BeanCreationException: Error creating bean with name 'org.springframework.boot.autoconfigure.jdbc.DataSourceInitializerInvoker': Invocation of init method failed; nested exception is org.springframework.jdbc.datasource.init.ScriptStatementFailedException: Failed to execute SQL script statement #4 of URL [file:/C:/Users/naude/Desktop/IT%20Dev/Project1/AccountSystemRepository/target/test-classes/schema.sql]: CREATE TABLE VITRSA_SANDBOX.DEMO_ACCOUNT_TX ( TX_ID BIGINT NOT NULL, ACCOUNT_TYPE_ID BIGINT NOT NULL, MEMBER_ID BIGINT NOT NULL, AMOUNT BIGINT NOT NULL, TX_DATE DATE NOT NULL, PRIMARY KEY (TX_ID) CONSTRAINT FK_ACCOUNT_TYPE_ID FOREIGN KEY (ACCOUNT_TYPE_ID) REFERENCES VITRSA_SANDBOX.DEMO_ACCOUNT_TYPE (ACCOUNT_TYPE_ID) ); nested exception is org.h2.jdbc.JdbcSQLSyntaxErrorException: Syntax error in SQL statement "CREATE TABLE VITRSA_SANDBOX.DEMO_ACCOUNT_TX ( TX_ID BIGINT NOT NULL, ACCOUNT_TYPE_ID BIGINT NOT NULL, MEMBER_ID BIGINT NOT NULL, AMOUNT BIGINT NOT NULL, TX_DATE DATE NOT NULL, PRIMARY KEY (TX_ID) CONSTRAINT[*] FK_ACCOUNT_TYPE_ID FOREIGN KEY (ACCOUNT_TYPE_ID) REFERENCES VITRSA_SANDBOX.DEMO_ACCOUNT_TYPE (ACCOUNT_TYPE_ID) )"; expected "INDEX, ,, )"; SQL statement:
CREATE TABLE VITRSA_SANDBOX.DEMO_ACCOUNT_TX ( TX_ID BIGINT NOT NULL, ACCOUNT_TYPE_ID BIGINT NOT NULL, MEMBER_ID BIGINT NOT NULL, AMOUNT BIGINT NOT NULL, TX_DATE DATE NOT NULL, PRIMARY KEY (TX_ID) CONSTRAINT FK_ACCOUNT_TYPE_ID FOREIGN KEY (ACCOUNT_TYPE_ID) REFERENCES VITRSA_SANDBOX.DEMO_ACCOUNT_TYPE (ACCOUNT_TYPE_ID) ) [42001-199]
	at org.springframework.beans.factory.support.ConstructorResolver.createArgumentArray(ConstructorResolver.java:769) ~[spring-beans-5.1.8.RELEASE.jar:5.1.8.RELEASE]
	at org.springframework.beans.factory.support.ConstructorResolver.autowireConstructor(ConstructorResolver.java:218) ~[spring-beans-5.1.8.RELEASE.jar:5.1.8.RELEASE]
	at org.springframework.beans.factory.support.AbstractAutowireCapableBeanFactory.autowireConstructor(AbstractAutowireCapableBeanFactory.java:1341) ~[spring-beans-5.1.8.RELEASE.jar:5.1.8.RELEASE]
	at org.springframework.beans.factory.support.AbstractAutowireCapableBeanFactory.createBeanInstance(AbstractAutowireCapableBeanFactory.java:1187) ~[spring-beans-5.1.8.RELEASE.jar:5.1.8.RELEASE]
	at org.springframework.beans.factory.support.AbstractAutowireCapableBeanFactory.doCreateBean(AbstractAutowireCapableBeanFactory.java:555) ~[spring-beans-5.1.8.RELEASE.jar:5.1.8.RELEASE]
	at org.springframework.beans.factory.support.AbstractAutowireCapableBeanFactory.createBean(AbstractAutowireCapableBeanFactory.java:515) ~[spring-beans-5.1.8.RELEASE.jar:5.1.8.RELEASE]
	at org.springframework.beans.factory.support.AbstractBeanFactory.lambda$doGetBean$0(AbstractBeanFactory.java:320) ~[spring-beans-5.1.8.RELEASE.jar:5.1.8.RELEASE]
	at org.springframework.beans.factory.support.DefaultSingletonBeanRegistry.getSingleton(DefaultSingletonBeanRegistry.java:222) ~[spring-beans-5.1.8.RELEASE.jar:5.1.8.RELEASE]
	at org.springframework.beans.factory.support.AbstractBeanFactory.doGetBean(AbstractBeanFactory.java:318) ~[spring-beans-5.1.8.RELEASE.jar:5.1.8.RELEASE]
	at org.springframework.beans.factory.support.AbstractBeanFactory.getBean(AbstractBeanFactory.java:199) ~[spring-beans-5.1.8.RELEASE.jar:5.1.8.RELEASE]
	at org.springframework.beans.factory.support.ConstructorResolver.instantiateUsingFactoryMethod(ConstructorResolver.java:392) ~[spring-beans-5.1.8.RELEASE.jar:5.1.8.RELEASE]
	at org.springframework.beans.factory.support.AbstractAutowireCapableBeanFactory.instantiateUsingFactoryMethod(AbstractAutowireCapableBeanFactory.java:1321) ~[spring-beans-5.1.8.RELEASE.jar:5.1.8.RELEASE]
	at org.springframework.beans.factory.support.AbstractAutowireCapableBeanFactory.createBeanInstance(AbstractAutowireCapableBeanFactory.java:1160) ~[spring-beans-5.1.8.RELEASE.jar:5.1.8.RELEASE]
	at org.springframework.beans.factory.support.AbstractAutowireCapableBeanFactory.doCreateBean(AbstractAutowireCapableBeanFactory.java:555) ~[spring-beans-5.1.8.RELEASE.jar:5.1.8.RELEASE]
	at org.springframework.beans.factory.support.AbstractAutowireCapableBeanFactory.createBean(AbstractAutowireCapableBeanFactory.java:515) ~[spring-beans-5.1.8.RELEASE.jar:5.1.8.RELEASE]
	at org.springframework.beans.factory.support.AbstractBeanFactory.lambda$doGetBean$0(AbstractBeanFactory.java:320) ~[spring-beans-5.1.8.RELEASE.jar:5.1.8.RELEASE]
	at org.springframework.beans.factory.support.DefaultSingletonBeanRegistry.getSingleton(DefaultSingletonBeanRegistry.java:222) ~[spring-beans-5.1.8.RELEASE.jar:5.1.8.RELEASE]
	at org.springframework.beans.factory.support.AbstractBeanFactory.doGetBean(AbstractBeanFactory.java:318) ~[spring-beans-5.1.8.RELEASE.jar:5.1.8.RELEASE]
	at org.springframework.beans.factory.support.AbstractBeanFactory.getBean(AbstractBeanFactory.java:199) ~[spring-beans-5.1.8.RELEASE.jar:5.1.8.RELEASE]
	at org.springframework.context.support.AbstractApplicationContext.getBean(AbstractApplicationContext.java:1105) ~[spring-context-5.1.8.RELEASE.jar:5.1.8.RELEASE]
	at org.springframework.context.support.AbstractApplicationContext.finishBeanFactoryInitialization(AbstractApplicationContext.java:867) ~[spring-context-5.1.8.RELEASE.jar:5.1.8.RELEASE]
	at org.springframework.context.support.AbstractApplicationContext.refresh(AbstractApplicationContext.java:549) ~[spring-context-5.1.8.RELEASE.jar:5.1.8.RELEASE]
	at org.springframework.boot.SpringApplication.refresh(SpringApplication.java:742) ~[spring-boot-2.1.6.RELEASE.jar:2.1.6.RELEASE]
	at org.springframework.boot.SpringApplication.refreshContext(SpringApplication.java:389) ~[spring-boot-2.1.6.RELEASE.jar:2.1.6.RELEASE]
	at org.springframework.boot.SpringApplication.run(SpringApplication.java:311) ~[spring-boot-2.1.6.RELEASE.jar:2.1.6.RELEASE]
	at org.springframework.boot.test.context.SpringBootContextLoader.loadContext(SpringBootContextLoader.java:119) ~[spring-boot-test-2.1.6.RELEASE.jar:2.1.6.RELEASE]
	at org.springframework.test.context.cache.DefaultCacheAwareContextLoaderDelegate.loadContextInternal(DefaultCacheAwareContextLoaderDelegate.java:99) ~[spring-test-5.1.8.RELEASE.jar:5.1.8.RELEASE]
	at org.springframework.test.context.cache.DefaultCacheAwareContextLoaderDelegate.loadContext(DefaultCacheAwareContextLoaderDelegate.java:117) ~[spring-test-5.1.8.RELEASE.jar:5.1.8.RELEASE]
	at org.springframework.test.context.support.DefaultTestContext.getApplicationContext(DefaultTestContext.java:108) ~[spring-test-5.1.8.RELEASE.jar:5.1.8.RELEASE]
	at org.springframework.test.context.support.DependencyInjectionTestExecutionListener.injectDependencies(DependencyInjectionTestExecutionListener.java:118) ~[spring-test-5.1.8.RELEASE.jar:5.1.8.RELEASE]
	at org.springframework.test.context.support.DependencyInjectionTestExecutionListener.prepareTestInstance(DependencyInjectionTestExecutionListener.java:83) ~[spring-test-5.1.8.RELEASE.jar:5.1.8.RELEASE]
	at org.springframework.boot.test.autoconfigure.SpringBootDependencyInjectionTestExecutionListener.prepareTestInstance(SpringBootDependencyInjectionTestExecutionListener.java:43) ~[spring-boot-test-autoconfigure-2.1.6.RELEASE.jar:2.1.6.RELEASE]
	at org.springframework.test.context.TestContextManager.prepareTestInstance(TestContextManager.java:246) ~[spring-test-5.1.8.RELEASE.jar:5.1.8.RELEASE]
	at org.springframework.test.context.junit4.SpringJUnit4ClassRunner.createTest(SpringJUnit4ClassRunner.java:227) ~[spring-test-5.1.8.RELEASE.jar:5.1.8.RELEASE]
	at org.springframework.test.context.junit4.SpringJUnit4ClassRunner$1.runReflectiveCall(SpringJUnit4ClassRunner.java:289) ~[spring-test-5.1.8.RELEASE.jar:5.1.8.RELEASE]
	at org.junit.internal.runners.model.ReflectiveCallable.run(ReflectiveCallable.java:12) ~[junit-4.12.jar:4.12]
	at org.springframework.test.context.junit4.SpringJUnit4ClassRunner.methodBlock(SpringJUnit4ClassRunner.java:291) ~[spring-test-5.1.8.RELEASE.jar:5.1.8.RELEASE]
	at org.springframework.test.context.junit4.SpringJUnit4ClassRunner.runChild(SpringJUnit4ClassRunner.java:246) ~[spring-test-5.1.8.RELEASE.jar:5.1.8.RELEASE]
	at org.springframework.test.context.junit4.SpringJUnit4ClassRunner.runChild(SpringJUnit4ClassRunner.java:97) ~[spring-test-5.1.8.RELEASE.jar:5.1.8.RELEASE]
	at org.junit.runners.ParentRunner$3.run(ParentRunner.java:290) ~[junit-4.12.jar:4.12]
	at org.junit.runners.ParentRunner$1.schedule(ParentRunner.java:71) ~[junit-4.12.jar:4.12]
	at org.junit.runners.ParentRunner.runChildren(ParentRunner.java:288) ~[junit-4.12.jar:4.12]
	at org.junit.runners.ParentRunner.access$000(ParentRunner.java:58) ~[junit-4.12.jar:4.12]
	at org.junit.runners.ParentRunner$2.evaluate(ParentRunner.java:268) ~[junit-4.12.jar:4.12]
	at org.springframework.test.context.junit4.statements.RunBeforeTestClassCallbacks.evaluate(RunBeforeTestClassCallbacks.java:61) ~[spring-test-5.1.8.RELEASE.jar:5.1.8.RELEASE]
	at org.springframework.test.context.junit4.statements.RunAfterTestClassCallbacks.evaluate(RunAfterTestClassCallbacks.java:70) ~[spring-test-5.1.8.RELEASE.jar:5.1.8.RELEASE]
	at org.junit.runners.ParentRunner.run(ParentRunner.java:363) ~[junit-4.12.jar:4.12]
	at org.springframework.test.context.junit4.SpringJUnit4ClassRunner.run(SpringJUnit4ClassRunner.java:190) ~[spring-test-5.1.8.RELEASE.jar:5.1.8.RELEASE]
	at org.apache.maven.surefire.junit4.JUnit4Provider.execute(JUnit4Provider.java:365) ~[surefire-junit4-2.22.2.jar:2.22.2]
	at org.apache.maven.surefire.junit4.JUnit4Provider.executeWithRerun(JUnit4Provider.java:273) ~[surefire-junit4-2.22.2.jar:2.22.2]
	at org.apache.maven.surefire.junit4.JUnit4Provider.executeTestSet(JUnit4Provider.java:238) ~[surefire-junit4-2.22.2.jar:2.22.2]
	at org.apache.maven.surefire.junit4.JUnit4Provider.invoke(JUnit4Provider.java:159) ~[surefire-junit4-2.22.2.jar:2.22.2]
	at org.apache.maven.surefire.booter.ForkedBooter.invokeProviderInSameClassLoader(ForkedBooter.java:384) ~[surefire-booter-2.22.2.jar:2.22.2]
	at org.apache.maven.surefire.booter.ForkedBooter.runSuitesInProcess(ForkedBooter.java:345) ~[surefire-booter-2.22.2.jar:2.22.2]
	at org.apache.maven.surefire.booter.ForkedBooter.execute(ForkedBooter.java:126) ~[surefire-booter-2.22.2.jar:2.22.2]
	at org.apache.maven.surefire.booter.ForkedBooter.main(ForkedBooter.java:418) ~[surefire-booter-2.22.2.jar:2.22.2]
Caused by: org.springframework.beans.factory.BeanCreationException: Error creating bean with name 'dataSource': Post-processing of FactoryBean's singleton object failed; nested exception is org.springframework.beans.factory.BeanCreationException: Error creating bean with name 'org.springframework.boot.autoconfigure.jdbc.DataSourceInitializerInvoker': Invocation of init method failed; nested exception is org.springframework.jdbc.datasource.init.ScriptStatementFailedException: Failed to execute SQL script statement #4 of URL [file:/C:/Users/naude/Desktop/IT%20Dev/Project1/AccountSystemRepository/target/test-classes/schema.sql]: CREATE TABLE VITRSA_SANDBOX.DEMO_ACCOUNT_TX ( TX_ID BIGINT NOT NULL, ACCOUNT_TYPE_ID BIGINT NOT NULL, MEMBER_ID BIGINT NOT NULL, AMOUNT BIGINT NOT NULL, TX_DATE DATE NOT NULL, PRIMARY KEY (TX_ID) CONSTRAINT FK_ACCOUNT_TYPE_ID FOREIGN KEY (ACCOUNT_TYPE_ID) REFERENCES VITRSA_SANDBOX.DEMO_ACCOUNT_TYPE (ACCOUNT_TYPE_ID) ); nested exception is org.h2.jdbc.JdbcSQLSyntaxErrorException: Syntax error in SQL statement "CREATE TABLE VITRSA_SANDBOX.DEMO_ACCOUNT_TX ( TX_ID BIGINT NOT NULL, ACCOUNT_TYPE_ID BIGINT NOT NULL, MEMBER_ID BIGINT NOT NULL, AMOUNT BIGINT NOT NULL, TX_DATE DATE NOT NULL, PRIMARY KEY (TX_ID) CONSTRAINT[*] FK_ACCOUNT_TYPE_ID FOREIGN KEY (ACCOUNT_TYPE_ID) REFERENCES VITRSA_SANDBOX.DEMO_ACCOUNT_TYPE (ACCOUNT_TYPE_ID) )"; expected "INDEX, ,, )"; SQL statement:
CREATE TABLE VITRSA_SANDBOX.DEMO_ACCOUNT_TX ( TX_ID BIGINT NOT NULL, ACCOUNT_TYPE_ID BIGINT NOT NULL, MEMBER_ID BIGINT NOT NULL, AMOUNT BIGINT NOT NULL, TX_DATE DATE NOT NULL, PRIMARY KEY (TX_ID) CONSTRAINT FK_ACCOUNT_TYPE_ID FOREIGN KEY (ACCOUNT_TYPE_ID) REFERENCES VITRSA_SANDBOX.DEMO_ACCOUNT_TYPE (ACCOUNT_TYPE_ID) ) [42001-199]
	at org.springframework.beans.factory.support.FactoryBeanRegistrySupport.getObjectFromFactoryBean(FactoryBeanRegistrySupport.java:119) ~[spring-beans-5.1.8.RELEASE.jar:5.1.8.RELEASE]
	at org.springframework.beans.factory.support.AbstractBeanFactory.getObjectForBeanInstance(AbstractBeanFactory.java:1674) ~[spring-beans-5.1.8.RELEASE.jar:5.1.8.RELEASE]
	at org.springframework.beans.factory.support.AbstractAutowireCapableBeanFactory.getObjectForBeanInstance(AbstractAutowireCapableBeanFactory.java:1249) ~[spring-beans-5.1.8.RELEASE.jar:5.1.8.RELEASE]
	at org.springframework.beans.factory.support.AbstractBeanFactory.doGetBean(AbstractBeanFactory.java:330) ~[spring-beans-5.1.8.RELEASE.jar:5.1.8.RELEASE]
	at org.springframework.beans.factory.support.AbstractBeanFactory.getBean(AbstractBeanFactory.java:199) ~[spring-beans-5.1.8.RELEASE.jar:5.1.8.RELEASE]
	at org.springframework.beans.factory.config.DependencyDescriptor.resolveCandidate(DependencyDescriptor.java:277) ~[spring-beans-5.1.8.RELEASE.jar:5.1.8.RELEASE]
	at org.springframework.beans.factory.support.DefaultListableBeanFactory.doResolveDependency(DefaultListableBeanFactory.java:1251) ~[spring-beans-5.1.8.RELEASE.jar:5.1.8.RELEASE]
	at org.springframework.beans.factory.support.DefaultListableBeanFactory.resolveDependency(DefaultListableBeanFactory.java:1171) ~[spring-beans-5.1.8.RELEASE.jar:5.1.8.RELEASE]
	at org.springframework.beans.factory.support.ConstructorResolver.resolveAutowiredArgument(ConstructorResolver.java:857) ~[spring-beans-5.1.8.RELEASE.jar:5.1.8.RELEASE]
	at org.springframework.beans.factory.support.ConstructorResolver.createArgumentArray(ConstructorResolver.java:760) ~[spring-beans-5.1.8.RELEASE.jar:5.1.8.RELEASE]
	... 55 common frames omitted
Caused by: org.springframework.beans.factory.BeanCreationException: Error creating bean with name 'org.springframework.boot.autoconfigure.jdbc.DataSourceInitializerInvoker': Invocation of init method failed; nested exception is org.springframework.jdbc.datasource.init.ScriptStatementFailedException: Failed to execute SQL script statement #4 of URL [file:/C:/Users/naude/Desktop/IT%20Dev/Project1/AccountSystemRepository/target/test-classes/schema.sql]: CREATE TABLE VITRSA_SANDBOX.DEMO_ACCOUNT_TX ( TX_ID BIGINT NOT NULL, ACCOUNT_TYPE_ID BIGINT NOT NULL, MEMBER_ID BIGINT NOT NULL, AMOUNT BIGINT NOT NULL, TX_DATE DATE NOT NULL, PRIMARY KEY (TX_ID) CONSTRAINT FK_ACCOUNT_TYPE_ID FOREIGN KEY (ACCOUNT_TYPE_ID) REFERENCES VITRSA_SANDBOX.DEMO_ACCOUNT_TYPE (ACCOUNT_TYPE_ID) ); nested exception is org.h2.jdbc.JdbcSQLSyntaxErrorException: Syntax error in SQL statement "CREATE TABLE VITRSA_SANDBOX.DEMO_ACCOUNT_TX ( TX_ID BIGINT NOT NULL, ACCOUNT_TYPE_ID BIGINT NOT NULL, MEMBER_ID BIGINT NOT NULL, AMOUNT BIGINT NOT NULL, TX_DATE DATE NOT NULL, PRIMARY KEY (TX_ID) CONSTRAINT[*] FK_ACCOUNT_TYPE_ID FOREIGN KEY (ACCOUNT_TYPE_ID) REFERENCES VITRSA_SANDBOX.DEMO_ACCOUNT_TYPE (ACCOUNT_TYPE_ID) )"; expected "INDEX, ,, )"; SQL statement:
CREATE TABLE VITRSA_SANDBOX.DEMO_ACCOUNT_TX ( TX_ID BIGINT NOT NULL, ACCOUNT_TYPE_ID BIGINT NOT NULL, MEMBER_ID BIGINT NOT NULL, AMOUNT BIGINT NOT NULL, TX_DATE DATE NOT NULL, PRIMARY KEY (TX_ID) CONSTRAINT FK_ACCOUNT_TYPE_ID FOREIGN KEY (ACCOUNT_TYPE_ID) REFERENCES VITRSA_SANDBOX.DEMO_ACCOUNT_TYPE (ACCOUNT_TYPE_ID) ) [42001-199]
	at org.springframework.beans.factory.support.AbstractAutowireCapableBeanFactory.initializeBean(AbstractAutowireCapableBeanFactory.java:1778) ~[spring-beans-5.1.8.RELEASE.jar:5.1.8.RELEASE]
	at org.springframework.beans.factory.support.AbstractAutowireCapableBeanFactory.doCreateBean(AbstractAutowireCapableBeanFactory.java:593) ~[spring-beans-5.1.8.RELEASE.jar:5.1.8.RELEASE]
	at org.springframework.beans.factory.support.AbstractAutowireCapableBeanFactory.createBean(AbstractAutowireCapableBeanFactory.java:515) ~[spring-beans-5.1.8.RELEASE.jar:5.1.8.RELEASE]
	at org.springframework.beans.factory.support.AbstractBeanFactory.lambda$doGetBean$0(AbstractBeanFactory.java:320) ~[spring-beans-5.1.8.RELEASE.jar:5.1.8.RELEASE]
	at org.springframework.beans.factory.support.DefaultSingletonBeanRegistry.getSingleton(DefaultSingletonBeanRegistry.java:222) ~[spring-beans-5.1.8.RELEASE.jar:5.1.8.RELEASE]
	at org.springframework.beans.factory.support.AbstractBeanFactory.doGetBean(AbstractBeanFactory.java:318) ~[spring-beans-5.1.8.RELEASE.jar:5.1.8.RELEASE]
	at org.springframework.beans.factory.support.AbstractBeanFactory.getBean(AbstractBeanFactory.java:224) ~[spring-beans-5.1.8.RELEASE.jar:5.1.8.RELEASE]
	at org.springframework.beans.factory.support.DefaultListableBeanFactory.resolveNamedBean(DefaultListableBeanFactory.java:1119) ~[spring-beans-5.1.8.RELEASE.jar:5.1.8.RELEASE]
	at org.springframework.beans.factory.support.DefaultListableBeanFactory.resolveBean(DefaultListableBeanFactory.java:411) ~[spring-beans-5.1.8.RELEASE.jar:5.1.8.RELEASE]
	at org.springframework.beans.factory.support.DefaultListableBeanFactory.getBean(DefaultListableBeanFactory.java:344) ~[spring-beans-5.1.8.RELEASE.jar:5.1.8.RELEASE]
	at org.springframework.beans.factory.support.DefaultListableBeanFactory.getBean(DefaultListableBeanFactory.java:337) ~[spring-beans-5.1.8.RELEASE.jar:5.1.8.RELEASE]
	at org.springframework.boot.autoconfigure.jdbc.DataSourceInitializerPostProcessor.postProcessAfterInitialization(DataSourceInitializerPostProcessor.java:53) ~[spring-boot-autoconfigure-2.1.6.RELEASE.jar:2.1.6.RELEASE]
	at org.springframework.beans.factory.support.AbstractAutowireCapableBeanFactory.applyBeanPostProcessorsAfterInitialization(AbstractAutowireCapableBeanFactory.java:429) ~[spring-beans-5.1.8.RELEASE.jar:5.1.8.RELEASE]
	at org.springframework.beans.factory.support.AbstractAutowireCapableBeanFactory.postProcessObjectFromFactoryBean(AbstractAutowireCapableBeanFactory.java:1921) ~[spring-beans-5.1.8.RELEASE.jar:5.1.8.RELEASE]
	at org.springframework.beans.factory.support.FactoryBeanRegistrySupport.getObjectFromFactoryBean(FactoryBeanRegistrySupport.java:116) ~[spring-beans-5.1.8.RELEASE.jar:5.1.8.RELEASE]
	... 64 common frames omitted
Caused by: org.springframework.jdbc.datasource.init.ScriptStatementFailedException: Failed to execute SQL script statement #4 of URL [file:/C:/Users/naude/Desktop/IT%20Dev/Project1/AccountSystemRepository/target/test-classes/schema.sql]: CREATE TABLE VITRSA_SANDBOX.DEMO_ACCOUNT_TX ( TX_ID BIGINT NOT NULL, ACCOUNT_TYPE_ID BIGINT NOT NULL, MEMBER_ID BIGINT NOT NULL, AMOUNT BIGINT NOT NULL, TX_DATE DATE NOT NULL, PRIMARY KEY (TX_ID) CONSTRAINT FK_ACCOUNT_TYPE_ID FOREIGN KEY (ACCOUNT_TYPE_ID) REFERENCES VITRSA_SANDBOX.DEMO_ACCOUNT_TYPE (ACCOUNT_TYPE_ID) ); nested exception is org.h2.jdbc.JdbcSQLSyntaxErrorException: Syntax error in SQL statement "CREATE TABLE VITRSA_SANDBOX.DEMO_ACCOUNT_TX ( TX_ID BIGINT NOT NULL, ACCOUNT_TYPE_ID BIGINT NOT NULL, MEMBER_ID BIGINT NOT NULL, AMOUNT BIGINT NOT NULL, TX_DATE DATE NOT NULL, PRIMARY KEY (TX_ID) CONSTRAINT[*] FK_ACCOUNT_TYPE_ID FOREIGN KEY (ACCOUNT_TYPE_ID) REFERENCES VITRSA_SANDBOX.DEMO_ACCOUNT_TYPE (ACCOUNT_TYPE_ID) )"; expected "INDEX, ,, )"; SQL statement:
CREATE TABLE VITRSA_SANDBOX.DEMO_ACCOUNT_TX ( TX_ID BIGINT NOT NULL, ACCOUNT_TYPE_ID BIGINT NOT NULL, MEMBER_ID BIGINT NOT NULL, AMOUNT BIGINT NOT NULL, TX_DATE DATE NOT NULL, PRIMARY KEY (TX_ID) CONSTRAINT FK_ACCOUNT_TYPE_ID FOREIGN KEY (ACCOUNT_TYPE_ID) REFERENCES VITRSA_SANDBOX.DEMO_ACCOUNT_TYPE (ACCOUNT_TYPE_ID) ) [42001-199]
	at org.springframework.jdbc.datasource.init.ScriptUtils.executeSqlScript(ScriptUtils.java:509) ~[spring-jdbc-5.1.8.RELEASE.jar:5.1.8.RELEASE]
	at org.springframework.jdbc.datasource.init.ResourceDatabasePopulator.populate(ResourceDatabasePopulator.java:238) ~[spring-jdbc-5.1.8.RELEASE.jar:5.1.8.RELEASE]
	at org.springframework.jdbc.datasource.init.DatabasePopulatorUtils.execute(DatabasePopulatorUtils.java:48) ~[spring-jdbc-5.1.8.RELEASE.jar:5.1.8.RELEASE]
	at org.springframework.boot.autoconfigure.jdbc.DataSourceInitializer.runScripts(DataSourceInitializer.java:202) ~[spring-boot-autoconfigure-2.1.6.RELEASE.jar:2.1.6.RELEASE]
	at org.springframework.boot.autoconfigure.jdbc.DataSourceInitializer.createSchema(DataSourceInitializer.java:101) ~[spring-boot-autoconfigure-2.1.6.RELEASE.jar:2.1.6.RELEASE]
	at org.springframework.boot.autoconfigure.jdbc.DataSourceInitializerInvoker.afterPropertiesSet(DataSourceInitializerInvoker.java:62) ~[spring-boot-autoconfigure-2.1.6.RELEASE.jar:2.1.6.RELEASE]
	at org.springframework.beans.factory.support.AbstractAutowireCapableBeanFactory.invokeInitMethods(AbstractAutowireCapableBeanFactory.java:1837) ~[spring-beans-5.1.8.RELEASE.jar:5.1.8.RELEASE]
	at org.springframework.beans.factory.support.AbstractAutowireCapableBeanFactory.initializeBean(AbstractAutowireCapableBeanFactory.java:1774) ~[spring-beans-5.1.8.RELEASE.jar:5.1.8.RELEASE]
	... 78 common frames omitted
Caused by: org.h2.jdbc.JdbcSQLSyntaxErrorException: Syntax error in SQL statement "CREATE TABLE VITRSA_SANDBOX.DEMO_ACCOUNT_TX ( TX_ID BIGINT NOT NULL, ACCOUNT_TYPE_ID BIGINT NOT NULL, MEMBER_ID BIGINT NOT NULL, AMOUNT BIGINT NOT NULL, TX_DATE DATE NOT NULL, PRIMARY KEY (TX_ID) CONSTRAINT[*] FK_ACCOUNT_TYPE_ID FOREIGN KEY (ACCOUNT_TYPE_ID) REFERENCES VITRSA_SANDBOX.DEMO_ACCOUNT_TYPE (ACCOUNT_TYPE_ID) )"; expected "INDEX, ,, )"; SQL statement:
CREATE TABLE VITRSA_SANDBOX.DEMO_ACCOUNT_TX ( TX_ID BIGINT NOT NULL, ACCOUNT_TYPE_ID BIGINT NOT NULL, MEMBER_ID BIGINT NOT NULL, AMOUNT BIGINT NOT NULL, TX_DATE DATE NOT NULL, PRIMARY KEY (TX_ID) CONSTRAINT FK_ACCOUNT_TYPE_ID FOREIGN KEY (ACCOUNT_TYPE_ID) REFERENCES VITRSA_SANDBOX.DEMO_ACCOUNT_TYPE (ACCOUNT_TYPE_ID) ) [42001-199]
	at org.h2.message.DbException.getJdbcSQLException(DbException.java:451) ~[h2-1.4.199.jar:1.4.199]
	at org.h2.message.DbException.getJdbcSQLException(DbException.java:427) ~[h2-1.4.199.jar:1.4.199]
	at org.h2.message.DbException.getSyntaxError(DbException.java:243) ~[h2-1.4.199.jar:1.4.199]
	at org.h2.command.Parser.getSyntaxError(Parser.java:991) ~[h2-1.4.199.jar:1.4.199]
	at org.h2.command.Parser.read(Parser.java:4549) ~[h2-1.4.199.jar:1.4.199]
	at org.h2.command.Parser.readIfMore(Parser.java:1391) ~[h2-1.4.199.jar:1.4.199]
	at org.h2.command.Parser.parseCreateTable(Parser.java:7833) ~[h2-1.4.199.jar:1.4.199]
	at org.h2.command.Parser.parseCreate(Parser.java:5818) ~[h2-1.4.199.jar:1.4.199]
	at org.h2.command.Parser.parsePrepared(Parser.java:846) ~[h2-1.4.199.jar:1.4.199]
	at org.h2.command.Parser.parse(Parser.java:788) ~[h2-1.4.199.jar:1.4.199]
	at org.h2.command.Parser.parse(Parser.java:764) ~[h2-1.4.199.jar:1.4.199]
	at org.h2.command.Parser.prepareCommand(Parser.java:683) ~[h2-1.4.199.jar:1.4.199]
	at org.h2.engine.Session.prepareLocal(Session.java:627) ~[h2-1.4.199.jar:1.4.199]
	at org.h2.engine.Session.prepareCommand(Session.java:565) ~[h2-1.4.199.jar:1.4.199]
	at org.h2.jdbc.JdbcConnection.prepareCommand(JdbcConnection.java:1292) ~[h2-1.4.199.jar:1.4.199]
	at org.h2.jdbc.JdbcStatement.executeInternal(JdbcStatement.java:217) ~[h2-1.4.199.jar:1.4.199]
	at org.h2.jdbc.JdbcStatement.execute(JdbcStatement.java:205) ~[h2-1.4.199.jar:1.4.199]
	at org.springframework.jdbc.datasource.init.ScriptUtils.executeSqlScript(ScriptUtils.java:488) ~[spring-jdbc-5.1.8.RELEASE.jar:5.1.8.RELEASE]
	... 85 common frames omitted


  .   ____          _            __ _ _
 /\\ / ___'_ __ _ _(_)_ __  __ _ \ \ \ \
( ( )\___ | '_ | '_| | '_ \/ _` | \ \ \ \
 \\/  ___)| |_)| | | | | || (_| |  ) ) ) )
  '  |____| .__|_| |_|_| |_\__, | / / / /
 =========|_|==============|___/=/_/_/_/
 :: Spring Boot ::        (v2.1.6.RELEASE)

2021-09-22 15:33:27.145  INFO 5696 --- [           main] z.a.n.a.r.p.AccountTypeRepositoryTest    : Starting AccountTypeRepositoryTest on DESKTOP-074OGOO with PID 5696 (started by naude in C:\Users\naude\Desktop\IT Dev\Project1\AccountSystemRepository)
2021-09-22 15:33:27.145  INFO 5696 --- [           main] z.a.n.a.r.p.AccountTypeRepositoryTest    : No active profile set, falling back to default profiles: default
2021-09-22 15:33:27.284  INFO 5696 --- [           main] .s.d.r.c.RepositoryConfigurationDelegate : Bootstrapping Spring Data repositories in DEFAULT mode.
2021-09-22 15:33:27.304  INFO 5696 --- [           main] .s.d.r.c.RepositoryConfigurationDelegate : Finished Spring Data repository scanning in 17ms. Found 1 repository interfaces.
2021-09-22 15:33:27.325  INFO 5696 --- [           main] beddedDataSourceBeanFactoryPostProcessor : Replacing 'dataSource' DataSource bean with embedded version
2021-09-22 15:33:27.353  INFO 5696 --- [           main] o.s.j.d.e.EmbeddedDatabaseFactory        : Starting embedded database: url='jdbc:h2:mem:4249c735-e323-46c5-8168-0a26aab7638b;DB_CLOSE_DELAY=-1;DB_CLOSE_ON_EXIT=false', username='sa'
2021-09-22 15:33:27.429  WARN 5696 --- [           main] s.c.a.AnnotationConfigApplicationContext : Exception encountered during context initialization - cancelling refresh attempt: org.springframework.beans.factory.UnsatisfiedDependencyException: Error creating bean with name 'org.springframework.boot.autoconfigure.orm.jpa.HibernateJpaConfiguration': Unsatisfied dependency expressed through constructor parameter 0; nested exception is org.springframework.beans.factory.BeanCreationException: Error creating bean with name 'dataSource': Post-processing of FactoryBean's singleton object failed; nested exception is org.springframework.beans.factory.BeanCreationException: Error creating bean with name 'org.springframework.boot.autoconfigure.jdbc.DataSourceInitializerInvoker': Invocation of init method failed; nested exception is org.springframework.jdbc.datasource.init.ScriptStatementFailedException: Failed to execute SQL script statement #4 of URL [file:/C:/Users/naude/Desktop/IT%20Dev/Project1/AccountSystemRepository/target/test-classes/schema.sql]: CREATE TABLE VITRSA_SANDBOX.DEMO_ACCOUNT_TX ( TX_ID BIGINT NOT NULL, ACCOUNT_TYPE_ID BIGINT NOT NULL, MEMBER_ID BIGINT NOT NULL, AMOUNT BIGINT NOT NULL, TX_DATE DATE NOT NULL, PRIMARY KEY (TX_ID) CONSTRAINT FK_ACCOUNT_TYPE_ID FOREIGN KEY (ACCOUNT_TYPE_ID) REFERENCES VITRSA_SANDBOX.DEMO_ACCOUNT_TYPE (ACCOUNT_TYPE_ID) ); nested exception is org.h2.jdbc.JdbcSQLSyntaxErrorException: Syntax error in SQL statement "CREATE TABLE VITRSA_SANDBOX.DEMO_ACCOUNT_TX ( TX_ID BIGINT NOT NULL, ACCOUNT_TYPE_ID BIGINT NOT NULL, MEMBER_ID BIGINT NOT NULL, AMOUNT BIGINT NOT NULL, TX_DATE DATE NOT NULL, PRIMARY KEY (TX_ID) CONSTRAINT[*] FK_ACCOUNT_TYPE_ID FOREIGN KEY (ACCOUNT_TYPE_ID) REFERENCES VITRSA_SANDBOX.DEMO_ACCOUNT_TYPE (ACCOUNT_TYPE_ID) )"; expected "INDEX, ,, )"; SQL statement:
CREATE TABLE VITRSA_SANDBOX.DEMO_ACCOUNT_TX ( TX_ID BIGINT NOT NULL, ACCOUNT_TYPE_ID BIGINT NOT NULL, MEMBER_ID BIGINT NOT NULL, AMOUNT BIGINT NOT NULL, TX_DATE DATE NOT NULL, PRIMARY KEY (TX_ID) CONSTRAINT FK_ACCOUNT_TYPE_ID FOREIGN KEY (ACCOUNT_TYPE_ID) REFERENCES VITRSA_SANDBOX.DEMO_ACCOUNT_TYPE (ACCOUNT_TYPE_ID) ) [42001-199]
2021-09-22 15:33:27.430  INFO 5696 --- [           main] ConditionEvaluationReportLoggingListener : 

Error starting ApplicationContext. To display the conditions report re-run your application with 'debug' enabled.
2021-09-22 15:33:27.434 ERROR 5696 --- [           main] o.s.boot.SpringApplication               : Application run failed

org.springframework.beans.factory.UnsatisfiedDependencyException: Error creating bean with name 'org.springframework.boot.autoconfigure.orm.jpa.HibernateJpaConfiguration': Unsatisfied dependency expressed through constructor parameter 0; nested exception is org.springframework.beans.factory.BeanCreationException: Error creating bean with name 'dataSource': Post-processing of FactoryBean's singleton object failed; nested exception is org.springframework.beans.factory.BeanCreationException: Error creating bean with name 'org.springframework.boot.autoconfigure.jdbc.DataSourceInitializerInvoker': Invocation of init method failed; nested exception is org.springframework.jdbc.datasource.init.ScriptStatementFailedException: Failed to execute SQL script statement #4 of URL [file:/C:/Users/naude/Desktop/IT%20Dev/Project1/AccountSystemRepository/target/test-classes/schema.sql]: CREATE TABLE VITRSA_SANDBOX.DEMO_ACCOUNT_TX ( TX_ID BIGINT NOT NULL, ACCOUNT_TYPE_ID BIGINT NOT NULL, MEMBER_ID BIGINT NOT NULL, AMOUNT BIGINT NOT NULL, TX_DATE DATE NOT NULL, PRIMARY KEY (TX_ID) CONSTRAINT FK_ACCOUNT_TYPE_ID FOREIGN KEY (ACCOUNT_TYPE_ID) REFERENCES VITRSA_SANDBOX.DEMO_ACCOUNT_TYPE (ACCOUNT_TYPE_ID) ); nested exception is org.h2.jdbc.JdbcSQLSyntaxErrorException: Syntax error in SQL statement "CREATE TABLE VITRSA_SANDBOX.DEMO_ACCOUNT_TX ( TX_ID BIGINT NOT NULL, ACCOUNT_TYPE_ID BIGINT NOT NULL, MEMBER_ID BIGINT NOT NULL, AMOUNT BIGINT NOT NULL, TX_DATE DATE NOT NULL, PRIMARY KEY (TX_ID) CONSTRAINT[*] FK_ACCOUNT_TYPE_ID FOREIGN KEY (ACCOUNT_TYPE_ID) REFERENCES VITRSA_SANDBOX.DEMO_ACCOUNT_TYPE (ACCOUNT_TYPE_ID) )"; expected "INDEX, ,, )"; SQL statement:
CREATE TABLE VITRSA_SANDBOX.DEMO_ACCOUNT_TX ( TX_ID BIGINT NOT NULL, ACCOUNT_TYPE_ID BIGINT NOT NULL, MEMBER_ID BIGINT NOT NULL, AMOUNT BIGINT NOT NULL, TX_DATE DATE NOT NULL, PRIMARY KEY (TX_ID) CONSTRAINT FK_ACCOUNT_TYPE_ID FOREIGN KEY (ACCOUNT_TYPE_ID) REFERENCES VITRSA_SANDBOX.DEMO_ACCOUNT_TYPE (ACCOUNT_TYPE_ID) ) [42001-199]
	at org.springframework.beans.factory.support.ConstructorResolver.createArgumentArray(ConstructorResolver.java:769) ~[spring-beans-5.1.8.RELEASE.jar:5.1.8.RELEASE]
	at org.springframework.beans.factory.support.ConstructorResolver.autowireConstructor(ConstructorResolver.java:218) ~[spring-beans-5.1.8.RELEASE.jar:5.1.8.RELEASE]
	at org.springframework.beans.factory.support.AbstractAutowireCapableBeanFactory.autowireConstructor(AbstractAutowireCapableBeanFactory.java:1341) ~[spring-beans-5.1.8.RELEASE.jar:5.1.8.RELEASE]
	at org.springframework.beans.factory.support.AbstractAutowireCapableBeanFactory.createBeanInstance(AbstractAutowireCapableBeanFactory.java:1187) ~[spring-beans-5.1.8.RELEASE.jar:5.1.8.RELEASE]
	at org.springframework.beans.factory.support.AbstractAutowireCapableBeanFactory.doCreateBean(AbstractAutowireCapableBeanFactory.java:555) ~[spring-beans-5.1.8.RELEASE.jar:5.1.8.RELEASE]
	at org.springframework.beans.factory.support.AbstractAutowireCapableBeanFactory.createBean(AbstractAutowireCapableBeanFactory.java:515) ~[spring-beans-5.1.8.RELEASE.jar:5.1.8.RELEASE]
	at org.springframework.beans.factory.support.AbstractBeanFactory.lambda$doGetBean$0(AbstractBeanFactory.java:320) ~[spring-beans-5.1.8.RELEASE.jar:5.1.8.RELEASE]
	at org.springframework.beans.factory.support.DefaultSingletonBeanRegistry.getSingleton(DefaultSingletonBeanRegistry.java:222) ~[spring-beans-5.1.8.RELEASE.jar:5.1.8.RELEASE]
	at org.springframework.beans.factory.support.AbstractBeanFactory.doGetBean(AbstractBeanFactory.java:318) ~[spring-beans-5.1.8.RELEASE.jar:5.1.8.RELEASE]
	at org.springframework.beans.factory.support.AbstractBeanFactory.getBean(AbstractBeanFactory.java:199) ~[spring-beans-5.1.8.RELEASE.jar:5.1.8.RELEASE]
	at org.springframework.beans.factory.support.ConstructorResolver.instantiateUsingFactoryMethod(ConstructorResolver.java:392) ~[spring-beans-5.1.8.RELEASE.jar:5.1.8.RELEASE]
	at org.springframework.beans.factory.support.AbstractAutowireCapableBeanFactory.instantiateUsingFactoryMethod(AbstractAutowireCapableBeanFactory.java:1321) ~[spring-beans-5.1.8.RELEASE.jar:5.1.8.RELEASE]
	at org.springframework.beans.factory.support.AbstractAutowireCapableBeanFactory.createBeanInstance(AbstractAutowireCapableBeanFactory.java:1160) ~[spring-beans-5.1.8.RELEASE.jar:5.1.8.RELEASE]
	at org.springframework.beans.factory.support.AbstractAutowireCapableBeanFactory.doCreateBean(AbstractAutowireCapableBeanFactory.java:555) ~[spring-beans-5.1.8.RELEASE.jar:5.1.8.RELEASE]
	at org.springframework.beans.factory.support.AbstractAutowireCapableBeanFactory.createBean(AbstractAutowireCapableBeanFactory.java:515) ~[spring-beans-5.1.8.RELEASE.jar:5.1.8.RELEASE]
	at org.springframework.beans.factory.support.AbstractBeanFactory.lambda$doGetBean$0(AbstractBeanFactory.java:320) ~[spring-beans-5.1.8.RELEASE.jar:5.1.8.RELEASE]
	at org.springframework.beans.factory.support.DefaultSingletonBeanRegistry.getSingleton(DefaultSingletonBeanRegistry.java:222) ~[spring-beans-5.1.8.RELEASE.jar:5.1.8.RELEASE]
	at org.springframework.beans.factory.support.AbstractBeanFactory.doGetBean(AbstractBeanFactory.java:318) ~[spring-beans-5.1.8.RELEASE.jar:5.1.8.RELEASE]
	at org.springframework.beans.factory.support.AbstractBeanFactory.getBean(AbstractBeanFactory.java:199) ~[spring-beans-5.1.8.RELEASE.jar:5.1.8.RELEASE]
	at org.springframework.context.support.AbstractApplicationContext.getBean(AbstractApplicationContext.java:1105) ~[spring-context-5.1.8.RELEASE.jar:5.1.8.RELEASE]
	at org.springframework.context.support.AbstractApplicationContext.finishBeanFactoryInitialization(AbstractApplicationContext.java:867) ~[spring-context-5.1.8.RELEASE.jar:5.1.8.RELEASE]
	at org.springframework.context.support.AbstractApplicationContext.refresh(AbstractApplicationContext.java:549) ~[spring-context-5.1.8.RELEASE.jar:5.1.8.RELEASE]
	at org.springframework.boot.SpringApplication.refresh(SpringApplication.java:742) ~[spring-boot-2.1.6.RELEASE.jar:2.1.6.RELEASE]
	at org.springframework.boot.SpringApplication.refreshContext(SpringApplication.java:389) ~[spring-boot-2.1.6.RELEASE.jar:2.1.6.RELEASE]
	at org.springframework.boot.SpringApplication.run(SpringApplication.java:311) ~[spring-boot-2.1.6.RELEASE.jar:2.1.6.RELEASE]
	at org.springframework.boot.test.context.SpringBootContextLoader.loadContext(SpringBootContextLoader.java:119) ~[spring-boot-test-2.1.6.RELEASE.jar:2.1.6.RELEASE]
	at org.springframework.test.context.cache.DefaultCacheAwareContextLoaderDelegate.loadContextInternal(DefaultCacheAwareContextLoaderDelegate.java:99) ~[spring-test-5.1.8.RELEASE.jar:5.1.8.RELEASE]
	at org.springframework.test.context.cache.DefaultCacheAwareContextLoaderDelegate.loadContext(DefaultCacheAwareContextLoaderDelegate.java:117) ~[spring-test-5.1.8.RELEASE.jar:5.1.8.RELEASE]
	at org.springframework.test.context.support.DefaultTestContext.getApplicationContext(DefaultTestContext.java:108) ~[spring-test-5.1.8.RELEASE.jar:5.1.8.RELEASE]
	at org.springframework.boot.test.autoconfigure.SpringBootDependencyInjectionTestExecutionListener.outputConditionEvaluationReport(SpringBootDependencyInjectionTestExecutionListener.java:53) ~[spring-boot-test-autoconfigure-2.1.6.RELEASE.jar:2.1.6.RELEASE]
	at org.springframework.boot.test.autoconfigure.SpringBootDependencyInjectionTestExecutionListener.prepareTestInstance(SpringBootDependencyInjectionTestExecutionListener.java:46) ~[spring-boot-test-autoconfigure-2.1.6.RELEASE.jar:2.1.6.RELEASE]
	at org.springframework.test.context.TestContextManager.prepareTestInstance(TestContextManager.java:246) ~[spring-test-5.1.8.RELEASE.jar:5.1.8.RELEASE]
	at org.springframework.test.context.junit4.SpringJUnit4ClassRunner.createTest(SpringJUnit4ClassRunner.java:227) ~[spring-test-5.1.8.RELEASE.jar:5.1.8.RELEASE]
	at org.springframework.test.context.junit4.SpringJUnit4ClassRunner$1.runReflectiveCall(SpringJUnit4ClassRunner.java:289) ~[spring-test-5.1.8.RELEASE.jar:5.1.8.RELEASE]
	at org.junit.internal.runners.model.ReflectiveCallable.run(ReflectiveCallable.java:12) ~[junit-4.12.jar:4.12]
	at org.springframework.test.context.junit4.SpringJUnit4ClassRunner.methodBlock(SpringJUnit4ClassRunner.java:291) ~[spring-test-5.1.8.RELEASE.jar:5.1.8.RELEASE]
	at org.springframework.test.context.junit4.SpringJUnit4ClassRunner.runChild(SpringJUnit4ClassRunner.java:246) ~[spring-test-5.1.8.RELEASE.jar:5.1.8.RELEASE]
	at org.springframework.test.context.junit4.SpringJUnit4ClassRunner.runChild(SpringJUnit4ClassRunner.java:97) ~[spring-test-5.1.8.RELEASE.jar:5.1.8.RELEASE]
	at org.junit.runners.ParentRunner$3.run(ParentRunner.java:290) ~[junit-4.12.jar:4.12]
	at org.junit.runners.ParentRunner$1.schedule(ParentRunner.java:71) ~[junit-4.12.jar:4.12]
	at org.junit.runners.ParentRunner.runChildren(ParentRunner.java:288) ~[junit-4.12.jar:4.12]
	at org.junit.runners.ParentRunner.access$000(ParentRunner.java:58) ~[junit-4.12.jar:4.12]
	at org.junit.runners.ParentRunner$2.evaluate(ParentRunner.java:268) ~[junit-4.12.jar:4.12]
	at org.springframework.test.context.junit4.statements.RunBeforeTestClassCallbacks.evaluate(RunBeforeTestClassCallbacks.java:61) ~[spring-test-5.1.8.RELEASE.jar:5.1.8.RELEASE]
	at org.springframework.test.context.junit4.statements.RunAfterTestClassCallbacks.evaluate(RunAfterTestClassCallbacks.java:70) ~[spring-test-5.1.8.RELEASE.jar:5.1.8.RELEASE]
	at org.junit.runners.ParentRunner.run(ParentRunner.java:363) ~[junit-4.12.jar:4.12]
	at org.springframework.test.context.junit4.SpringJUnit4ClassRunner.run(SpringJUnit4ClassRunner.java:190) ~[spring-test-5.1.8.RELEASE.jar:5.1.8.RELEASE]
	at org.apache.maven.surefire.junit4.JUnit4Provider.execute(JUnit4Provider.java:365) ~[surefire-junit4-2.22.2.jar:2.22.2]
	at org.apache.maven.surefire.junit4.JUnit4Provider.executeWithRerun(JUnit4Provider.java:273) ~[surefire-junit4-2.22.2.jar:2.22.2]
	at org.apache.maven.surefire.junit4.JUnit4Provider.executeTestSet(JUnit4Provider.java:238) ~[surefire-junit4-2.22.2.jar:2.22.2]
	at org.apache.maven.surefire.junit4.JUnit4Provider.invoke(JUnit4Provider.java:159) ~[surefire-junit4-2.22.2.jar:2.22.2]
	at org.apache.maven.surefire.booter.ForkedBooter.invokeProviderInSameClassLoader(ForkedBooter.java:384) ~[surefire-booter-2.22.2.jar:2.22.2]
	at org.apache.maven.surefire.booter.ForkedBooter.runSuitesInProcess(ForkedBooter.java:345) ~[surefire-booter-2.22.2.jar:2.22.2]
	at org.apache.maven.surefire.booter.ForkedBooter.execute(ForkedBooter.java:126) ~[surefire-booter-2.22.2.jar:2.22.2]
	at org.apache.maven.surefire.booter.ForkedBooter.main(ForkedBooter.java:418) ~[surefire-booter-2.22.2.jar:2.22.2]
Caused by: org.springframework.beans.factory.BeanCreationException: Error creating bean with name 'dataSource': Post-processing of FactoryBean's singleton object failed; nested exception is org.springframework.beans.factory.BeanCreationException: Error creating bean with name 'org.springframework.boot.autoconfigure.jdbc.DataSourceInitializerInvoker': Invocation of init method failed; nested exception is org.springframework.jdbc.datasource.init.ScriptStatementFailedException: Failed to execute SQL script statement #4 of URL [file:/C:/Users/naude/Desktop/IT%20Dev/Project1/AccountSystemRepository/target/test-classes/schema.sql]: CREATE TABLE VITRSA_SANDBOX.DEMO_ACCOUNT_TX ( TX_ID BIGINT NOT NULL, ACCOUNT_TYPE_ID BIGINT NOT NULL, MEMBER_ID BIGINT NOT NULL, AMOUNT BIGINT NOT NULL, TX_DATE DATE NOT NULL, PRIMARY KEY (TX_ID) CONSTRAINT FK_ACCOUNT_TYPE_ID FOREIGN KEY (ACCOUNT_TYPE_ID) REFERENCES VITRSA_SANDBOX.DEMO_ACCOUNT_TYPE (ACCOUNT_TYPE_ID) ); nested exception is org.h2.jdbc.JdbcSQLSyntaxErrorException: Syntax error in SQL statement "CREATE TABLE VITRSA_SANDBOX.DEMO_ACCOUNT_TX ( TX_ID BIGINT NOT NULL, ACCOUNT_TYPE_ID BIGINT NOT NULL, MEMBER_ID BIGINT NOT NULL, AMOUNT BIGINT NOT NULL, TX_DATE DATE NOT NULL, PRIMARY KEY (TX_ID) CONSTRAINT[*] FK_ACCOUNT_TYPE_ID FOREIGN KEY (ACCOUNT_TYPE_ID) REFERENCES VITRSA_SANDBOX.DEMO_ACCOUNT_TYPE (ACCOUNT_TYPE_ID) )"; expected "INDEX, ,, )"; SQL statement:
CREATE TABLE VITRSA_SANDBOX.DEMO_ACCOUNT_TX ( TX_ID BIGINT NOT NULL, ACCOUNT_TYPE_ID BIGINT NOT NULL, MEMBER_ID BIGINT NOT NULL, AMOUNT BIGINT NOT NULL, TX_DATE DATE NOT NULL, PRIMARY KEY (TX_ID) CONSTRAINT FK_ACCOUNT_TYPE_ID FOREIGN KEY (ACCOUNT_TYPE_ID) REFERENCES VITRSA_SANDBOX.DEMO_ACCOUNT_TYPE (ACCOUNT_TYPE_ID) ) [42001-199]
	at org.springframework.beans.factory.support.FactoryBeanRegistrySupport.getObjectFromFactoryBean(FactoryBeanRegistrySupport.java:119) ~[spring-beans-5.1.8.RELEASE.jar:5.1.8.RELEASE]
	at org.springframework.beans.factory.support.AbstractBeanFactory.getObjectForBeanInstance(AbstractBeanFactory.java:1674) ~[spring-beans-5.1.8.RELEASE.jar:5.1.8.RELEASE]
	at org.springframework.beans.factory.support.AbstractAutowireCapableBeanFactory.getObjectForBeanInstance(AbstractAutowireCapableBeanFactory.java:1249) ~[spring-beans-5.1.8.RELEASE.jar:5.1.8.RELEASE]
	at org.springframework.beans.factory.support.AbstractBeanFactory.doGetBean(AbstractBeanFactory.java:330) ~[spring-beans-5.1.8.RELEASE.jar:5.1.8.RELEASE]
	at org.springframework.beans.factory.support.AbstractBeanFactory.getBean(AbstractBeanFactory.java:199) ~[spring-beans-5.1.8.RELEASE.jar:5.1.8.RELEASE]
	at org.springframework.beans.factory.config.DependencyDescriptor.resolveCandidate(DependencyDescriptor.java:277) ~[spring-beans-5.1.8.RELEASE.jar:5.1.8.RELEASE]
	at org.springframework.beans.factory.support.DefaultListableBeanFactory.doResolveDependency(DefaultListableBeanFactory.java:1251) ~[spring-beans-5.1.8.RELEASE.jar:5.1.8.RELEASE]
	at org.springframework.beans.factory.support.DefaultListableBeanFactory.resolveDependency(DefaultListableBeanFactory.java:1171) ~[spring-beans-5.1.8.RELEASE.jar:5.1.8.RELEASE]
	at org.springframework.beans.factory.support.ConstructorResolver.resolveAutowiredArgument(ConstructorResolver.java:857) ~[spring-beans-5.1.8.RELEASE.jar:5.1.8.RELEASE]
	at org.springframework.beans.factory.support.ConstructorResolver.createArgumentArray(ConstructorResolver.java:760) ~[spring-beans-5.1.8.RELEASE.jar:5.1.8.RELEASE]
	... 54 common frames omitted
Caused by: org.springframework.beans.factory.BeanCreationException: Error creating bean with name 'org.springframework.boot.autoconfigure.jdbc.DataSourceInitializerInvoker': Invocation of init method failed; nested exception is org.springframework.jdbc.datasource.init.ScriptStatementFailedException: Failed to execute SQL script statement #4 of URL [file:/C:/Users/naude/Desktop/IT%20Dev/Project1/AccountSystemRepository/target/test-classes/schema.sql]: CREATE TABLE VITRSA_SANDBOX.DEMO_ACCOUNT_TX ( TX_ID BIGINT NOT NULL, ACCOUNT_TYPE_ID BIGINT NOT NULL, MEMBER_ID BIGINT NOT NULL, AMOUNT BIGINT NOT NULL, TX_DATE DATE NOT NULL, PRIMARY KEY (TX_ID) CONSTRAINT FK_ACCOUNT_TYPE_ID FOREIGN KEY (ACCOUNT_TYPE_ID) REFERENCES VITRSA_SANDBOX.DEMO_ACCOUNT_TYPE (ACCOUNT_TYPE_ID) ); nested exception is org.h2.jdbc.JdbcSQLSyntaxErrorException: Syntax error in SQL statement "CREATE TABLE VITRSA_SANDBOX.DEMO_ACCOUNT_TX ( TX_ID BIGINT NOT NULL, ACCOUNT_TYPE_ID BIGINT NOT NULL, MEMBER_ID BIGINT NOT NULL, AMOUNT BIGINT NOT NULL, TX_DATE DATE NOT NULL, PRIMARY KEY (TX_ID) CONSTRAINT[*] FK_ACCOUNT_TYPE_ID FOREIGN KEY (ACCOUNT_TYPE_ID) REFERENCES VITRSA_SANDBOX.DEMO_ACCOUNT_TYPE (ACCOUNT_TYPE_ID) )"; expected "INDEX, ,, )"; SQL statement:
CREATE TABLE VITRSA_SANDBOX.DEMO_ACCOUNT_TX ( TX_ID BIGINT NOT NULL, ACCOUNT_TYPE_ID BIGINT NOT NULL, MEMBER_ID BIGINT NOT NULL, AMOUNT BIGINT NOT NULL, TX_DATE DATE NOT NULL, PRIMARY KEY (TX_ID) CONSTRAINT FK_ACCOUNT_TYPE_ID FOREIGN KEY (ACCOUNT_TYPE_ID) REFERENCES VITRSA_SANDBOX.DEMO_ACCOUNT_TYPE (ACCOUNT_TYPE_ID) ) [42001-199]
	at org.springframework.beans.factory.support.AbstractAutowireCapableBeanFactory.initializeBean(AbstractAutowireCapableBeanFactory.java:1778) ~[spring-beans-5.1.8.RELEASE.jar:5.1.8.RELEASE]
	at org.springframework.beans.factory.support.AbstractAutowireCapableBeanFactory.doCreateBean(AbstractAutowireCapableBeanFactory.java:593) ~[spring-beans-5.1.8.RELEASE.jar:5.1.8.RELEASE]
	at org.springframework.beans.factory.support.AbstractAutowireCapableBeanFactory.createBean(AbstractAutowireCapableBeanFactory.java:515) ~[spring-beans-5.1.8.RELEASE.jar:5.1.8.RELEASE]
	at org.springframework.beans.factory.support.AbstractBeanFactory.lambda$doGetBean$0(AbstractBeanFactory.java:320) ~[spring-beans-5.1.8.RELEASE.jar:5.1.8.RELEASE]
	at org.springframework.beans.factory.support.DefaultSingletonBeanRegistry.getSingleton(DefaultSingletonBeanRegistry.java:222) ~[spring-beans-5.1.8.RELEASE.jar:5.1.8.RELEASE]
	at org.springframework.beans.factory.support.AbstractBeanFactory.doGetBean(AbstractBeanFactory.java:318) ~[spring-beans-5.1.8.RELEASE.jar:5.1.8.RELEASE]
	at org.springframework.beans.factory.support.AbstractBeanFactory.getBean(AbstractBeanFactory.java:224) ~[spring-beans-5.1.8.RELEASE.jar:5.1.8.RELEASE]
	at org.springframework.beans.factory.support.DefaultListableBeanFactory.resolveNamedBean(DefaultListableBeanFactory.java:1119) ~[spring-beans-5.1.8.RELEASE.jar:5.1.8.RELEASE]
	at org.springframework.beans.factory.support.DefaultListableBeanFactory.resolveBean(DefaultListableBeanFactory.java:411) ~[spring-beans-5.1.8.RELEASE.jar:5.1.8.RELEASE]
	at org.springframework.beans.factory.support.DefaultListableBeanFactory.getBean(DefaultListableBeanFactory.java:344) ~[spring-beans-5.1.8.RELEASE.jar:5.1.8.RELEASE]
	at org.springframework.beans.factory.support.DefaultListableBeanFactory.getBean(DefaultListableBeanFactory.java:337) ~[spring-beans-5.1.8.RELEASE.jar:5.1.8.RELEASE]
	at org.springframework.boot.autoconfigure.jdbc.DataSourceInitializerPostProcessor.postProcessAfterInitialization(DataSourceInitializerPostProcessor.java:53) ~[spring-boot-autoconfigure-2.1.6.RELEASE.jar:2.1.6.RELEASE]
	at org.springframework.beans.factory.support.AbstractAutowireCapableBeanFactory.applyBeanPostProcessorsAfterInitialization(AbstractAutowireCapableBeanFactory.java:429) ~[spring-beans-5.1.8.RELEASE.jar:5.1.8.RELEASE]
	at org.springframework.beans.factory.support.AbstractAutowireCapableBeanFactory.postProcessObjectFromFactoryBean(AbstractAutowireCapableBeanFactory.java:1921) ~[spring-beans-5.1.8.RELEASE.jar:5.1.8.RELEASE]
	at org.springframework.beans.factory.support.FactoryBeanRegistrySupport.getObjectFromFactoryBean(FactoryBeanRegistrySupport.java:116) ~[spring-beans-5.1.8.RELEASE.jar:5.1.8.RELEASE]
	... 63 common frames omitted
Caused by: org.springframework.jdbc.datasource.init.ScriptStatementFailedException: Failed to execute SQL script statement #4 of URL [file:/C:/Users/naude/Desktop/IT%20Dev/Project1/AccountSystemRepository/target/test-classes/schema.sql]: CREATE TABLE VITRSA_SANDBOX.DEMO_ACCOUNT_TX ( TX_ID BIGINT NOT NULL, ACCOUNT_TYPE_ID BIGINT NOT NULL, MEMBER_ID BIGINT NOT NULL, AMOUNT BIGINT NOT NULL, TX_DATE DATE NOT NULL, PRIMARY KEY (TX_ID) CONSTRAINT FK_ACCOUNT_TYPE_ID FOREIGN KEY (ACCOUNT_TYPE_ID) REFERENCES VITRSA_SANDBOX.DEMO_ACCOUNT_TYPE (ACCOUNT_TYPE_ID) ); nested exception is org.h2.jdbc.JdbcSQLSyntaxErrorException: Syntax error in SQL statement "CREATE TABLE VITRSA_SANDBOX.DEMO_ACCOUNT_TX ( TX_ID BIGINT NOT NULL, ACCOUNT_TYPE_ID BIGINT NOT NULL, MEMBER_ID BIGINT NOT NULL, AMOUNT BIGINT NOT NULL, TX_DATE DATE NOT NULL, PRIMARY KEY (TX_ID) CONSTRAINT[*] FK_ACCOUNT_TYPE_ID FOREIGN KEY (ACCOUNT_TYPE_ID) REFERENCES VITRSA_SANDBOX.DEMO_ACCOUNT_TYPE (ACCOUNT_TYPE_ID) )"; expected "INDEX, ,, )"; SQL statement:
CREATE TABLE VITRSA_SANDBOX.DEMO_ACCOUNT_TX ( TX_ID BIGINT NOT NULL, ACCOUNT_TYPE_ID BIGINT NOT NULL, MEMBER_ID BIGINT NOT NULL, AMOUNT BIGINT NOT NULL, TX_DATE DATE NOT NULL, PRIMARY KEY (TX_ID) CONSTRAINT FK_ACCOUNT_TYPE_ID FOREIGN KEY (ACCOUNT_TYPE_ID) REFERENCES VITRSA_SANDBOX.DEMO_ACCOUNT_TYPE (ACCOUNT_TYPE_ID) ) [42001-199]
	at org.springframework.jdbc.datasource.init.ScriptUtils.executeSqlScript(ScriptUtils.java:509) ~[spring-jdbc-5.1.8.RELEASE.jar:5.1.8.RELEASE]
	at org.springframework.jdbc.datasource.init.ResourceDatabasePopulator.populate(ResourceDatabasePopulator.java:238) ~[spring-jdbc-5.1.8.RELEASE.jar:5.1.8.RELEASE]
	at org.springframework.jdbc.datasource.init.DatabasePopulatorUtils.execute(DatabasePopulatorUtils.java:48) ~[spring-jdbc-5.1.8.RELEASE.jar:5.1.8.RELEASE]
	at org.springframework.boot.autoconfigure.jdbc.DataSourceInitializer.runScripts(DataSourceInitializer.java:202) ~[spring-boot-autoconfigure-2.1.6.RELEASE.jar:2.1.6.RELEASE]
	at org.springframework.boot.autoconfigure.jdbc.DataSourceInitializer.createSchema(DataSourceInitializer.java:101) ~[spring-boot-autoconfigure-2.1.6.RELEASE.jar:2.1.6.RELEASE]
	at org.springframework.boot.autoconfigure.jdbc.DataSourceInitializerInvoker.afterPropertiesSet(DataSourceInitializerInvoker.java:62) ~[spring-boot-autoconfigure-2.1.6.RELEASE.jar:2.1.6.RELEASE]
	at org.springframework.beans.factory.support.AbstractAutowireCapableBeanFactory.invokeInitMethods(AbstractAutowireCapableBeanFactory.java:1837) ~[spring-beans-5.1.8.RELEASE.jar:5.1.8.RELEASE]
	at org.springframework.beans.factory.support.AbstractAutowireCapableBeanFactory.initializeBean(AbstractAutowireCapableBeanFactory.java:1774) ~[spring-beans-5.1.8.RELEASE.jar:5.1.8.RELEASE]
	... 77 common frames omitted
Caused by: org.h2.jdbc.JdbcSQLSyntaxErrorException: Syntax error in SQL statement "CREATE TABLE VITRSA_SANDBOX.DEMO_ACCOUNT_TX ( TX_ID BIGINT NOT NULL, ACCOUNT_TYPE_ID BIGINT NOT NULL, MEMBER_ID BIGINT NOT NULL, AMOUNT BIGINT NOT NULL, TX_DATE DATE NOT NULL, PRIMARY KEY (TX_ID) CONSTRAINT[*] FK_ACCOUNT_TYPE_ID FOREIGN KEY (ACCOUNT_TYPE_ID) REFERENCES VITRSA_SANDBOX.DEMO_ACCOUNT_TYPE (ACCOUNT_TYPE_ID) )"; expected "INDEX, ,, )"; SQL statement:
CREATE TABLE VITRSA_SANDBOX.DEMO_ACCOUNT_TX ( TX_ID BIGINT NOT NULL, ACCOUNT_TYPE_ID BIGINT NOT NULL, MEMBER_ID BIGINT NOT NULL, AMOUNT BIGINT NOT NULL, TX_DATE DATE NOT NULL, PRIMARY KEY (TX_ID) CONSTRAINT FK_ACCOUNT_TYPE_ID FOREIGN KEY (ACCOUNT_TYPE_ID) REFERENCES VITRSA_SANDBOX.DEMO_ACCOUNT_TYPE (ACCOUNT_TYPE_ID) ) [42001-199]
	at org.h2.message.DbException.getJdbcSQLException(DbException.java:451) ~[h2-1.4.199.jar:1.4.199]
	at org.h2.message.DbException.getJdbcSQLException(DbException.java:427) ~[h2-1.4.199.jar:1.4.199]
	at org.h2.message.DbException.getSyntaxError(DbException.java:243) ~[h2-1.4.199.jar:1.4.199]
	at org.h2.command.Parser.getSyntaxError(Parser.java:991) ~[h2-1.4.199.jar:1.4.199]
	at org.h2.command.Parser.read(Parser.java:4549) ~[h2-1.4.199.jar:1.4.199]
	at org.h2.command.Parser.readIfMore(Parser.java:1391) ~[h2-1.4.199.jar:1.4.199]
	at org.h2.command.Parser.parseCreateTable(Parser.java:7833) ~[h2-1.4.199.jar:1.4.199]
	at org.h2.command.Parser.parseCreate(Parser.java:5818) ~[h2-1.4.199.jar:1.4.199]
	at org.h2.command.Parser.parsePrepared(Parser.java:846) ~[h2-1.4.199.jar:1.4.199]
	at org.h2.command.Parser.parse(Parser.java:788) ~[h2-1.4.199.jar:1.4.199]
	at org.h2.command.Parser.parse(Parser.java:764) ~[h2-1.4.199.jar:1.4.199]
	at org.h2.command.Parser.prepareCommand(Parser.java:683) ~[h2-1.4.199.jar:1.4.199]
	at org.h2.engine.Session.prepareLocal(Session.java:627) ~[h2-1.4.199.jar:1.4.199]
	at org.h2.engine.Session.prepareCommand(Session.java:565) ~[h2-1.4.199.jar:1.4.199]
	at org.h2.jdbc.JdbcConnection.prepareCommand(JdbcConnection.java:1292) ~[h2-1.4.199.jar:1.4.199]
	at org.h2.jdbc.JdbcStatement.executeInternal(JdbcStatement.java:217) ~[h2-1.4.199.jar:1.4.199]
	at org.h2.jdbc.JdbcStatement.execute(JdbcStatement.java:205) ~[h2-1.4.199.jar:1.4.199]
	at org.springframework.jdbc.datasource.init.ScriptUtils.executeSqlScript(ScriptUtils.java:488) ~[spring-jdbc-5.1.8.RELEASE.jar:5.1.8.RELEASE]
	... 84 common frames omitted

2021-09-22 15:33:27.435 ERROR 5696 --- [           main] o.s.test.context.TestContextManager      : Caught exception while allowing TestExecutionListener [org.springframework.boot.test.autoconfigure.SpringBootDependencyInjectionTestExecutionListener@4e50c791] to prepare test instance [za.ac.nwu.ac.repo.persistence.AccountTypeRepositoryTest@2565a7d0]

java.lang.IllegalStateException: Failed to load ApplicationContext
	at org.springframework.test.context.cache.DefaultCacheAwareContextLoaderDelegate.loadContext(DefaultCacheAwareContextLoaderDelegate.java:125) ~[spring-test-5.1.8.RELEASE.jar:5.1.8.RELEASE]
	at org.springframework.test.context.support.DefaultTestContext.getApplicationContext(DefaultTestContext.java:108) ~[spring-test-5.1.8.RELEASE.jar:5.1.8.RELEASE]
	at org.springframework.test.context.support.DependencyInjectionTestExecutionListener.injectDependencies(DependencyInjectionTestExecutionListener.java:118) ~[spring-test-5.1.8.RELEASE.jar:5.1.8.RELEASE]
	at org.springframework.test.context.support.DependencyInjectionTestExecutionListener.prepareTestInstance(DependencyInjectionTestExecutionListener.java:83) ~[spring-test-5.1.8.RELEASE.jar:5.1.8.RELEASE]
	at org.springframework.boot.test.autoconfigure.SpringBootDependencyInjectionTestExecutionListener.prepareTestInstance(SpringBootDependencyInjectionTestExecutionListener.java:43) ~[spring-boot-test-autoconfigure-2.1.6.RELEASE.jar:2.1.6.RELEASE]
	at org.springframework.test.context.TestContextManager.prepareTestInstance(TestContextManager.java:246) ~[spring-test-5.1.8.RELEASE.jar:5.1.8.RELEASE]
	at org.springframework.test.context.junit4.SpringJUnit4ClassRunner.createTest(SpringJUnit4ClassRunner.java:227) ~[spring-test-5.1.8.RELEASE.jar:5.1.8.RELEASE]
	at org.springframework.test.context.junit4.SpringJUnit4ClassRunner$1.runReflectiveCall(SpringJUnit4ClassRunner.java:289) ~[spring-test-5.1.8.RELEASE.jar:5.1.8.RELEASE]
	at org.junit.internal.runners.model.ReflectiveCallable.run(ReflectiveCallable.java:12) ~[junit-4.12.jar:4.12]
	at org.springframework.test.context.junit4.SpringJUnit4ClassRunner.methodBlock(SpringJUnit4ClassRunner.java:291) ~[spring-test-5.1.8.RELEASE.jar:5.1.8.RELEASE]
	at org.springframework.test.context.junit4.SpringJUnit4ClassRunner.runChild(SpringJUnit4ClassRunner.java:246) ~[spring-test-5.1.8.RELEASE.jar:5.1.8.RELEASE]
	at org.springframework.test.context.junit4.SpringJUnit4ClassRunner.runChild(SpringJUnit4ClassRunner.java:97) ~[spring-test-5.1.8.RELEASE.jar:5.1.8.RELEASE]
	at org.junit.runners.ParentRunner$3.run(ParentRunner.java:290) ~[junit-4.12.jar:4.12]
	at org.junit.runners.ParentRunner$1.schedule(ParentRunner.java:71) ~[junit-4.12.jar:4.12]
	at org.junit.runners.ParentRunner.runChildren(ParentRunner.java:288) ~[junit-4.12.jar:4.12]
	at org.junit.runners.ParentRunner.access$000(ParentRunner.java:58) ~[junit-4.12.jar:4.12]
	at org.junit.runners.ParentRunner$2.evaluate(ParentRunner.java:268) ~[junit-4.12.jar:4.12]
	at org.springframework.test.context.junit4.statements.RunBeforeTestClassCallbacks.evaluate(RunBeforeTestClassCallbacks.java:61) ~[spring-test-5.1.8.RELEASE.jar:5.1.8.RELEASE]
	at org.springframework.test.context.junit4.statements.RunAfterTestClassCallbacks.evaluate(RunAfterTestClassCallbacks.java:70) ~[spring-test-5.1.8.RELEASE.jar:5.1.8.RELEASE]
	at org.junit.runners.ParentRunner.run(ParentRunner.java:363) ~[junit-4.12.jar:4.12]
	at org.springframework.test.context.junit4.SpringJUnit4ClassRunner.run(SpringJUnit4ClassRunner.java:190) ~[spring-test-5.1.8.RELEASE.jar:5.1.8.RELEASE]
	at org.apache.maven.surefire.junit4.JUnit4Provider.execute(JUnit4Provider.java:365) ~[surefire-junit4-2.22.2.jar:2.22.2]
	at org.apache.maven.surefire.junit4.JUnit4Provider.executeWithRerun(JUnit4Provider.java:273) ~[surefire-junit4-2.22.2.jar:2.22.2]
	at org.apache.maven.surefire.junit4.JUnit4Provider.executeTestSet(JUnit4Provider.java:238) ~[surefire-junit4-2.22.2.jar:2.22.2]
	at org.apache.maven.surefire.junit4.JUnit4Provider.invoke(JUnit4Provider.java:159) ~[surefire-junit4-2.22.2.jar:2.22.2]
	at org.apache.maven.surefire.booter.ForkedBooter.invokeProviderInSameClassLoader(ForkedBooter.java:384) ~[surefire-booter-2.22.2.jar:2.22.2]
	at org.apache.maven.surefire.booter.ForkedBooter.runSuitesInProcess(ForkedBooter.java:345) ~[surefire-booter-2.22.2.jar:2.22.2]
	at org.apache.maven.surefire.booter.ForkedBooter.execute(ForkedBooter.java:126) ~[surefire-booter-2.22.2.jar:2.22.2]
	at org.apache.maven.surefire.booter.ForkedBooter.main(ForkedBooter.java:418) ~[surefire-booter-2.22.2.jar:2.22.2]
Caused by: org.springframework.beans.factory.UnsatisfiedDependencyException: Error creating bean with name 'org.springframework.boot.autoconfigure.orm.jpa.HibernateJpaConfiguration': Unsatisfied dependency expressed through constructor parameter 0; nested exception is org.springframework.beans.factory.BeanCreationException: Error creating bean with name 'dataSource': Post-processing of FactoryBean's singleton object failed; nested exception is org.springframework.beans.factory.BeanCreationException: Error creating bean with name 'org.springframework.boot.autoconfigure.jdbc.DataSourceInitializerInvoker': Invocation of init method failed; nested exception is org.springframework.jdbc.datasource.init.ScriptStatementFailedException: Failed to execute SQL script statement #4 of URL [file:/C:/Users/naude/Desktop/IT%20Dev/Project1/AccountSystemRepository/target/test-classes/schema.sql]: CREATE TABLE VITRSA_SANDBOX.DEMO_ACCOUNT_TX ( TX_ID BIGINT NOT NULL, ACCOUNT_TYPE_ID BIGINT NOT NULL, MEMBER_ID BIGINT NOT NULL, AMOUNT BIGINT NOT NULL, TX_DATE DATE NOT NULL, PRIMARY KEY (TX_ID) CONSTRAINT FK_ACCOUNT_TYPE_ID FOREIGN KEY (ACCOUNT_TYPE_ID) REFERENCES VITRSA_SANDBOX.DEMO_ACCOUNT_TYPE (ACCOUNT_TYPE_ID) ); nested exception is org.h2.jdbc.JdbcSQLSyntaxErrorException: Syntax error in SQL statement "CREATE TABLE VITRSA_SANDBOX.DEMO_ACCOUNT_TX ( TX_ID BIGINT NOT NULL, ACCOUNT_TYPE_ID BIGINT NOT NULL, MEMBER_ID BIGINT NOT NULL, AMOUNT BIGINT NOT NULL, TX_DATE DATE NOT NULL, PRIMARY KEY (TX_ID) CONSTRAINT[*] FK_ACCOUNT_TYPE_ID FOREIGN KEY (ACCOUNT_TYPE_ID) REFERENCES VITRSA_SANDBOX.DEMO_ACCOUNT_TYPE (ACCOUNT_TYPE_ID) )"; expected "INDEX, ,, )"; SQL statement:
CREATE TABLE VITRSA_SANDBOX.DEMO_ACCOUNT_TX ( TX_ID BIGINT NOT NULL, ACCOUNT_TYPE_ID BIGINT NOT NULL, MEMBER_ID BIGINT NOT NULL, AMOUNT BIGINT NOT NULL, TX_DATE DATE NOT NULL, PRIMARY KEY (TX_ID) CONSTRAINT FK_ACCOUNT_TYPE_ID FOREIGN KEY (ACCOUNT_TYPE_ID) REFERENCES VITRSA_SANDBOX.DEMO_ACCOUNT_TYPE (ACCOUNT_TYPE_ID) ) [42001-199]
	at org.springframework.beans.factory.support.ConstructorResolver.createArgumentArray(ConstructorResolver.java:769) ~[spring-beans-5.1.8.RELEASE.jar:5.1.8.RELEASE]
	at org.springframework.beans.factory.support.ConstructorResolver.autowireConstructor(ConstructorResolver.java:218) ~[spring-beans-5.1.8.RELEASE.jar:5.1.8.RELEASE]
	at org.springframework.beans.factory.support.AbstractAutowireCapableBeanFactory.autowireConstructor(AbstractAutowireCapableBeanFactory.java:1341) ~[spring-beans-5.1.8.RELEASE.jar:5.1.8.RELEASE]
	at org.springframework.beans.factory.support.AbstractAutowireCapableBeanFactory.createBeanInstance(AbstractAutowireCapableBeanFactory.java:1187) ~[spring-beans-5.1.8.RELEASE.jar:5.1.8.RELEASE]
	at org.springframework.beans.factory.support.AbstractAutowireCapableBeanFactory.doCreateBean(AbstractAutowireCapableBeanFactory.java:555) ~[spring-beans-5.1.8.RELEASE.jar:5.1.8.RELEASE]
	at org.springframework.beans.factory.support.AbstractAutowireCapableBeanFactory.createBean(AbstractAutowireCapableBeanFactory.java:515) ~[spring-beans-5.1.8.RELEASE.jar:5.1.8.RELEASE]
	at org.springframework.beans.factory.support.AbstractBeanFactory.lambda$doGetBean$0(AbstractBeanFactory.java:320) ~[spring-beans-5.1.8.RELEASE.jar:5.1.8.RELEASE]
	at org.springframework.beans.factory.support.DefaultSingletonBeanRegistry.getSingleton(DefaultSingletonBeanRegistry.java:222) ~[spring-beans-5.1.8.RELEASE.jar:5.1.8.RELEASE]
	at org.springframework.beans.factory.support.AbstractBeanFactory.doGetBean(AbstractBeanFactory.java:318) ~[spring-beans-5.1.8.RELEASE.jar:5.1.8.RELEASE]
	at org.springframework.beans.factory.support.AbstractBeanFactory.getBean(AbstractBeanFactory.java:199) ~[spring-beans-5.1.8.RELEASE.jar:5.1.8.RELEASE]
	at org.springframework.beans.factory.support.ConstructorResolver.instantiateUsingFactoryMethod(ConstructorResolver.java:392) ~[spring-beans-5.1.8.RELEASE.jar:5.1.8.RELEASE]
	at org.springframework.beans.factory.support.AbstractAutowireCapableBeanFactory.instantiateUsingFactoryMethod(AbstractAutowireCapableBeanFactory.java:1321) ~[spring-beans-5.1.8.RELEASE.jar:5.1.8.RELEASE]
	at org.springframework.beans.factory.support.AbstractAutowireCapableBeanFactory.createBeanInstance(AbstractAutowireCapableBeanFactory.java:1160) ~[spring-beans-5.1.8.RELEASE.jar:5.1.8.RELEASE]
	at org.springframework.beans.factory.support.AbstractAutowireCapableBeanFactory.doCreateBean(AbstractAutowireCapableBeanFactory.java:555) ~[spring-beans-5.1.8.RELEASE.jar:5.1.8.RELEASE]
	at org.springframework.beans.factory.support.AbstractAutowireCapableBeanFactory.createBean(AbstractAutowireCapableBeanFactory.java:515) ~[spring-beans-5.1.8.RELEASE.jar:5.1.8.RELEASE]
	at org.springframework.beans.factory.support.AbstractBeanFactory.lambda$doGetBean$0(AbstractBeanFactory.java:320) ~[spring-beans-5.1.8.RELEASE.jar:5.1.8.RELEASE]
	at org.springframework.beans.factory.support.DefaultSingletonBeanRegistry.getSingleton(DefaultSingletonBeanRegistry.java:222) ~[spring-beans-5.1.8.RELEASE.jar:5.1.8.RELEASE]
	at org.springframework.beans.factory.support.AbstractBeanFactory.doGetBean(AbstractBeanFactory.java:318) ~[spring-beans-5.1.8.RELEASE.jar:5.1.8.RELEASE]
	at org.springframework.beans.factory.support.AbstractBeanFactory.getBean(AbstractBeanFactory.java:199) ~[spring-beans-5.1.8.RELEASE.jar:5.1.8.RELEASE]
	at org.springframework.context.support.AbstractApplicationContext.getBean(AbstractApplicationContext.java:1105) ~[spring-context-5.1.8.RELEASE.jar:5.1.8.RELEASE]
	at org.springframework.context.support.AbstractApplicationContext.finishBeanFactoryInitialization(AbstractApplicationContext.java:867) ~[spring-context-5.1.8.RELEASE.jar:5.1.8.RELEASE]
	at org.springframework.context.support.AbstractApplicationContext.refresh(AbstractApplicationContext.java:549) ~[spring-context-5.1.8.RELEASE.jar:5.1.8.RELEASE]
	at org.springframework.boot.SpringApplication.refresh(SpringApplication.java:742) ~[spring-boot-2.1.6.RELEASE.jar:2.1.6.RELEASE]
	at org.springframework.boot.SpringApplication.refreshContext(SpringApplication.java:389) ~[spring-boot-2.1.6.RELEASE.jar:2.1.6.RELEASE]
	at org.springframework.boot.SpringApplication.run(SpringApplication.java:311) ~[spring-boot-2.1.6.RELEASE.jar:2.1.6.RELEASE]
	at org.springframework.boot.test.context.SpringBootContextLoader.loadContext(SpringBootContextLoader.java:119) ~[spring-boot-test-2.1.6.RELEASE.jar:2.1.6.RELEASE]
	at org.springframework.test.context.cache.DefaultCacheAwareContextLoaderDelegate.loadContextInternal(DefaultCacheAwareContextLoaderDelegate.java:99) ~[spring-test-5.1.8.RELEASE.jar:5.1.8.RELEASE]
	at org.springframework.test.context.cache.DefaultCacheAwareContextLoaderDelegate.loadContext(DefaultCacheAwareContextLoaderDelegate.java:117) ~[spring-test-5.1.8.RELEASE.jar:5.1.8.RELEASE]
	... 28 common frames omitted
Caused by: org.springframework.beans.factory.BeanCreationException: Error creating bean with name 'dataSource': Post-processing of FactoryBean's singleton object failed; nested exception is org.springframework.beans.factory.BeanCreationException: Error creating bean with name 'org.springframework.boot.autoconfigure.jdbc.DataSourceInitializerInvoker': Invocation of init method failed; nested exception is org.springframework.jdbc.datasource.init.ScriptStatementFailedException: Failed to execute SQL script statement #4 of URL [file:/C:/Users/naude/Desktop/IT%20Dev/Project1/AccountSystemRepository/target/test-classes/schema.sql]: CREATE TABLE VITRSA_SANDBOX.DEMO_ACCOUNT_TX ( TX_ID BIGINT NOT NULL, ACCOUNT_TYPE_ID BIGINT NOT NULL, MEMBER_ID BIGINT NOT NULL, AMOUNT BIGINT NOT NULL, TX_DATE DATE NOT NULL, PRIMARY KEY (TX_ID) CONSTRAINT FK_ACCOUNT_TYPE_ID FOREIGN KEY (ACCOUNT_TYPE_ID) REFERENCES VITRSA_SANDBOX.DEMO_ACCOUNT_TYPE (ACCOUNT_TYPE_ID) ); nested exception is org.h2.jdbc.JdbcSQLSyntaxErrorException: Syntax error in SQL statement "CREATE TABLE VITRSA_SANDBOX.DEMO_ACCOUNT_TX ( TX_ID BIGINT NOT NULL, ACCOUNT_TYPE_ID BIGINT NOT NULL, MEMBER_ID BIGINT NOT NULL, AMOUNT BIGINT NOT NULL, TX_DATE DATE NOT NULL, PRIMARY KEY (TX_ID) CONSTRAINT[*] FK_ACCOUNT_TYPE_ID FOREIGN KEY (ACCOUNT_TYPE_ID) REFERENCES VITRSA_SANDBOX.DEMO_ACCOUNT_TYPE (ACCOUNT_TYPE_ID) )"; expected "INDEX, ,, )"; SQL statement:
CREATE TABLE VITRSA_SANDBOX.DEMO_ACCOUNT_TX ( TX_ID BIGINT NOT NULL, ACCOUNT_TYPE_ID BIGINT NOT NULL, MEMBER_ID BIGINT NOT NULL, AMOUNT BIGINT NOT NULL, TX_DATE DATE NOT NULL, PRIMARY KEY (TX_ID) CONSTRAINT FK_ACCOUNT_TYPE_ID FOREIGN KEY (ACCOUNT_TYPE_ID) REFERENCES VITRSA_SANDBOX.DEMO_ACCOUNT_TYPE (ACCOUNT_TYPE_ID) ) [42001-199]
	at org.springframework.beans.factory.support.FactoryBeanRegistrySupport.getObjectFromFactoryBean(FactoryBeanRegistrySupport.java:119) ~[spring-beans-5.1.8.RELEASE.jar:5.1.8.RELEASE]
	at org.springframework.beans.factory.support.AbstractBeanFactory.getObjectForBeanInstance(AbstractBeanFactory.java:1674) ~[spring-beans-5.1.8.RELEASE.jar:5.1.8.RELEASE]
	at org.springframework.beans.factory.support.AbstractAutowireCapableBeanFactory.getObjectForBeanInstance(AbstractAutowireCapableBeanFactory.java:1249) ~[spring-beans-5.1.8.RELEASE.jar:5.1.8.RELEASE]
	at org.springframework.beans.factory.support.AbstractBeanFactory.doGetBean(AbstractBeanFactory.java:330) ~[spring-beans-5.1.8.RELEASE.jar:5.1.8.RELEASE]
	at org.springframework.beans.factory.support.AbstractBeanFactory.getBean(AbstractBeanFactory.java:199) ~[spring-beans-5.1.8.RELEASE.jar:5.1.8.RELEASE]
	at org.springframework.beans.factory.config.DependencyDescriptor.resolveCandidate(DependencyDescriptor.java:277) ~[spring-beans-5.1.8.RELEASE.jar:5.1.8.RELEASE]
	at org.springframework.beans.factory.support.DefaultListableBeanFactory.doResolveDependency(DefaultListableBeanFactory.java:1251) ~[spring-beans-5.1.8.RELEASE.jar:5.1.8.RELEASE]
	at org.springframework.beans.factory.support.DefaultListableBeanFactory.resolveDependency(DefaultListableBeanFactory.java:1171) ~[spring-beans-5.1.8.RELEASE.jar:5.1.8.RELEASE]
	at org.springframework.beans.factory.support.ConstructorResolver.resolveAutowiredArgument(ConstructorResolver.java:857) ~[spring-beans-5.1.8.RELEASE.jar:5.1.8.RELEASE]
	at org.springframework.beans.factory.support.ConstructorResolver.createArgumentArray(ConstructorResolver.java:760) ~[spring-beans-5.1.8.RELEASE.jar:5.1.8.RELEASE]
	... 55 common frames omitted
Caused by: org.springframework.beans.factory.BeanCreationException: Error creating bean with name 'org.springframework.boot.autoconfigure.jdbc.DataSourceInitializerInvoker': Invocation of init method failed; nested exception is org.springframework.jdbc.datasource.init.ScriptStatementFailedException: Failed to execute SQL script statement #4 of URL [file:/C:/Users/naude/Desktop/IT%20Dev/Project1/AccountSystemRepository/target/test-classes/schema.sql]: CREATE TABLE VITRSA_SANDBOX.DEMO_ACCOUNT_TX ( TX_ID BIGINT NOT NULL, ACCOUNT_TYPE_ID BIGINT NOT NULL, MEMBER_ID BIGINT NOT NULL, AMOUNT BIGINT NOT NULL, TX_DATE DATE NOT NULL, PRIMARY KEY (TX_ID) CONSTRAINT FK_ACCOUNT_TYPE_ID FOREIGN KEY (ACCOUNT_TYPE_ID) REFERENCES VITRSA_SANDBOX.DEMO_ACCOUNT_TYPE (ACCOUNT_TYPE_ID) ); nested exception is org.h2.jdbc.JdbcSQLSyntaxErrorException: Syntax error in SQL statement "CREATE TABLE VITRSA_SANDBOX.DEMO_ACCOUNT_TX ( TX_ID BIGINT NOT NULL, ACCOUNT_TYPE_ID BIGINT NOT NULL, MEMBER_ID BIGINT NOT NULL, AMOUNT BIGINT NOT NULL, TX_DATE DATE NOT NULL, PRIMARY KEY (TX_ID) CONSTRAINT[*] FK_ACCOUNT_TYPE_ID FOREIGN KEY (ACCOUNT_TYPE_ID) REFERENCES VITRSA_SANDBOX.DEMO_ACCOUNT_TYPE (ACCOUNT_TYPE_ID) )"; expected "INDEX, ,, )"; SQL statement:
CREATE TABLE VITRSA_SANDBOX.DEMO_ACCOUNT_TX ( TX_ID BIGINT NOT NULL, ACCOUNT_TYPE_ID BIGINT NOT NULL, MEMBER_ID BIGINT NOT NULL, AMOUNT BIGINT NOT NULL, TX_DATE DATE NOT NULL, PRIMARY KEY (TX_ID) CONSTRAINT FK_ACCOUNT_TYPE_ID FOREIGN KEY (ACCOUNT_TYPE_ID) REFERENCES VITRSA_SANDBOX.DEMO_ACCOUNT_TYPE (ACCOUNT_TYPE_ID) ) [42001-199]
	at org.springframework.beans.factory.support.AbstractAutowireCapableBeanFactory.initializeBean(AbstractAutowireCapableBeanFactory.java:1778) ~[spring-beans-5.1.8.RELEASE.jar:5.1.8.RELEASE]
	at org.springframework.beans.factory.support.AbstractAutowireCapableBeanFactory.doCreateBean(AbstractAutowireCapableBeanFactory.java:593) ~[spring-beans-5.1.8.RELEASE.jar:5.1.8.RELEASE]
	at org.springframework.beans.factory.support.AbstractAutowireCapableBeanFactory.createBean(AbstractAutowireCapableBeanFactory.java:515) ~[spring-beans-5.1.8.RELEASE.jar:5.1.8.RELEASE]
	at org.springframework.beans.factory.support.AbstractBeanFactory.lambda$doGetBean$0(AbstractBeanFactory.java:320) ~[spring-beans-5.1.8.RELEASE.jar:5.1.8.RELEASE]
	at org.springframework.beans.factory.support.DefaultSingletonBeanRegistry.getSingleton(DefaultSingletonBeanRegistry.java:222) ~[spring-beans-5.1.8.RELEASE.jar:5.1.8.RELEASE]
	at org.springframework.beans.factory.support.AbstractBeanFactory.doGetBean(AbstractBeanFactory.java:318) ~[spring-beans-5.1.8.RELEASE.jar:5.1.8.RELEASE]
	at org.springframework.beans.factory.support.AbstractBeanFactory.getBean(AbstractBeanFactory.java:224) ~[spring-beans-5.1.8.RELEASE.jar:5.1.8.RELEASE]
	at org.springframework.beans.factory.support.DefaultListableBeanFactory.resolveNamedBean(DefaultListableBeanFactory.java:1119) ~[spring-beans-5.1.8.RELEASE.jar:5.1.8.RELEASE]
	at org.springframework.beans.factory.support.DefaultListableBeanFactory.resolveBean(DefaultListableBeanFactory.java:411) ~[spring-beans-5.1.8.RELEASE.jar:5.1.8.RELEASE]
	at org.springframework.beans.factory.support.DefaultListableBeanFactory.getBean(DefaultListableBeanFactory.java:344) ~[spring-beans-5.1.8.RELEASE.jar:5.1.8.RELEASE]
	at org.springframework.beans.factory.support.DefaultListableBeanFactory.getBean(DefaultListableBeanFactory.java:337) ~[spring-beans-5.1.8.RELEASE.jar:5.1.8.RELEASE]
	at org.springframework.boot.autoconfigure.jdbc.DataSourceInitializerPostProcessor.postProcessAfterInitialization(DataSourceInitializerPostProcessor.java:53) ~[spring-boot-autoconfigure-2.1.6.RELEASE.jar:2.1.6.RELEASE]
	at org.springframework.beans.factory.support.AbstractAutowireCapableBeanFactory.applyBeanPostProcessorsAfterInitialization(AbstractAutowireCapableBeanFactory.java:429) ~[spring-beans-5.1.8.RELEASE.jar:5.1.8.RELEASE]
	at org.springframework.beans.factory.support.AbstractAutowireCapableBeanFactory.postProcessObjectFromFactoryBean(AbstractAutowireCapableBeanFactory.java:1921) ~[spring-beans-5.1.8.RELEASE.jar:5.1.8.RELEASE]
	at org.springframework.beans.factory.support.FactoryBeanRegistrySupport.getObjectFromFactoryBean(FactoryBeanRegistrySupport.java:116) ~[spring-beans-5.1.8.RELEASE.jar:5.1.8.RELEASE]
	... 64 common frames omitted
Caused by: org.springframework.jdbc.datasource.init.ScriptStatementFailedException: Failed to execute SQL script statement #4 of URL [file:/C:/Users/naude/Desktop/IT%20Dev/Project1/AccountSystemRepository/target/test-classes/schema.sql]: CREATE TABLE VITRSA_SANDBOX.DEMO_ACCOUNT_TX ( TX_ID BIGINT NOT NULL, ACCOUNT_TYPE_ID BIGINT NOT NULL, MEMBER_ID BIGINT NOT NULL, AMOUNT BIGINT NOT NULL, TX_DATE DATE NOT NULL, PRIMARY KEY (TX_ID) CONSTRAINT FK_ACCOUNT_TYPE_ID FOREIGN KEY (ACCOUNT_TYPE_ID) REFERENCES VITRSA_SANDBOX.DEMO_ACCOUNT_TYPE (ACCOUNT_TYPE_ID) ); nested exception is org.h2.jdbc.JdbcSQLSyntaxErrorException: Syntax error in SQL statement "CREATE TABLE VITRSA_SANDBOX.DEMO_ACCOUNT_TX ( TX_ID BIGINT NOT NULL, ACCOUNT_TYPE_ID BIGINT NOT NULL, MEMBER_ID BIGINT NOT NULL, AMOUNT BIGINT NOT NULL, TX_DATE DATE NOT NULL, PRIMARY KEY (TX_ID) CONSTRAINT[*] FK_ACCOUNT_TYPE_ID FOREIGN KEY (ACCOUNT_TYPE_ID) REFERENCES VITRSA_SANDBOX.DEMO_ACCOUNT_TYPE (ACCOUNT_TYPE_ID) )"; expected "INDEX, ,, )"; SQL statement:
CREATE TABLE VITRSA_SANDBOX.DEMO_ACCOUNT_TX ( TX_ID BIGINT NOT NULL, ACCOUNT_TYPE_ID BIGINT NOT NULL, MEMBER_ID BIGINT NOT NULL, AMOUNT BIGINT NOT NULL, TX_DATE DATE NOT NULL, PRIMARY KEY (TX_ID) CONSTRAINT FK_ACCOUNT_TYPE_ID FOREIGN KEY (ACCOUNT_TYPE_ID) REFERENCES VITRSA_SANDBOX.DEMO_ACCOUNT_TYPE (ACCOUNT_TYPE_ID) ) [42001-199]
	at org.springframework.jdbc.datasource.init.ScriptUtils.executeSqlScript(ScriptUtils.java:509) ~[spring-jdbc-5.1.8.RELEASE.jar:5.1.8.RELEASE]
	at org.springframework.jdbc.datasource.init.ResourceDatabasePopulator.populate(ResourceDatabasePopulator.java:238) ~[spring-jdbc-5.1.8.RELEASE.jar:5.1.8.RELEASE]
	at org.springframework.jdbc.datasource.init.DatabasePopulatorUtils.execute(DatabasePopulatorUtils.java:48) ~[spring-jdbc-5.1.8.RELEASE.jar:5.1.8.RELEASE]
	at org.springframework.boot.autoconfigure.jdbc.DataSourceInitializer.runScripts(DataSourceInitializer.java:202) ~[spring-boot-autoconfigure-2.1.6.RELEASE.jar:2.1.6.RELEASE]
	at org.springframework.boot.autoconfigure.jdbc.DataSourceInitializer.createSchema(DataSourceInitializer.java:101) ~[spring-boot-autoconfigure-2.1.6.RELEASE.jar:2.1.6.RELEASE]
	at org.springframework.boot.autoconfigure.jdbc.DataSourceInitializerInvoker.afterPropertiesSet(DataSourceInitializerInvoker.java:62) ~[spring-boot-autoconfigure-2.1.6.RELEASE.jar:2.1.6.RELEASE]
	at org.springframework.beans.factory.support.AbstractAutowireCapableBeanFactory.invokeInitMethods(AbstractAutowireCapableBeanFactory.java:1837) ~[spring-beans-5.1.8.RELEASE.jar:5.1.8.RELEASE]
	at org.springframework.beans.factory.support.AbstractAutowireCapableBeanFactory.initializeBean(AbstractAutowireCapableBeanFactory.java:1774) ~[spring-beans-5.1.8.RELEASE.jar:5.1.8.RELEASE]
	... 78 common frames omitted
Caused by: org.h2.jdbc.JdbcSQLSyntaxErrorException: Syntax error in SQL statement "CREATE TABLE VITRSA_SANDBOX.DEMO_ACCOUNT_TX ( TX_ID BIGINT NOT NULL, ACCOUNT_TYPE_ID BIGINT NOT NULL, MEMBER_ID BIGINT NOT NULL, AMOUNT BIGINT NOT NULL, TX_DATE DATE NOT NULL, PRIMARY KEY (TX_ID) CONSTRAINT[*] FK_ACCOUNT_TYPE_ID FOREIGN KEY (ACCOUNT_TYPE_ID) REFERENCES VITRSA_SANDBOX.DEMO_ACCOUNT_TYPE (ACCOUNT_TYPE_ID) )"; expected "INDEX, ,, )"; SQL statement:
CREATE TABLE VITRSA_SANDBOX.DEMO_ACCOUNT_TX ( TX_ID BIGINT NOT NULL, ACCOUNT_TYPE_ID BIGINT NOT NULL, MEMBER_ID BIGINT NOT NULL, AMOUNT BIGINT NOT NULL, TX_DATE DATE NOT NULL, PRIMARY KEY (TX_ID) CONSTRAINT FK_ACCOUNT_TYPE_ID FOREIGN KEY (ACCOUNT_TYPE_ID) REFERENCES VITRSA_SANDBOX.DEMO_ACCOUNT_TYPE (ACCOUNT_TYPE_ID) ) [42001-199]
	at org.h2.message.DbException.getJdbcSQLException(DbException.java:451) ~[h2-1.4.199.jar:1.4.199]
	at org.h2.message.DbException.getJdbcSQLException(DbException.java:427) ~[h2-1.4.199.jar:1.4.199]
	at org.h2.message.DbException.getSyntaxError(DbException.java:243) ~[h2-1.4.199.jar:1.4.199]
	at org.h2.command.Parser.getSyntaxError(Parser.java:991) ~[h2-1.4.199.jar:1.4.199]
	at org.h2.command.Parser.read(Parser.java:4549) ~[h2-1.4.199.jar:1.4.199]
	at org.h2.command.Parser.readIfMore(Parser.java:1391) ~[h2-1.4.199.jar:1.4.199]
	at org.h2.command.Parser.parseCreateTable(Parser.java:7833) ~[h2-1.4.199.jar:1.4.199]
	at org.h2.command.Parser.parseCreate(Parser.java:5818) ~[h2-1.4.199.jar:1.4.199]
	at org.h2.command.Parser.parsePrepared(Parser.java:846) ~[h2-1.4.199.jar:1.4.199]
	at org.h2.command.Parser.parse(Parser.java:788) ~[h2-1.4.199.jar:1.4.199]
	at org.h2.command.Parser.parse(Parser.java:764) ~[h2-1.4.199.jar:1.4.199]
	at org.h2.command.Parser.prepareCommand(Parser.java:683) ~[h2-1.4.199.jar:1.4.199]
	at org.h2.engine.Session.prepareLocal(Session.java:627) ~[h2-1.4.199.jar:1.4.199]
	at org.h2.engine.Session.prepareCommand(Session.java:565) ~[h2-1.4.199.jar:1.4.199]
	at org.h2.jdbc.JdbcConnection.prepareCommand(JdbcConnection.java:1292) ~[h2-1.4.199.jar:1.4.199]
	at org.h2.jdbc.JdbcStatement.executeInternal(JdbcStatement.java:217) ~[h2-1.4.199.jar:1.4.199]
	at org.h2.jdbc.JdbcStatement.execute(JdbcStatement.java:205) ~[h2-1.4.199.jar:1.4.199]
	at org.springframework.jdbc.datasource.init.ScriptUtils.executeSqlScript(ScriptUtils.java:488) ~[spring-jdbc-5.1.8.RELEASE.jar:5.1.8.RELEASE]
	... 85 common frames omitted

]]></system-out>
  </testcase>
</testsuite>